[ERROR] 2023-10-02 11:33:40,105 [repositories/LODEdo_endpoint | c.o.t.SailConnectionImpl] Transaction failed. Commit will be rolled back.
com.ontotext.trree.transactions.TransactionException: Transaction was aborted by the user.
	at com.ontotext.trree.SailConnectionImpl.abortTransactionException(SailConnectionImpl.java:3201)
	at com.ontotext.trree.SailConnectionImpl.doActualCommit(SailConnectionImpl.java:944)
	at com.ontotext.trree.SailConnectionImpl.flushInternal(SailConnectionImpl.java:1101)
	at com.ontotext.trree.SailConnectionImpl.flush(SailConnectionImpl.java:2983)
	at org.eclipse.rdf4j.repository.sail.SailRepositoryConnection.commit(SailRepositoryConnection.java:224)
	at com.ontotext.trree.monitorRepository.MonitorRepositoryConnection.commit(MonitorRepositoryConnection.java:299)
	at org.eclipse.rdf4j.http.server.repository.statements.StatementsController.getAddDataResult(StatementsController.java:402)
	at org.eclipse.rdf4j.http.server.repository.statements.StatementsController.handleRequestInternal(StatementsController.java:121)
	at com.ontotext.graphdb.sesame.StatementsController.handleRequestInternal(StatementsController.java:68)
	at org.springframework.web.servlet.mvc.AbstractController.handleRequest(AbstractController.java:177)
	at org.springframework.web.servlet.mvc.SimpleControllerHandlerAdapter.handle(SimpleControllerHandlerAdapter.java:51)
	at org.springframework.web.servlet.DispatcherServlet.doDispatch(DispatcherServlet.java:1072)
	at org.springframework.web.servlet.DispatcherServlet.doService(DispatcherServlet.java:965)
	at org.springframework.web.servlet.FrameworkServlet.processRequest(FrameworkServlet.java:1006)
	at org.springframework.web.servlet.FrameworkServlet.doPost(FrameworkServlet.java:909)
	at javax.servlet.http.HttpServlet.service(HttpServlet.java:555)
	at org.springframework.web.servlet.FrameworkServlet.service(FrameworkServlet.java:883)
	at javax.servlet.http.HttpServlet.service(HttpServlet.java:623)
	at org.apache.catalina.core.ApplicationFilterChain.internalDoFilter(ApplicationFilterChain.java:209)
	at org.apache.catalina.core.ApplicationFilterChain.doFilter(ApplicationFilterChain.java:153)
	at com.ontotext.forest.security.AdminDelegatingFilterProxy.doFilter(AdminDelegatingFilterProxy.java:82)
	at org.springframework.web.filter.DelegatingFilterProxy.invokeDelegate(DelegatingFilterProxy.java:354)
	at org.springframework.web.filter.DelegatingFilterProxy.doFilter(DelegatingFilterProxy.java:267)
	at org.apache.catalina.core.ApplicationFilterChain.internalDoFilter(ApplicationFilterChain.java:178)
	at org.apache.catalina.core.ApplicationFilterChain.doFilter(ApplicationFilterChain.java:153)
	at com.ontotext.forest.clusterproxy.ClusterFilterBean.doFilter(ClusterFilterBean.java:73)
	at com.ontotext.forest.clusterproxy.ClusterLoadBalancerFilter.doFilterInternal(ClusterLoadBalancerFilter.java:25)
	at org.springframework.web.filter.OncePerRequestFilter.doFilter(OncePerRequestFilter.java:117)
	at org.apache.catalina.core.ApplicationFilterChain.internalDoFilter(ApplicationFilterChain.java:178)
	at org.apache.catalina.core.ApplicationFilterChain.doFilter(ApplicationFilterChain.java:153)
	at com.ontotext.forest.core.request.RequestFilter.doFilterInternal(RequestFilter.java:47)
	at org.springframework.web.filter.OncePerRequestFilter.doFilter(OncePerRequestFilter.java:117)
	at org.apache.catalina.core.ApplicationFilterChain.internalDoFilter(ApplicationFilterChain.java:178)
	at org.apache.catalina.core.ApplicationFilterChain.doFilter(ApplicationFilterChain.java:153)
	at org.springframework.web.filter.CharacterEncodingFilter.doFilterInternal(CharacterEncodingFilter.java:201)
	at org.springframework.web.filter.OncePerRequestFilter.doFilter(OncePerRequestFilter.java:117)
	at org.apache.catalina.core.ApplicationFilterChain.internalDoFilter(ApplicationFilterChain.java:178)
	at org.apache.catalina.core.ApplicationFilterChain.doFilter(ApplicationFilterChain.java:153)
	at com.github.ziplet.filter.compression.CompressingFilter.doFilter(CompressingFilter.java:263)
	at org.apache.catalina.core.ApplicationFilterChain.internalDoFilter(ApplicationFilterChain.java:178)
	at org.apache.catalina.core.ApplicationFilterChain.doFilter(ApplicationFilterChain.java:153)
	at org.apache.catalina.core.StandardWrapperValve.invoke(StandardWrapperValve.java:167)
	at org.apache.catalina.core.StandardContextValve.invoke(StandardContextValve.java:90)
	at org.apache.catalina.authenticator.AuthenticatorBase.invoke(AuthenticatorBase.java:481)
	at org.apache.catalina.core.StandardHostValve.invoke(StandardHostValve.java:130)
	at org.apache.catalina.valves.ErrorReportValve.invoke(ErrorReportValve.java:93)
	at org.apache.catalina.core.StandardEngineValve.invoke(StandardEngineValve.java:74)
	at org.apache.catalina.connector.CoyoteAdapter.service(CoyoteAdapter.java:343)
	at org.apache.coyote.http11.Http11Processor.service(Http11Processor.java:390)
	at org.apache.coyote.AbstractProcessorLight.process(AbstractProcessorLight.java:63)
	at org.apache.coyote.AbstractProtocol$ConnectionHandler.process(AbstractProtocol.java:926)
	at org.apache.tomcat.util.net.NioEndpoint$SocketProcessor.doRun(NioEndpoint.java:1791)
	at org.apache.tomcat.util.net.SocketProcessorBase.run(SocketProcessorBase.java:52)
	at org.apache.tomcat.util.threads.ThreadPoolExecutor.runWorker(ThreadPoolExecutor.java:1191)
	at org.apache.tomcat.util.threads.ThreadPoolExecutor$Worker.run(ThreadPoolExecutor.java:659)
	at org.apache.tomcat.util.threads.TaskThread$WrappingRunnable.run(TaskThread.java:61)
	at java.base/java.lang.Thread.run(Thread.java:834)
[ERROR] 2023-10-02 11:33:40,137 [repositories/LODEdo_endpoint | c.o.f.s.GraphDBProtocolExceptionResolver] Error while handling request (500)
org.eclipse.rdf4j.http.server.ServerHTTPException: org.eclipse.rdf4j.repository.RepositoryException: org.eclipse.rdf4j.sail.SailException: com.ontotext.trree.transactions.TransactionException: Transaction was aborted by the user.
	at org.eclipse.rdf4j.http.server.repository.statements.StatementsController.getAddDataResult(StatementsController.java:420)
	at org.eclipse.rdf4j.http.server.repository.statements.StatementsController.handleRequestInternal(StatementsController.java:121)
	at com.ontotext.graphdb.sesame.StatementsController.handleRequestInternal(StatementsController.java:68)
	at org.springframework.web.servlet.mvc.AbstractController.handleRequest(AbstractController.java:177)
	at org.springframework.web.servlet.mvc.SimpleControllerHandlerAdapter.handle(SimpleControllerHandlerAdapter.java:51)
	at org.springframework.web.servlet.DispatcherServlet.doDispatch(DispatcherServlet.java:1072)
	at org.springframework.web.servlet.DispatcherServlet.doService(DispatcherServlet.java:965)
	at org.springframework.web.servlet.FrameworkServlet.processRequest(FrameworkServlet.java:1006)
	at org.springframework.web.servlet.FrameworkServlet.doPost(FrameworkServlet.java:909)
	at javax.servlet.http.HttpServlet.service(HttpServlet.java:555)
	at org.springframework.web.servlet.FrameworkServlet.service(FrameworkServlet.java:883)
	at javax.servlet.http.HttpServlet.service(HttpServlet.java:623)
	at org.apache.catalina.core.ApplicationFilterChain.internalDoFilter(ApplicationFilterChain.java:209)
	at org.apache.catalina.core.ApplicationFilterChain.doFilter(ApplicationFilterChain.java:153)
	at com.ontotext.forest.security.AdminDelegatingFilterProxy.doFilter(AdminDelegatingFilterProxy.java:82)
	at org.springframework.web.filter.DelegatingFilterProxy.invokeDelegate(DelegatingFilterProxy.java:354)
	at org.springframework.web.filter.DelegatingFilterProxy.doFilter(DelegatingFilterProxy.java:267)
	at org.apache.catalina.core.ApplicationFilterChain.internalDoFilter(ApplicationFilterChain.java:178)
	at org.apache.catalina.core.ApplicationFilterChain.doFilter(ApplicationFilterChain.java:153)
	at com.ontotext.forest.clusterproxy.ClusterFilterBean.doFilter(ClusterFilterBean.java:73)
	at com.ontotext.forest.clusterproxy.ClusterLoadBalancerFilter.doFilterInternal(ClusterLoadBalancerFilter.java:25)
	at org.springframework.web.filter.OncePerRequestFilter.doFilter(OncePerRequestFilter.java:117)
	at org.apache.catalina.core.ApplicationFilterChain.internalDoFilter(ApplicationFilterChain.java:178)
	at org.apache.catalina.core.ApplicationFilterChain.doFilter(ApplicationFilterChain.java:153)
	at com.ontotext.forest.core.request.RequestFilter.doFilterInternal(RequestFilter.java:47)
	at org.springframework.web.filter.OncePerRequestFilter.doFilter(OncePerRequestFilter.java:117)
	at org.apache.catalina.core.ApplicationFilterChain.internalDoFilter(ApplicationFilterChain.java:178)
	at org.apache.catalina.core.ApplicationFilterChain.doFilter(ApplicationFilterChain.java:153)
	at org.springframework.web.filter.CharacterEncodingFilter.doFilterInternal(CharacterEncodingFilter.java:201)
	at org.springframework.web.filter.OncePerRequestFilter.doFilter(OncePerRequestFilter.java:117)
	at org.apache.catalina.core.ApplicationFilterChain.internalDoFilter(ApplicationFilterChain.java:178)
	at org.apache.catalina.core.ApplicationFilterChain.doFilter(ApplicationFilterChain.java:153)
	at com.github.ziplet.filter.compression.CompressingFilter.doFilter(CompressingFilter.java:263)
	at org.apache.catalina.core.ApplicationFilterChain.internalDoFilter(ApplicationFilterChain.java:178)
	at org.apache.catalina.core.ApplicationFilterChain.doFilter(ApplicationFilterChain.java:153)
	at org.apache.catalina.core.StandardWrapperValve.invoke(StandardWrapperValve.java:167)
	at org.apache.catalina.core.StandardContextValve.invoke(StandardContextValve.java:90)
	at org.apache.catalina.authenticator.AuthenticatorBase.invoke(AuthenticatorBase.java:481)
	at org.apache.catalina.core.StandardHostValve.invoke(StandardHostValve.java:130)
	at org.apache.catalina.valves.ErrorReportValve.invoke(ErrorReportValve.java:93)
	at org.apache.catalina.core.StandardEngineValve.invoke(StandardEngineValve.java:74)
	at org.apache.catalina.connector.CoyoteAdapter.service(CoyoteAdapter.java:343)
	at org.apache.coyote.http11.Http11Processor.service(Http11Processor.java:390)
	at org.apache.coyote.AbstractProcessorLight.process(AbstractProcessorLight.java:63)
	at org.apache.coyote.AbstractProtocol$ConnectionHandler.process(AbstractProtocol.java:926)
	at org.apache.tomcat.util.net.NioEndpoint$SocketProcessor.doRun(NioEndpoint.java:1791)
	at org.apache.tomcat.util.net.SocketProcessorBase.run(SocketProcessorBase.java:52)
	at org.apache.tomcat.util.threads.ThreadPoolExecutor.runWorker(ThreadPoolExecutor.java:1191)
	at org.apache.tomcat.util.threads.ThreadPoolExecutor$Worker.run(ThreadPoolExecutor.java:659)
	at org.apache.tomcat.util.threads.TaskThread$WrappingRunnable.run(TaskThread.java:61)
	at java.base/java.lang.Thread.run(Thread.java:834)
Caused by: org.eclipse.rdf4j.repository.RepositoryException: org.eclipse.rdf4j.sail.SailException: com.ontotext.trree.transactions.TransactionException: Transaction was aborted by the user.
	at org.eclipse.rdf4j.repository.sail.SailRepositoryConnection.commit(SailRepositoryConnection.java:228)
	at com.ontotext.trree.monitorRepository.MonitorRepositoryConnection.commit(MonitorRepositoryConnection.java:299)
	at org.eclipse.rdf4j.http.server.repository.statements.StatementsController.getAddDataResult(StatementsController.java:402)
	... 50 common frames omitted
Caused by: org.eclipse.rdf4j.sail.SailException: com.ontotext.trree.transactions.TransactionException: Transaction was aborted by the user.
	at com.ontotext.trree.SailConnectionImpl.handleTransactionFailure(SailConnectionImpl.java:1582)
	at com.ontotext.trree.SailConnectionImpl$CommitContext.handleFailure(SailConnectionImpl.java:775)
	at com.ontotext.trree.SailConnectionImpl.flush(SailConnectionImpl.java:2986)
	at org.eclipse.rdf4j.repository.sail.SailRepositoryConnection.commit(SailRepositoryConnection.java:224)
	... 52 common frames omitted
Caused by: com.ontotext.trree.transactions.TransactionException: Transaction was aborted by the user.
	at com.ontotext.trree.SailConnectionImpl.abortTransactionException(SailConnectionImpl.java:3201)
	at com.ontotext.trree.SailConnectionImpl.doActualCommit(SailConnectionImpl.java:944)
	at com.ontotext.trree.SailConnectionImpl.flushInternal(SailConnectionImpl.java:1101)
	at com.ontotext.trree.SailConnectionImpl.flush(SailConnectionImpl.java:2983)
	... 53 common frames omitted
[ERROR] 2023-10-02 11:33:40,231 [http-nio-7200-exec-10 | c.o.p.literals-index] Could not do clean shutdown 
com.ontotext.trree.transactions.TransactionException: Failed flushing the index file
	at com.ontotext.trree.big.collections.Collection$Journalling.flushChanges(Collection.java:86)
	at com.ontotext.trree.transactions.JournalBasedTransactionUnit.commit(JournalBasedTransactionUnit.java:152)
	at com.ontotext.trree.transactions.CompoundTransactionUnit.commit(CompoundTransactionUnit.java:111)
	at com.ontotext.trree.transactions.CommittableConnection.commit(CommittableConnection.java:34)
	at com.ontotext.trree.plugin.literalsindex.LiteralsIndexPlugin.shutdown(LiteralsIndexPlugin.java:687)
	at com.ontotext.trree.sdk.impl.PluginManager.shutDown(PluginManager.java:527)
	at com.ontotext.trree.OwlimSchemaRepository.doShutDown(OwlimSchemaRepository.java:1052)
	at com.ontotext.trree.OwlimSchemaRepository.doShutDown(OwlimSchemaRepository.java:1019)
	at com.ontotext.trree.OwlimSchemaRepository.shutDownInternal(OwlimSchemaRepository.java:488)
	at org.eclipse.rdf4j.sail.helpers.AbstractSail.shutDown(AbstractSail.java:249)
	at com.ontotext.trree.OwlimSchemaRepository.shutDown(OwlimSchemaRepository.java:2381)
	at org.eclipse.rdf4j.repository.sail.SailRepository.shutDownInternal(SailRepository.java:172)
	at org.eclipse.rdf4j.repository.base.AbstractRepository.shutDown(AbstractRepository.java:48)
	at org.eclipse.rdf4j.repository.manager.RepositoryManager.removeRepository(RepositoryManager.java:294)
	at org.eclipse.rdf4j.repository.manager.LocalRepositoryManager.removeRepository(LocalRepositoryManager.java:352)
	at com.ontotext.graphdb.GraphDBRepositoryManager.removeRepository(GraphDBRepositoryManager.java:403)
	at com.ontotext.graphdb.GraphDBRepositoryManager.removeRepository(GraphDBRepositoryManager.java:377)
	at com.ontotext.forest.core.semantic.SemanticLocation.removeRepository(SemanticLocation.java:669)
	at com.ontotext.forest.core.semantic.SemanticDataManagement.removeRepositoryFromLocation(SemanticDataManagement.java:321)
	at com.ontotext.forest.repositories.RepositoryManagementController.lambda$deleteRepository$4(RepositoryManagementController.java:380)
	at com.ontotext.forest.repositories.RepositoryManagementController.proxyWithBodyToRemoteIfNeeded(RepositoryManagementController.java:1169)
	at com.ontotext.forest.repositories.RepositoryManagementController.proxyToRemoteIfNeeded(RepositoryManagementController.java:1147)
	at com.ontotext.forest.repositories.RepositoryManagementController.deleteRepository(RepositoryManagementController.java:378)
	at java.base/jdk.internal.reflect.NativeMethodAccessorImpl.invoke0(Native Method)
	at java.base/jdk.internal.reflect.NativeMethodAccessorImpl.invoke(NativeMethodAccessorImpl.java:62)
	at java.base/jdk.internal.reflect.DelegatingMethodAccessorImpl.invoke(DelegatingMethodAccessorImpl.java:43)
	at java.base/java.lang.reflect.Method.invoke(Method.java:566)
	at org.springframework.web.method.support.InvocableHandlerMethod.doInvoke(InvocableHandlerMethod.java:205)
	at org.springframework.web.method.support.InvocableHandlerMethod.invokeForRequest(InvocableHandlerMethod.java:150)
	at org.springframework.web.servlet.mvc.method.annotation.ServletInvocableHandlerMethod.invokeAndHandle(ServletInvocableHandlerMethod.java:117)
	at org.springframework.web.servlet.mvc.method.annotation.RequestMappingHandlerAdapter.invokeHandlerMethod(RequestMappingHandlerAdapter.java:895)
	at org.springframework.web.servlet.mvc.method.annotation.RequestMappingHandlerAdapter.handleInternal(RequestMappingHandlerAdapter.java:808)
	at org.springframework.web.servlet.mvc.method.AbstractHandlerMethodAdapter.handle(AbstractHandlerMethodAdapter.java:87)
	at org.springframework.web.servlet.DispatcherServlet.doDispatch(DispatcherServlet.java:1072)
	at org.springframework.web.servlet.DispatcherServlet.doService(DispatcherServlet.java:965)
	at org.springframework.web.servlet.FrameworkServlet.processRequest(FrameworkServlet.java:1006)
	at org.springframework.web.servlet.FrameworkServlet.doDelete(FrameworkServlet.java:931)
	at javax.servlet.http.HttpServlet.service(HttpServlet.java:561)
	at org.springframework.web.servlet.FrameworkServlet.service(FrameworkServlet.java:883)
	at javax.servlet.http.HttpServlet.service(HttpServlet.java:623)
	at org.apache.catalina.core.ApplicationFilterChain.internalDoFilter(ApplicationFilterChain.java:209)
	at org.apache.catalina.core.ApplicationFilterChain.doFilter(ApplicationFilterChain.java:153)
	at com.ontotext.forest.security.AdminDelegatingFilterProxy.doFilter(AdminDelegatingFilterProxy.java:82)
	at org.springframework.web.filter.DelegatingFilterProxy.invokeDelegate(DelegatingFilterProxy.java:354)
	at org.springframework.web.filter.DelegatingFilterProxy.doFilter(DelegatingFilterProxy.java:267)
	at org.apache.catalina.core.ApplicationFilterChain.internalDoFilter(ApplicationFilterChain.java:178)
	at org.apache.catalina.core.ApplicationFilterChain.doFilter(ApplicationFilterChain.java:153)
	at com.ontotext.forest.clusterproxy.ClusterFilterBean.doFilter(ClusterFilterBean.java:73)
	at com.ontotext.forest.clusterproxy.ClusterLoadBalancerFilter.doFilterInternal(ClusterLoadBalancerFilter.java:25)
	at org.springframework.web.filter.OncePerRequestFilter.doFilter(OncePerRequestFilter.java:117)
	at org.apache.catalina.core.ApplicationFilterChain.internalDoFilter(ApplicationFilterChain.java:178)
	at org.apache.catalina.core.ApplicationFilterChain.doFilter(ApplicationFilterChain.java:153)
	at com.ontotext.forest.core.request.RequestFilter.doFilterInternal(RequestFilter.java:47)
	at org.springframework.web.filter.OncePerRequestFilter.doFilter(OncePerRequestFilter.java:117)
	at org.apache.catalina.core.ApplicationFilterChain.internalDoFilter(ApplicationFilterChain.java:178)
	at org.apache.catalina.core.ApplicationFilterChain.doFilter(ApplicationFilterChain.java:153)
	at org.springframework.web.filter.CharacterEncodingFilter.doFilterInternal(CharacterEncodingFilter.java:201)
	at org.springframework.web.filter.OncePerRequestFilter.doFilter(OncePerRequestFilter.java:117)
	at org.apache.catalina.core.ApplicationFilterChain.internalDoFilter(ApplicationFilterChain.java:178)
	at org.apache.catalina.core.ApplicationFilterChain.doFilter(ApplicationFilterChain.java:153)
	at com.github.ziplet.filter.compression.CompressingFilter.doFilter(CompressingFilter.java:263)
	at org.apache.catalina.core.ApplicationFilterChain.internalDoFilter(ApplicationFilterChain.java:178)
	at org.apache.catalina.core.ApplicationFilterChain.doFilter(ApplicationFilterChain.java:153)
	at org.apache.catalina.core.StandardWrapperValve.invoke(StandardWrapperValve.java:167)
	at org.apache.catalina.core.StandardContextValve.invoke(StandardContextValve.java:90)
	at org.apache.catalina.authenticator.AuthenticatorBase.invoke(AuthenticatorBase.java:481)
	at org.apache.catalina.core.StandardHostValve.invoke(StandardHostValve.java:130)
	at org.apache.catalina.valves.ErrorReportValve.invoke(ErrorReportValve.java:93)
	at org.apache.catalina.core.StandardEngineValve.invoke(StandardEngineValve.java:74)
	at org.apache.catalina.connector.CoyoteAdapter.service(CoyoteAdapter.java:343)
	at org.apache.coyote.http11.Http11Processor.service(Http11Processor.java:390)
	at org.apache.coyote.AbstractProcessorLight.process(AbstractProcessorLight.java:63)
	at org.apache.coyote.AbstractProtocol$ConnectionHandler.process(AbstractProtocol.java:926)
	at org.apache.tomcat.util.net.NioEndpoint$SocketProcessor.doRun(NioEndpoint.java:1791)
	at org.apache.tomcat.util.net.SocketProcessorBase.run(SocketProcessorBase.java:52)
	at org.apache.tomcat.util.threads.ThreadPoolExecutor.runWorker(ThreadPoolExecutor.java:1191)
	at org.apache.tomcat.util.threads.ThreadPoolExecutor$Worker.run(ThreadPoolExecutor.java:659)
	at org.apache.tomcat.util.threads.TaskThread$WrappingRunnable.run(TaskThread.java:61)
	at java.base/java.lang.Thread.run(Thread.java:834)
Caused by: java.lang.NullPointerException: null
	at com.ontotext.trree.big.collections.PageIndex.flushChanges(PageIndex.java:265)
	at com.ontotext.trree.big.collections.Collection$Journalling.flushChanges(Collection.java:81)
	... 78 common frames omitted
[ERROR] 2023-10-02 11:33:40,237 [http-nio-7200-exec-10 | c.o.p.literals-index] Could not do clean shutdown for null
com.ontotext.trree.transactions.TransactionException: Failed flushing the index file
	at com.ontotext.trree.big.collections.Collection$Journalling.flushChanges(Collection.java:86)
	at com.ontotext.trree.transactions.JournalBasedTransactionUnit.commit(JournalBasedTransactionUnit.java:152)
	at com.ontotext.trree.transactions.CompoundTransactionUnit.commit(CompoundTransactionUnit.java:111)
	at com.ontotext.trree.transactions.CommittableConnection.commit(CommittableConnection.java:34)
	at com.ontotext.trree.plugin.literalsindex.LiteralsIndexPlugin.shutdown(LiteralsIndexPlugin.java:687)
	at com.ontotext.trree.sdk.impl.PluginManager.shutDown(PluginManager.java:527)
	at com.ontotext.trree.OwlimSchemaRepository.doShutDown(OwlimSchemaRepository.java:1052)
	at com.ontotext.trree.OwlimSchemaRepository.doShutDown(OwlimSchemaRepository.java:1019)
	at com.ontotext.trree.OwlimSchemaRepository.shutDownInternal(OwlimSchemaRepository.java:488)
	at org.eclipse.rdf4j.sail.helpers.AbstractSail.shutDown(AbstractSail.java:249)
	at com.ontotext.trree.OwlimSchemaRepository.shutDown(OwlimSchemaRepository.java:2381)
	at org.eclipse.rdf4j.repository.sail.SailRepository.shutDownInternal(SailRepository.java:172)
	at org.eclipse.rdf4j.repository.base.AbstractRepository.shutDown(AbstractRepository.java:48)
	at org.eclipse.rdf4j.repository.manager.RepositoryManager.removeRepository(RepositoryManager.java:294)
	at org.eclipse.rdf4j.repository.manager.LocalRepositoryManager.removeRepository(LocalRepositoryManager.java:352)
	at com.ontotext.graphdb.GraphDBRepositoryManager.removeRepository(GraphDBRepositoryManager.java:403)
	at com.ontotext.graphdb.GraphDBRepositoryManager.removeRepository(GraphDBRepositoryManager.java:377)
	at com.ontotext.forest.core.semantic.SemanticLocation.removeRepository(SemanticLocation.java:669)
	at com.ontotext.forest.core.semantic.SemanticDataManagement.removeRepositoryFromLocation(SemanticDataManagement.java:321)
	at com.ontotext.forest.repositories.RepositoryManagementController.lambda$deleteRepository$4(RepositoryManagementController.java:380)
	at com.ontotext.forest.repositories.RepositoryManagementController.proxyWithBodyToRemoteIfNeeded(RepositoryManagementController.java:1169)
	at com.ontotext.forest.repositories.RepositoryManagementController.proxyToRemoteIfNeeded(RepositoryManagementController.java:1147)
	at com.ontotext.forest.repositories.RepositoryManagementController.deleteRepository(RepositoryManagementController.java:378)
	at java.base/jdk.internal.reflect.NativeMethodAccessorImpl.invoke0(Native Method)
	at java.base/jdk.internal.reflect.NativeMethodAccessorImpl.invoke(NativeMethodAccessorImpl.java:62)
	at java.base/jdk.internal.reflect.DelegatingMethodAccessorImpl.invoke(DelegatingMethodAccessorImpl.java:43)
	at java.base/java.lang.reflect.Method.invoke(Method.java:566)
	at org.springframework.web.method.support.InvocableHandlerMethod.doInvoke(InvocableHandlerMethod.java:205)
	at org.springframework.web.method.support.InvocableHandlerMethod.invokeForRequest(InvocableHandlerMethod.java:150)
	at org.springframework.web.servlet.mvc.method.annotation.ServletInvocableHandlerMethod.invokeAndHandle(ServletInvocableHandlerMethod.java:117)
	at org.springframework.web.servlet.mvc.method.annotation.RequestMappingHandlerAdapter.invokeHandlerMethod(RequestMappingHandlerAdapter.java:895)
	at org.springframework.web.servlet.mvc.method.annotation.RequestMappingHandlerAdapter.handleInternal(RequestMappingHandlerAdapter.java:808)
	at org.springframework.web.servlet.mvc.method.AbstractHandlerMethodAdapter.handle(AbstractHandlerMethodAdapter.java:87)
	at org.springframework.web.servlet.DispatcherServlet.doDispatch(DispatcherServlet.java:1072)
	at org.springframework.web.servlet.DispatcherServlet.doService(DispatcherServlet.java:965)
	at org.springframework.web.servlet.FrameworkServlet.processRequest(FrameworkServlet.java:1006)
	at org.springframework.web.servlet.FrameworkServlet.doDelete(FrameworkServlet.java:931)
	at javax.servlet.http.HttpServlet.service(HttpServlet.java:561)
	at org.springframework.web.servlet.FrameworkServlet.service(FrameworkServlet.java:883)
	at javax.servlet.http.HttpServlet.service(HttpServlet.java:623)
	at org.apache.catalina.core.ApplicationFilterChain.internalDoFilter(ApplicationFilterChain.java:209)
	at org.apache.catalina.core.ApplicationFilterChain.doFilter(ApplicationFilterChain.java:153)
	at com.ontotext.forest.security.AdminDelegatingFilterProxy.doFilter(AdminDelegatingFilterProxy.java:82)
	at org.springframework.web.filter.DelegatingFilterProxy.invokeDelegate(DelegatingFilterProxy.java:354)
	at org.springframework.web.filter.DelegatingFilterProxy.doFilter(DelegatingFilterProxy.java:267)
	at org.apache.catalina.core.ApplicationFilterChain.internalDoFilter(ApplicationFilterChain.java:178)
	at org.apache.catalina.core.ApplicationFilterChain.doFilter(ApplicationFilterChain.java:153)
	at com.ontotext.forest.clusterproxy.ClusterFilterBean.doFilter(ClusterFilterBean.java:73)
	at com.ontotext.forest.clusterproxy.ClusterLoadBalancerFilter.doFilterInternal(ClusterLoadBalancerFilter.java:25)
	at org.springframework.web.filter.OncePerRequestFilter.doFilter(OncePerRequestFilter.java:117)
	at org.apache.catalina.core.ApplicationFilterChain.internalDoFilter(ApplicationFilterChain.java:178)
	at org.apache.catalina.core.ApplicationFilterChain.doFilter(ApplicationFilterChain.java:153)
	at com.ontotext.forest.core.request.RequestFilter.doFilterInternal(RequestFilter.java:47)
	at org.springframework.web.filter.OncePerRequestFilter.doFilter(OncePerRequestFilter.java:117)
	at org.apache.catalina.core.ApplicationFilterChain.internalDoFilter(ApplicationFilterChain.java:178)
	at org.apache.catalina.core.ApplicationFilterChain.doFilter(ApplicationFilterChain.java:153)
	at org.springframework.web.filter.CharacterEncodingFilter.doFilterInternal(CharacterEncodingFilter.java:201)
	at org.springframework.web.filter.OncePerRequestFilter.doFilter(OncePerRequestFilter.java:117)
	at org.apache.catalina.core.ApplicationFilterChain.internalDoFilter(ApplicationFilterChain.java:178)
	at org.apache.catalina.core.ApplicationFilterChain.doFilter(ApplicationFilterChain.java:153)
	at com.github.ziplet.filter.compression.CompressingFilter.doFilter(CompressingFilter.java:263)
	at org.apache.catalina.core.ApplicationFilterChain.internalDoFilter(ApplicationFilterChain.java:178)
	at org.apache.catalina.core.ApplicationFilterChain.doFilter(ApplicationFilterChain.java:153)
	at org.apache.catalina.core.StandardWrapperValve.invoke(StandardWrapperValve.java:167)
	at org.apache.catalina.core.StandardContextValve.invoke(StandardContextValve.java:90)
	at org.apache.catalina.authenticator.AuthenticatorBase.invoke(AuthenticatorBase.java:481)
	at org.apache.catalina.core.StandardHostValve.invoke(StandardHostValve.java:130)
	at org.apache.catalina.valves.ErrorReportValve.invoke(ErrorReportValve.java:93)
	at org.apache.catalina.core.StandardEngineValve.invoke(StandardEngineValve.java:74)
	at org.apache.catalina.connector.CoyoteAdapter.service(CoyoteAdapter.java:343)
	at org.apache.coyote.http11.Http11Processor.service(Http11Processor.java:390)
	at org.apache.coyote.AbstractProcessorLight.process(AbstractProcessorLight.java:63)
	at org.apache.coyote.AbstractProtocol$ConnectionHandler.process(AbstractProtocol.java:926)
	at org.apache.tomcat.util.net.NioEndpoint$SocketProcessor.doRun(NioEndpoint.java:1791)
	at org.apache.tomcat.util.net.SocketProcessorBase.run(SocketProcessorBase.java:52)
	at org.apache.tomcat.util.threads.ThreadPoolExecutor.runWorker(ThreadPoolExecutor.java:1191)
	at org.apache.tomcat.util.threads.ThreadPoolExecutor$Worker.run(ThreadPoolExecutor.java:659)
	at org.apache.tomcat.util.threads.TaskThread$WrappingRunnable.run(TaskThread.java:61)
	at java.base/java.lang.Thread.run(Thread.java:834)
Caused by: java.lang.NullPointerException: null
	at com.ontotext.trree.big.collections.PageIndex.flushChanges(PageIndex.java:265)
	at com.ontotext.trree.big.collections.Collection$Journalling.flushChanges(Collection.java:81)
	... 78 common frames omitted
[ERROR] 2023-10-02 11:33:40,239 [http-nio-7200-exec-10 | c.o.t.s.i.PluginManager] Problem shutting down literals-index
java.lang.RuntimeException: com.ontotext.trree.transactions.TransactionException: Failed flushing the index file
	at com.ontotext.trree.plugin.literalsindex.LiteralsIndexPlugin.shutdown(LiteralsIndexPlugin.java:706)
	at com.ontotext.trree.sdk.impl.PluginManager.shutDown(PluginManager.java:527)
	at com.ontotext.trree.OwlimSchemaRepository.doShutDown(OwlimSchemaRepository.java:1052)
	at com.ontotext.trree.OwlimSchemaRepository.doShutDown(OwlimSchemaRepository.java:1019)
	at com.ontotext.trree.OwlimSchemaRepository.shutDownInternal(OwlimSchemaRepository.java:488)
	at org.eclipse.rdf4j.sail.helpers.AbstractSail.shutDown(AbstractSail.java:249)
	at com.ontotext.trree.OwlimSchemaRepository.shutDown(OwlimSchemaRepository.java:2381)
	at org.eclipse.rdf4j.repository.sail.SailRepository.shutDownInternal(SailRepository.java:172)
	at org.eclipse.rdf4j.repository.base.AbstractRepository.shutDown(AbstractRepository.java:48)
	at org.eclipse.rdf4j.repository.manager.RepositoryManager.removeRepository(RepositoryManager.java:294)
	at org.eclipse.rdf4j.repository.manager.LocalRepositoryManager.removeRepository(LocalRepositoryManager.java:352)
	at com.ontotext.graphdb.GraphDBRepositoryManager.removeRepository(GraphDBRepositoryManager.java:403)
	at com.ontotext.graphdb.GraphDBRepositoryManager.removeRepository(GraphDBRepositoryManager.java:377)
	at com.ontotext.forest.core.semantic.SemanticLocation.removeRepository(SemanticLocation.java:669)
	at com.ontotext.forest.core.semantic.SemanticDataManagement.removeRepositoryFromLocation(SemanticDataManagement.java:321)
	at com.ontotext.forest.repositories.RepositoryManagementController.lambda$deleteRepository$4(RepositoryManagementController.java:380)
	at com.ontotext.forest.repositories.RepositoryManagementController.proxyWithBodyToRemoteIfNeeded(RepositoryManagementController.java:1169)
	at com.ontotext.forest.repositories.RepositoryManagementController.proxyToRemoteIfNeeded(RepositoryManagementController.java:1147)
	at com.ontotext.forest.repositories.RepositoryManagementController.deleteRepository(RepositoryManagementController.java:378)
	at java.base/jdk.internal.reflect.NativeMethodAccessorImpl.invoke0(Native Method)
	at java.base/jdk.internal.reflect.NativeMethodAccessorImpl.invoke(NativeMethodAccessorImpl.java:62)
	at java.base/jdk.internal.reflect.DelegatingMethodAccessorImpl.invoke(DelegatingMethodAccessorImpl.java:43)
	at java.base/java.lang.reflect.Method.invoke(Method.java:566)
	at org.springframework.web.method.support.InvocableHandlerMethod.doInvoke(InvocableHandlerMethod.java:205)
	at org.springframework.web.method.support.InvocableHandlerMethod.invokeForRequest(InvocableHandlerMethod.java:150)
	at org.springframework.web.servlet.mvc.method.annotation.ServletInvocableHandlerMethod.invokeAndHandle(ServletInvocableHandlerMethod.java:117)
	at org.springframework.web.servlet.mvc.method.annotation.RequestMappingHandlerAdapter.invokeHandlerMethod(RequestMappingHandlerAdapter.java:895)
	at org.springframework.web.servlet.mvc.method.annotation.RequestMappingHandlerAdapter.handleInternal(RequestMappingHandlerAdapter.java:808)
	at org.springframework.web.servlet.mvc.method.AbstractHandlerMethodAdapter.handle(AbstractHandlerMethodAdapter.java:87)
	at org.springframework.web.servlet.DispatcherServlet.doDispatch(DispatcherServlet.java:1072)
	at org.springframework.web.servlet.DispatcherServlet.doService(DispatcherServlet.java:965)
	at org.springframework.web.servlet.FrameworkServlet.processRequest(FrameworkServlet.java:1006)
	at org.springframework.web.servlet.FrameworkServlet.doDelete(FrameworkServlet.java:931)
	at javax.servlet.http.HttpServlet.service(HttpServlet.java:561)
	at org.springframework.web.servlet.FrameworkServlet.service(FrameworkServlet.java:883)
	at javax.servlet.http.HttpServlet.service(HttpServlet.java:623)
	at org.apache.catalina.core.ApplicationFilterChain.internalDoFilter(ApplicationFilterChain.java:209)
	at org.apache.catalina.core.ApplicationFilterChain.doFilter(ApplicationFilterChain.java:153)
	at com.ontotext.forest.security.AdminDelegatingFilterProxy.doFilter(AdminDelegatingFilterProxy.java:82)
	at org.springframework.web.filter.DelegatingFilterProxy.invokeDelegate(DelegatingFilterProxy.java:354)
	at org.springframework.web.filter.DelegatingFilterProxy.doFilter(DelegatingFilterProxy.java:267)
	at org.apache.catalina.core.ApplicationFilterChain.internalDoFilter(ApplicationFilterChain.java:178)
	at org.apache.catalina.core.ApplicationFilterChain.doFilter(ApplicationFilterChain.java:153)
	at com.ontotext.forest.clusterproxy.ClusterFilterBean.doFilter(ClusterFilterBean.java:73)
	at com.ontotext.forest.clusterproxy.ClusterLoadBalancerFilter.doFilterInternal(ClusterLoadBalancerFilter.java:25)
	at org.springframework.web.filter.OncePerRequestFilter.doFilter(OncePerRequestFilter.java:117)
	at org.apache.catalina.core.ApplicationFilterChain.internalDoFilter(ApplicationFilterChain.java:178)
	at org.apache.catalina.core.ApplicationFilterChain.doFilter(ApplicationFilterChain.java:153)
	at com.ontotext.forest.core.request.RequestFilter.doFilterInternal(RequestFilter.java:47)
	at org.springframework.web.filter.OncePerRequestFilter.doFilter(OncePerRequestFilter.java:117)
	at org.apache.catalina.core.ApplicationFilterChain.internalDoFilter(ApplicationFilterChain.java:178)
	at org.apache.catalina.core.ApplicationFilterChain.doFilter(ApplicationFilterChain.java:153)
	at org.springframework.web.filter.CharacterEncodingFilter.doFilterInternal(CharacterEncodingFilter.java:201)
	at org.springframework.web.filter.OncePerRequestFilter.doFilter(OncePerRequestFilter.java:117)
	at org.apache.catalina.core.ApplicationFilterChain.internalDoFilter(ApplicationFilterChain.java:178)
	at org.apache.catalina.core.ApplicationFilterChain.doFilter(ApplicationFilterChain.java:153)
	at com.github.ziplet.filter.compression.CompressingFilter.doFilter(CompressingFilter.java:263)
	at org.apache.catalina.core.ApplicationFilterChain.internalDoFilter(ApplicationFilterChain.java:178)
	at org.apache.catalina.core.ApplicationFilterChain.doFilter(ApplicationFilterChain.java:153)
	at org.apache.catalina.core.StandardWrapperValve.invoke(StandardWrapperValve.java:167)
	at org.apache.catalina.core.StandardContextValve.invoke(StandardContextValve.java:90)
	at org.apache.catalina.authenticator.AuthenticatorBase.invoke(AuthenticatorBase.java:481)
	at org.apache.catalina.core.StandardHostValve.invoke(StandardHostValve.java:130)
	at org.apache.catalina.valves.ErrorReportValve.invoke(ErrorReportValve.java:93)
	at org.apache.catalina.core.StandardEngineValve.invoke(StandardEngineValve.java:74)
	at org.apache.catalina.connector.CoyoteAdapter.service(CoyoteAdapter.java:343)
	at org.apache.coyote.http11.Http11Processor.service(Http11Processor.java:390)
	at org.apache.coyote.AbstractProcessorLight.process(AbstractProcessorLight.java:63)
	at org.apache.coyote.AbstractProtocol$ConnectionHandler.process(AbstractProtocol.java:926)
	at org.apache.tomcat.util.net.NioEndpoint$SocketProcessor.doRun(NioEndpoint.java:1791)
	at org.apache.tomcat.util.net.SocketProcessorBase.run(SocketProcessorBase.java:52)
	at org.apache.tomcat.util.threads.ThreadPoolExecutor.runWorker(ThreadPoolExecutor.java:1191)
	at org.apache.tomcat.util.threads.ThreadPoolExecutor$Worker.run(ThreadPoolExecutor.java:659)
	at org.apache.tomcat.util.threads.TaskThread$WrappingRunnable.run(TaskThread.java:61)
	at java.base/java.lang.Thread.run(Thread.java:834)
Caused by: com.ontotext.trree.transactions.TransactionException: Failed flushing the index file
	at com.ontotext.trree.big.collections.Collection$Journalling.flushChanges(Collection.java:86)
	at com.ontotext.trree.transactions.JournalBasedTransactionUnit.commit(JournalBasedTransactionUnit.java:152)
	at com.ontotext.trree.transactions.CompoundTransactionUnit.commit(CompoundTransactionUnit.java:111)
	at com.ontotext.trree.transactions.CommittableConnection.commit(CommittableConnection.java:34)
	at com.ontotext.trree.plugin.literalsindex.LiteralsIndexPlugin.shutdown(LiteralsIndexPlugin.java:687)
	... 74 common frames omitted
Caused by: java.lang.NullPointerException: null
	at com.ontotext.trree.big.collections.PageIndex.flushChanges(PageIndex.java:265)
	at com.ontotext.trree.big.collections.Collection$Journalling.flushChanges(Collection.java:81)
	... 78 common frames omitted
[ERROR] 2023-10-02 11:40:09,370 [repositories/LODEdo_endpoint | c.o.t.SailConnectionImpl] Transaction failed. Commit will be rolled back.
com.ontotext.trree.transactions.TransactionException: Transaction was aborted by the user.
	at com.ontotext.trree.SailConnectionImpl.abortTransactionException(SailConnectionImpl.java:3201)
	at com.ontotext.trree.SailConnectionImpl.doActualCommit(SailConnectionImpl.java:944)
	at com.ontotext.trree.SailConnectionImpl.flushInternal(SailConnectionImpl.java:1101)
	at com.ontotext.trree.SailConnectionImpl.flush(SailConnectionImpl.java:2983)
	at org.eclipse.rdf4j.repository.sail.SailRepositoryConnection.commit(SailRepositoryConnection.java:224)
	at com.ontotext.trree.monitorRepository.MonitorRepositoryConnection.commit(MonitorRepositoryConnection.java:299)
	at org.eclipse.rdf4j.http.server.repository.statements.StatementsController.getAddDataResult(StatementsController.java:402)
	at org.eclipse.rdf4j.http.server.repository.statements.StatementsController.handleRequestInternal(StatementsController.java:121)
	at com.ontotext.graphdb.sesame.StatementsController.handleRequestInternal(StatementsController.java:68)
	at org.springframework.web.servlet.mvc.AbstractController.handleRequest(AbstractController.java:177)
	at org.springframework.web.servlet.mvc.SimpleControllerHandlerAdapter.handle(SimpleControllerHandlerAdapter.java:51)
	at org.springframework.web.servlet.DispatcherServlet.doDispatch(DispatcherServlet.java:1072)
	at org.springframework.web.servlet.DispatcherServlet.doService(DispatcherServlet.java:965)
	at org.springframework.web.servlet.FrameworkServlet.processRequest(FrameworkServlet.java:1006)
	at org.springframework.web.servlet.FrameworkServlet.doPost(FrameworkServlet.java:909)
	at javax.servlet.http.HttpServlet.service(HttpServlet.java:555)
	at org.springframework.web.servlet.FrameworkServlet.service(FrameworkServlet.java:883)
	at javax.servlet.http.HttpServlet.service(HttpServlet.java:623)
	at org.apache.catalina.core.ApplicationFilterChain.internalDoFilter(ApplicationFilterChain.java:209)
	at org.apache.catalina.core.ApplicationFilterChain.doFilter(ApplicationFilterChain.java:153)
	at com.ontotext.forest.security.AdminDelegatingFilterProxy.doFilter(AdminDelegatingFilterProxy.java:82)
	at org.springframework.web.filter.DelegatingFilterProxy.invokeDelegate(DelegatingFilterProxy.java:354)
	at org.springframework.web.filter.DelegatingFilterProxy.doFilter(DelegatingFilterProxy.java:267)
	at org.apache.catalina.core.ApplicationFilterChain.internalDoFilter(ApplicationFilterChain.java:178)
	at org.apache.catalina.core.ApplicationFilterChain.doFilter(ApplicationFilterChain.java:153)
	at com.ontotext.forest.clusterproxy.ClusterFilterBean.doFilter(ClusterFilterBean.java:73)
	at com.ontotext.forest.clusterproxy.ClusterLoadBalancerFilter.doFilterInternal(ClusterLoadBalancerFilter.java:25)
	at org.springframework.web.filter.OncePerRequestFilter.doFilter(OncePerRequestFilter.java:117)
	at org.apache.catalina.core.ApplicationFilterChain.internalDoFilter(ApplicationFilterChain.java:178)
	at org.apache.catalina.core.ApplicationFilterChain.doFilter(ApplicationFilterChain.java:153)
	at com.ontotext.forest.core.request.RequestFilter.doFilterInternal(RequestFilter.java:47)
	at org.springframework.web.filter.OncePerRequestFilter.doFilter(OncePerRequestFilter.java:117)
	at org.apache.catalina.core.ApplicationFilterChain.internalDoFilter(ApplicationFilterChain.java:178)
	at org.apache.catalina.core.ApplicationFilterChain.doFilter(ApplicationFilterChain.java:153)
	at org.springframework.web.filter.CharacterEncodingFilter.doFilterInternal(CharacterEncodingFilter.java:201)
	at org.springframework.web.filter.OncePerRequestFilter.doFilter(OncePerRequestFilter.java:117)
	at org.apache.catalina.core.ApplicationFilterChain.internalDoFilter(ApplicationFilterChain.java:178)
	at org.apache.catalina.core.ApplicationFilterChain.doFilter(ApplicationFilterChain.java:153)
	at com.github.ziplet.filter.compression.CompressingFilter.doFilter(CompressingFilter.java:263)
	at org.apache.catalina.core.ApplicationFilterChain.internalDoFilter(ApplicationFilterChain.java:178)
	at org.apache.catalina.core.ApplicationFilterChain.doFilter(ApplicationFilterChain.java:153)
	at org.apache.catalina.core.StandardWrapperValve.invoke(StandardWrapperValve.java:167)
	at org.apache.catalina.core.StandardContextValve.invoke(StandardContextValve.java:90)
	at org.apache.catalina.authenticator.AuthenticatorBase.invoke(AuthenticatorBase.java:481)
	at org.apache.catalina.core.StandardHostValve.invoke(StandardHostValve.java:130)
	at org.apache.catalina.valves.ErrorReportValve.invoke(ErrorReportValve.java:93)
	at org.apache.catalina.core.StandardEngineValve.invoke(StandardEngineValve.java:74)
	at org.apache.catalina.connector.CoyoteAdapter.service(CoyoteAdapter.java:343)
	at org.apache.coyote.http11.Http11Processor.service(Http11Processor.java:390)
	at org.apache.coyote.AbstractProcessorLight.process(AbstractProcessorLight.java:63)
	at org.apache.coyote.AbstractProtocol$ConnectionHandler.process(AbstractProtocol.java:926)
	at org.apache.tomcat.util.net.NioEndpoint$SocketProcessor.doRun(NioEndpoint.java:1791)
	at org.apache.tomcat.util.net.SocketProcessorBase.run(SocketProcessorBase.java:52)
	at org.apache.tomcat.util.threads.ThreadPoolExecutor.runWorker(ThreadPoolExecutor.java:1191)
	at org.apache.tomcat.util.threads.ThreadPoolExecutor$Worker.run(ThreadPoolExecutor.java:659)
	at org.apache.tomcat.util.threads.TaskThread$WrappingRunnable.run(TaskThread.java:61)
	at java.base/java.lang.Thread.run(Thread.java:834)
[ERROR] 2023-10-02 11:40:09,384 [repositories/LODEdo_endpoint | c.o.f.s.GraphDBProtocolExceptionResolver] Error while handling request (500)
org.eclipse.rdf4j.http.server.ServerHTTPException: org.eclipse.rdf4j.repository.RepositoryException: org.eclipse.rdf4j.sail.SailException: com.ontotext.trree.transactions.TransactionException: Transaction was aborted by the user.
	at org.eclipse.rdf4j.http.server.repository.statements.StatementsController.getAddDataResult(StatementsController.java:420)
	at org.eclipse.rdf4j.http.server.repository.statements.StatementsController.handleRequestInternal(StatementsController.java:121)
	at com.ontotext.graphdb.sesame.StatementsController.handleRequestInternal(StatementsController.java:68)
	at org.springframework.web.servlet.mvc.AbstractController.handleRequest(AbstractController.java:177)
	at org.springframework.web.servlet.mvc.SimpleControllerHandlerAdapter.handle(SimpleControllerHandlerAdapter.java:51)
	at org.springframework.web.servlet.DispatcherServlet.doDispatch(DispatcherServlet.java:1072)
	at org.springframework.web.servlet.DispatcherServlet.doService(DispatcherServlet.java:965)
	at org.springframework.web.servlet.FrameworkServlet.processRequest(FrameworkServlet.java:1006)
	at org.springframework.web.servlet.FrameworkServlet.doPost(FrameworkServlet.java:909)
	at javax.servlet.http.HttpServlet.service(HttpServlet.java:555)
	at org.springframework.web.servlet.FrameworkServlet.service(FrameworkServlet.java:883)
	at javax.servlet.http.HttpServlet.service(HttpServlet.java:623)
	at org.apache.catalina.core.ApplicationFilterChain.internalDoFilter(ApplicationFilterChain.java:209)
	at org.apache.catalina.core.ApplicationFilterChain.doFilter(ApplicationFilterChain.java:153)
	at com.ontotext.forest.security.AdminDelegatingFilterProxy.doFilter(AdminDelegatingFilterProxy.java:82)
	at org.springframework.web.filter.DelegatingFilterProxy.invokeDelegate(DelegatingFilterProxy.java:354)
	at org.springframework.web.filter.DelegatingFilterProxy.doFilter(DelegatingFilterProxy.java:267)
	at org.apache.catalina.core.ApplicationFilterChain.internalDoFilter(ApplicationFilterChain.java:178)
	at org.apache.catalina.core.ApplicationFilterChain.doFilter(ApplicationFilterChain.java:153)
	at com.ontotext.forest.clusterproxy.ClusterFilterBean.doFilter(ClusterFilterBean.java:73)
	at com.ontotext.forest.clusterproxy.ClusterLoadBalancerFilter.doFilterInternal(ClusterLoadBalancerFilter.java:25)
	at org.springframework.web.filter.OncePerRequestFilter.doFilter(OncePerRequestFilter.java:117)
	at org.apache.catalina.core.ApplicationFilterChain.internalDoFilter(ApplicationFilterChain.java:178)
	at org.apache.catalina.core.ApplicationFilterChain.doFilter(ApplicationFilterChain.java:153)
	at com.ontotext.forest.core.request.RequestFilter.doFilterInternal(RequestFilter.java:47)
	at org.springframework.web.filter.OncePerRequestFilter.doFilter(OncePerRequestFilter.java:117)
	at org.apache.catalina.core.ApplicationFilterChain.internalDoFilter(ApplicationFilterChain.java:178)
	at org.apache.catalina.core.ApplicationFilterChain.doFilter(ApplicationFilterChain.java:153)
	at org.springframework.web.filter.CharacterEncodingFilter.doFilterInternal(CharacterEncodingFilter.java:201)
	at org.springframework.web.filter.OncePerRequestFilter.doFilter(OncePerRequestFilter.java:117)
	at org.apache.catalina.core.ApplicationFilterChain.internalDoFilter(ApplicationFilterChain.java:178)
	at org.apache.catalina.core.ApplicationFilterChain.doFilter(ApplicationFilterChain.java:153)
	at com.github.ziplet.filter.compression.CompressingFilter.doFilter(CompressingFilter.java:263)
	at org.apache.catalina.core.ApplicationFilterChain.internalDoFilter(ApplicationFilterChain.java:178)
	at org.apache.catalina.core.ApplicationFilterChain.doFilter(ApplicationFilterChain.java:153)
	at org.apache.catalina.core.StandardWrapperValve.invoke(StandardWrapperValve.java:167)
	at org.apache.catalina.core.StandardContextValve.invoke(StandardContextValve.java:90)
	at org.apache.catalina.authenticator.AuthenticatorBase.invoke(AuthenticatorBase.java:481)
	at org.apache.catalina.core.StandardHostValve.invoke(StandardHostValve.java:130)
	at org.apache.catalina.valves.ErrorReportValve.invoke(ErrorReportValve.java:93)
	at org.apache.catalina.core.StandardEngineValve.invoke(StandardEngineValve.java:74)
	at org.apache.catalina.connector.CoyoteAdapter.service(CoyoteAdapter.java:343)
	at org.apache.coyote.http11.Http11Processor.service(Http11Processor.java:390)
	at org.apache.coyote.AbstractProcessorLight.process(AbstractProcessorLight.java:63)
	at org.apache.coyote.AbstractProtocol$ConnectionHandler.process(AbstractProtocol.java:926)
	at org.apache.tomcat.util.net.NioEndpoint$SocketProcessor.doRun(NioEndpoint.java:1791)
	at org.apache.tomcat.util.net.SocketProcessorBase.run(SocketProcessorBase.java:52)
	at org.apache.tomcat.util.threads.ThreadPoolExecutor.runWorker(ThreadPoolExecutor.java:1191)
	at org.apache.tomcat.util.threads.ThreadPoolExecutor$Worker.run(ThreadPoolExecutor.java:659)
	at org.apache.tomcat.util.threads.TaskThread$WrappingRunnable.run(TaskThread.java:61)
	at java.base/java.lang.Thread.run(Thread.java:834)
Caused by: org.eclipse.rdf4j.repository.RepositoryException: org.eclipse.rdf4j.sail.SailException: com.ontotext.trree.transactions.TransactionException: Transaction was aborted by the user.
	at org.eclipse.rdf4j.repository.sail.SailRepositoryConnection.commit(SailRepositoryConnection.java:228)
	at com.ontotext.trree.monitorRepository.MonitorRepositoryConnection.commit(MonitorRepositoryConnection.java:299)
	at org.eclipse.rdf4j.http.server.repository.statements.StatementsController.getAddDataResult(StatementsController.java:402)
	... 50 common frames omitted
Caused by: org.eclipse.rdf4j.sail.SailException: com.ontotext.trree.transactions.TransactionException: Transaction was aborted by the user.
	at com.ontotext.trree.SailConnectionImpl.handleTransactionFailure(SailConnectionImpl.java:1582)
	at com.ontotext.trree.SailConnectionImpl$CommitContext.handleFailure(SailConnectionImpl.java:775)
	at com.ontotext.trree.SailConnectionImpl.flush(SailConnectionImpl.java:2986)
	at org.eclipse.rdf4j.repository.sail.SailRepositoryConnection.commit(SailRepositoryConnection.java:224)
	... 52 common frames omitted
Caused by: com.ontotext.trree.transactions.TransactionException: Transaction was aborted by the user.
	at com.ontotext.trree.SailConnectionImpl.abortTransactionException(SailConnectionImpl.java:3201)
	at com.ontotext.trree.SailConnectionImpl.doActualCommit(SailConnectionImpl.java:944)
	at com.ontotext.trree.SailConnectionImpl.flushInternal(SailConnectionImpl.java:1101)
	at com.ontotext.trree.SailConnectionImpl.flush(SailConnectionImpl.java:2983)
	... 53 common frames omitted
[ERROR] 2023-10-02 11:40:09,537 [repositories/LODEdo_endpoint | c.o.p.literals-index] Could not do clean shutdown 
com.ontotext.trree.transactions.TransactionException: Failed flushing the index file
	at com.ontotext.trree.big.collections.Collection$Journalling.flushChanges(Collection.java:86)
	at com.ontotext.trree.transactions.JournalBasedTransactionUnit.commit(JournalBasedTransactionUnit.java:152)
	at com.ontotext.trree.transactions.CompoundTransactionUnit.commit(CompoundTransactionUnit.java:111)
	at com.ontotext.trree.transactions.CommittableConnection.commit(CommittableConnection.java:34)
	at com.ontotext.trree.plugin.literalsindex.LiteralsIndexPlugin.shutdown(LiteralsIndexPlugin.java:687)
	at com.ontotext.trree.sdk.impl.PluginManager.shutDown(PluginManager.java:527)
	at com.ontotext.trree.OwlimSchemaRepository.doShutDown(OwlimSchemaRepository.java:1052)
	at com.ontotext.trree.OwlimSchemaRepository.doShutDown(OwlimSchemaRepository.java:1019)
	at com.ontotext.trree.OwlimSchemaRepository.shutDownInternal(OwlimSchemaRepository.java:488)
	at org.eclipse.rdf4j.sail.helpers.AbstractSail.shutDown(AbstractSail.java:249)
	at com.ontotext.trree.OwlimSchemaRepository.shutDown(OwlimSchemaRepository.java:2381)
	at org.eclipse.rdf4j.repository.sail.SailRepository.shutDownInternal(SailRepository.java:172)
	at org.eclipse.rdf4j.repository.base.AbstractRepository.shutDown(AbstractRepository.java:48)
	at org.eclipse.rdf4j.repository.manager.RepositoryManager.removeRepository(RepositoryManager.java:294)
	at org.eclipse.rdf4j.repository.manager.LocalRepositoryManager.removeRepository(LocalRepositoryManager.java:352)
	at com.ontotext.graphdb.GraphDBRepositoryManager.removeRepository(GraphDBRepositoryManager.java:403)
	at com.ontotext.graphdb.GraphDBRepositoryManager.removeRepository(GraphDBRepositoryManager.java:377)
	at com.ontotext.forest.core.semantic.SemanticLocation.removeRepository(SemanticLocation.java:669)
	at com.ontotext.forest.core.semantic.SemanticDataManagement.removeRepositoryFromLocation(SemanticDataManagement.java:321)
	at com.ontotext.forest.repositories.RepositoryManagementController.lambda$deleteRepository$4(RepositoryManagementController.java:380)
	at com.ontotext.forest.repositories.RepositoryManagementController.proxyWithBodyToRemoteIfNeeded(RepositoryManagementController.java:1169)
	at com.ontotext.forest.repositories.RepositoryManagementController.proxyToRemoteIfNeeded(RepositoryManagementController.java:1147)
	at com.ontotext.forest.repositories.RepositoryManagementController.deleteRepository(RepositoryManagementController.java:378)
	at java.base/jdk.internal.reflect.NativeMethodAccessorImpl.invoke0(Native Method)
	at java.base/jdk.internal.reflect.NativeMethodAccessorImpl.invoke(NativeMethodAccessorImpl.java:62)
	at java.base/jdk.internal.reflect.DelegatingMethodAccessorImpl.invoke(DelegatingMethodAccessorImpl.java:43)
	at java.base/java.lang.reflect.Method.invoke(Method.java:566)
	at org.springframework.web.method.support.InvocableHandlerMethod.doInvoke(InvocableHandlerMethod.java:205)
	at org.springframework.web.method.support.InvocableHandlerMethod.invokeForRequest(InvocableHandlerMethod.java:150)
	at org.springframework.web.servlet.mvc.method.annotation.ServletInvocableHandlerMethod.invokeAndHandle(ServletInvocableHandlerMethod.java:117)
	at org.springframework.web.servlet.mvc.method.annotation.RequestMappingHandlerAdapter.invokeHandlerMethod(RequestMappingHandlerAdapter.java:895)
	at org.springframework.web.servlet.mvc.method.annotation.RequestMappingHandlerAdapter.handleInternal(RequestMappingHandlerAdapter.java:808)
	at org.springframework.web.servlet.mvc.method.AbstractHandlerMethodAdapter.handle(AbstractHandlerMethodAdapter.java:87)
	at org.springframework.web.servlet.DispatcherServlet.doDispatch(DispatcherServlet.java:1072)
	at org.springframework.web.servlet.DispatcherServlet.doService(DispatcherServlet.java:965)
	at org.springframework.web.servlet.FrameworkServlet.processRequest(FrameworkServlet.java:1006)
	at org.springframework.web.servlet.FrameworkServlet.doDelete(FrameworkServlet.java:931)
	at javax.servlet.http.HttpServlet.service(HttpServlet.java:561)
	at org.springframework.web.servlet.FrameworkServlet.service(FrameworkServlet.java:883)
	at javax.servlet.http.HttpServlet.service(HttpServlet.java:623)
	at org.apache.catalina.core.ApplicationFilterChain.internalDoFilter(ApplicationFilterChain.java:209)
	at org.apache.catalina.core.ApplicationFilterChain.doFilter(ApplicationFilterChain.java:153)
	at com.ontotext.forest.security.AdminDelegatingFilterProxy.doFilter(AdminDelegatingFilterProxy.java:82)
	at org.springframework.web.filter.DelegatingFilterProxy.invokeDelegate(DelegatingFilterProxy.java:354)
	at org.springframework.web.filter.DelegatingFilterProxy.doFilter(DelegatingFilterProxy.java:267)
	at org.apache.catalina.core.ApplicationFilterChain.internalDoFilter(ApplicationFilterChain.java:178)
	at org.apache.catalina.core.ApplicationFilterChain.doFilter(ApplicationFilterChain.java:153)
	at com.ontotext.forest.clusterproxy.ClusterFilterBean.doFilter(ClusterFilterBean.java:73)
	at com.ontotext.forest.clusterproxy.ClusterLoadBalancerFilter.doFilterInternal(ClusterLoadBalancerFilter.java:25)
	at org.springframework.web.filter.OncePerRequestFilter.doFilter(OncePerRequestFilter.java:117)
	at org.apache.catalina.core.ApplicationFilterChain.internalDoFilter(ApplicationFilterChain.java:178)
	at org.apache.catalina.core.ApplicationFilterChain.doFilter(ApplicationFilterChain.java:153)
	at com.ontotext.forest.core.request.RequestFilter.doFilterInternal(RequestFilter.java:47)
	at org.springframework.web.filter.OncePerRequestFilter.doFilter(OncePerRequestFilter.java:117)
	at org.apache.catalina.core.ApplicationFilterChain.internalDoFilter(ApplicationFilterChain.java:178)
	at org.apache.catalina.core.ApplicationFilterChain.doFilter(ApplicationFilterChain.java:153)
	at org.springframework.web.filter.CharacterEncodingFilter.doFilterInternal(CharacterEncodingFilter.java:201)
	at org.springframework.web.filter.OncePerRequestFilter.doFilter(OncePerRequestFilter.java:117)
	at org.apache.catalina.core.ApplicationFilterChain.internalDoFilter(ApplicationFilterChain.java:178)
	at org.apache.catalina.core.ApplicationFilterChain.doFilter(ApplicationFilterChain.java:153)
	at com.github.ziplet.filter.compression.CompressingFilter.doFilter(CompressingFilter.java:263)
	at org.apache.catalina.core.ApplicationFilterChain.internalDoFilter(ApplicationFilterChain.java:178)
	at org.apache.catalina.core.ApplicationFilterChain.doFilter(ApplicationFilterChain.java:153)
	at org.apache.catalina.core.StandardWrapperValve.invoke(StandardWrapperValve.java:167)
	at org.apache.catalina.core.StandardContextValve.invoke(StandardContextValve.java:90)
	at org.apache.catalina.authenticator.AuthenticatorBase.invoke(AuthenticatorBase.java:481)
	at org.apache.catalina.core.StandardHostValve.invoke(StandardHostValve.java:130)
	at org.apache.catalina.valves.ErrorReportValve.invoke(ErrorReportValve.java:93)
	at org.apache.catalina.core.StandardEngineValve.invoke(StandardEngineValve.java:74)
	at org.apache.catalina.connector.CoyoteAdapter.service(CoyoteAdapter.java:343)
	at org.apache.coyote.http11.Http11Processor.service(Http11Processor.java:390)
	at org.apache.coyote.AbstractProcessorLight.process(AbstractProcessorLight.java:63)
	at org.apache.coyote.AbstractProtocol$ConnectionHandler.process(AbstractProtocol.java:926)
	at org.apache.tomcat.util.net.NioEndpoint$SocketProcessor.doRun(NioEndpoint.java:1791)
	at org.apache.tomcat.util.net.SocketProcessorBase.run(SocketProcessorBase.java:52)
	at org.apache.tomcat.util.threads.ThreadPoolExecutor.runWorker(ThreadPoolExecutor.java:1191)
	at org.apache.tomcat.util.threads.ThreadPoolExecutor$Worker.run(ThreadPoolExecutor.java:659)
	at org.apache.tomcat.util.threads.TaskThread$WrappingRunnable.run(TaskThread.java:61)
	at java.base/java.lang.Thread.run(Thread.java:834)
Caused by: java.lang.NullPointerException: null
	at com.ontotext.trree.big.collections.PageIndex.flushChanges(PageIndex.java:265)
	at com.ontotext.trree.big.collections.Collection$Journalling.flushChanges(Collection.java:81)
	... 78 common frames omitted
[ERROR] 2023-10-02 11:40:09,540 [repositories/LODEdo_endpoint | c.o.p.literals-index] Could not do clean shutdown for null
com.ontotext.trree.transactions.TransactionException: Failed flushing the index file
	at com.ontotext.trree.big.collections.Collection$Journalling.flushChanges(Collection.java:86)
	at com.ontotext.trree.transactions.JournalBasedTransactionUnit.commit(JournalBasedTransactionUnit.java:152)
	at com.ontotext.trree.transactions.CompoundTransactionUnit.commit(CompoundTransactionUnit.java:111)
	at com.ontotext.trree.transactions.CommittableConnection.commit(CommittableConnection.java:34)
	at com.ontotext.trree.plugin.literalsindex.LiteralsIndexPlugin.shutdown(LiteralsIndexPlugin.java:687)
	at com.ontotext.trree.sdk.impl.PluginManager.shutDown(PluginManager.java:527)
	at com.ontotext.trree.OwlimSchemaRepository.doShutDown(OwlimSchemaRepository.java:1052)
	at com.ontotext.trree.OwlimSchemaRepository.doShutDown(OwlimSchemaRepository.java:1019)
	at com.ontotext.trree.OwlimSchemaRepository.shutDownInternal(OwlimSchemaRepository.java:488)
	at org.eclipse.rdf4j.sail.helpers.AbstractSail.shutDown(AbstractSail.java:249)
	at com.ontotext.trree.OwlimSchemaRepository.shutDown(OwlimSchemaRepository.java:2381)
	at org.eclipse.rdf4j.repository.sail.SailRepository.shutDownInternal(SailRepository.java:172)
	at org.eclipse.rdf4j.repository.base.AbstractRepository.shutDown(AbstractRepository.java:48)
	at org.eclipse.rdf4j.repository.manager.RepositoryManager.removeRepository(RepositoryManager.java:294)
	at org.eclipse.rdf4j.repository.manager.LocalRepositoryManager.removeRepository(LocalRepositoryManager.java:352)
	at com.ontotext.graphdb.GraphDBRepositoryManager.removeRepository(GraphDBRepositoryManager.java:403)
	at com.ontotext.graphdb.GraphDBRepositoryManager.removeRepository(GraphDBRepositoryManager.java:377)
	at com.ontotext.forest.core.semantic.SemanticLocation.removeRepository(SemanticLocation.java:669)
	at com.ontotext.forest.core.semantic.SemanticDataManagement.removeRepositoryFromLocation(SemanticDataManagement.java:321)
	at com.ontotext.forest.repositories.RepositoryManagementController.lambda$deleteRepository$4(RepositoryManagementController.java:380)
	at com.ontotext.forest.repositories.RepositoryManagementController.proxyWithBodyToRemoteIfNeeded(RepositoryManagementController.java:1169)
	at com.ontotext.forest.repositories.RepositoryManagementController.proxyToRemoteIfNeeded(RepositoryManagementController.java:1147)
	at com.ontotext.forest.repositories.RepositoryManagementController.deleteRepository(RepositoryManagementController.java:378)
	at java.base/jdk.internal.reflect.NativeMethodAccessorImpl.invoke0(Native Method)
	at java.base/jdk.internal.reflect.NativeMethodAccessorImpl.invoke(NativeMethodAccessorImpl.java:62)
	at java.base/jdk.internal.reflect.DelegatingMethodAccessorImpl.invoke(DelegatingMethodAccessorImpl.java:43)
	at java.base/java.lang.reflect.Method.invoke(Method.java:566)
	at org.springframework.web.method.support.InvocableHandlerMethod.doInvoke(InvocableHandlerMethod.java:205)
	at org.springframework.web.method.support.InvocableHandlerMethod.invokeForRequest(InvocableHandlerMethod.java:150)
	at org.springframework.web.servlet.mvc.method.annotation.ServletInvocableHandlerMethod.invokeAndHandle(ServletInvocableHandlerMethod.java:117)
	at org.springframework.web.servlet.mvc.method.annotation.RequestMappingHandlerAdapter.invokeHandlerMethod(RequestMappingHandlerAdapter.java:895)
	at org.springframework.web.servlet.mvc.method.annotation.RequestMappingHandlerAdapter.handleInternal(RequestMappingHandlerAdapter.java:808)
	at org.springframework.web.servlet.mvc.method.AbstractHandlerMethodAdapter.handle(AbstractHandlerMethodAdapter.java:87)
	at org.springframework.web.servlet.DispatcherServlet.doDispatch(DispatcherServlet.java:1072)
	at org.springframework.web.servlet.DispatcherServlet.doService(DispatcherServlet.java:965)
	at org.springframework.web.servlet.FrameworkServlet.processRequest(FrameworkServlet.java:1006)
	at org.springframework.web.servlet.FrameworkServlet.doDelete(FrameworkServlet.java:931)
	at javax.servlet.http.HttpServlet.service(HttpServlet.java:561)
	at org.springframework.web.servlet.FrameworkServlet.service(FrameworkServlet.java:883)
	at javax.servlet.http.HttpServlet.service(HttpServlet.java:623)
	at org.apache.catalina.core.ApplicationFilterChain.internalDoFilter(ApplicationFilterChain.java:209)
	at org.apache.catalina.core.ApplicationFilterChain.doFilter(ApplicationFilterChain.java:153)
	at com.ontotext.forest.security.AdminDelegatingFilterProxy.doFilter(AdminDelegatingFilterProxy.java:82)
	at org.springframework.web.filter.DelegatingFilterProxy.invokeDelegate(DelegatingFilterProxy.java:354)
	at org.springframework.web.filter.DelegatingFilterProxy.doFilter(DelegatingFilterProxy.java:267)
	at org.apache.catalina.core.ApplicationFilterChain.internalDoFilter(ApplicationFilterChain.java:178)
	at org.apache.catalina.core.ApplicationFilterChain.doFilter(ApplicationFilterChain.java:153)
	at com.ontotext.forest.clusterproxy.ClusterFilterBean.doFilter(ClusterFilterBean.java:73)
	at com.ontotext.forest.clusterproxy.ClusterLoadBalancerFilter.doFilterInternal(ClusterLoadBalancerFilter.java:25)
	at org.springframework.web.filter.OncePerRequestFilter.doFilter(OncePerRequestFilter.java:117)
	at org.apache.catalina.core.ApplicationFilterChain.internalDoFilter(ApplicationFilterChain.java:178)
	at org.apache.catalina.core.ApplicationFilterChain.doFilter(ApplicationFilterChain.java:153)
	at com.ontotext.forest.core.request.RequestFilter.doFilterInternal(RequestFilter.java:47)
	at org.springframework.web.filter.OncePerRequestFilter.doFilter(OncePerRequestFilter.java:117)
	at org.apache.catalina.core.ApplicationFilterChain.internalDoFilter(ApplicationFilterChain.java:178)
	at org.apache.catalina.core.ApplicationFilterChain.doFilter(ApplicationFilterChain.java:153)
	at org.springframework.web.filter.CharacterEncodingFilter.doFilterInternal(CharacterEncodingFilter.java:201)
	at org.springframework.web.filter.OncePerRequestFilter.doFilter(OncePerRequestFilter.java:117)
	at org.apache.catalina.core.ApplicationFilterChain.internalDoFilter(ApplicationFilterChain.java:178)
	at org.apache.catalina.core.ApplicationFilterChain.doFilter(ApplicationFilterChain.java:153)
	at com.github.ziplet.filter.compression.CompressingFilter.doFilter(CompressingFilter.java:263)
	at org.apache.catalina.core.ApplicationFilterChain.internalDoFilter(ApplicationFilterChain.java:178)
	at org.apache.catalina.core.ApplicationFilterChain.doFilter(ApplicationFilterChain.java:153)
	at org.apache.catalina.core.StandardWrapperValve.invoke(StandardWrapperValve.java:167)
	at org.apache.catalina.core.StandardContextValve.invoke(StandardContextValve.java:90)
	at org.apache.catalina.authenticator.AuthenticatorBase.invoke(AuthenticatorBase.java:481)
	at org.apache.catalina.core.StandardHostValve.invoke(StandardHostValve.java:130)
	at org.apache.catalina.valves.ErrorReportValve.invoke(ErrorReportValve.java:93)
	at org.apache.catalina.core.StandardEngineValve.invoke(StandardEngineValve.java:74)
	at org.apache.catalina.connector.CoyoteAdapter.service(CoyoteAdapter.java:343)
	at org.apache.coyote.http11.Http11Processor.service(Http11Processor.java:390)
	at org.apache.coyote.AbstractProcessorLight.process(AbstractProcessorLight.java:63)
	at org.apache.coyote.AbstractProtocol$ConnectionHandler.process(AbstractProtocol.java:926)
	at org.apache.tomcat.util.net.NioEndpoint$SocketProcessor.doRun(NioEndpoint.java:1791)
	at org.apache.tomcat.util.net.SocketProcessorBase.run(SocketProcessorBase.java:52)
	at org.apache.tomcat.util.threads.ThreadPoolExecutor.runWorker(ThreadPoolExecutor.java:1191)
	at org.apache.tomcat.util.threads.ThreadPoolExecutor$Worker.run(ThreadPoolExecutor.java:659)
	at org.apache.tomcat.util.threads.TaskThread$WrappingRunnable.run(TaskThread.java:61)
	at java.base/java.lang.Thread.run(Thread.java:834)
Caused by: java.lang.NullPointerException: null
	at com.ontotext.trree.big.collections.PageIndex.flushChanges(PageIndex.java:265)
	at com.ontotext.trree.big.collections.Collection$Journalling.flushChanges(Collection.java:81)
	... 78 common frames omitted
[ERROR] 2023-10-02 11:40:09,542 [repositories/LODEdo_endpoint | c.o.t.s.i.PluginManager] Problem shutting down literals-index
java.lang.RuntimeException: com.ontotext.trree.transactions.TransactionException: Failed flushing the index file
	at com.ontotext.trree.plugin.literalsindex.LiteralsIndexPlugin.shutdown(LiteralsIndexPlugin.java:706)
	at com.ontotext.trree.sdk.impl.PluginManager.shutDown(PluginManager.java:527)
	at com.ontotext.trree.OwlimSchemaRepository.doShutDown(OwlimSchemaRepository.java:1052)
	at com.ontotext.trree.OwlimSchemaRepository.doShutDown(OwlimSchemaRepository.java:1019)
	at com.ontotext.trree.OwlimSchemaRepository.shutDownInternal(OwlimSchemaRepository.java:488)
	at org.eclipse.rdf4j.sail.helpers.AbstractSail.shutDown(AbstractSail.java:249)
	at com.ontotext.trree.OwlimSchemaRepository.shutDown(OwlimSchemaRepository.java:2381)
	at org.eclipse.rdf4j.repository.sail.SailRepository.shutDownInternal(SailRepository.java:172)
	at org.eclipse.rdf4j.repository.base.AbstractRepository.shutDown(AbstractRepository.java:48)
	at org.eclipse.rdf4j.repository.manager.RepositoryManager.removeRepository(RepositoryManager.java:294)
	at org.eclipse.rdf4j.repository.manager.LocalRepositoryManager.removeRepository(LocalRepositoryManager.java:352)
	at com.ontotext.graphdb.GraphDBRepositoryManager.removeRepository(GraphDBRepositoryManager.java:403)
	at com.ontotext.graphdb.GraphDBRepositoryManager.removeRepository(GraphDBRepositoryManager.java:377)
	at com.ontotext.forest.core.semantic.SemanticLocation.removeRepository(SemanticLocation.java:669)
	at com.ontotext.forest.core.semantic.SemanticDataManagement.removeRepositoryFromLocation(SemanticDataManagement.java:321)
	at com.ontotext.forest.repositories.RepositoryManagementController.lambda$deleteRepository$4(RepositoryManagementController.java:380)
	at com.ontotext.forest.repositories.RepositoryManagementController.proxyWithBodyToRemoteIfNeeded(RepositoryManagementController.java:1169)
	at com.ontotext.forest.repositories.RepositoryManagementController.proxyToRemoteIfNeeded(RepositoryManagementController.java:1147)
	at com.ontotext.forest.repositories.RepositoryManagementController.deleteRepository(RepositoryManagementController.java:378)
	at java.base/jdk.internal.reflect.NativeMethodAccessorImpl.invoke0(Native Method)
	at java.base/jdk.internal.reflect.NativeMethodAccessorImpl.invoke(NativeMethodAccessorImpl.java:62)
	at java.base/jdk.internal.reflect.DelegatingMethodAccessorImpl.invoke(DelegatingMethodAccessorImpl.java:43)
	at java.base/java.lang.reflect.Method.invoke(Method.java:566)
	at org.springframework.web.method.support.InvocableHandlerMethod.doInvoke(InvocableHandlerMethod.java:205)
	at org.springframework.web.method.support.InvocableHandlerMethod.invokeForRequest(InvocableHandlerMethod.java:150)
	at org.springframework.web.servlet.mvc.method.annotation.ServletInvocableHandlerMethod.invokeAndHandle(ServletInvocableHandlerMethod.java:117)
	at org.springframework.web.servlet.mvc.method.annotation.RequestMappingHandlerAdapter.invokeHandlerMethod(RequestMappingHandlerAdapter.java:895)
	at org.springframework.web.servlet.mvc.method.annotation.RequestMappingHandlerAdapter.handleInternal(RequestMappingHandlerAdapter.java:808)
	at org.springframework.web.servlet.mvc.method.AbstractHandlerMethodAdapter.handle(AbstractHandlerMethodAdapter.java:87)
	at org.springframework.web.servlet.DispatcherServlet.doDispatch(DispatcherServlet.java:1072)
	at org.springframework.web.servlet.DispatcherServlet.doService(DispatcherServlet.java:965)
	at org.springframework.web.servlet.FrameworkServlet.processRequest(FrameworkServlet.java:1006)
	at org.springframework.web.servlet.FrameworkServlet.doDelete(FrameworkServlet.java:931)
	at javax.servlet.http.HttpServlet.service(HttpServlet.java:561)
	at org.springframework.web.servlet.FrameworkServlet.service(FrameworkServlet.java:883)
	at javax.servlet.http.HttpServlet.service(HttpServlet.java:623)
	at org.apache.catalina.core.ApplicationFilterChain.internalDoFilter(ApplicationFilterChain.java:209)
	at org.apache.catalina.core.ApplicationFilterChain.doFilter(ApplicationFilterChain.java:153)
	at com.ontotext.forest.security.AdminDelegatingFilterProxy.doFilter(AdminDelegatingFilterProxy.java:82)
	at org.springframework.web.filter.DelegatingFilterProxy.invokeDelegate(DelegatingFilterProxy.java:354)
	at org.springframework.web.filter.DelegatingFilterProxy.doFilter(DelegatingFilterProxy.java:267)
	at org.apache.catalina.core.ApplicationFilterChain.internalDoFilter(ApplicationFilterChain.java:178)
	at org.apache.catalina.core.ApplicationFilterChain.doFilter(ApplicationFilterChain.java:153)
	at com.ontotext.forest.clusterproxy.ClusterFilterBean.doFilter(ClusterFilterBean.java:73)
	at com.ontotext.forest.clusterproxy.ClusterLoadBalancerFilter.doFilterInternal(ClusterLoadBalancerFilter.java:25)
	at org.springframework.web.filter.OncePerRequestFilter.doFilter(OncePerRequestFilter.java:117)
	at org.apache.catalina.core.ApplicationFilterChain.internalDoFilter(ApplicationFilterChain.java:178)
	at org.apache.catalina.core.ApplicationFilterChain.doFilter(ApplicationFilterChain.java:153)
	at com.ontotext.forest.core.request.RequestFilter.doFilterInternal(RequestFilter.java:47)
	at org.springframework.web.filter.OncePerRequestFilter.doFilter(OncePerRequestFilter.java:117)
	at org.apache.catalina.core.ApplicationFilterChain.internalDoFilter(ApplicationFilterChain.java:178)
	at org.apache.catalina.core.ApplicationFilterChain.doFilter(ApplicationFilterChain.java:153)
	at org.springframework.web.filter.CharacterEncodingFilter.doFilterInternal(CharacterEncodingFilter.java:201)
	at org.springframework.web.filter.OncePerRequestFilter.doFilter(OncePerRequestFilter.java:117)
	at org.apache.catalina.core.ApplicationFilterChain.internalDoFilter(ApplicationFilterChain.java:178)
	at org.apache.catalina.core.ApplicationFilterChain.doFilter(ApplicationFilterChain.java:153)
	at com.github.ziplet.filter.compression.CompressingFilter.doFilter(CompressingFilter.java:263)
	at org.apache.catalina.core.ApplicationFilterChain.internalDoFilter(ApplicationFilterChain.java:178)
	at org.apache.catalina.core.ApplicationFilterChain.doFilter(ApplicationFilterChain.java:153)
	at org.apache.catalina.core.StandardWrapperValve.invoke(StandardWrapperValve.java:167)
	at org.apache.catalina.core.StandardContextValve.invoke(StandardContextValve.java:90)
	at org.apache.catalina.authenticator.AuthenticatorBase.invoke(AuthenticatorBase.java:481)
	at org.apache.catalina.core.StandardHostValve.invoke(StandardHostValve.java:130)
	at org.apache.catalina.valves.ErrorReportValve.invoke(ErrorReportValve.java:93)
	at org.apache.catalina.core.StandardEngineValve.invoke(StandardEngineValve.java:74)
	at org.apache.catalina.connector.CoyoteAdapter.service(CoyoteAdapter.java:343)
	at org.apache.coyote.http11.Http11Processor.service(Http11Processor.java:390)
	at org.apache.coyote.AbstractProcessorLight.process(AbstractProcessorLight.java:63)
	at org.apache.coyote.AbstractProtocol$ConnectionHandler.process(AbstractProtocol.java:926)
	at org.apache.tomcat.util.net.NioEndpoint$SocketProcessor.doRun(NioEndpoint.java:1791)
	at org.apache.tomcat.util.net.SocketProcessorBase.run(SocketProcessorBase.java:52)
	at org.apache.tomcat.util.threads.ThreadPoolExecutor.runWorker(ThreadPoolExecutor.java:1191)
	at org.apache.tomcat.util.threads.ThreadPoolExecutor$Worker.run(ThreadPoolExecutor.java:659)
	at org.apache.tomcat.util.threads.TaskThread$WrappingRunnable.run(TaskThread.java:61)
	at java.base/java.lang.Thread.run(Thread.java:834)
Caused by: com.ontotext.trree.transactions.TransactionException: Failed flushing the index file
	at com.ontotext.trree.big.collections.Collection$Journalling.flushChanges(Collection.java:86)
	at com.ontotext.trree.transactions.JournalBasedTransactionUnit.commit(JournalBasedTransactionUnit.java:152)
	at com.ontotext.trree.transactions.CompoundTransactionUnit.commit(CompoundTransactionUnit.java:111)
	at com.ontotext.trree.transactions.CommittableConnection.commit(CommittableConnection.java:34)
	at com.ontotext.trree.plugin.literalsindex.LiteralsIndexPlugin.shutdown(LiteralsIndexPlugin.java:687)
	... 74 common frames omitted
Caused by: java.lang.NullPointerException: null
	at com.ontotext.trree.big.collections.PageIndex.flushChanges(PageIndex.java:265)
	at com.ontotext.trree.big.collections.Collection$Journalling.flushChanges(Collection.java:81)
	... 78 common frames omitted
