[INFO ] 2023-09-19 22:54:18,294 [main | c.o.g.Config] Using 'file:/C:/Users/valep/Documents/GitHub/lodedo/graphDB/graphdb-10.3.2/conf/logback.xml' as logback's configuration file
[INFO ] 2023-09-19 22:54:18,577 [main | c.o.g.s.GraphDB] Starting GraphDB in workbench mode.
[INFO ] 2023-09-19 22:54:27,288 [main | c.o.g.Config] GraphDB Home directory: C:\Users\valep\Documents\GitHub\lodedo\graphDB\graphdb-10.3.2
[INFO ] 2023-09-19 22:54:27,288 [main | c.o.g.Config] GraphDB Config directory: C:\Users\valep\Documents\GitHub\lodedo\graphDB\graphdb-10.3.2\conf
[INFO ] 2023-09-19 22:54:27,288 [main | c.o.g.Config] GraphDB Data directory: C:\Users\valep\Documents\GitHub\lodedo\graphDB\graphdb-10.3.2\data
[INFO ] 2023-09-19 22:54:27,301 [main | c.o.g.Config] GraphDB Work directory: C:\Users\valep\Documents\GitHub\lodedo\graphDB\graphdb-10.3.2\work
[INFO ] 2023-09-19 22:54:27,301 [main | c.o.g.Config] GraphDB Logs directory: C:\Users\valep\Documents\GitHub\lodedo\graphDB\graphdb-10.3.2\logs
[INFO ] 2023-09-19 22:54:28,747 [main | c.o.g.r.s.SecurityUtil] Cluster gRPC server security is disabled
[INFO ] 2023-09-19 22:54:30,019 [main | c.o.f.c.s.r.GraphDBRpcServer] Started gRPC server on port 7300 successfully
[WARN ] 2023-09-19 22:54:37,584 [main | o.a.c.u.SessionIdGeneratorBase] Creation of SecureRandom instance for session ID generation using [SHA1PRNG] took [598] milliseconds.
[INFO ] 2023-09-19 22:54:38,302 [main | c.o.g.s.GraphDB] Started GraphDB in workbench mode at port 7200.
[INFO ] 2023-09-19 22:55:23,368 [Thread-3 | c.o.g.s.GraphDB] Stopping GraphDB.
[INFO ] 2023-09-19 22:55:23,941 [Thread-3 | c.o.f.c.s.SemanticDataManagement] Shutting down current semantic location
[INFO ] 2023-09-19 22:55:42,894 [main | c.o.g.Config] Using 'file:/C:/Users/valep/Documents/GitHub/lodedo/graphDB/graphdb-10.3.2/conf/logback.xml' as logback's configuration file
[INFO ] 2023-09-19 22:55:43,135 [main | c.o.g.s.GraphDB] Starting GraphDB in workbench mode.
[INFO ] 2023-09-19 22:55:50,805 [main | c.o.g.Config] GraphDB Home directory: C:\Users\valep\Documents\GitHub\lodedo\graphDB\graphdb-10.3.2
[INFO ] 2023-09-19 22:55:50,805 [main | c.o.g.Config] GraphDB Config directory: C:\Users\valep\Documents\GitHub\lodedo\graphDB\graphdb-10.3.2\conf
[INFO ] 2023-09-19 22:55:50,805 [main | c.o.g.Config] GraphDB Data directory: C:\Users\valep\Documents\GitHub\lodedo\graphDB\graphdb-10.3.2\data
[INFO ] 2023-09-19 22:55:50,805 [main | c.o.g.Config] GraphDB Work directory: C:\Users\valep\Documents\GitHub\lodedo\graphDB\graphdb-10.3.2\work
[INFO ] 2023-09-19 22:55:50,805 [main | c.o.g.Config] GraphDB Logs directory: C:\Users\valep\Documents\GitHub\lodedo\graphDB\graphdb-10.3.2\logs
[INFO ] 2023-09-19 22:55:51,293 [main | c.o.g.r.s.SecurityUtil] Cluster gRPC server security is disabled
[INFO ] 2023-09-19 22:55:51,615 [main | c.o.f.c.s.r.GraphDBRpcServer] Started gRPC server on port 7300 successfully
[WARN ] 2023-09-19 22:55:53,822 [main | o.a.c.u.SessionIdGeneratorBase] Creation of SecureRandom instance for session ID generation using [SHA1PRNG] took [157] milliseconds.
[INFO ] 2023-09-19 22:55:54,026 [main | c.o.g.s.GraphDB] Started GraphDB in workbench mode at port 7200.
[INFO ] 2023-09-19 22:56:52,401 [repository-manager-0 | c.o.t.OwlimSchemaRepository] Version: 10.3, revision: 2089190103
[INFO ] 2023-09-19 22:56:52,409 [repository-manager-0 | c.o.t.OwlimSchemaRepository] Build date: Fri Sep 01 15:00:09 CEST 2023
[INFO ] 2023-09-19 22:56:52,425 [repository-manager-0 | c.o.t.OwlimSchemaRepository] Started repository LODEdo_endpoint in READ/WRITE mode.
[INFO ] 2023-09-19 22:56:52,433 [repository-manager-0 | c.o.c.AbstractParameter] Configured parameter 'partialRDFS' to default value 'false'
[INFO ] 2023-09-19 22:56:52,441 [repository-manager-0 | c.o.c.AbstractParameter] Configured parameter 'transaction-isolation' to default value 'true'
[INFO ] 2023-09-19 22:56:52,441 [repository-manager-0 | c.o.c.AbstractParameter] Configured parameter 'checkForValidPropertiesAndClasses' to default value 'false'
[INFO ] 2023-09-19 22:56:52,441 [repository-manager-0 | c.o.c.AbstractParameter] Configured parameter 'transaction-mode' to default value 'safe'
[INFO ] 2023-09-19 22:56:52,441 [repository-manager-0 | c.o.c.AbstractParameter] Configured parameter 'entity-pool-implementation' to default value 'transactional'
[INFO ] 2023-09-19 22:56:52,441 [repository-manager-0 | c.o.c.AbstractParameter] Configured parameter 'useShutdownHooks' to default value 'true'
[INFO ] 2023-09-19 22:56:52,450 [repository-manager-0 | c.o.GraphDBConfigParameters] Cache pages for tuples: 7829
[INFO ] 2023-09-19 22:56:52,450 [repository-manager-0 | c.o.GraphDBConfigParameters] Cache pages for predicates: 1118
[INFO ] 2023-09-19 22:56:52,450 [repository-manager-0 | c.o.c.AbstractParameter] Configured parameter 'graphdb.global.page.cache' to default value 'true'
[INFO ] 2023-09-19 22:56:52,458 [repository-manager-0 | c.o.t.OwlimSchemaRepository] Storage folder does not exist and is created: C:\Users\valep\Documents\GitHub\lodedo\graphDB\graphdb-10.3.2\data\repositories\LODEdo_endpoint\storage
[INFO ] 2023-09-19 22:56:52,490 [repository-manager-0 | c.o.c.AbstractParameter] Configured parameter 'graphdb.epool.onheap' to default value 'false'
[INFO ] 2023-09-19 22:56:52,490 [repository-manager-0 | c.o.c.AbstractParameter] Configured parameter 'graphdb.page.cache.size' to default value '1004.0M'
[INFO ] 2023-09-19 22:56:52,490 [repository-manager-0 | c.o.t.MemoryConfig] Configured global page cache size to 1004.0M
[INFO ] 2023-09-19 22:56:52,490 [repository-manager-0 | c.o.t.e.EntityPoolFactory] Using entity pool implementation: transactional-disk
[INFO ] 2023-09-19 22:56:52,498 [repository-manager-0 | c.o.c.AbstractParameter] Configured parameter 'epool.connection.cache.size' to default value '2000'
[INFO ] 2023-09-19 22:56:52,506 [repository-manager-0 | c.o.c.AbstractParameter] Configured parameter 'graphdb.epool.onheap' to default value 'false'
[INFO ] 2023-09-19 22:56:52,827 [repository-manager-0 | c.o.c.AbstractParameter] Configured parameter 'enable-pool-reversecache' to default value 'true'
[INFO ] 2023-09-19 22:56:53,108 [repository-manager-0 | c.o.c.AbstractParameter] Configured parameter 'allow-system-entities-as-data' to default value 'false'
[INFO ] 2023-09-19 22:56:53,108 [repository-manager-0 | c.o.t.u.l.LimitedObjectCacheFactory] Using LRU cache type: synch
[INFO ] 2023-09-19 22:56:53,124 [repository-manager-0 | c.o.c.AbstractParameter] Configured parameter 'cache-ratio-so-os-cso-cos' to default value '[50, 50, 50]'
[INFO ] 2023-09-19 22:56:53,181 [repository-manager-0 | c.o.c.AbstractParameter] Configured parameter 'graphdb.global.page.cache' to default value 'true'
[INFO ] 2023-09-19 22:56:53,181 [repository-manager-0 | c.o.c.AbstractParameter] Configured parameter 'graphdb.page.cache.size' to default value '1004.0M'
[INFO ] 2023-09-19 22:56:53,470 [repository-manager-0 | c.o.c.AbstractParameter] Configured parameter 'virtual.repository.mode' to default value 'false'
[INFO ] 2023-09-19 22:56:53,528 [repository-manager-0 | c.o.c.AbstractParameter] Configured parameter 'enable-debug-rules' to default value 'false'
[INFO ] 2023-09-19 22:56:53,568 [repository-manager-0 | c.o.t.InferencerFactory] ruleSet=rdfs, partialRdfs=false
[INFO ] 2023-09-19 22:56:53,592 [repository-manager-0 | c.o.c.AbstractParameter] Configured parameter 'filter.obj.only.hint' to default value 'true'
[INFO ] 2023-09-19 22:56:53,656 [repository-manager-0 | c.o.c.AbstractParameter] Configured parameter 'epool.journal.buffer.size' to default value '1024'
[INFO ] 2023-09-19 22:56:53,826 [repository-manager-0 | c.o.c.AbstractParameter] Configured parameter 'check.pred.stats' to default value 'false'
[INFO ] 2023-09-19 22:56:53,875 [repository-manager-0 | c.o.c.AbstractParameter] Configured parameter 'disable-plugins' to default value '[]'
[INFO ] 2023-09-19 22:56:53,875 [repository-manager-0 | c.o.c.AbstractParameter] Configured parameter 'skip-default-plugins' to default value 'false'
[INFO ] 2023-09-19 22:56:53,875 [repository-manager-0 | c.o.t.OwlimSchemaRepository] Searching for plugins available in the classpath...
[INFO ] 2023-09-19 22:56:53,925 [repository-manager-0 | c.o.t.s.i.PluginManager] Registering plugin direct
[INFO ] 2023-09-19 22:56:53,925 [repository-manager-0 | c.o.t.s.i.PluginManager] Registering plugin notifications
[INFO ] 2023-09-19 22:56:53,925 [repository-manager-0 | c.o.t.s.i.PluginManager] Registering plugin expose-entity
[INFO ] 2023-09-19 22:56:53,925 [repository-manager-0 | c.o.t.s.i.PluginManager] Registering plugin literals-index
[INFO ] 2023-09-19 22:56:53,925 [repository-manager-0 | c.o.t.s.i.PluginManager] Registering plugin script
[INFO ] 2023-09-19 22:56:53,925 [repository-manager-0 | c.o.t.s.i.PluginManager] Registering plugin utils
[INFO ] 2023-09-19 22:56:53,925 [repository-manager-0 | c.o.t.s.i.PluginManager] Registering plugin plugincontrol
[INFO ] 2023-09-19 22:56:53,932 [repository-manager-0 | c.o.t.s.i.PluginManager] Registering plugin magic-predicates
[INFO ] 2023-09-19 22:56:53,932 [repository-manager-0 | c.o.t.s.i.PluginManager] Registering plugin sparql-template
[INFO ] 2023-09-19 22:56:53,932 [repository-manager-0 | c.o.c.AbstractParameter] Configured parameter 'register-plugins' to default value '[]'
[INFO ] 2023-09-19 22:56:53,940 [repository-manager-0 | c.o.GraphDBConfigParameters] Reading external plugins from C:\Users\valep\Documents\GitHub\lodedo\graphDB\graphdb-10.3.2\lib\plugins
[INFO ] 2023-09-19 22:56:53,940 [repository-manager-0 | c.o.c.AbstractParameter] Configured parameter 'register-external-plugins' to default value '[C:\Users\valep\Documents\GitHub\lodedo\graphDB\graphdb-10.3.2\lib\plugins]'
[INFO ] 2023-09-19 22:56:53,940 [repository-manager-0 | c.o.t.OwlimSchemaRepository] Registering external plugins...
[INFO ] 2023-09-19 22:56:53,948 [repository-manager-0 | c.o.t.OwlimSchemaRepository] Scanning C:\Users\valep\Documents\GitHub\lodedo\graphDB\graphdb-10.3.2\lib\plugins\autocomplete-plugin for plugins
[INFO ] 2023-09-19 22:56:53,980 [repository-manager-0 | c.o.t.s.i.PluginManager] Registering plugin autocomplete
[INFO ] 2023-09-19 22:56:53,980 [repository-manager-0 | c.o.t.OwlimSchemaRepository] Scanning C:\Users\valep\Documents\GitHub\lodedo\graphDB\graphdb-10.3.2\lib\plugins\change-tracking-plugin for plugins
[INFO ] 2023-09-19 22:56:53,988 [repository-manager-0 | c.o.t.s.i.PluginManager] Registering plugin change-tracking
[INFO ] 2023-09-19 22:56:53,988 [repository-manager-0 | c.o.t.OwlimSchemaRepository] Scanning C:\Users\valep\Documents\GitHub\lodedo\graphDB\graphdb-10.3.2\lib\plugins\dependencies-plugin for plugins
[INFO ] 2023-09-19 22:56:54,004 [repository-manager-0 | c.o.t.s.i.PluginManager] Registering plugin dependencies-plugin
[INFO ] 2023-09-19 22:56:54,004 [repository-manager-0 | c.o.t.OwlimSchemaRepository] Scanning C:\Users\valep\Documents\GitHub\lodedo\graphDB\graphdb-10.3.2\lib\plugins\elasticsearch-connector for plugins
[INFO ] 2023-09-19 22:56:54,110 [repository-manager-0 | c.o.t.s.i.PluginManager] Registering plugin elasticsearch-connector
[INFO ] 2023-09-19 22:56:54,110 [repository-manager-0 | c.o.t.OwlimSchemaRepository] Scanning C:\Users\valep\Documents\GitHub\lodedo\graphDB\graphdb-10.3.2\lib\plugins\entity-change-connector for plugins
[INFO ] 2023-09-19 22:56:54,166 [repository-manager-0 | c.o.t.s.i.PluginManager] Registering plugin entity-change
[INFO ] 2023-09-19 22:56:54,166 [repository-manager-0 | c.o.t.OwlimSchemaRepository] Scanning C:\Users\valep\Documents\GitHub\lodedo\graphDB\graphdb-10.3.2\lib\plugins\geosparql-plugin for plugins
[INFO ] 2023-09-19 22:56:54,303 [repository-manager-0 | c.o.t.s.i.PluginManager] Registering plugin GeoSPARQL
[INFO ] 2023-09-19 22:56:54,303 [repository-manager-0 | c.o.t.OwlimSchemaRepository] Scanning C:\Users\valep\Documents\GitHub\lodedo\graphDB\graphdb-10.3.2\lib\plugins\geospatial-plugin for plugins
[WARN ] 2023-09-19 22:56:54,470 [repository-manager-0 | o.e.r.q.a.e.f.FunctionRegistry] New service class org.eclipse.rdf4j.spin.function.Localname replaces existing service class com.ontotext.trree.query.functions.afn.old.Localname
[INFO ] 2023-09-19 22:56:54,550 [repository-manager-0 | c.o.t.p.g.FunctionLoader] Registered 1 functions from package com.ontotext.trree.plugin.geo.
[INFO ] 2023-09-19 22:56:54,550 [repository-manager-0 | c.o.t.s.i.PluginManager] Registering plugin geospatial
[INFO ] 2023-09-19 22:56:54,550 [repository-manager-0 | c.o.t.OwlimSchemaRepository] Scanning C:\Users\valep\Documents\GitHub\lodedo\graphDB\graphdb-10.3.2\lib\plugins\history-plugin for plugins
[INFO ] 2023-09-19 22:56:54,575 [repository-manager-0 | c.o.t.s.i.PluginManager] Registering plugin history
[INFO ] 2023-09-19 22:56:54,575 [repository-manager-0 | c.o.t.OwlimSchemaRepository] Scanning C:\Users\valep\Documents\GitHub\lodedo\graphDB\graphdb-10.3.2\lib\plugins\kafka-connector for plugins
[INFO ] 2023-09-19 22:56:54,647 [repository-manager-0 | c.o.t.s.i.PluginManager] Registering plugin kafka-connector
[INFO ] 2023-09-19 22:56:54,647 [repository-manager-0 | c.o.t.OwlimSchemaRepository] Scanning C:\Users\valep\Documents\GitHub\lodedo\graphDB\graphdb-10.3.2\lib\plugins\lucene-connector for plugins
[INFO ] 2023-09-19 22:56:54,751 [repository-manager-0 | c.o.t.s.i.PluginManager] Registering plugin lucene-connector
[INFO ] 2023-09-19 22:56:54,751 [repository-manager-0 | c.o.t.OwlimSchemaRepository] Scanning C:\Users\valep\Documents\GitHub\lodedo\graphDB\graphdb-10.3.2\lib\plugins\mongodb-plugin for plugins
[INFO ] 2023-09-19 22:56:54,782 [repository-manager-0 | c.o.t.s.i.PluginManager] Registering plugin mongodb
[INFO ] 2023-09-19 22:56:54,782 [repository-manager-0 | c.o.t.OwlimSchemaRepository] Scanning C:\Users\valep\Documents\GitHub\lodedo\graphDB\graphdb-10.3.2\lib\plugins\notifications-logger-plugin for plugins
[INFO ] 2023-09-19 22:56:54,783 [repository-manager-0 | c.o.t.s.i.PluginManager] Registering plugin notifications-logger
[INFO ] 2023-09-19 22:56:54,783 [repository-manager-0 | c.o.t.OwlimSchemaRepository] Scanning C:\Users\valep\Documents\GitHub\lodedo\graphDB\graphdb-10.3.2\lib\plugins\opensearch-connector for plugins
[INFO ] 2023-09-19 22:56:54,873 [repository-manager-0 | c.o.t.s.i.PluginManager] Registering plugin opensearch-connector
[INFO ] 2023-09-19 22:56:54,873 [repository-manager-0 | c.o.t.OwlimSchemaRepository] Scanning C:\Users\valep\Documents\GitHub\lodedo\graphDB\graphdb-10.3.2\lib\plugins\proof-plugin for plugins
[INFO ] 2023-09-19 22:56:54,882 [repository-manager-0 | c.o.t.s.i.PluginManager] Registering plugin proof
[INFO ] 2023-09-19 22:56:54,882 [repository-manager-0 | c.o.t.OwlimSchemaRepository] Scanning C:\Users\valep\Documents\GitHub\lodedo\graphDB\graphdb-10.3.2\lib\plugins\rdfrank-plugin for plugins
[INFO ] 2023-09-19 22:56:54,897 [repository-manager-0 | c.o.t.s.i.PluginManager] Registering plugin rdfrank
[INFO ] 2023-09-19 22:56:54,897 [repository-manager-0 | c.o.t.OwlimSchemaRepository] Scanning C:\Users\valep\Documents\GitHub\lodedo\graphDB\graphdb-10.3.2\lib\plugins\sequences-plugin for plugins
[INFO ] 2023-09-19 22:56:54,905 [repository-manager-0 | c.o.t.s.i.PluginManager] Registering plugin sequences
[INFO ] 2023-09-19 22:56:54,905 [repository-manager-0 | c.o.t.OwlimSchemaRepository] Scanning C:\Users\valep\Documents\GitHub\lodedo\graphDB\graphdb-10.3.2\lib\plugins\similarity-plugin for plugins
[INFO ] 2023-09-19 22:56:54,970 [repository-manager-0 | c.o.t.s.i.PluginManager] Registering plugin similarity
[INFO ] 2023-09-19 22:56:54,970 [repository-manager-0 | c.o.t.OwlimSchemaRepository] Scanning C:\Users\valep\Documents\GitHub\lodedo\graphDB\graphdb-10.3.2\lib\plugins\solr-connector for plugins
[INFO ] 2023-09-19 22:56:55,091 [repository-manager-0 | c.o.t.s.i.PluginManager] Registering plugin solr-connector
[INFO ] 2023-09-19 22:56:55,091 [repository-manager-0 | c.o.t.OwlimSchemaRepository] Scanning C:\Users\valep\Documents\GitHub\lodedo\graphDB\graphdb-10.3.2\lib\plugins\sparql-mm for plugins
[INFO ] 2023-09-19 22:56:55,099 [repository-manager-0 | c.o.t.s.i.PluginManager] Registering plugin sparql-mm
[INFO ] 2023-09-19 22:56:55,099 [repository-manager-0 | c.o.t.OwlimSchemaRepository] Scanning C:\Users\valep\Documents\GitHub\lodedo\graphDB\graphdb-10.3.2\lib\plugins\text-mining-plugin for plugins
[INFO ] 2023-09-19 22:56:55,107 [repository-manager-0 | c.o.t.s.i.PluginManager] Registering plugin text-mining
[INFO ] 2023-09-19 22:56:55,107 [repository-manager-0 | c.o.t.OwlimSchemaRepository] Scanning C:\Users\valep\Documents\GitHub\lodedo\graphDB\graphdb-10.3.2\lib\plugins\tx-rollback-plugin for plugins
[INFO ] 2023-09-19 22:56:55,115 [repository-manager-0 | c.o.t.s.i.PluginManager] Registering plugin tx-rollback
[INFO ] 2023-09-19 22:56:55,116 [repository-manager-0 | c.o.t.s.i.PluginManager] Initializing plugins... (DEFAULT)
[INFO ] 2023-09-19 22:56:55,124 [repository-manager-0 | c.o.l.LicenseRegistry] License configuration: Embedded license
[INFO ] 2023-09-19 22:56:55,124 [repository-manager-0 | c.o.l.LicenseRegistry] License file: jar:file:/C:/Users/valep/Documents/GitHub/lodedo/graphDB/graphdb-10.3.2/lib/graphdb-runtime-10.3.2.jar!/GRAPHDB_LITE.license
[INFO ] 2023-09-19 22:56:55,128 [repository-manager-0 | c.o.l.LicenseRegistry] Product:                 GRAPHDB_LITE
[INFO ] 2023-09-19 22:56:55,128 [repository-manager-0 | c.o.l.LicenseRegistry] Capabilities:            [LUCENE_CONNECTOR]
[INFO ] 2023-09-19 22:56:55,128 [repository-manager-0 | c.o.l.LicenseRegistry] Usage restriction:       null
[INFO ] 2023-09-19 22:56:55,128 [repository-manager-0 | c.o.l.LicenseRegistry] Licensee:                Freeware
[INFO ] 2023-09-19 22:56:55,132 [repository-manager-0 | c.o.l.LicenseRegistry] Permitted use:           THE SOFTWARE IS PROVIDED "AS IS", WITHOUT WARRANTY OF ANY KIND, EXPRESS OR IMPLIED, INCLUDING BUT NOT LIMITED TO THE WARRANTIES OF MERCHANTABILITY, FITNESS FOR A PARTICULAR PURPOSE AND NONINFRINGEMENT. IN NO EVENT SHALL THE AUTHORS OR COPYRIGHT HOLDERS BE LIABLE FOR ANY CLAIM, DAMAGES OR OTHER LIABILITY, WHETHER IN AN ACTION OF CONTRACT, TORT OR OTHERWISE, ARISING FROM, OUT OF OR IN CONNECTION WITH THE SOFTWARE OR THE USE OR OTHER DEALINGS IN THE SOFTWARE.
[INFO ] 2023-09-19 22:56:55,132 [repository-manager-0 | c.o.l.LicenseRegistry] Version:                 10.3
[INFO ] 2023-09-19 22:56:55,132 [repository-manager-0 | c.o.l.LicenseRegistry] Expiry date:             none
[INFO ] 2023-09-19 22:56:55,132 [repository-manager-0 | c.o.l.LicenseRegistry] Latest publication date: none
[INFO ] 2023-09-19 22:56:55,132 [repository-manager-0 | c.o.l.LicenseRegistry] Max CPU cores:           1
[INFO ] 2023-09-19 22:56:55,132 [repository-manager-0 | c.o.c.AbstractParameter] Configured parameter 'nonInterpretablePredicates' to default value 'null'
[INFO ] 2023-09-19 22:56:55,140 [repository-manager-0 | c.o.t.s.i.PluginManager] Initializing plugin 'GeoSPARQL'
[INFO ] 2023-09-19 22:56:57,425 [repository-manager-0 | c.o.t.g.FunctionLoader] Registered 50 functions from package com.useekm.geosparql.
[INFO ] 2023-09-19 22:56:57,425 [repository-manager-0 | c.o.t.s.i.PluginManager] Initializing plugin 'autocomplete'
[INFO ] 2023-09-19 22:56:57,432 [repository-manager-0 | c.o.t.p.a.AutocompletePluginUtils] >>>>>>>> AutocompletePlugin: No configuration file found at C:\Users\valep\Documents\GitHub\lodedo\graphDB\graphdb-10.3.2\data\repositories\LODEdo_endpoint\storage\autocomplete\v2\config.properties. Assuming default options for plugin.
[INFO ] 2023-09-19 22:56:57,448 [repository-manager-0 | c.o.t.s.i.PluginManager] Initializing plugin 'change-tracking'
[INFO ] 2023-09-19 22:56:57,489 [repository-manager-0 | c.o.t.s.i.PluginManager] Initializing plugin 'dependencies-plugin'
[INFO ] 2023-09-19 22:56:57,497 [repository-manager-0 | c.o.t.s.i.PluginManager] Initializing plugin 'direct'
[INFO ] 2023-09-19 22:56:57,497 [repository-manager-0 | c.o.t.s.i.PluginManager] Initializing plugin 'elasticsearch-connector'
[INFO ] 2023-09-19 22:56:57,529 [repository-manager-0 | c.o.t.s.i.PluginManager] Initializing plugin 'entity-change'
[INFO ] 2023-09-19 22:56:57,545 [repository-manager-0 | c.o.t.s.i.PluginManager] Initializing plugin 'expose-entity'
[INFO ] 2023-09-19 22:56:57,545 [repository-manager-0 | c.o.t.s.i.PluginManager] Initializing plugin 'geospatial'
[INFO ] 2023-09-19 22:56:57,554 [repository-manager-0 | c.o.t.p.g.GeoSpatialPlugin] Plugin:geospatial initialized
[INFO ] 2023-09-19 22:56:57,554 [repository-manager-0 | c.o.t.s.i.PluginManager] Initializing plugin 'history'
[INFO ] 2023-09-19 22:56:57,570 [repository-manager-0 | c.o.t.s.i.PluginManager] Initializing plugin 'kafka-connector'
[INFO ] 2023-09-19 22:56:57,603 [repository-manager-0 | c.o.t.s.i.PluginManager] Initializing plugin 'literals-index'
[INFO ] 2023-09-19 22:56:57,610 [repository-manager-0 | c.o.c.AbstractParameter] Configured parameter 'enable-fts-index' to default value 'false'
[INFO ] 2023-09-19 22:56:57,610 [repository-manager-0 | c.o.p.literals-index] Full-text search functionality is disabled
[WARN ] 2023-09-19 22:56:57,627 [repository-manager-0 | c.o.p.literals-index] Rebuilding literals indexes. Starting from id: 1
[WARN ] 2023-09-19 22:56:57,676 [repository-manager-0 | c.o.p.literals-index] Complete in 0.04, num entries indexed:0
[INFO ] 2023-09-19 22:56:57,676 [repository-manager-0 | c.o.t.s.i.PluginManager] Initializing plugin 'lucene-connector'
[INFO ] 2023-09-19 22:56:57,691 [repository-manager-0 | c.o.t.s.i.PluginManager] Initializing plugin 'magic-predicates'
[INFO ] 2023-09-19 22:56:57,691 [repository-manager-0 | c.o.t.s.i.PluginManager] Initializing plugin 'mongodb'
[INFO ] 2023-09-19 22:56:57,699 [repository-manager-0 | c.o.t.s.i.PluginManager] Initializing plugin 'notifications'
[INFO ] 2023-09-19 22:56:57,699 [repository-manager-0 | c.o.t.s.i.PluginManager] Initializing plugin 'notifications-logger'
[INFO ] 2023-09-19 22:56:57,699 [repository-manager-0 | c.o.t.s.i.PluginManager] Initializing plugin 'opensearch-connector'
[INFO ] 2023-09-19 22:56:57,716 [repository-manager-0 | c.o.t.s.i.PluginManager] Initializing plugin 'plugincontrol'
[INFO ] 2023-09-19 22:56:57,716 [repository-manager-0 | c.o.t.p.p.PluginControlPlugin] Plugin:plugincontrol initialized
[INFO ] 2023-09-19 22:56:57,716 [repository-manager-0 | c.o.t.s.i.PluginManager] Initializing plugin 'proof'
[INFO ] 2023-09-19 22:56:57,716 [repository-manager-0 | c.o.t.s.i.PluginManager] Initializing plugin 'rdfrank'
[INFO ] 2023-09-19 22:56:57,732 [repository-manager-0 | c.o.t.s.i.PluginManager] Initializing plugin 'script'
[INFO ] 2023-09-19 22:56:57,732 [repository-manager-0 | c.o.t.s.i.PluginManager] Initializing plugin 'sequences'
[INFO ] 2023-09-19 22:56:57,732 [repository-manager-0 | c.o.t.s.i.PluginManager] Initializing plugin 'similarity'
[INFO ] 2023-09-19 22:56:58,600 [repository-manager-0 | c.o.t.s.i.PluginManager] Initializing plugin 'solr-connector'
[INFO ] 2023-09-19 22:56:58,616 [repository-manager-0 | c.o.t.s.i.PluginManager] Initializing plugin 'sparql-mm'
[INFO ] 2023-09-19 22:56:58,672 [repository-manager-0 | c.o.g.s.FunctionLoader] Registered 58 functions from package com.github.tkurz.sparqlmm.function.
[INFO ] 2023-09-19 22:56:58,672 [repository-manager-0 | c.o.t.s.i.PluginManager] Initializing plugin 'sparql-template'
[INFO ] 2023-09-19 22:56:58,672 [repository-manager-0 | c.o.t.s.i.PluginManager] Initializing plugin 'text-mining'
[INFO ] 2023-09-19 22:56:58,680 [repository-manager-0 | c.o.t.s.i.PluginManager] Initializing plugin 'tx-rollback'
[INFO ] 2023-09-19 22:56:58,680 [repository-manager-0 | c.o.t.s.i.PluginManager] Initializing plugin 'utils'
[INFO ] 2023-09-19 22:56:59,411 [repository-manager-0 | c.o.t.s.i.PluginManager] Finished initializing plugins
[INFO ] 2023-09-19 22:56:59,411 [repository-manager-0 | c.o.t.MemoryConfig] Configured global page cache size to 1004.0M
[INFO ] 2023-09-19 22:56:59,411 [repository-manager-0 | c.o.t.MemoryConfig] Configured global page cache size to 1004.0M
[INFO ] 2023-09-19 22:56:59,555 [repository-manager-0 | c.o.c.AbstractParameter] Configured parameter 'do.resolve.entities' to default value 'true'
[INFO ] 2023-09-19 22:56:59,555 [repository-manager-0 | c.o.c.AbstractParameter] Configured parameter 'do.load.data' to default value 'true'
[INFO ] 2023-09-19 22:56:59,555 [repository-manager-0 | c.o.r.p.ParallelLoader] Data will be parsed + resolved + loaded.
[INFO ] 2023-09-19 22:56:59,555 [repository-manager-0 | c.o.c.AbstractParameter] Configured parameter 'graphdb.persistent.parallel.inferencers' to default value 'false'
[INFO ] 2023-09-19 22:56:59,677 [repositories/LODEdo_endpoint | c.o.g.s.StatementsController] POST data to repository
[INFO ] 2023-09-19 22:56:59,718 [repositories/LODEdo_endpoint | c.o.c.AbstractParameter] Configured parameter 'custom.validation.queries.file' to default value 'null'
[INFO ] 2023-09-19 22:56:59,758 [repositories/LODEdo_endpoint | c.o.t.i.FileSystemHealth] Active locations health:
[INFO ] 2023-09-19 22:56:59,766 [repositories/LODEdo_endpoint | c.o.t.i.FileSystemHealth] C:\Users\valep\Documents\GitHub\lodedo\graphDB\graphdb-10.3.2\logs: 25.0% (OK)
[INFO ] 2023-09-19 22:56:59,782 [repositories/LODEdo_endpoint | c.o.t.i.FileSystemHealth] C:\Users\valep\Documents\GitHub\lodedo\graphDB\graphdb-10.3.2\work: 25.0% (OK)
[INFO ] 2023-09-19 22:56:59,799 [repositories/LODEdo_endpoint | c.o.t.i.FileSystemHealth] C:\Users\valep\Documents\GitHub\lodedo\graphDB\graphdb-10.3.2\data\repositories\LODEdo_endpoint: 25.0% (OK)
[INFO ] 2023-09-19 22:57:00,944 [repositories/LODEdo_endpoint | c.o.g.s.StatementsController] POST data to repository
[INFO ] 2023-09-19 22:57:28,777 [repositories/LODEdo_endpoint | c.o.g.s.StatementsController] POST data to repository
[INFO ] 2023-09-19 22:57:29,102 [repositories/LODEdo_endpoint | c.o.g.s.StatementsController] POST data to repository
[ERROR] 2023-09-19 22:57:29,134 [repositories/LODEdo_endpoint | o.e.r.r.h.ParseErrorLogger] [Rio fatal] Expected ':', found ' ' (9, -1)
[INFO ] 2023-09-19 22:57:29,150 [repositories/LODEdo_endpoint | c.o.f.s.GraphDBProtocolExceptionResolver] Client sent bad request (400)
org.eclipse.rdf4j.http.server.ClientHTTPException: MALFORMED DATA: Expected ':', found ' ' [line 9]
	at org.eclipse.rdf4j.http.server.repository.statements.StatementsController.getAddDataResult(StatementsController.java:410)
	at org.eclipse.rdf4j.http.server.repository.statements.StatementsController.handleRequestInternal(StatementsController.java:121)
	at com.ontotext.graphdb.sesame.StatementsController.handleRequestInternal(StatementsController.java:68)
	at org.springframework.web.servlet.mvc.AbstractController.handleRequest(AbstractController.java:177)
	at org.springframework.web.servlet.mvc.SimpleControllerHandlerAdapter.handle(SimpleControllerHandlerAdapter.java:51)
	at org.springframework.web.servlet.DispatcherServlet.doDispatch(DispatcherServlet.java:1072)
	at org.springframework.web.servlet.DispatcherServlet.doService(DispatcherServlet.java:965)
	at org.springframework.web.servlet.FrameworkServlet.processRequest(FrameworkServlet.java:1006)
	at org.springframework.web.servlet.FrameworkServlet.doPost(FrameworkServlet.java:909)
	at javax.servlet.http.HttpServlet.service(HttpServlet.java:555)
	at org.springframework.web.servlet.FrameworkServlet.service(FrameworkServlet.java:883)
	at javax.servlet.http.HttpServlet.service(HttpServlet.java:623)
	at org.apache.catalina.core.ApplicationFilterChain.internalDoFilter(ApplicationFilterChain.java:209)
	at org.apache.catalina.core.ApplicationFilterChain.doFilter(ApplicationFilterChain.java:153)
	at com.ontotext.forest.security.AdminDelegatingFilterProxy.doFilter(AdminDelegatingFilterProxy.java:82)
	at org.springframework.web.filter.DelegatingFilterProxy.invokeDelegate(DelegatingFilterProxy.java:354)
	at org.springframework.web.filter.DelegatingFilterProxy.doFilter(DelegatingFilterProxy.java:267)
	at org.apache.catalina.core.ApplicationFilterChain.internalDoFilter(ApplicationFilterChain.java:178)
	at org.apache.catalina.core.ApplicationFilterChain.doFilter(ApplicationFilterChain.java:153)
	at com.ontotext.forest.clusterproxy.ClusterFilterBean.doFilter(ClusterFilterBean.java:73)
	at com.ontotext.forest.clusterproxy.ClusterLoadBalancerFilter.doFilterInternal(ClusterLoadBalancerFilter.java:25)
	at org.springframework.web.filter.OncePerRequestFilter.doFilter(OncePerRequestFilter.java:117)
	at org.apache.catalina.core.ApplicationFilterChain.internalDoFilter(ApplicationFilterChain.java:178)
	at org.apache.catalina.core.ApplicationFilterChain.doFilter(ApplicationFilterChain.java:153)
	at com.ontotext.forest.core.request.RequestFilter.doFilterInternal(RequestFilter.java:47)
	at org.springframework.web.filter.OncePerRequestFilter.doFilter(OncePerRequestFilter.java:117)
	at org.apache.catalina.core.ApplicationFilterChain.internalDoFilter(ApplicationFilterChain.java:178)
	at org.apache.catalina.core.ApplicationFilterChain.doFilter(ApplicationFilterChain.java:153)
	at org.springframework.web.filter.CharacterEncodingFilter.doFilterInternal(CharacterEncodingFilter.java:201)
	at org.springframework.web.filter.OncePerRequestFilter.doFilter(OncePerRequestFilter.java:117)
	at org.apache.catalina.core.ApplicationFilterChain.internalDoFilter(ApplicationFilterChain.java:178)
	at org.apache.catalina.core.ApplicationFilterChain.doFilter(ApplicationFilterChain.java:153)
	at com.github.ziplet.filter.compression.CompressingFilter.doFilter(CompressingFilter.java:263)
	at org.apache.catalina.core.ApplicationFilterChain.internalDoFilter(ApplicationFilterChain.java:178)
	at org.apache.catalina.core.ApplicationFilterChain.doFilter(ApplicationFilterChain.java:153)
	at org.apache.catalina.core.StandardWrapperValve.invoke(StandardWrapperValve.java:167)
	at org.apache.catalina.core.StandardContextValve.invoke(StandardContextValve.java:90)
	at org.apache.catalina.authenticator.AuthenticatorBase.invoke(AuthenticatorBase.java:481)
	at org.apache.catalina.core.StandardHostValve.invoke(StandardHostValve.java:130)
	at org.apache.catalina.valves.ErrorReportValve.invoke(ErrorReportValve.java:93)
	at org.apache.catalina.core.StandardEngineValve.invoke(StandardEngineValve.java:74)
	at org.apache.catalina.connector.CoyoteAdapter.service(CoyoteAdapter.java:343)
	at org.apache.coyote.http11.Http11Processor.service(Http11Processor.java:390)
	at org.apache.coyote.AbstractProcessorLight.process(AbstractProcessorLight.java:63)
	at org.apache.coyote.AbstractProtocol$ConnectionHandler.process(AbstractProtocol.java:926)
	at org.apache.tomcat.util.net.NioEndpoint$SocketProcessor.doRun(NioEndpoint.java:1791)
	at org.apache.tomcat.util.net.SocketProcessorBase.run(SocketProcessorBase.java:52)
	at org.apache.tomcat.util.threads.ThreadPoolExecutor.runWorker(ThreadPoolExecutor.java:1191)
	at org.apache.tomcat.util.threads.ThreadPoolExecutor$Worker.run(ThreadPoolExecutor.java:659)
	at org.apache.tomcat.util.threads.TaskThread$WrappingRunnable.run(TaskThread.java:61)
	at java.base/java.lang.Thread.run(Thread.java:834)
[INFO ] 2023-09-19 22:57:29,182 [repositories/LODEdo_endpoint | c.o.g.s.StatementsController] POST data to repository
[INFO ] 2023-09-19 22:57:29,486 [repositories/LODEdo_endpoint | c.o.g.s.StatementsController] POST data to repository
[INFO ] 2023-09-19 22:57:29,699 [repositories/LODEdo_endpoint | c.o.g.s.StatementsController] POST data to repository
[INFO ] 2023-09-19 22:58:44,604 [repositories/LODEdo_endpoint | c.o.g.s.h.GraphDBQueryResultHandler] POST query -1227768325
[INFO ] 2023-09-19 22:58:44,864 [repositories/LODEdo_endpoint | c.o.c.AbstractParameter] Configured parameter 'deduplicate.construct' to default value 'true'
[WARN ] 2023-09-19 22:58:44,930 [repositories/LODEdo_endpoint | o.e.r.q.a.e.f.TupleFunctionRegistry] New service class org.eclipse.rdf4j.spin.function.apf.StrSplit replaces existing service class com.ontotext.trree.query.functions.apf.old.StrSplitOld
[WARN ] 2023-09-19 22:58:44,937 [repositories/LODEdo_endpoint | o.e.r.q.a.e.f.TupleFunctionRegistry] New service class org.eclipse.rdf4j.spin.function.apf.ConcatTupleFunction replaces existing service class com.ontotext.trree.query.functions.apf.old.ConcatOld
[WARN ] 2023-09-19 22:58:44,937 [repositories/LODEdo_endpoint | o.e.r.q.a.e.f.TupleFunctionRegistry] New service class org.eclipse.rdf4j.spin.function.list.Member replaces existing service class com.ontotext.trree.query.functions.list.old.MemberOld
[WARN ] 2023-09-19 22:58:44,937 [repositories/LODEdo_endpoint | o.e.r.q.a.e.f.TupleFunctionRegistry] New service class org.eclipse.rdf4j.spin.function.list.Index replaces existing service class com.ontotext.trree.query.functions.list.old.IndexOld
[WARN ] 2023-09-19 22:58:44,937 [repositories/LODEdo_endpoint | o.e.r.q.a.e.f.TupleFunctionRegistry] New service class org.eclipse.rdf4j.spin.function.list.Length replaces existing service class com.ontotext.trree.query.functions.list.old.LengthOld
[INFO ] 2023-09-19 22:58:44,994 [repositories/LODEdo_endpoint | c.o.c.AbstractParameter] Configured parameter 'reuse.vars.in.subselects' to default value 'true'
[INFO ] 2023-09-19 22:58:45,043 [repositories/LODEdo_endpoint | c.o.c.AbstractParameter] Configured parameter 'in-clause-max-members' to default value '16'
[INFO ] 2023-09-19 22:58:45,047 [repositories/LODEdo_endpoint | c.o.c.AbstractParameter] Configured parameter 'query.convert.values.clause' to default value 'true'
[INFO ] 2023-09-19 22:58:45,068 [repositories/LODEdo_endpoint | c.o.c.AbstractParameter] Configured parameter 'hash.join' to default value 'false'
[INFO ] 2023-09-19 22:58:45,068 [repositories/LODEdo_endpoint | c.o.c.AbstractParameter] Configured parameter 'merge.join' to default value 'false'
[INFO ] 2023-09-19 22:58:45,083 [repositories/LODEdo_endpoint | c.o.c.AbstractParameter] Configured parameter 'default.min.distinct.threshold' to default value '250.0M'
[INFO ] 2023-09-19 22:58:45,220 [repositories/LODEdo_endpoint | c.o.g.s.TupleQueryResultView] Request for query -1227768325 is finished
[INFO ] 2023-09-19 22:58:45,250 [repositories/LODEdo_endpoint | c.o.g.s.h.GraphDBQueryResultHandler] POST query 1907994824
[INFO ] 2023-09-19 22:58:45,261 [repositories/LODEdo_endpoint | c.o.g.s.TupleQueryResultView] Request for query 1907994824 is finished
[INFO ] 2023-09-19 22:58:45,261 [repositories/LODEdo_endpoint | c.o.g.s.h.GraphDBQueryResultHandler] POST query -327920089
[INFO ] 2023-09-19 22:58:45,275 [repositories/LODEdo_endpoint | c.o.g.s.TupleQueryResultView] Request for query -327920089 is finished
[INFO ] 2023-09-19 22:58:45,278 [repositories/LODEdo_endpoint | c.o.g.s.h.GraphDBQueryResultHandler] POST query -661683101
[INFO ] 2023-09-19 22:58:45,287 [repositories/LODEdo_endpoint | c.o.g.s.TupleQueryResultView] Request for query -661683101 is finished
[INFO ] 2023-09-19 22:58:45,295 [repositories/LODEdo_endpoint | c.o.g.s.h.GraphDBQueryResultHandler] POST query -525102025
[INFO ] 2023-09-19 22:58:45,314 [repositories/LODEdo_endpoint | c.o.g.s.TupleQueryResultView] Request for query -525102025 is finished
[INFO ] 2023-09-19 22:58:45,320 [repositories/LODEdo_endpoint | c.o.g.s.h.GraphDBQueryResultHandler] POST query 2142927608
[INFO ] 2023-09-19 22:58:45,331 [repositories/LODEdo_endpoint | c.o.g.s.TupleQueryResultView] Request for query 2142927608 is finished
[INFO ] 2023-09-19 22:58:45,335 [repositories/LODEdo_endpoint | c.o.g.s.h.GraphDBQueryResultHandler] POST query 269709614
[INFO ] 2023-09-19 22:58:45,343 [repositories/LODEdo_endpoint | c.o.g.s.TupleQueryResultView] Request for query 269709614 is finished
[INFO ] 2023-09-19 22:59:05,986 [repositories/LODEdo_endpoint | c.o.g.s.h.GraphDBQueryResultHandler] POST query 1014444802
[INFO ] 2023-09-19 22:59:05,996 [repositories/LODEdo_endpoint | c.o.g.s.TupleQueryResultView] Request for query 1014444802 is finished
[INFO ] 2023-09-19 22:59:06,003 [repositories/LODEdo_endpoint | c.o.g.s.h.GraphDBQueryResultHandler] POST query -1787191336
[INFO ] 2023-09-19 22:59:06,011 [repositories/LODEdo_endpoint | c.o.g.s.TupleQueryResultView] Request for query -1787191336 is finished
[INFO ] 2023-09-19 22:59:06,019 [repositories/LODEdo_endpoint | c.o.g.s.h.GraphDBQueryResultHandler] POST query -167761100
[INFO ] 2023-09-19 22:59:06,031 [repositories/LODEdo_endpoint | c.o.g.s.TupleQueryResultView] Request for query -167761100 is finished
[INFO ] 2023-09-19 22:59:06,035 [repositories/LODEdo_endpoint | c.o.g.s.h.GraphDBQueryResultHandler] POST query 96858773
[INFO ] 2023-09-19 22:59:06,063 [repositories/LODEdo_endpoint | c.o.f.s.GraphDBProtocolExceptionResolver] Client sent bad request (400)
org.eclipse.rdf4j.http.server.ClientHTTPException: MALFORMED QUERY: Lexical error at line 9, column 21.  Encountered: '32' (32), after prefix "conj"
	at org.eclipse.rdf4j.http.server.repository.handler.DefaultQueryRequestHandler.getQuery(DefaultQueryRequestHandler.java:185)
	at com.ontotext.graphdb.sesame.handler.GraphDBQueryResultHandler.getQuery(GraphDBQueryResultHandler.java:73)
	at org.eclipse.rdf4j.http.server.repository.handler.AbstractQueryRequestHandler.handleQueryRequest(AbstractQueryRequestHandler.java:70)
	at org.eclipse.rdf4j.http.server.repository.AbstractRepositoryController.handleRequestInternal(AbstractRepositoryController.java:53)
	at org.springframework.web.servlet.mvc.AbstractController.handleRequest(AbstractController.java:177)
	at org.springframework.web.servlet.mvc.SimpleControllerHandlerAdapter.handle(SimpleControllerHandlerAdapter.java:51)
	at org.springframework.web.servlet.DispatcherServlet.doDispatch(DispatcherServlet.java:1072)
	at org.springframework.web.servlet.DispatcherServlet.doService(DispatcherServlet.java:965)
	at org.springframework.web.servlet.FrameworkServlet.processRequest(FrameworkServlet.java:1006)
	at org.springframework.web.servlet.FrameworkServlet.doPost(FrameworkServlet.java:909)
	at javax.servlet.http.HttpServlet.service(HttpServlet.java:555)
	at org.springframework.web.servlet.FrameworkServlet.service(FrameworkServlet.java:883)
	at javax.servlet.http.HttpServlet.service(HttpServlet.java:623)
	at org.apache.catalina.core.ApplicationFilterChain.internalDoFilter(ApplicationFilterChain.java:209)
	at org.apache.catalina.core.ApplicationFilterChain.doFilter(ApplicationFilterChain.java:153)
	at com.ontotext.forest.security.AdminDelegatingFilterProxy.doFilter(AdminDelegatingFilterProxy.java:82)
	at org.springframework.web.filter.DelegatingFilterProxy.invokeDelegate(DelegatingFilterProxy.java:354)
	at org.springframework.web.filter.DelegatingFilterProxy.doFilter(DelegatingFilterProxy.java:267)
	at org.apache.catalina.core.ApplicationFilterChain.internalDoFilter(ApplicationFilterChain.java:178)
	at org.apache.catalina.core.ApplicationFilterChain.doFilter(ApplicationFilterChain.java:153)
	at com.ontotext.forest.clusterproxy.ClusterFilterBean.doFilter(ClusterFilterBean.java:73)
	at com.ontotext.forest.clusterproxy.ClusterLoadBalancerFilter.doFilterInternal(ClusterLoadBalancerFilter.java:25)
	at org.springframework.web.filter.OncePerRequestFilter.doFilter(OncePerRequestFilter.java:117)
	at org.apache.catalina.core.ApplicationFilterChain.internalDoFilter(ApplicationFilterChain.java:178)
	at org.apache.catalina.core.ApplicationFilterChain.doFilter(ApplicationFilterChain.java:153)
	at com.ontotext.forest.core.request.RequestFilter.doFilterInternal(RequestFilter.java:47)
	at org.springframework.web.filter.OncePerRequestFilter.doFilter(OncePerRequestFilter.java:117)
	at org.apache.catalina.core.ApplicationFilterChain.internalDoFilter(ApplicationFilterChain.java:178)
	at org.apache.catalina.core.ApplicationFilterChain.doFilter(ApplicationFilterChain.java:153)
	at org.springframework.web.filter.CharacterEncodingFilter.doFilterInternal(CharacterEncodingFilter.java:201)
	at org.springframework.web.filter.OncePerRequestFilter.doFilter(OncePerRequestFilter.java:117)
	at org.apache.catalina.core.ApplicationFilterChain.internalDoFilter(ApplicationFilterChain.java:178)
	at org.apache.catalina.core.ApplicationFilterChain.doFilter(ApplicationFilterChain.java:153)
	at com.github.ziplet.filter.compression.CompressingFilter.doFilter(CompressingFilter.java:263)
	at org.apache.catalina.core.ApplicationFilterChain.internalDoFilter(ApplicationFilterChain.java:178)
	at org.apache.catalina.core.ApplicationFilterChain.doFilter(ApplicationFilterChain.java:153)
	at org.apache.catalina.core.StandardWrapperValve.invoke(StandardWrapperValve.java:167)
	at org.apache.catalina.core.StandardContextValve.invoke(StandardContextValve.java:90)
	at org.apache.catalina.authenticator.AuthenticatorBase.invoke(AuthenticatorBase.java:481)
	at org.apache.catalina.core.StandardHostValve.invoke(StandardHostValve.java:130)
	at org.apache.catalina.valves.ErrorReportValve.invoke(ErrorReportValve.java:93)
	at org.apache.catalina.core.StandardEngineValve.invoke(StandardEngineValve.java:74)
	at org.apache.catalina.connector.CoyoteAdapter.service(CoyoteAdapter.java:343)
	at org.apache.coyote.http11.Http11Processor.service(Http11Processor.java:390)
	at org.apache.coyote.AbstractProcessorLight.process(AbstractProcessorLight.java:63)
	at org.apache.coyote.AbstractProtocol$ConnectionHandler.process(AbstractProtocol.java:926)
	at org.apache.tomcat.util.net.NioEndpoint$SocketProcessor.doRun(NioEndpoint.java:1791)
	at org.apache.tomcat.util.net.SocketProcessorBase.run(SocketProcessorBase.java:52)
	at org.apache.tomcat.util.threads.ThreadPoolExecutor.runWorker(ThreadPoolExecutor.java:1191)
	at org.apache.tomcat.util.threads.ThreadPoolExecutor$Worker.run(ThreadPoolExecutor.java:659)
	at org.apache.tomcat.util.threads.TaskThread$WrappingRunnable.run(TaskThread.java:61)
	at java.base/java.lang.Thread.run(Thread.java:834)
[INFO ] 2023-09-19 22:59:10,860 [repositories/LODEdo_endpoint | c.o.g.s.h.GraphDBQueryResultHandler] POST query 558561539
[INFO ] 2023-09-19 22:59:10,867 [repositories/LODEdo_endpoint | c.o.g.s.TupleQueryResultView] Request for query 558561539 is finished
[INFO ] 2023-09-19 22:59:10,872 [repositories/LODEdo_endpoint | c.o.g.s.h.GraphDBQueryResultHandler] POST query 1792408793
[INFO ] 2023-09-19 22:59:10,882 [repositories/LODEdo_endpoint | c.o.g.s.TupleQueryResultView] Request for query 1792408793 is finished
[INFO ] 2023-09-19 22:59:10,888 [repositories/LODEdo_endpoint | c.o.g.s.h.GraphDBQueryResultHandler] POST query 1257739667
[INFO ] 2023-09-19 22:59:10,897 [repositories/LODEdo_endpoint | c.o.g.s.TupleQueryResultView] Request for query 1257739667 is finished
[INFO ] 2023-09-19 22:59:10,900 [repositories/LODEdo_endpoint | c.o.g.s.h.GraphDBQueryResultHandler] POST query 1968780852
[INFO ] 2023-09-19 22:59:10,904 [repositories/LODEdo_endpoint | c.o.f.s.GraphDBProtocolExceptionResolver] Client sent bad request (400)
org.eclipse.rdf4j.http.server.ClientHTTPException: MALFORMED QUERY: Lexical error at line 9, column 21.  Encountered: '32' (32), after prefix "conj"
	at org.eclipse.rdf4j.http.server.repository.handler.DefaultQueryRequestHandler.getQuery(DefaultQueryRequestHandler.java:185)
	at com.ontotext.graphdb.sesame.handler.GraphDBQueryResultHandler.getQuery(GraphDBQueryResultHandler.java:73)
	at org.eclipse.rdf4j.http.server.repository.handler.AbstractQueryRequestHandler.handleQueryRequest(AbstractQueryRequestHandler.java:70)
	at org.eclipse.rdf4j.http.server.repository.AbstractRepositoryController.handleRequestInternal(AbstractRepositoryController.java:53)
	at org.springframework.web.servlet.mvc.AbstractController.handleRequest(AbstractController.java:177)
	at org.springframework.web.servlet.mvc.SimpleControllerHandlerAdapter.handle(SimpleControllerHandlerAdapter.java:51)
	at org.springframework.web.servlet.DispatcherServlet.doDispatch(DispatcherServlet.java:1072)
	at org.springframework.web.servlet.DispatcherServlet.doService(DispatcherServlet.java:965)
	at org.springframework.web.servlet.FrameworkServlet.processRequest(FrameworkServlet.java:1006)
	at org.springframework.web.servlet.FrameworkServlet.doPost(FrameworkServlet.java:909)
	at javax.servlet.http.HttpServlet.service(HttpServlet.java:555)
	at org.springframework.web.servlet.FrameworkServlet.service(FrameworkServlet.java:883)
	at javax.servlet.http.HttpServlet.service(HttpServlet.java:623)
	at org.apache.catalina.core.ApplicationFilterChain.internalDoFilter(ApplicationFilterChain.java:209)
	at org.apache.catalina.core.ApplicationFilterChain.doFilter(ApplicationFilterChain.java:153)
	at com.ontotext.forest.security.AdminDelegatingFilterProxy.doFilter(AdminDelegatingFilterProxy.java:82)
	at org.springframework.web.filter.DelegatingFilterProxy.invokeDelegate(DelegatingFilterProxy.java:354)
	at org.springframework.web.filter.DelegatingFilterProxy.doFilter(DelegatingFilterProxy.java:267)
	at org.apache.catalina.core.ApplicationFilterChain.internalDoFilter(ApplicationFilterChain.java:178)
	at org.apache.catalina.core.ApplicationFilterChain.doFilter(ApplicationFilterChain.java:153)
	at com.ontotext.forest.clusterproxy.ClusterFilterBean.doFilter(ClusterFilterBean.java:73)
	at com.ontotext.forest.clusterproxy.ClusterLoadBalancerFilter.doFilterInternal(ClusterLoadBalancerFilter.java:25)
	at org.springframework.web.filter.OncePerRequestFilter.doFilter(OncePerRequestFilter.java:117)
	at org.apache.catalina.core.ApplicationFilterChain.internalDoFilter(ApplicationFilterChain.java:178)
	at org.apache.catalina.core.ApplicationFilterChain.doFilter(ApplicationFilterChain.java:153)
	at com.ontotext.forest.core.request.RequestFilter.doFilterInternal(RequestFilter.java:47)
	at org.springframework.web.filter.OncePerRequestFilter.doFilter(OncePerRequestFilter.java:117)
	at org.apache.catalina.core.ApplicationFilterChain.internalDoFilter(ApplicationFilterChain.java:178)
	at org.apache.catalina.core.ApplicationFilterChain.doFilter(ApplicationFilterChain.java:153)
	at org.springframework.web.filter.CharacterEncodingFilter.doFilterInternal(CharacterEncodingFilter.java:201)
	at org.springframework.web.filter.OncePerRequestFilter.doFilter(OncePerRequestFilter.java:117)
	at org.apache.catalina.core.ApplicationFilterChain.internalDoFilter(ApplicationFilterChain.java:178)
	at org.apache.catalina.core.ApplicationFilterChain.doFilter(ApplicationFilterChain.java:153)
	at com.github.ziplet.filter.compression.CompressingFilter.doFilter(CompressingFilter.java:263)
	at org.apache.catalina.core.ApplicationFilterChain.internalDoFilter(ApplicationFilterChain.java:178)
	at org.apache.catalina.core.ApplicationFilterChain.doFilter(ApplicationFilterChain.java:153)
	at org.apache.catalina.core.StandardWrapperValve.invoke(StandardWrapperValve.java:167)
	at org.apache.catalina.core.StandardContextValve.invoke(StandardContextValve.java:90)
	at org.apache.catalina.authenticator.AuthenticatorBase.invoke(AuthenticatorBase.java:481)
	at org.apache.catalina.core.StandardHostValve.invoke(StandardHostValve.java:130)
	at org.apache.catalina.valves.ErrorReportValve.invoke(ErrorReportValve.java:93)
	at org.apache.catalina.core.StandardEngineValve.invoke(StandardEngineValve.java:74)
	at org.apache.catalina.connector.CoyoteAdapter.service(CoyoteAdapter.java:343)
	at org.apache.coyote.http11.Http11Processor.service(Http11Processor.java:390)
	at org.apache.coyote.AbstractProcessorLight.process(AbstractProcessorLight.java:63)
	at org.apache.coyote.AbstractProtocol$ConnectionHandler.process(AbstractProtocol.java:926)
	at org.apache.tomcat.util.net.NioEndpoint$SocketProcessor.doRun(NioEndpoint.java:1791)
	at org.apache.tomcat.util.net.SocketProcessorBase.run(SocketProcessorBase.java:52)
	at org.apache.tomcat.util.threads.ThreadPoolExecutor.runWorker(ThreadPoolExecutor.java:1191)
	at org.apache.tomcat.util.threads.ThreadPoolExecutor$Worker.run(ThreadPoolExecutor.java:659)
	at org.apache.tomcat.util.threads.TaskThread$WrappingRunnable.run(TaskThread.java:61)
	at java.base/java.lang.Thread.run(Thread.java:834)
[INFO ] 2023-09-19 23:04:18,653 [Thread-3 | c.o.g.s.GraphDB] Stopping GraphDB.
[INFO ] 2023-09-19 23:04:18,811 [Thread-4 | c.o.t.s.i.PluginManager] Shutting down plugins (DEFAULT)...
[INFO ] 2023-09-19 23:04:18,905 [Thread-4 | c.o.t.b.AVLRepository] NumberOfStatements = 505731
[INFO ] 2023-09-19 23:04:18,905 [Thread-4 | c.o.t.b.AVLRepository] NumberOfExplicitStatements = 505731
[INFO ] 2023-09-19 23:04:18,905 [Thread-4 | c.o.t.OwlimSchemaRepository] Shutting down entity pool
[INFO ] 2023-09-19 23:04:19,095 [Thread-4 | c.o.t.OwlimSchemaRepository] Entity pool was shut down
[INFO ] 2023-09-19 23:04:19,268 [Thread-3 | c.o.f.c.s.SemanticDataManagement] Shutting down current semantic location
[INFO ] 2023-09-19 23:08:19,435 [main | c.o.g.Config] Using 'file:/C:/Users/valep/Documents/GitHub/lodedo/graphDB/graphdb-10.3.2/conf/logback.xml' as logback's configuration file
[INFO ] 2023-09-19 23:08:19,672 [main | c.o.g.s.GraphDB] Starting GraphDB in workbench mode.
[INFO ] 2023-09-19 23:08:26,168 [main | c.o.g.Config] GraphDB Home directory: C:\Users\valep\Documents\GitHub\lodedo\graphDB\graphdb-10.3.2
[INFO ] 2023-09-19 23:08:26,172 [main | c.o.g.Config] GraphDB Config directory: C:\Users\valep\Documents\GitHub\lodedo\graphDB\graphdb-10.3.2\conf
[INFO ] 2023-09-19 23:08:26,172 [main | c.o.g.Config] GraphDB Data directory: C:\Users\valep\Documents\GitHub\lodedo\graphDB\graphdb-10.3.2\data
[INFO ] 2023-09-19 23:08:26,172 [main | c.o.g.Config] GraphDB Work directory: C:\Users\valep\Documents\GitHub\lodedo\graphDB\graphdb-10.3.2\work
[INFO ] 2023-09-19 23:08:26,172 [main | c.o.g.Config] GraphDB Logs directory: C:\Users\valep\Documents\GitHub\lodedo\graphDB\graphdb-10.3.2\logs
[INFO ] 2023-09-19 23:08:26,611 [main | c.o.g.r.s.SecurityUtil] Cluster gRPC server security is disabled
[INFO ] 2023-09-19 23:08:26,927 [main | c.o.f.c.s.r.GraphDBRpcServer] Started gRPC server on port 7300 successfully
[WARN ] 2023-09-19 23:08:29,179 [main | o.a.c.u.SessionIdGeneratorBase] Creation of SecureRandom instance for session ID generation using [SHA1PRNG] took [157] milliseconds.
[INFO ] 2023-09-19 23:08:29,378 [main | c.o.g.s.GraphDB] Started GraphDB in workbench mode at port 7200.
[INFO ] 2023-09-19 23:08:45,298 [repository-manager-0 | c.o.t.OwlimSchemaRepository] Version: 10.3, revision: 2089190103
[INFO ] 2023-09-19 23:08:45,298 [repository-manager-0 | c.o.t.OwlimSchemaRepository] Build date: Fri Sep 01 15:00:09 CEST 2023
[INFO ] 2023-09-19 23:08:45,322 [repository-manager-0 | c.o.t.OwlimSchemaRepository] Started repository LODEdo_endpoint in READ/WRITE mode.
[INFO ] 2023-09-19 23:08:45,330 [repository-manager-0 | c.o.c.AbstractParameter] Configured parameter 'partialRDFS' to default value 'false'
[INFO ] 2023-09-19 23:08:45,338 [repository-manager-0 | c.o.c.AbstractParameter] Configured parameter 'transaction-isolation' to default value 'true'
[INFO ] 2023-09-19 23:08:45,338 [repository-manager-0 | c.o.c.AbstractParameter] Configured parameter 'checkForValidPropertiesAndClasses' to default value 'false'
[INFO ] 2023-09-19 23:08:45,338 [repository-manager-0 | c.o.c.AbstractParameter] Configured parameter 'transaction-mode' to default value 'safe'
[INFO ] 2023-09-19 23:08:45,338 [repository-manager-0 | c.o.c.AbstractParameter] Configured parameter 'entity-pool-implementation' to default value 'transactional'
[INFO ] 2023-09-19 23:08:45,338 [repository-manager-0 | c.o.c.AbstractParameter] Configured parameter 'useShutdownHooks' to default value 'true'
[INFO ] 2023-09-19 23:08:45,355 [repository-manager-0 | c.o.GraphDBConfigParameters] Cache pages for tuples: 7829
[INFO ] 2023-09-19 23:08:45,355 [repository-manager-0 | c.o.GraphDBConfigParameters] Cache pages for predicates: 1118
[INFO ] 2023-09-19 23:08:45,355 [repository-manager-0 | c.o.c.AbstractParameter] Configured parameter 'graphdb.global.page.cache' to default value 'true'
[INFO ] 2023-09-19 23:08:45,387 [repository-manager-0 | c.o.c.AbstractParameter] Configured parameter 'graphdb.epool.onheap' to default value 'false'
[INFO ] 2023-09-19 23:08:45,387 [repository-manager-0 | c.o.c.AbstractParameter] Configured parameter 'graphdb.page.cache.size' to default value '1004.0M'
[INFO ] 2023-09-19 23:08:45,387 [repository-manager-0 | c.o.t.MemoryConfig] Configured global page cache size to 1004.0M
[INFO ] 2023-09-19 23:08:45,395 [repository-manager-0 | c.o.t.e.EntityPoolFactory] Using entity pool implementation: transactional-disk
[INFO ] 2023-09-19 23:08:45,400 [repository-manager-0 | c.o.c.AbstractParameter] Configured parameter 'epool.connection.cache.size' to default value '2000'
[INFO ] 2023-09-19 23:08:45,408 [repository-manager-0 | c.o.c.AbstractParameter] Configured parameter 'graphdb.epool.onheap' to default value 'false'
[INFO ] 2023-09-19 23:08:45,457 [repository-manager-0 | c.o.t.e.i.m.PersistedHashMap] Restoring entity hash table...
[INFO ] 2023-09-19 23:08:45,618 [repository-manager-0 | c.o.t.e.i.m.PersistedHashMap] Restored 151381 entities allocating 12.0 MB
[INFO ] 2023-09-19 23:08:45,626 [repository-manager-0 | c.o.t.e.i.m.PersistedHashMap] Done in 161 ms.
[INFO ] 2023-09-19 23:08:45,699 [repository-manager-0 | c.o.c.AbstractParameter] Configured parameter 'enable-pool-reversecache' to default value 'true'
[INFO ] 2023-09-19 23:08:45,756 [repository-manager-0 | c.o.c.AbstractParameter] Configured parameter 'allow-system-entities-as-data' to default value 'false'
[INFO ] 2023-09-19 23:08:45,756 [repository-manager-0 | c.o.t.u.l.LimitedObjectCacheFactory] Using LRU cache type: synch
[INFO ] 2023-09-19 23:08:45,772 [repository-manager-0 | c.o.c.AbstractParameter] Configured parameter 'cache-ratio-so-os-cso-cos' to default value '[50, 50, 50]'
[INFO ] 2023-09-19 23:08:45,836 [repository-manager-0 | c.o.c.AbstractParameter] Configured parameter 'graphdb.global.page.cache' to default value 'true'
[INFO ] 2023-09-19 23:08:45,839 [repository-manager-0 | c.o.c.AbstractParameter] Configured parameter 'graphdb.page.cache.size' to default value '1004.0M'
[INFO ] 2023-09-19 23:08:46,167 [repository-manager-0 | c.o.c.AbstractParameter] Configured parameter 'virtual.repository.mode' to default value 'false'
[WARN ] 2023-09-19 23:08:46,385 [repository-manager-0 | c.o.t.OwlimSchemaRepository] Rule list configuration present, it will override all other rule sets parameters!
[INFO ] 2023-09-19 23:08:46,442 [repository-manager-0 | c.o.c.AbstractParameter] Configured parameter 'epool.journal.buffer.size' to default value '1024'
[INFO ] 2023-09-19 23:08:46,467 [repository-manager-0 | c.o.c.AbstractParameter] Configured parameter 'enable-debug-rules' to default value 'false'
[INFO ] 2023-09-19 23:08:46,499 [repository-manager-0 | c.o.t.InferencerFactory] ruleSet=rdfs, partialRdfs=false
[INFO ] 2023-09-19 23:08:46,523 [repository-manager-0 | c.o.c.AbstractParameter] Configured parameter 'filter.obj.only.hint' to default value 'true'
[INFO ] 2023-09-19 23:08:46,668 [repository-manager-0 | c.o.c.AbstractParameter] Configured parameter 'check.pred.stats' to default value 'false'
[INFO ] 2023-09-19 23:08:46,717 [repository-manager-0 | c.o.c.AbstractParameter] Configured parameter 'disable-plugins' to default value '[]'
[INFO ] 2023-09-19 23:08:46,717 [repository-manager-0 | c.o.c.AbstractParameter] Configured parameter 'skip-default-plugins' to default value 'false'
[INFO ] 2023-09-19 23:08:46,717 [repository-manager-0 | c.o.t.OwlimSchemaRepository] Searching for plugins available in the classpath...
[INFO ] 2023-09-19 23:08:46,766 [repository-manager-0 | c.o.t.s.i.PluginManager] Registering plugin direct
[INFO ] 2023-09-19 23:08:46,766 [repository-manager-0 | c.o.t.s.i.PluginManager] Registering plugin notifications
[INFO ] 2023-09-19 23:08:46,766 [repository-manager-0 | c.o.t.s.i.PluginManager] Registering plugin expose-entity
[INFO ] 2023-09-19 23:08:46,766 [repository-manager-0 | c.o.t.s.i.PluginManager] Registering plugin literals-index
[INFO ] 2023-09-19 23:08:46,766 [repository-manager-0 | c.o.t.s.i.PluginManager] Registering plugin script
[INFO ] 2023-09-19 23:08:46,766 [repository-manager-0 | c.o.t.s.i.PluginManager] Registering plugin utils
[INFO ] 2023-09-19 23:08:46,766 [repository-manager-0 | c.o.t.s.i.PluginManager] Registering plugin plugincontrol
[INFO ] 2023-09-19 23:08:46,766 [repository-manager-0 | c.o.t.s.i.PluginManager] Registering plugin magic-predicates
[INFO ] 2023-09-19 23:08:46,766 [repository-manager-0 | c.o.t.s.i.PluginManager] Registering plugin sparql-template
[INFO ] 2023-09-19 23:08:46,766 [repository-manager-0 | c.o.c.AbstractParameter] Configured parameter 'register-plugins' to default value '[]'
[INFO ] 2023-09-19 23:08:46,774 [repository-manager-0 | c.o.GraphDBConfigParameters] Reading external plugins from C:\Users\valep\Documents\GitHub\lodedo\graphDB\graphdb-10.3.2\lib\plugins
[INFO ] 2023-09-19 23:08:46,774 [repository-manager-0 | c.o.c.AbstractParameter] Configured parameter 'register-external-plugins' to default value '[C:\Users\valep\Documents\GitHub\lodedo\graphDB\graphdb-10.3.2\lib\plugins]'
[INFO ] 2023-09-19 23:08:46,774 [repository-manager-0 | c.o.t.OwlimSchemaRepository] Registering external plugins...
[INFO ] 2023-09-19 23:08:46,785 [repository-manager-0 | c.o.t.OwlimSchemaRepository] Scanning C:\Users\valep\Documents\GitHub\lodedo\graphDB\graphdb-10.3.2\lib\plugins\autocomplete-plugin for plugins
[INFO ] 2023-09-19 23:08:46,806 [repository-manager-0 | c.o.t.s.i.PluginManager] Registering plugin autocomplete
[INFO ] 2023-09-19 23:08:46,806 [repository-manager-0 | c.o.t.OwlimSchemaRepository] Scanning C:\Users\valep\Documents\GitHub\lodedo\graphDB\graphdb-10.3.2\lib\plugins\change-tracking-plugin for plugins
[INFO ] 2023-09-19 23:08:46,817 [repository-manager-0 | c.o.t.s.i.PluginManager] Registering plugin change-tracking
[INFO ] 2023-09-19 23:08:46,817 [repository-manager-0 | c.o.t.OwlimSchemaRepository] Scanning C:\Users\valep\Documents\GitHub\lodedo\graphDB\graphdb-10.3.2\lib\plugins\dependencies-plugin for plugins
[INFO ] 2023-09-19 23:08:46,830 [repository-manager-0 | c.o.t.s.i.PluginManager] Registering plugin dependencies-plugin
[INFO ] 2023-09-19 23:08:46,830 [repository-manager-0 | c.o.t.OwlimSchemaRepository] Scanning C:\Users\valep\Documents\GitHub\lodedo\graphDB\graphdb-10.3.2\lib\plugins\elasticsearch-connector for plugins
[INFO ] 2023-09-19 23:08:46,886 [repository-manager-0 | c.o.t.s.i.PluginManager] Registering plugin elasticsearch-connector
[INFO ] 2023-09-19 23:08:46,894 [repository-manager-0 | c.o.t.OwlimSchemaRepository] Scanning C:\Users\valep\Documents\GitHub\lodedo\graphDB\graphdb-10.3.2\lib\plugins\entity-change-connector for plugins
[INFO ] 2023-09-19 23:08:46,934 [repository-manager-0 | c.o.t.s.i.PluginManager] Registering plugin entity-change
[INFO ] 2023-09-19 23:08:46,934 [repository-manager-0 | c.o.t.OwlimSchemaRepository] Scanning C:\Users\valep\Documents\GitHub\lodedo\graphDB\graphdb-10.3.2\lib\plugins\geosparql-plugin for plugins
[INFO ] 2023-09-19 23:08:47,031 [repository-manager-0 | c.o.t.s.i.PluginManager] Registering plugin GeoSPARQL
[INFO ] 2023-09-19 23:08:47,031 [repository-manager-0 | c.o.t.OwlimSchemaRepository] Scanning C:\Users\valep\Documents\GitHub\lodedo\graphDB\graphdb-10.3.2\lib\plugins\geospatial-plugin for plugins
[WARN ] 2023-09-19 23:08:47,192 [repository-manager-0 | o.e.r.q.a.e.f.FunctionRegistry] New service class org.eclipse.rdf4j.spin.function.Localname replaces existing service class com.ontotext.trree.query.functions.afn.old.Localname
[INFO ] 2023-09-19 23:08:47,257 [repository-manager-0 | c.o.t.p.g.FunctionLoader] Registered 1 functions from package com.ontotext.trree.plugin.geo.
[INFO ] 2023-09-19 23:08:47,257 [repository-manager-0 | c.o.t.s.i.PluginManager] Registering plugin geospatial
[INFO ] 2023-09-19 23:08:47,257 [repository-manager-0 | c.o.t.OwlimSchemaRepository] Scanning C:\Users\valep\Documents\GitHub\lodedo\graphDB\graphdb-10.3.2\lib\plugins\history-plugin for plugins
[INFO ] 2023-09-19 23:08:47,274 [repository-manager-0 | c.o.t.s.i.PluginManager] Registering plugin history
[INFO ] 2023-09-19 23:08:47,274 [repository-manager-0 | c.o.t.OwlimSchemaRepository] Scanning C:\Users\valep\Documents\GitHub\lodedo\graphDB\graphdb-10.3.2\lib\plugins\kafka-connector for plugins
[INFO ] 2023-09-19 23:08:47,322 [repository-manager-0 | c.o.t.s.i.PluginManager] Registering plugin kafka-connector
[INFO ] 2023-09-19 23:08:47,322 [repository-manager-0 | c.o.t.OwlimSchemaRepository] Scanning C:\Users\valep\Documents\GitHub\lodedo\graphDB\graphdb-10.3.2\lib\plugins\lucene-connector for plugins
[INFO ] 2023-09-19 23:08:47,387 [repository-manager-0 | c.o.t.s.i.PluginManager] Registering plugin lucene-connector
[INFO ] 2023-09-19 23:08:47,387 [repository-manager-0 | c.o.t.OwlimSchemaRepository] Scanning C:\Users\valep\Documents\GitHub\lodedo\graphDB\graphdb-10.3.2\lib\plugins\mongodb-plugin for plugins
[INFO ] 2023-09-19 23:08:47,402 [repository-manager-0 | c.o.t.s.i.PluginManager] Registering plugin mongodb
[INFO ] 2023-09-19 23:08:47,402 [repository-manager-0 | c.o.t.OwlimSchemaRepository] Scanning C:\Users\valep\Documents\GitHub\lodedo\graphDB\graphdb-10.3.2\lib\plugins\notifications-logger-plugin for plugins
[INFO ] 2023-09-19 23:08:47,410 [repository-manager-0 | c.o.t.s.i.PluginManager] Registering plugin notifications-logger
[INFO ] 2023-09-19 23:08:47,410 [repository-manager-0 | c.o.t.OwlimSchemaRepository] Scanning C:\Users\valep\Documents\GitHub\lodedo\graphDB\graphdb-10.3.2\lib\plugins\opensearch-connector for plugins
[INFO ] 2023-09-19 23:08:47,467 [repository-manager-0 | c.o.t.s.i.PluginManager] Registering plugin opensearch-connector
[INFO ] 2023-09-19 23:08:47,467 [repository-manager-0 | c.o.t.OwlimSchemaRepository] Scanning C:\Users\valep\Documents\GitHub\lodedo\graphDB\graphdb-10.3.2\lib\plugins\proof-plugin for plugins
[INFO ] 2023-09-19 23:08:47,475 [repository-manager-0 | c.o.t.s.i.PluginManager] Registering plugin proof
[INFO ] 2023-09-19 23:08:47,475 [repository-manager-0 | c.o.t.OwlimSchemaRepository] Scanning C:\Users\valep\Documents\GitHub\lodedo\graphDB\graphdb-10.3.2\lib\plugins\rdfrank-plugin for plugins
[INFO ] 2023-09-19 23:08:47,487 [repository-manager-0 | c.o.t.s.i.PluginManager] Registering plugin rdfrank
[INFO ] 2023-09-19 23:08:47,487 [repository-manager-0 | c.o.t.OwlimSchemaRepository] Scanning C:\Users\valep\Documents\GitHub\lodedo\graphDB\graphdb-10.3.2\lib\plugins\sequences-plugin for plugins
[INFO ] 2023-09-19 23:08:47,491 [repository-manager-0 | c.o.t.s.i.PluginManager] Registering plugin sequences
[INFO ] 2023-09-19 23:08:47,491 [repository-manager-0 | c.o.t.OwlimSchemaRepository] Scanning C:\Users\valep\Documents\GitHub\lodedo\graphDB\graphdb-10.3.2\lib\plugins\similarity-plugin for plugins
[INFO ] 2023-09-19 23:08:47,532 [repository-manager-0 | c.o.t.s.i.PluginManager] Registering plugin similarity
[INFO ] 2023-09-19 23:08:47,532 [repository-manager-0 | c.o.t.OwlimSchemaRepository] Scanning C:\Users\valep\Documents\GitHub\lodedo\graphDB\graphdb-10.3.2\lib\plugins\solr-connector for plugins
[INFO ] 2023-09-19 23:08:47,597 [repository-manager-0 | c.o.t.s.i.PluginManager] Registering plugin solr-connector
[INFO ] 2023-09-19 23:08:47,597 [repository-manager-0 | c.o.t.OwlimSchemaRepository] Scanning C:\Users\valep\Documents\GitHub\lodedo\graphDB\graphdb-10.3.2\lib\plugins\sparql-mm for plugins
[INFO ] 2023-09-19 23:08:47,597 [repository-manager-0 | c.o.t.s.i.PluginManager] Registering plugin sparql-mm
[INFO ] 2023-09-19 23:08:47,597 [repository-manager-0 | c.o.t.OwlimSchemaRepository] Scanning C:\Users\valep\Documents\GitHub\lodedo\graphDB\graphdb-10.3.2\lib\plugins\text-mining-plugin for plugins
[INFO ] 2023-09-19 23:08:47,613 [repository-manager-0 | c.o.t.s.i.PluginManager] Registering plugin text-mining
[INFO ] 2023-09-19 23:08:47,613 [repository-manager-0 | c.o.t.OwlimSchemaRepository] Scanning C:\Users\valep\Documents\GitHub\lodedo\graphDB\graphdb-10.3.2\lib\plugins\tx-rollback-plugin for plugins
[INFO ] 2023-09-19 23:08:47,618 [repository-manager-0 | c.o.t.s.i.PluginManager] Registering plugin tx-rollback
[INFO ] 2023-09-19 23:08:47,620 [repository-manager-0 | c.o.t.s.i.PluginManager] Initializing plugins... (DEFAULT)
[INFO ] 2023-09-19 23:08:47,621 [repository-manager-0 | c.o.l.LicenseRegistry] License configuration: Embedded license
[INFO ] 2023-09-19 23:08:47,629 [repository-manager-0 | c.o.l.LicenseRegistry] License file: jar:file:/C:/Users/valep/Documents/GitHub/lodedo/graphDB/graphdb-10.3.2/lib/graphdb-runtime-10.3.2.jar!/GRAPHDB_LITE.license
[INFO ] 2023-09-19 23:08:47,632 [repository-manager-0 | c.o.l.LicenseRegistry] Product:                 GRAPHDB_LITE
[INFO ] 2023-09-19 23:08:47,632 [repository-manager-0 | c.o.l.LicenseRegistry] Capabilities:            [LUCENE_CONNECTOR]
[INFO ] 2023-09-19 23:08:47,632 [repository-manager-0 | c.o.l.LicenseRegistry] Usage restriction:       null
[INFO ] 2023-09-19 23:08:47,632 [repository-manager-0 | c.o.l.LicenseRegistry] Licensee:                Freeware
[INFO ] 2023-09-19 23:08:47,632 [repository-manager-0 | c.o.l.LicenseRegistry] Permitted use:           THE SOFTWARE IS PROVIDED "AS IS", WITHOUT WARRANTY OF ANY KIND, EXPRESS OR IMPLIED, INCLUDING BUT NOT LIMITED TO THE WARRANTIES OF MERCHANTABILITY, FITNESS FOR A PARTICULAR PURPOSE AND NONINFRINGEMENT. IN NO EVENT SHALL THE AUTHORS OR COPYRIGHT HOLDERS BE LIABLE FOR ANY CLAIM, DAMAGES OR OTHER LIABILITY, WHETHER IN AN ACTION OF CONTRACT, TORT OR OTHERWISE, ARISING FROM, OUT OF OR IN CONNECTION WITH THE SOFTWARE OR THE USE OR OTHER DEALINGS IN THE SOFTWARE.
[INFO ] 2023-09-19 23:08:47,637 [repository-manager-0 | c.o.l.LicenseRegistry] Version:                 10.3
[INFO ] 2023-09-19 23:08:47,637 [repository-manager-0 | c.o.l.LicenseRegistry] Expiry date:             none
[INFO ] 2023-09-19 23:08:47,637 [repository-manager-0 | c.o.l.LicenseRegistry] Latest publication date: none
[INFO ] 2023-09-19 23:08:47,637 [repository-manager-0 | c.o.l.LicenseRegistry] Max CPU cores:           1
[INFO ] 2023-09-19 23:08:47,637 [repository-manager-0 | c.o.c.AbstractParameter] Configured parameter 'nonInterpretablePredicates' to default value 'null'
[INFO ] 2023-09-19 23:08:47,654 [repository-manager-0 | c.o.t.s.i.PluginManager] Initializing plugin 'GeoSPARQL'
[INFO ] 2023-09-19 23:08:49,867 [repository-manager-0 | c.o.t.g.FunctionLoader] Registered 50 functions from package com.useekm.geosparql.
[INFO ] 2023-09-19 23:08:49,870 [repository-manager-0 | c.o.t.s.i.PluginManager] Initializing plugin 'autocomplete'
[INFO ] 2023-09-19 23:08:49,870 [repository-manager-0 | c.o.t.p.a.AutocompletePluginUtils] >>>>>>>> AutocompletePlugin: No configuration file found at C:\Users\valep\Documents\GitHub\lodedo\graphDB\graphdb-10.3.2\data\repositories\LODEdo_endpoint\storage\autocomplete\v2\config.properties. Assuming default options for plugin.
[INFO ] 2023-09-19 23:08:49,886 [repository-manager-0 | c.o.t.s.i.PluginManager] Initializing plugin 'change-tracking'
[INFO ] 2023-09-19 23:08:49,926 [repository-manager-0 | c.o.t.s.i.PluginManager] Initializing plugin 'dependencies-plugin'
[INFO ] 2023-09-19 23:08:49,926 [repository-manager-0 | c.o.t.s.i.PluginManager] Initializing plugin 'direct'
[INFO ] 2023-09-19 23:08:49,926 [repository-manager-0 | c.o.t.s.i.PluginManager] Initializing plugin 'elasticsearch-connector'
[INFO ] 2023-09-19 23:08:49,958 [repository-manager-0 | c.o.t.s.i.PluginManager] Initializing plugin 'entity-change'
[INFO ] 2023-09-19 23:08:49,974 [repository-manager-0 | c.o.t.s.i.PluginManager] Initializing plugin 'expose-entity'
[INFO ] 2023-09-19 23:08:49,974 [repository-manager-0 | c.o.t.s.i.PluginManager] Initializing plugin 'geospatial'
[INFO ] 2023-09-19 23:08:49,974 [repository-manager-0 | c.o.t.p.g.GeoSpatialPlugin] Plugin:geospatial initialized
[INFO ] 2023-09-19 23:08:49,974 [repository-manager-0 | c.o.t.s.i.PluginManager] Initializing plugin 'history'
[INFO ] 2023-09-19 23:08:49,991 [repository-manager-0 | c.o.t.s.i.PluginManager] Initializing plugin 'kafka-connector'
[INFO ] 2023-09-19 23:08:50,015 [repository-manager-0 | c.o.t.s.i.PluginManager] Initializing plugin 'literals-index'
[INFO ] 2023-09-19 23:08:50,015 [repository-manager-0 | c.o.c.AbstractParameter] Configured parameter 'enable-fts-index' to default value 'false'
[INFO ] 2023-09-19 23:08:50,015 [repository-manager-0 | c.o.p.literals-index] Full-text search functionality is disabled
[INFO ] 2023-09-19 23:08:50,031 [repository-manager-0 | c.o.p.literals-index] Literals indices restored.
[INFO ] 2023-09-19 23:08:50,039 [repository-manager-0 | c.o.t.s.i.PluginManager] Initializing plugin 'lucene-connector'
[INFO ] 2023-09-19 23:08:50,056 [repository-manager-0 | c.o.t.s.i.PluginManager] Initializing plugin 'magic-predicates'
[INFO ] 2023-09-19 23:08:50,064 [repository-manager-0 | c.o.t.s.i.PluginManager] Initializing plugin 'mongodb'
[INFO ] 2023-09-19 23:08:50,064 [repository-manager-0 | c.o.t.s.i.PluginManager] Initializing plugin 'notifications'
[INFO ] 2023-09-19 23:08:50,064 [repository-manager-0 | c.o.t.s.i.PluginManager] Initializing plugin 'notifications-logger'
[INFO ] 2023-09-19 23:08:50,064 [repository-manager-0 | c.o.t.s.i.PluginManager] Initializing plugin 'opensearch-connector'
[INFO ] 2023-09-19 23:08:50,080 [repository-manager-0 | c.o.t.s.i.PluginManager] Initializing plugin 'plugincontrol'
[INFO ] 2023-09-19 23:08:50,080 [repository-manager-0 | c.o.t.p.p.PluginControlPlugin] Plugin:plugincontrol initialized
[INFO ] 2023-09-19 23:08:50,080 [repository-manager-0 | c.o.t.s.i.PluginManager] Initializing plugin 'proof'
[INFO ] 2023-09-19 23:08:50,088 [repository-manager-0 | c.o.t.s.i.PluginManager] Initializing plugin 'rdfrank'
[INFO ] 2023-09-19 23:08:50,096 [repository-manager-0 | c.o.t.s.i.PluginManager] Initializing plugin 'script'
[INFO ] 2023-09-19 23:08:50,096 [repository-manager-0 | c.o.t.s.i.PluginManager] Initializing plugin 'sequences'
[INFO ] 2023-09-19 23:08:50,096 [repository-manager-0 | c.o.t.s.i.PluginManager] Initializing plugin 'similarity'
[INFO ] 2023-09-19 23:08:50,823 [repository-manager-0 | c.o.t.s.i.PluginManager] Initializing plugin 'solr-connector'
[INFO ] 2023-09-19 23:08:50,839 [repository-manager-0 | c.o.t.s.i.PluginManager] Initializing plugin 'sparql-mm'
[INFO ] 2023-09-19 23:08:50,872 [repository-manager-0 | c.o.g.s.FunctionLoader] Registered 58 functions from package com.github.tkurz.sparqlmm.function.
[INFO ] 2023-09-19 23:08:50,872 [repository-manager-0 | c.o.t.s.i.PluginManager] Initializing plugin 'sparql-template'
[INFO ] 2023-09-19 23:08:50,872 [repository-manager-0 | c.o.t.s.i.PluginManager] Initializing plugin 'text-mining'
[INFO ] 2023-09-19 23:08:50,872 [repository-manager-0 | c.o.t.s.i.PluginManager] Initializing plugin 'tx-rollback'
[INFO ] 2023-09-19 23:08:50,872 [repository-manager-0 | c.o.t.s.i.PluginManager] Initializing plugin 'utils'
[INFO ] 2023-09-19 23:08:51,599 [repository-manager-0 | c.o.t.s.i.PluginManager] Finished initializing plugins
[INFO ] 2023-09-19 23:08:51,599 [repository-manager-0 | c.o.t.MemoryConfig] Configured global page cache size to 1004.0M
[INFO ] 2023-09-19 23:08:51,599 [repository-manager-0 | c.o.t.MemoryConfig] Configured global page cache size to 1004.0M
[INFO ] 2023-09-19 23:08:51,754 [repository-manager-0 | c.o.c.AbstractParameter] Configured parameter 'do.resolve.entities' to default value 'true'
[INFO ] 2023-09-19 23:08:51,762 [repository-manager-0 | c.o.c.AbstractParameter] Configured parameter 'do.load.data' to default value 'true'
[INFO ] 2023-09-19 23:08:51,762 [repository-manager-0 | c.o.r.p.ParallelLoader] Data will be parsed + resolved + loaded.
[INFO ] 2023-09-19 23:08:51,762 [repository-manager-0 | c.o.c.AbstractParameter] Configured parameter 'graphdb.persistent.parallel.inferencers' to default value 'false'
[INFO ] 2023-09-19 23:08:51,875 [repositories/LODEdo_endpoint | c.o.g.s.StatementsController] POST data to repository
[INFO ] 2023-09-19 23:08:51,899 [repositories/LODEdo_endpoint | c.o.c.AbstractParameter] Configured parameter 'custom.validation.queries.file' to default value 'null'
[INFO ] 2023-09-19 23:08:51,939 [repositories/LODEdo_endpoint | c.o.t.i.FileSystemHealth] Active locations health:
[INFO ] 2023-09-19 23:08:51,956 [repositories/LODEdo_endpoint | c.o.t.i.FileSystemHealth] C:\Users\valep\Documents\GitHub\lodedo\graphDB\graphdb-10.3.2\logs: 25.0% (OK)
[INFO ] 2023-09-19 23:08:51,972 [repositories/LODEdo_endpoint | c.o.t.i.FileSystemHealth] C:\Users\valep\Documents\GitHub\lodedo\graphDB\graphdb-10.3.2\work: 25.0% (OK)
[INFO ] 2023-09-19 23:08:51,991 [repositories/LODEdo_endpoint | c.o.t.i.FileSystemHealth] C:\Users\valep\Documents\GitHub\lodedo\graphDB\graphdb-10.3.2\data\repositories\LODEdo_endpoint: 25.0% (OK)
[INFO ] 2023-09-19 23:08:53,103 [repositories/LODEdo_endpoint | c.o.g.s.StatementsController] POST data to repository
[INFO ] 2023-09-19 23:09:04,048 [repositories/LODEdo_endpoint | c.o.g.s.StatementsController] POST data to repository
[INFO ] 2023-09-19 23:09:04,492 [repositories/LODEdo_endpoint | c.o.g.s.StatementsController] POST data to repository
[INFO ] 2023-09-19 23:09:11,083 [repositories/LODEdo_endpoint | c.o.g.s.StatementsController] POST data to repository
[INFO ] 2023-09-19 23:09:11,291 [repositories/LODEdo_endpoint | c.o.g.s.StatementsController] POST data to repository
[INFO ] 2023-09-19 23:09:11,469 [repositories/LODEdo_endpoint | c.o.g.s.StatementsController] POST data to repository
[INFO ] 2023-09-19 23:09:29,741 [repositories/LODEdo_endpoint | c.o.g.s.h.GraphDBQueryResultHandler] POST query -1227768325
[INFO ] 2023-09-19 23:09:29,741 [repositories/LODEdo_endpoint | c.o.g.s.h.GraphDBQueryResultHandler] POST query -1227768325
[INFO ] 2023-09-19 23:09:29,929 [repositories/LODEdo_endpoint | c.o.c.AbstractParameter] Configured parameter 'deduplicate.construct' to default value 'true'
[WARN ] 2023-09-19 23:09:29,989 [repositories/LODEdo_endpoint | o.e.r.q.a.e.f.TupleFunctionRegistry] New service class org.eclipse.rdf4j.spin.function.apf.StrSplit replaces existing service class com.ontotext.trree.query.functions.apf.old.StrSplitOld
[WARN ] 2023-09-19 23:09:29,989 [repositories/LODEdo_endpoint | o.e.r.q.a.e.f.TupleFunctionRegistry] New service class org.eclipse.rdf4j.spin.function.apf.ConcatTupleFunction replaces existing service class com.ontotext.trree.query.functions.apf.old.ConcatOld
[WARN ] 2023-09-19 23:09:29,997 [repositories/LODEdo_endpoint | o.e.r.q.a.e.f.TupleFunctionRegistry] New service class org.eclipse.rdf4j.spin.function.list.Member replaces existing service class com.ontotext.trree.query.functions.list.old.MemberOld
[WARN ] 2023-09-19 23:09:29,997 [repositories/LODEdo_endpoint | o.e.r.q.a.e.f.TupleFunctionRegistry] New service class org.eclipse.rdf4j.spin.function.list.Index replaces existing service class com.ontotext.trree.query.functions.list.old.IndexOld
[WARN ] 2023-09-19 23:09:29,997 [repositories/LODEdo_endpoint | o.e.r.q.a.e.f.TupleFunctionRegistry] New service class org.eclipse.rdf4j.spin.function.list.Length replaces existing service class com.ontotext.trree.query.functions.list.old.LengthOld
[INFO ] 2023-09-19 23:09:30,053 [repositories/LODEdo_endpoint | c.o.c.AbstractParameter] Configured parameter 'reuse.vars.in.subselects' to default value 'true'
[INFO ] 2023-09-19 23:09:30,086 [repositories/LODEdo_endpoint | c.o.c.AbstractParameter] Configured parameter 'in-clause-max-members' to default value '16'
[INFO ] 2023-09-19 23:09:30,086 [repositories/LODEdo_endpoint | c.o.c.AbstractParameter] Configured parameter 'query.convert.values.clause' to default value 'true'
[INFO ] 2023-09-19 23:09:30,110 [repositories/LODEdo_endpoint | c.o.c.AbstractParameter] Configured parameter 'hash.join' to default value 'false'
[INFO ] 2023-09-19 23:09:30,110 [repositories/LODEdo_endpoint | c.o.c.AbstractParameter] Configured parameter 'merge.join' to default value 'false'
[INFO ] 2023-09-19 23:09:30,126 [repositories/LODEdo_endpoint | c.o.c.AbstractParameter] Configured parameter 'default.min.distinct.threshold' to default value '250.0M'
[INFO ] 2023-09-19 23:09:30,236 [repositories/LODEdo_endpoint | c.o.g.s.TupleQueryResultView] Request for query -1227768325 is finished
[INFO ] 2023-09-19 23:09:30,248 [repositories/LODEdo_endpoint | c.o.g.s.h.GraphDBQueryResultHandler] POST query 1907994824
[INFO ] 2023-09-19 23:09:30,256 [repositories/LODEdo_endpoint | c.o.g.s.TupleQueryResultView] Request for query -1227768325 is finished
[INFO ] 2023-09-19 23:09:30,264 [repositories/LODEdo_endpoint | c.o.g.s.h.GraphDBQueryResultHandler] POST query 1907994824
[INFO ] 2023-09-19 23:09:30,539 [repositories/LODEdo_endpoint | c.o.g.s.TupleQueryResultView] Request for query 1907994824 is finished
[INFO ] 2023-09-19 23:09:30,547 [repositories/LODEdo_endpoint | c.o.g.s.h.GraphDBQueryResultHandler] POST query -327920089
[INFO ] 2023-09-19 23:09:30,662 [repositories/LODEdo_endpoint | c.o.g.s.TupleQueryResultView] Request for query 1907994824 is finished
[INFO ] 2023-09-19 23:09:30,670 [repositories/LODEdo_endpoint | c.o.g.s.TupleQueryResultView] Request for query -327920089 is finished
[INFO ] 2023-09-19 23:09:30,678 [repositories/LODEdo_endpoint | c.o.g.s.h.GraphDBQueryResultHandler] POST query -661683101
[INFO ] 2023-09-19 23:09:30,678 [repositories/LODEdo_endpoint | c.o.g.s.h.GraphDBQueryResultHandler] POST query -327920089
[INFO ] 2023-09-19 23:09:30,688 [repositories/LODEdo_endpoint | c.o.g.s.TupleQueryResultView] Request for query -327920089 is finished
[INFO ] 2023-09-19 23:09:30,688 [repositories/LODEdo_endpoint | c.o.g.s.h.GraphDBQueryResultHandler] POST query -661683101
[INFO ] 2023-09-19 23:09:30,849 [repositories/LODEdo_endpoint | c.o.g.s.TupleQueryResultView] Request for query -661683101 is finished
[INFO ] 2023-09-19 23:09:30,857 [repositories/LODEdo_endpoint | c.o.g.s.h.GraphDBQueryResultHandler] POST query -525102025
[INFO ] 2023-09-19 23:09:30,954 [repositories/LODEdo_endpoint | c.o.g.s.TupleQueryResultView] Request for query -661683101 is finished
[INFO ] 2023-09-19 23:09:30,962 [repositories/LODEdo_endpoint | c.o.g.s.h.GraphDBQueryResultHandler] POST query -525102025
[INFO ] 2023-09-19 23:09:31,049 [repositories/LODEdo_endpoint | c.o.g.s.TupleQueryResultView] Request for query -525102025 is finished
[INFO ] 2023-09-19 23:09:31,057 [repositories/LODEdo_endpoint | c.o.g.s.h.GraphDBQueryResultHandler] POST query 2142927608
[INFO ] 2023-09-19 23:09:31,097 [repositories/LODEdo_endpoint | c.o.g.s.TupleQueryResultView] Request for query -525102025 is finished
[INFO ] 2023-09-19 23:09:31,106 [repositories/LODEdo_endpoint | c.o.g.s.h.GraphDBQueryResultHandler] POST query 2142927608
[INFO ] 2023-09-19 23:09:31,130 [repositories/LODEdo_endpoint | c.o.g.s.TupleQueryResultView] Request for query 2142927608 is finished
[INFO ] 2023-09-19 23:09:31,138 [repositories/LODEdo_endpoint | c.o.g.s.h.GraphDBQueryResultHandler] POST query 269709614
[INFO ] 2023-09-19 23:09:31,186 [repositories/LODEdo_endpoint | c.o.g.s.TupleQueryResultView] Request for query 2142927608 is finished
[INFO ] 2023-09-19 23:09:31,194 [repositories/LODEdo_endpoint | c.o.g.s.h.GraphDBQueryResultHandler] POST query 269709614
[INFO ] 2023-09-19 23:09:31,267 [repositories/LODEdo_endpoint | c.o.g.s.TupleQueryResultView] Request for query 269709614 is finished
[INFO ] 2023-09-19 23:09:31,371 [repositories/LODEdo_endpoint | c.o.g.s.TupleQueryResultView] Request for query 269709614 is finished
[INFO ] 2023-09-19 23:09:43,611 [repositories/LODEdo_endpoint | c.o.g.s.h.GraphDBQueryResultHandler] POST query -1227768325
[INFO ] 2023-09-19 23:09:43,622 [repositories/LODEdo_endpoint | c.o.g.s.TupleQueryResultView] Request for query -1227768325 is finished
[INFO ] 2023-09-19 23:09:43,624 [repositories/LODEdo_endpoint | c.o.g.s.h.GraphDBQueryResultHandler] POST query 1907994824
[INFO ] 2023-09-19 23:09:43,689 [repositories/LODEdo_endpoint | c.o.g.s.TupleQueryResultView] Request for query 1907994824 is finished
[INFO ] 2023-09-19 23:09:43,713 [repositories/LODEdo_endpoint | c.o.g.s.h.GraphDBQueryResultHandler] POST query -327920089
[INFO ] 2023-09-19 23:09:43,721 [repositories/LODEdo_endpoint | c.o.g.s.TupleQueryResultView] Request for query -327920089 is finished
[INFO ] 2023-09-19 23:09:43,729 [repositories/LODEdo_endpoint | c.o.g.s.h.GraphDBQueryResultHandler] POST query -661683101
[INFO ] 2023-09-19 23:09:43,827 [repositories/LODEdo_endpoint | c.o.g.s.TupleQueryResultView] Request for query -661683101 is finished
[INFO ] 2023-09-19 23:09:43,854 [repositories/LODEdo_endpoint | c.o.g.s.h.GraphDBQueryResultHandler] POST query -525102025
[INFO ] 2023-09-19 23:09:43,947 [repositories/LODEdo_endpoint | c.o.g.s.TupleQueryResultView] Request for query -525102025 is finished
[INFO ] 2023-09-19 23:09:43,954 [repositories/LODEdo_endpoint | c.o.g.s.h.GraphDBQueryResultHandler] POST query 2142927608
[INFO ] 2023-09-19 23:09:44,022 [repositories/LODEdo_endpoint | c.o.g.s.TupleQueryResultView] Request for query 2142927608 is finished
[INFO ] 2023-09-19 23:09:44,030 [repositories/LODEdo_endpoint | c.o.g.s.h.GraphDBQueryResultHandler] POST query 269709614
[INFO ] 2023-09-19 23:09:44,120 [repositories/LODEdo_endpoint | c.o.g.s.TupleQueryResultView] Request for query 269709614 is finished
[INFO ] 2023-09-19 23:09:44,168 [repositories/LODEdo_endpoint | c.o.g.s.h.GraphDBQueryResultHandler] POST query 78335460
[INFO ] 2023-09-19 23:09:44,240 [repositories/LODEdo_endpoint | c.o.g.s.TupleQueryResultView] Request for query 78335460 is finished
[INFO ] 2023-09-19 23:09:46,550 [repositories/LODEdo_endpoint | c.o.g.s.h.GraphDBQueryResultHandler] POST query 558561539
[INFO ] 2023-09-19 23:09:46,558 [repositories/LODEdo_endpoint | c.o.g.s.TupleQueryResultView] Request for query 558561539 is finished
[INFO ] 2023-09-19 23:09:46,558 [repositories/LODEdo_endpoint | c.o.g.s.h.GraphDBQueryResultHandler] POST query 1792408793
[INFO ] 2023-09-19 23:09:46,575 [repositories/LODEdo_endpoint | c.o.g.s.TupleQueryResultView] Request for query 1792408793 is finished
[INFO ] 2023-09-19 23:09:46,587 [repositories/LODEdo_endpoint | c.o.g.s.h.GraphDBQueryResultHandler] POST query 1257739667
[INFO ] 2023-09-19 23:09:46,606 [repositories/LODEdo_endpoint | c.o.g.s.TupleQueryResultView] Request for query 1257739667 is finished
[INFO ] 2023-09-19 23:09:46,607 [repositories/LODEdo_endpoint | c.o.g.s.h.GraphDBQueryResultHandler] POST query 1968780852
[INFO ] 2023-09-19 23:09:46,696 [repositories/LODEdo_endpoint | c.o.g.s.TupleQueryResultView] Request for query 1968780852 is finished
[INFO ] 2023-09-19 23:09:54,248 [repositories/LODEdo_endpoint | c.o.g.s.h.GraphDBQueryResultHandler] POST query -1227768325
[INFO ] 2023-09-19 23:09:54,265 [repositories/LODEdo_endpoint | c.o.g.s.TupleQueryResultView] Request for query -1227768325 is finished
[INFO ] 2023-09-19 23:09:54,272 [repositories/LODEdo_endpoint | c.o.g.s.h.GraphDBQueryResultHandler] POST query 1907994824
[INFO ] 2023-09-19 23:09:54,388 [repositories/LODEdo_endpoint | c.o.g.s.TupleQueryResultView] Request for query 1907994824 is finished
[INFO ] 2023-09-19 23:09:54,435 [repositories/LODEdo_endpoint | c.o.g.s.h.GraphDBQueryResultHandler] POST query -327920089
[INFO ] 2023-09-19 23:09:54,444 [repositories/LODEdo_endpoint | c.o.g.s.TupleQueryResultView] Request for query -327920089 is finished
[INFO ] 2023-09-19 23:09:54,451 [repositories/LODEdo_endpoint | c.o.g.s.h.GraphDBQueryResultHandler] POST query -661683101
[INFO ] 2023-09-19 23:09:54,533 [repositories/LODEdo_endpoint | c.o.g.s.TupleQueryResultView] Request for query -661683101 is finished
[INFO ] 2023-09-19 23:09:54,549 [repositories/LODEdo_endpoint | c.o.g.s.h.GraphDBQueryResultHandler] POST query -525102025
[INFO ] 2023-09-19 23:09:54,623 [repositories/LODEdo_endpoint | c.o.g.s.TupleQueryResultView] Request for query -525102025 is finished
[INFO ] 2023-09-19 23:09:54,638 [repositories/LODEdo_endpoint | c.o.g.s.h.GraphDBQueryResultHandler] POST query 2142927608
[INFO ] 2023-09-19 23:09:54,672 [repositories/LODEdo_endpoint | c.o.g.s.TupleQueryResultView] Request for query 2142927608 is finished
[INFO ] 2023-09-19 23:09:54,688 [repositories/LODEdo_endpoint | c.o.g.s.h.GraphDBQueryResultHandler] POST query 269709614
[INFO ] 2023-09-19 23:09:54,755 [repositories/LODEdo_endpoint | c.o.g.s.TupleQueryResultView] Request for query 269709614 is finished
[INFO ] 2023-09-19 23:09:57,560 [repositories/LODEdo_endpoint | c.o.g.s.h.GraphDBQueryResultHandler] POST query 1049268739
[INFO ] 2023-09-19 23:09:57,568 [repositories/LODEdo_endpoint | c.o.g.s.TupleQueryResultView] Request for query 1049268739 is finished
[INFO ] 2023-09-19 23:09:57,576 [repositories/LODEdo_endpoint | c.o.g.s.h.GraphDBQueryResultHandler] POST query -1995889639
[INFO ] 2023-09-19 23:09:57,584 [repositories/LODEdo_endpoint | c.o.g.s.TupleQueryResultView] Request for query -1995889639 is finished
[INFO ] 2023-09-19 23:09:57,590 [repositories/LODEdo_endpoint | c.o.g.s.h.GraphDBQueryResultHandler] POST query 1709507795
[INFO ] 2023-09-19 23:09:57,600 [repositories/LODEdo_endpoint | c.o.g.s.TupleQueryResultView] Request for query 1709507795 is finished
[INFO ] 2023-09-19 23:09:57,608 [repositories/LODEdo_endpoint | c.o.g.s.h.GraphDBQueryResultHandler] POST query -587371532
[INFO ] 2023-09-19 23:09:57,632 [repositories/LODEdo_endpoint | c.o.g.s.TupleQueryResultView] Request for query -587371532 is finished
[INFO ] 2023-09-19 23:10:02,144 [repositories/LODEdo_endpoint | c.o.g.s.h.GraphDBQueryResultHandler] POST query -1227768325
[INFO ] 2023-09-19 23:10:02,155 [repositories/LODEdo_endpoint | c.o.g.s.TupleQueryResultView] Request for query -1227768325 is finished
[INFO ] 2023-09-19 23:10:02,158 [repositories/LODEdo_endpoint | c.o.g.s.h.GraphDBQueryResultHandler] POST query 1907994824
[INFO ] 2023-09-19 23:10:02,217 [repositories/LODEdo_endpoint | c.o.g.s.TupleQueryResultView] Request for query 1907994824 is finished
[INFO ] 2023-09-19 23:10:02,236 [repositories/LODEdo_endpoint | c.o.g.s.h.GraphDBQueryResultHandler] POST query -327920089
[INFO ] 2023-09-19 23:10:02,245 [repositories/LODEdo_endpoint | c.o.g.s.TupleQueryResultView] Request for query -327920089 is finished
[INFO ] 2023-09-19 23:10:02,253 [repositories/LODEdo_endpoint | c.o.g.s.h.GraphDBQueryResultHandler] POST query -661683101
[INFO ] 2023-09-19 23:10:02,321 [repositories/LODEdo_endpoint | c.o.g.s.TupleQueryResultView] Request for query -661683101 is finished
[INFO ] 2023-09-19 23:10:02,330 [repositories/LODEdo_endpoint | c.o.g.s.h.GraphDBQueryResultHandler] POST query -525102025
[INFO ] 2023-09-19 23:10:02,395 [repositories/LODEdo_endpoint | c.o.g.s.TupleQueryResultView] Request for query -525102025 is finished
[INFO ] 2023-09-19 23:10:02,404 [repositories/LODEdo_endpoint | c.o.g.s.h.GraphDBQueryResultHandler] POST query 2142927608
[INFO ] 2023-09-19 23:10:02,442 [repositories/LODEdo_endpoint | c.o.g.s.TupleQueryResultView] Request for query 2142927608 is finished
[INFO ] 2023-09-19 23:10:02,444 [repositories/LODEdo_endpoint | c.o.g.s.h.GraphDBQueryResultHandler] POST query 269709614
[INFO ] 2023-09-19 23:10:02,509 [repositories/LODEdo_endpoint | c.o.g.s.TupleQueryResultView] Request for query 269709614 is finished
