[INFO ] 2023-09-25 10:03:32,405 [main | c.o.g.Config] Using 'file:/C:/Users/valep/Documents/GitHub/lodedo/graphDB/graphdb-10.3.2/conf/logback.xml' as logback's configuration file
[INFO ] 2023-09-25 10:03:32,816 [main | c.o.g.s.GraphDB] Starting GraphDB in workbench mode.
[INFO ] 2023-09-25 10:03:48,987 [main | c.o.g.Config] GraphDB Home directory: C:\Users\valep\Documents\GitHub\lodedo\graphDB\graphdb-10.3.2
[INFO ] 2023-09-25 10:03:48,987 [main | c.o.g.Config] GraphDB Config directory: C:\Users\valep\Documents\GitHub\lodedo\graphDB\graphdb-10.3.2\conf
[INFO ] 2023-09-25 10:03:48,987 [main | c.o.g.Config] GraphDB Data directory: C:\Users\valep\Documents\GitHub\lodedo\graphDB\graphdb-10.3.2\data
[INFO ] 2023-09-25 10:03:48,987 [main | c.o.g.Config] GraphDB Work directory: C:\Users\valep\Documents\GitHub\lodedo\graphDB\graphdb-10.3.2\work
[INFO ] 2023-09-25 10:03:48,991 [main | c.o.g.Config] GraphDB Logs directory: C:\Users\valep\Documents\GitHub\lodedo\graphDB\graphdb-10.3.2\logs
[INFO ] 2023-09-25 10:03:50,377 [main | c.o.g.r.s.SecurityUtil] Cluster gRPC server security is disabled
[INFO ] 2023-09-25 10:03:51,437 [main | c.o.f.c.s.r.GraphDBRpcServer] Started gRPC server on port 7300 successfully
[WARN ] 2023-09-25 10:03:52,773 [main | o.e.r.s.h.DirectoryLockManager] Removing invalid lock 27580@BOOK-L3J56CHT5G
[WARN ] 2023-09-25 10:03:58,420 [main | o.a.c.u.SessionIdGeneratorBase] Creation of SecureRandom instance for session ID generation using [SHA1PRNG] took [526] milliseconds.
[INFO ] 2023-09-25 10:03:59,021 [main | c.o.g.s.GraphDB] Started GraphDB in workbench mode at port 7200.
[INFO ] 2023-09-25 10:04:04,822 [repository-manager-0 | c.o.t.OwlimSchemaRepository] Version: 10.3, revision: 2089190103
[INFO ] 2023-09-25 10:04:04,824 [repository-manager-0 | c.o.t.OwlimSchemaRepository] Build date: Fri Sep 01 15:00:09 CEST 2023
[INFO ] 2023-09-25 10:04:04,837 [repository-manager-0 | c.o.t.OwlimSchemaRepository] Started repository LODEdo_endpoint in READ/WRITE mode.
[INFO ] 2023-09-25 10:04:04,851 [repository-manager-0 | c.o.c.AbstractParameter] Configured parameter 'partialRDFS' to default value 'false'
[INFO ] 2023-09-25 10:04:04,851 [repository-manager-0 | c.o.c.AbstractParameter] Configured parameter 'transaction-isolation' to default value 'true'
[INFO ] 2023-09-25 10:04:04,854 [repository-manager-0 | c.o.c.AbstractParameter] Configured parameter 'checkForValidPropertiesAndClasses' to default value 'false'
[INFO ] 2023-09-25 10:04:04,854 [repository-manager-0 | c.o.c.AbstractParameter] Configured parameter 'transaction-mode' to default value 'safe'
[INFO ] 2023-09-25 10:04:04,854 [repository-manager-0 | c.o.c.AbstractParameter] Configured parameter 'entity-pool-implementation' to default value 'transactional'
[INFO ] 2023-09-25 10:04:04,854 [repository-manager-0 | c.o.c.AbstractParameter] Configured parameter 'useShutdownHooks' to default value 'true'
[INFO ] 2023-09-25 10:04:04,871 [repository-manager-0 | c.o.GraphDBConfigParameters] Cache pages for tuples: 7829
[INFO ] 2023-09-25 10:04:04,871 [repository-manager-0 | c.o.GraphDBConfigParameters] Cache pages for predicates: 1118
[INFO ] 2023-09-25 10:04:04,871 [repository-manager-0 | c.o.c.AbstractParameter] Configured parameter 'graphdb.global.page.cache' to default value 'true'
[INFO ] 2023-09-25 10:04:04,913 [repository-manager-0 | c.o.t.OwlimSchemaRepository] Detected unclean shutdown
[INFO ] 2023-09-25 10:04:04,921 [repository-manager-0 | c.o.t.OwlimSchemaRepository] Removing old inference file C:\Users\valep\Documents\GitHub\lodedo\graphDB\graphdb-10.3.2\data\repositories\LODEdo_endpoint\storage\stack-2854452c and freeing 0 bytes
[INFO ] 2023-09-25 10:04:04,926 [repository-manager-0 | c.o.t.OwlimSchemaRepository] Removing old inference file C:\Users\valep\Documents\GitHub\lodedo\graphDB\graphdb-10.3.2\data\repositories\LODEdo_endpoint\storage\stack-2854452c-del and freeing 0 bytes
[INFO ] 2023-09-25 10:04:04,926 [repository-manager-0 | c.o.t.OwlimSchemaRepository] Removing old inference file C:\Users\valep\Documents\GitHub\lodedo\graphDB\graphdb-10.3.2\data\repositories\LODEdo_endpoint\storage\stack-2854452c-del1 and freeing 0 bytes
[INFO ] 2023-09-25 10:04:04,930 [repository-manager-0 | c.o.t.OwlimSchemaRepository] Removing old inference file C:\Users\valep\Documents\GitHub\lodedo\graphDB\graphdb-10.3.2\data\repositories\LODEdo_endpoint\storage\stack-2854452c-del2 and freeing 0 bytes
[INFO ] 2023-09-25 10:04:04,930 [repository-manager-0 | c.o.t.OwlimSchemaRepository] Removing old inference file C:\Users\valep\Documents\GitHub\lodedo\graphDB\graphdb-10.3.2\data\repositories\LODEdo_endpoint\storage\stack-2854452c-expl-restore and freeing 0 bytes
[INFO ] 2023-09-25 10:04:04,934 [repository-manager-0 | c.o.c.AbstractParameter] Configured parameter 'graphdb.epool.onheap' to default value 'false'
[INFO ] 2023-09-25 10:04:04,934 [repository-manager-0 | c.o.c.AbstractParameter] Configured parameter 'graphdb.page.cache.size' to default value '1004.0M'
[INFO ] 2023-09-25 10:04:04,935 [repository-manager-0 | c.o.t.MemoryConfig] Configured global page cache size to 1004.0M
[INFO ] 2023-09-25 10:04:04,936 [repository-manager-0 | c.o.t.e.EntityPoolFactory] Using entity pool implementation: transactional-disk
[INFO ] 2023-09-25 10:04:04,940 [repository-manager-0 | c.o.c.AbstractParameter] Configured parameter 'epool.connection.cache.size' to default value '2000'
[INFO ] 2023-09-25 10:04:04,952 [repository-manager-0 | c.o.c.AbstractParameter] Configured parameter 'graphdb.epool.onheap' to default value 'false'
[INFO ] 2023-09-25 10:04:04,989 [repository-manager-0 | c.o.t.e.i.m.PersistedHashMap] Restoring entity hash table...
[INFO ] 2023-09-25 10:04:05,161 [repository-manager-0 | c.o.t.e.i.m.PersistedHashMap] Restored 170600 entities allocating 12.0 MB
[INFO ] 2023-09-25 10:04:05,166 [repository-manager-0 | c.o.t.e.i.m.PersistedHashMap] Done in 167 ms.
[INFO ] 2023-09-25 10:04:05,236 [repository-manager-0 | c.o.c.AbstractParameter] Configured parameter 'enable-pool-reversecache' to default value 'true'
[INFO ] 2023-09-25 10:04:05,247 [repository-manager-0 | c.o.t.e.u.EntityPoolRestoreUtil] Begin restoring from persistence: hashmap types array
[INFO ] 2023-09-25 10:04:05,726 [repository-manager-0 | c.o.t.e.u.EntityPoolRestoreUtil] Done in 475ms.
[INFO ] 2023-09-25 10:04:05,742 [repository-manager-0 | c.o.c.AbstractParameter] Configured parameter 'allow-system-entities-as-data' to default value 'false'
[INFO ] 2023-09-25 10:04:05,746 [repository-manager-0 | c.o.t.u.l.LimitedObjectCacheFactory] Using LRU cache type: synch
[INFO ] 2023-09-25 10:04:05,763 [repository-manager-0 | c.o.c.AbstractParameter] Configured parameter 'cache-ratio-so-os-cso-cos' to default value '[50, 50, 50]'
[INFO ] 2023-09-25 10:04:05,829 [repository-manager-0 | c.o.c.AbstractParameter] Configured parameter 'graphdb.global.page.cache' to default value 'true'
[INFO ] 2023-09-25 10:04:05,833 [repository-manager-0 | c.o.c.AbstractParameter] Configured parameter 'graphdb.page.cache.size' to default value '1004.0M'
[INFO ] 2023-09-25 10:04:06,172 [repository-manager-0 | c.o.c.AbstractParameter] Configured parameter 'virtual.repository.mode' to default value 'false'
[WARN ] 2023-09-25 10:04:06,361 [repository-manager-0 | c.o.t.OwlimSchemaRepository] Rule list configuration present, it will override all other rule sets parameters!
[INFO ] 2023-09-25 10:04:06,403 [repository-manager-0 | c.o.c.AbstractParameter] Configured parameter 'epool.journal.buffer.size' to default value '1024'
[INFO ] 2023-09-25 10:04:06,427 [repository-manager-0 | c.o.c.AbstractParameter] Configured parameter 'enable-debug-rules' to default value 'false'
[INFO ] 2023-09-25 10:04:06,455 [repository-manager-0 | c.o.t.InferencerFactory] ruleSet=rdfs, partialRdfs=false
[INFO ] 2023-09-25 10:04:06,468 [repository-manager-0 | c.o.c.AbstractParameter] Configured parameter 'filter.obj.only.hint' to default value 'true'
[INFO ] 2023-09-25 10:04:06,545 [repository-manager-0 | c.o.c.AbstractParameter] Configured parameter 'check.pred.stats' to default value 'false'
[INFO ] 2023-09-25 10:04:06,595 [repository-manager-0 | c.o.c.AbstractParameter] Configured parameter 'disable-plugins' to default value '[]'
[INFO ] 2023-09-25 10:04:06,595 [repository-manager-0 | c.o.c.AbstractParameter] Configured parameter 'skip-default-plugins' to default value 'false'
[INFO ] 2023-09-25 10:04:06,595 [repository-manager-0 | c.o.t.OwlimSchemaRepository] Searching for plugins available in the classpath...
[INFO ] 2023-09-25 10:04:06,645 [repository-manager-0 | c.o.t.s.i.PluginManager] Registering plugin direct
[INFO ] 2023-09-25 10:04:06,645 [repository-manager-0 | c.o.t.s.i.PluginManager] Registering plugin notifications
[INFO ] 2023-09-25 10:04:06,645 [repository-manager-0 | c.o.t.s.i.PluginManager] Registering plugin expose-entity
[INFO ] 2023-09-25 10:04:06,649 [repository-manager-0 | c.o.t.s.i.PluginManager] Registering plugin literals-index
[INFO ] 2023-09-25 10:04:06,651 [repository-manager-0 | c.o.t.s.i.PluginManager] Registering plugin script
[INFO ] 2023-09-25 10:04:06,651 [repository-manager-0 | c.o.t.s.i.PluginManager] Registering plugin utils
[INFO ] 2023-09-25 10:04:06,651 [repository-manager-0 | c.o.t.s.i.PluginManager] Registering plugin plugincontrol
[INFO ] 2023-09-25 10:04:06,653 [repository-manager-0 | c.o.t.s.i.PluginManager] Registering plugin magic-predicates
[INFO ] 2023-09-25 10:04:06,653 [repository-manager-0 | c.o.t.s.i.PluginManager] Registering plugin sparql-template
[INFO ] 2023-09-25 10:04:06,654 [repository-manager-0 | c.o.c.AbstractParameter] Configured parameter 'register-plugins' to default value '[]'
[INFO ] 2023-09-25 10:04:06,661 [repository-manager-0 | c.o.GraphDBConfigParameters] Reading external plugins from C:\Users\valep\Documents\GitHub\lodedo\graphDB\graphdb-10.3.2\lib\plugins
[INFO ] 2023-09-25 10:04:06,663 [repository-manager-0 | c.o.c.AbstractParameter] Configured parameter 'register-external-plugins' to default value '[C:\Users\valep\Documents\GitHub\lodedo\graphDB\graphdb-10.3.2\lib\plugins]'
[INFO ] 2023-09-25 10:04:06,663 [repository-manager-0 | c.o.t.OwlimSchemaRepository] Registering external plugins...
[INFO ] 2023-09-25 10:04:06,666 [repository-manager-0 | c.o.t.OwlimSchemaRepository] Scanning C:\Users\valep\Documents\GitHub\lodedo\graphDB\graphdb-10.3.2\lib\plugins\autocomplete-plugin for plugins
[INFO ] 2023-09-25 10:04:06,712 [repository-manager-0 | c.o.t.s.i.PluginManager] Registering plugin autocomplete
[INFO ] 2023-09-25 10:04:06,712 [repository-manager-0 | c.o.t.OwlimSchemaRepository] Scanning C:\Users\valep\Documents\GitHub\lodedo\graphDB\graphdb-10.3.2\lib\plugins\change-tracking-plugin for plugins
[INFO ] 2023-09-25 10:04:06,720 [repository-manager-0 | c.o.t.s.i.PluginManager] Registering plugin change-tracking
[INFO ] 2023-09-25 10:04:06,720 [repository-manager-0 | c.o.t.OwlimSchemaRepository] Scanning C:\Users\valep\Documents\GitHub\lodedo\graphDB\graphdb-10.3.2\lib\plugins\dependencies-plugin for plugins
[INFO ] 2023-09-25 10:04:06,732 [repository-manager-0 | c.o.t.s.i.PluginManager] Registering plugin dependencies-plugin
[INFO ] 2023-09-25 10:04:06,732 [repository-manager-0 | c.o.t.OwlimSchemaRepository] Scanning C:\Users\valep\Documents\GitHub\lodedo\graphDB\graphdb-10.3.2\lib\plugins\elasticsearch-connector for plugins
[INFO ] 2023-09-25 10:04:06,822 [repository-manager-0 | c.o.t.s.i.PluginManager] Registering plugin elasticsearch-connector
[INFO ] 2023-09-25 10:04:06,822 [repository-manager-0 | c.o.t.OwlimSchemaRepository] Scanning C:\Users\valep\Documents\GitHub\lodedo\graphDB\graphdb-10.3.2\lib\plugins\entity-change-connector for plugins
[INFO ] 2023-09-25 10:04:06,859 [repository-manager-0 | c.o.t.s.i.PluginManager] Registering plugin entity-change
[INFO ] 2023-09-25 10:04:06,859 [repository-manager-0 | c.o.t.OwlimSchemaRepository] Scanning C:\Users\valep\Documents\GitHub\lodedo\graphDB\graphdb-10.3.2\lib\plugins\geosparql-plugin for plugins
[INFO ] 2023-09-25 10:04:06,973 [repository-manager-0 | c.o.t.s.i.PluginManager] Registering plugin GeoSPARQL
[INFO ] 2023-09-25 10:04:06,973 [repository-manager-0 | c.o.t.OwlimSchemaRepository] Scanning C:\Users\valep\Documents\GitHub\lodedo\graphDB\graphdb-10.3.2\lib\plugins\geospatial-plugin for plugins
[WARN ] 2023-09-25 10:04:07,094 [repository-manager-0 | o.e.r.q.a.e.f.FunctionRegistry] New service class org.eclipse.rdf4j.spin.function.Localname replaces existing service class com.ontotext.trree.query.functions.afn.old.Localname
[INFO ] 2023-09-25 10:04:07,138 [repository-manager-0 | c.o.t.p.g.FunctionLoader] Registered 1 functions from package com.ontotext.trree.plugin.geo.
[INFO ] 2023-09-25 10:04:07,138 [repository-manager-0 | c.o.t.s.i.PluginManager] Registering plugin geospatial
[INFO ] 2023-09-25 10:04:07,142 [repository-manager-0 | c.o.t.OwlimSchemaRepository] Scanning C:\Users\valep\Documents\GitHub\lodedo\graphDB\graphdb-10.3.2\lib\plugins\history-plugin for plugins
[INFO ] 2023-09-25 10:04:07,151 [repository-manager-0 | c.o.t.s.i.PluginManager] Registering plugin history
[INFO ] 2023-09-25 10:04:07,151 [repository-manager-0 | c.o.t.OwlimSchemaRepository] Scanning C:\Users\valep\Documents\GitHub\lodedo\graphDB\graphdb-10.3.2\lib\plugins\kafka-connector for plugins
[INFO ] 2023-09-25 10:04:07,203 [repository-manager-0 | c.o.t.s.i.PluginManager] Registering plugin kafka-connector
[INFO ] 2023-09-25 10:04:07,203 [repository-manager-0 | c.o.t.OwlimSchemaRepository] Scanning C:\Users\valep\Documents\GitHub\lodedo\graphDB\graphdb-10.3.2\lib\plugins\lucene-connector for plugins
[INFO ] 2023-09-25 10:04:07,291 [repository-manager-0 | c.o.t.s.i.PluginManager] Registering plugin lucene-connector
[INFO ] 2023-09-25 10:04:07,291 [repository-manager-0 | c.o.t.OwlimSchemaRepository] Scanning C:\Users\valep\Documents\GitHub\lodedo\graphDB\graphdb-10.3.2\lib\plugins\mongodb-plugin for plugins
[INFO ] 2023-09-25 10:04:07,308 [repository-manager-0 | c.o.t.s.i.PluginManager] Registering plugin mongodb
[INFO ] 2023-09-25 10:04:07,308 [repository-manager-0 | c.o.t.OwlimSchemaRepository] Scanning C:\Users\valep\Documents\GitHub\lodedo\graphDB\graphdb-10.3.2\lib\plugins\notifications-logger-plugin for plugins
[INFO ] 2023-09-25 10:04:07,316 [repository-manager-0 | c.o.t.s.i.PluginManager] Registering plugin notifications-logger
[INFO ] 2023-09-25 10:04:07,316 [repository-manager-0 | c.o.t.OwlimSchemaRepository] Scanning C:\Users\valep\Documents\GitHub\lodedo\graphDB\graphdb-10.3.2\lib\plugins\opensearch-connector for plugins
[INFO ] 2023-09-25 10:04:07,386 [repository-manager-0 | c.o.t.s.i.PluginManager] Registering plugin opensearch-connector
[INFO ] 2023-09-25 10:04:07,386 [repository-manager-0 | c.o.t.OwlimSchemaRepository] Scanning C:\Users\valep\Documents\GitHub\lodedo\graphDB\graphdb-10.3.2\lib\plugins\proof-plugin for plugins
[INFO ] 2023-09-25 10:04:07,394 [repository-manager-0 | c.o.t.s.i.PluginManager] Registering plugin proof
[INFO ] 2023-09-25 10:04:07,398 [repository-manager-0 | c.o.t.OwlimSchemaRepository] Scanning C:\Users\valep\Documents\GitHub\lodedo\graphDB\graphdb-10.3.2\lib\plugins\rdfrank-plugin for plugins
[INFO ] 2023-09-25 10:04:07,411 [repository-manager-0 | c.o.t.s.i.PluginManager] Registering plugin rdfrank
[INFO ] 2023-09-25 10:04:07,411 [repository-manager-0 | c.o.t.OwlimSchemaRepository] Scanning C:\Users\valep\Documents\GitHub\lodedo\graphDB\graphdb-10.3.2\lib\plugins\sequences-plugin for plugins
[INFO ] 2023-09-25 10:04:07,419 [repository-manager-0 | c.o.t.s.i.PluginManager] Registering plugin sequences
[INFO ] 2023-09-25 10:04:07,419 [repository-manager-0 | c.o.t.OwlimSchemaRepository] Scanning C:\Users\valep\Documents\GitHub\lodedo\graphDB\graphdb-10.3.2\lib\plugins\similarity-plugin for plugins
[INFO ] 2023-09-25 10:04:07,467 [repository-manager-0 | c.o.t.s.i.PluginManager] Registering plugin similarity
[INFO ] 2023-09-25 10:04:07,467 [repository-manager-0 | c.o.t.OwlimSchemaRepository] Scanning C:\Users\valep\Documents\GitHub\lodedo\graphDB\graphdb-10.3.2\lib\plugins\solr-connector for plugins
[INFO ] 2023-09-25 10:04:07,553 [repository-manager-0 | c.o.t.s.i.PluginManager] Registering plugin solr-connector
[INFO ] 2023-09-25 10:04:07,553 [repository-manager-0 | c.o.t.OwlimSchemaRepository] Scanning C:\Users\valep\Documents\GitHub\lodedo\graphDB\graphdb-10.3.2\lib\plugins\sparql-mm for plugins
[INFO ] 2023-09-25 10:04:07,557 [repository-manager-0 | c.o.t.s.i.PluginManager] Registering plugin sparql-mm
[INFO ] 2023-09-25 10:04:07,557 [repository-manager-0 | c.o.t.OwlimSchemaRepository] Scanning C:\Users\valep\Documents\GitHub\lodedo\graphDB\graphdb-10.3.2\lib\plugins\text-mining-plugin for plugins
[INFO ] 2023-09-25 10:04:07,574 [repository-manager-0 | c.o.t.s.i.PluginManager] Registering plugin text-mining
[INFO ] 2023-09-25 10:04:07,576 [repository-manager-0 | c.o.t.OwlimSchemaRepository] Scanning C:\Users\valep\Documents\GitHub\lodedo\graphDB\graphdb-10.3.2\lib\plugins\tx-rollback-plugin for plugins
[INFO ] 2023-09-25 10:04:07,578 [repository-manager-0 | c.o.t.s.i.PluginManager] Registering plugin tx-rollback
[INFO ] 2023-09-25 10:04:07,578 [repository-manager-0 | c.o.t.s.i.PluginManager] Initializing plugins... (DEFAULT)
[INFO ] 2023-09-25 10:04:07,586 [repository-manager-0 | c.o.l.LicenseRegistry] License configuration: Embedded license
[INFO ] 2023-09-25 10:04:07,586 [repository-manager-0 | c.o.l.LicenseRegistry] License file: jar:file:/C:/Users/valep/Documents/GitHub/lodedo/graphDB/graphdb-10.3.2/lib/graphdb-runtime-10.3.2.jar!/GRAPHDB_LITE.license
[INFO ] 2023-09-25 10:04:07,594 [repository-manager-0 | c.o.l.LicenseRegistry] Product:                 GRAPHDB_LITE
[INFO ] 2023-09-25 10:04:07,594 [repository-manager-0 | c.o.l.LicenseRegistry] Capabilities:            [LUCENE_CONNECTOR]
[INFO ] 2023-09-25 10:04:07,594 [repository-manager-0 | c.o.l.LicenseRegistry] Usage restriction:       null
[INFO ] 2023-09-25 10:04:07,594 [repository-manager-0 | c.o.l.LicenseRegistry] Licensee:                Freeware
[INFO ] 2023-09-25 10:04:07,594 [repository-manager-0 | c.o.l.LicenseRegistry] Permitted use:           THE SOFTWARE IS PROVIDED "AS IS", WITHOUT WARRANTY OF ANY KIND, EXPRESS OR IMPLIED, INCLUDING BUT NOT LIMITED TO THE WARRANTIES OF MERCHANTABILITY, FITNESS FOR A PARTICULAR PURPOSE AND NONINFRINGEMENT. IN NO EVENT SHALL THE AUTHORS OR COPYRIGHT HOLDERS BE LIABLE FOR ANY CLAIM, DAMAGES OR OTHER LIABILITY, WHETHER IN AN ACTION OF CONTRACT, TORT OR OTHERWISE, ARISING FROM, OUT OF OR IN CONNECTION WITH THE SOFTWARE OR THE USE OR OTHER DEALINGS IN THE SOFTWARE.
[INFO ] 2023-09-25 10:04:07,594 [repository-manager-0 | c.o.l.LicenseRegistry] Version:                 10.3
[INFO ] 2023-09-25 10:04:07,594 [repository-manager-0 | c.o.l.LicenseRegistry] Expiry date:             none
[INFO ] 2023-09-25 10:04:07,594 [repository-manager-0 | c.o.l.LicenseRegistry] Latest publication date: none
[INFO ] 2023-09-25 10:04:07,594 [repository-manager-0 | c.o.l.LicenseRegistry] Max CPU cores:           1
[INFO ] 2023-09-25 10:04:07,600 [repository-manager-0 | c.o.c.AbstractParameter] Configured parameter 'nonInterpretablePredicates' to default value 'null'
[INFO ] 2023-09-25 10:04:07,619 [repository-manager-0 | c.o.t.s.i.PluginManager] Initializing plugin 'GeoSPARQL'
[INFO ] 2023-09-25 10:04:09,552 [repository-manager-0 | c.o.t.g.FunctionLoader] Registered 50 functions from package com.useekm.geosparql.
[INFO ] 2023-09-25 10:04:09,556 [repository-manager-0 | c.o.t.s.i.PluginManager] Initializing plugin 'autocomplete'
[INFO ] 2023-09-25 10:04:09,564 [repository-manager-0 | c.o.t.p.a.AutocompletePluginUtils] >>>>>>>> AutocompletePlugin: No configuration file found at C:\Users\valep\Documents\GitHub\lodedo\graphDB\graphdb-10.3.2\data\repositories\LODEdo_endpoint\storage\autocomplete\v2\config.properties. Assuming default options for plugin.
[INFO ] 2023-09-25 10:04:09,576 [repository-manager-0 | c.o.t.s.i.PluginManager] Initializing plugin 'change-tracking'
[INFO ] 2023-09-25 10:04:09,605 [repository-manager-0 | c.o.t.s.i.PluginManager] Initializing plugin 'dependencies-plugin'
[INFO ] 2023-09-25 10:04:09,605 [repository-manager-0 | c.o.t.s.i.PluginManager] Initializing plugin 'direct'
[INFO ] 2023-09-25 10:04:09,605 [repository-manager-0 | c.o.t.s.i.PluginManager] Initializing plugin 'elasticsearch-connector'
[INFO ] 2023-09-25 10:04:09,621 [repository-manager-0 | c.o.t.s.i.PluginManager] Initializing plugin 'entity-change'
[INFO ] 2023-09-25 10:04:09,638 [repository-manager-0 | c.o.t.s.i.PluginManager] Initializing plugin 'expose-entity'
[INFO ] 2023-09-25 10:04:09,638 [repository-manager-0 | c.o.t.s.i.PluginManager] Initializing plugin 'geospatial'
[INFO ] 2023-09-25 10:04:09,642 [repository-manager-0 | c.o.t.p.g.GeoSpatialPlugin] Plugin:geospatial initialized
[INFO ] 2023-09-25 10:04:09,642 [repository-manager-0 | c.o.t.s.i.PluginManager] Initializing plugin 'history'
[INFO ] 2023-09-25 10:04:09,662 [repository-manager-0 | c.o.t.s.i.PluginManager] Initializing plugin 'kafka-connector'
[INFO ] 2023-09-25 10:04:09,683 [repository-manager-0 | c.o.t.s.i.PluginManager] Initializing plugin 'literals-index'
[INFO ] 2023-09-25 10:04:09,686 [repository-manager-0 | c.o.c.AbstractParameter] Configured parameter 'enable-fts-index' to default value 'false'
[INFO ] 2023-09-25 10:04:09,686 [repository-manager-0 | c.o.p.literals-index] Full-text search functionality is disabled
[INFO ] 2023-09-25 10:04:09,703 [repository-manager-0 | c.o.p.literals-index] Literals indices restored.
[INFO ] 2023-09-25 10:04:09,703 [repository-manager-0 | c.o.t.s.i.PluginManager] Initializing plugin 'lucene-connector'
[INFO ] 2023-09-25 10:04:09,723 [repository-manager-0 | c.o.t.s.i.PluginManager] Initializing plugin 'magic-predicates'
[INFO ] 2023-09-25 10:04:09,724 [repository-manager-0 | c.o.t.s.i.PluginManager] Initializing plugin 'mongodb'
[INFO ] 2023-09-25 10:04:09,724 [repository-manager-0 | c.o.t.s.i.PluginManager] Initializing plugin 'notifications'
[INFO ] 2023-09-25 10:04:09,728 [repository-manager-0 | c.o.t.s.i.PluginManager] Initializing plugin 'notifications-logger'
[INFO ] 2023-09-25 10:04:09,728 [repository-manager-0 | c.o.t.s.i.PluginManager] Initializing plugin 'opensearch-connector'
[INFO ] 2023-09-25 10:04:09,744 [repository-manager-0 | c.o.t.s.i.PluginManager] Initializing plugin 'plugincontrol'
[INFO ] 2023-09-25 10:04:09,744 [repository-manager-0 | c.o.t.p.p.PluginControlPlugin] Plugin:plugincontrol initialized
[INFO ] 2023-09-25 10:04:09,744 [repository-manager-0 | c.o.t.s.i.PluginManager] Initializing plugin 'proof'
[INFO ] 2023-09-25 10:04:09,744 [repository-manager-0 | c.o.t.s.i.PluginManager] Initializing plugin 'rdfrank'
[INFO ] 2023-09-25 10:04:09,753 [repository-manager-0 | c.o.t.s.i.PluginManager] Initializing plugin 'script'
[INFO ] 2023-09-25 10:04:09,757 [repository-manager-0 | c.o.t.s.i.PluginManager] Initializing plugin 'sequences'
[INFO ] 2023-09-25 10:04:09,757 [repository-manager-0 | c.o.t.s.i.PluginManager] Initializing plugin 'similarity'
[INFO ] 2023-09-25 10:04:10,466 [repository-manager-0 | c.o.t.s.i.PluginManager] Initializing plugin 'solr-connector'
[INFO ] 2023-09-25 10:04:10,482 [repository-manager-0 | c.o.t.s.i.PluginManager] Initializing plugin 'sparql-mm'
[INFO ] 2023-09-25 10:04:10,519 [repository-manager-0 | c.o.g.s.FunctionLoader] Registered 58 functions from package com.github.tkurz.sparqlmm.function.
[INFO ] 2023-09-25 10:04:10,519 [repository-manager-0 | c.o.t.s.i.PluginManager] Initializing plugin 'sparql-template'
[INFO ] 2023-09-25 10:04:10,519 [repository-manager-0 | c.o.t.s.i.PluginManager] Initializing plugin 'text-mining'
[INFO ] 2023-09-25 10:04:10,524 [repository-manager-0 | c.o.t.s.i.PluginManager] Initializing plugin 'tx-rollback'
[INFO ] 2023-09-25 10:04:10,524 [repository-manager-0 | c.o.t.s.i.PluginManager] Initializing plugin 'utils'
[INFO ] 2023-09-25 10:04:11,197 [repository-manager-0 | c.o.t.s.i.PluginManager] Finished initializing plugins
[INFO ] 2023-09-25 10:04:11,197 [repository-manager-0 | c.o.t.MemoryConfig] Configured global page cache size to 1004.0M
[INFO ] 2023-09-25 10:04:11,197 [repository-manager-0 | c.o.t.MemoryConfig] Configured global page cache size to 1004.0M
[INFO ] 2023-09-25 10:04:11,312 [repository-manager-0 | c.o.c.AbstractParameter] Configured parameter 'do.resolve.entities' to default value 'true'
[INFO ] 2023-09-25 10:04:11,316 [repository-manager-0 | c.o.c.AbstractParameter] Configured parameter 'do.load.data' to default value 'true'
[INFO ] 2023-09-25 10:04:11,317 [repository-manager-0 | c.o.r.p.ParallelLoader] Data will be parsed + resolved + loaded.
[INFO ] 2023-09-25 10:04:11,317 [repository-manager-0 | c.o.c.AbstractParameter] Configured parameter 'graphdb.persistent.parallel.inferencers' to default value 'false'
[INFO ] 2023-09-25 10:04:11,419 [repositories/LODEdo_endpoint | o.e.r.h.s.r.n.NamespacesController] GET namespace list
[INFO ] 2023-09-25 10:04:11,419 [repositories/LODEdo_endpoint | o.e.r.h.s.r.n.NamespacesController] GET namespace list
[INFO ] 2023-09-25 10:04:11,466 [repositories/LODEdo_endpoint | c.o.c.AbstractParameter] Configured parameter 'custom.validation.queries.file' to default value 'null'
[INFO ] 2023-09-25 10:04:11,497 [repositories/LODEdo_endpoint | c.o.g.s.h.GraphDBQueryResultHandler] POST query 1074974132
[INFO ] 2023-09-25 10:04:11,625 [repositories/LODEdo_endpoint | o.e.r.h.s.r.TupleQueryResultView] Request for query 3392903 is finished
[INFO ] 2023-09-25 10:04:11,625 [repositories/LODEdo_endpoint | o.e.r.h.s.r.TupleQueryResultView] Request for query 3392903 is finished
[INFO ] 2023-09-25 10:04:11,809 [repositories/LODEdo_endpoint | c.o.c.AbstractParameter] Configured parameter 'deduplicate.construct' to default value 'true'
[WARN ] 2023-09-25 10:04:11,871 [repositories/LODEdo_endpoint | o.e.r.q.a.e.f.TupleFunctionRegistry] New service class org.eclipse.rdf4j.spin.function.apf.StrSplit replaces existing service class com.ontotext.trree.query.functions.apf.old.StrSplitOld
[WARN ] 2023-09-25 10:04:11,871 [repositories/LODEdo_endpoint | o.e.r.q.a.e.f.TupleFunctionRegistry] New service class org.eclipse.rdf4j.spin.function.apf.ConcatTupleFunction replaces existing service class com.ontotext.trree.query.functions.apf.old.ConcatOld
[WARN ] 2023-09-25 10:04:11,871 [repositories/LODEdo_endpoint | o.e.r.q.a.e.f.TupleFunctionRegistry] New service class org.eclipse.rdf4j.spin.function.list.Member replaces existing service class com.ontotext.trree.query.functions.list.old.MemberOld
[WARN ] 2023-09-25 10:04:11,871 [repositories/LODEdo_endpoint | o.e.r.q.a.e.f.TupleFunctionRegistry] New service class org.eclipse.rdf4j.spin.function.list.Index replaces existing service class com.ontotext.trree.query.functions.list.old.IndexOld
[WARN ] 2023-09-25 10:04:11,871 [repositories/LODEdo_endpoint | o.e.r.q.a.e.f.TupleFunctionRegistry] New service class org.eclipse.rdf4j.spin.function.list.Length replaces existing service class com.ontotext.trree.query.functions.list.old.LengthOld
[INFO ] 2023-09-25 10:04:11,929 [repositories/LODEdo_endpoint | c.o.c.AbstractParameter] Configured parameter 'reuse.vars.in.subselects' to default value 'true'
[INFO ] 2023-09-25 10:04:11,987 [repositories/LODEdo_endpoint | c.o.c.AbstractParameter] Configured parameter 'in-clause-max-members' to default value '16'
[INFO ] 2023-09-25 10:04:11,988 [repositories/LODEdo_endpoint | c.o.c.AbstractParameter] Configured parameter 'query.convert.values.clause' to default value 'true'
[INFO ] 2023-09-25 10:04:12,011 [repositories/LODEdo_endpoint | c.o.c.AbstractParameter] Configured parameter 'hash.join' to default value 'false'
[INFO ] 2023-09-25 10:04:12,015 [repositories/LODEdo_endpoint | c.o.c.AbstractParameter] Configured parameter 'merge.join' to default value 'false'
[INFO ] 2023-09-25 10:04:12,035 [repositories/LODEdo_endpoint | c.o.c.AbstractParameter] Configured parameter 'default.min.distinct.threshold' to default value '250.0M'
[INFO ] 2023-09-25 10:04:12,109 [repositories/LODEdo_endpoint | c.o.g.s.TupleQueryResultView] Request for query 1074974132 is finished
[INFO ] 2023-09-25 10:04:12,130 [repositories/LODEdo_endpoint | c.o.g.s.h.GraphDBQueryResultHandler] POST query 750299393
[INFO ] 2023-09-25 10:04:12,517 [repositories/LODEdo_endpoint | c.o.g.s.TupleQueryResultView] Request for query 750299393 is finished
[INFO ] 2023-09-25 10:04:12,549 [repositories/LODEdo_endpoint | c.o.g.s.h.GraphDBQueryResultHandler] POST query -8229856
[INFO ] 2023-09-25 10:04:12,567 [repositories/LODEdo_endpoint | c.o.g.s.TupleQueryResultView] Request for query -8229856 is finished
[INFO ] 2023-09-25 10:04:12,576 [repositories/LODEdo_endpoint | c.o.g.s.h.GraphDBQueryResultHandler] POST query 239267078
[INFO ] 2023-09-25 10:04:12,834 [repositories/LODEdo_endpoint | c.o.g.s.TupleQueryResultView] Request for query 239267078 is finished
[INFO ] 2023-09-25 10:04:12,846 [repositories/LODEdo_endpoint | c.o.g.s.h.GraphDBQueryResultHandler] POST query 338959984
[INFO ] 2023-09-25 10:04:13,021 [repositories/LODEdo_endpoint | c.o.g.s.TupleQueryResultView] Request for query 338959984 is finished
[INFO ] 2023-09-25 10:04:13,029 [repositories/LODEdo_endpoint | c.o.g.s.h.GraphDBQueryResultHandler] POST query 2020837361
[INFO ] 2023-09-25 10:04:13,112 [repositories/LODEdo_endpoint | c.o.g.s.TupleQueryResultView] Request for query 2020837361 is finished
[INFO ] 2023-09-25 10:04:13,116 [repositories/LODEdo_endpoint | c.o.g.s.h.GraphDBQueryResultHandler] POST query 160549013
[INFO ] 2023-09-25 10:04:13,226 [repositories/LODEdo_endpoint | c.o.g.s.TupleQueryResultView] Request for query 160549013 is finished
[INFO ] 2023-09-25 10:05:24,412 [repositories/LODEdo_endpoint | c.o.g.s.h.GraphDBQueryResultHandler] POST query 1074974132
[INFO ] 2023-09-25 10:05:24,428 [repositories/LODEdo_endpoint | c.o.g.s.TupleQueryResultView] Request for query 1074974132 is finished
[INFO ] 2023-09-25 10:05:24,449 [repositories/LODEdo_endpoint | c.o.g.s.h.GraphDBQueryResultHandler] POST query 750299393
[INFO ] 2023-09-25 10:05:24,539 [repositories/LODEdo_endpoint | c.o.g.s.TupleQueryResultView] Request for query 750299393 is finished
[INFO ] 2023-09-25 10:05:24,563 [repositories/LODEdo_endpoint | c.o.g.s.h.GraphDBQueryResultHandler] POST query -8229856
[INFO ] 2023-09-25 10:05:24,576 [repositories/LODEdo_endpoint | c.o.g.s.TupleQueryResultView] Request for query -8229856 is finished
[INFO ] 2023-09-25 10:05:24,588 [repositories/LODEdo_endpoint | c.o.g.s.h.GraphDBQueryResultHandler] POST query 239267078
[INFO ] 2023-09-25 10:05:24,669 [repositories/LODEdo_endpoint | c.o.g.s.TupleQueryResultView] Request for query 239267078 is finished
[INFO ] 2023-09-25 10:05:24,681 [repositories/LODEdo_endpoint | c.o.g.s.h.GraphDBQueryResultHandler] POST query 338959984
[INFO ] 2023-09-25 10:05:24,764 [repositories/LODEdo_endpoint | c.o.g.s.TupleQueryResultView] Request for query 338959984 is finished
[INFO ] 2023-09-25 10:05:24,773 [repositories/LODEdo_endpoint | c.o.g.s.h.GraphDBQueryResultHandler] POST query 2020837361
[INFO ] 2023-09-25 10:05:24,809 [repositories/LODEdo_endpoint | c.o.g.s.TupleQueryResultView] Request for query 2020837361 is finished
[INFO ] 2023-09-25 10:05:24,821 [repositories/LODEdo_endpoint | c.o.g.s.h.GraphDBQueryResultHandler] POST query 160549013
[INFO ] 2023-09-25 10:05:24,896 [repositories/LODEdo_endpoint | c.o.g.s.TupleQueryResultView] Request for query 160549013 is finished
[INFO ] 2023-09-25 10:05:24,924 [repositories/LODEdo_endpoint | c.o.g.s.h.GraphDBQueryResultHandler] POST query 1742261514
[INFO ] 2023-09-25 10:05:24,944 [repositories/LODEdo_endpoint | c.o.g.s.TupleQueryResultView] Request for query 1742261514 is finished
[INFO ] 2023-09-25 10:05:26,796 [repositories/LODEdo_endpoint | c.o.g.s.h.GraphDBQueryResultHandler] POST query 1273822604
[INFO ] 2023-09-25 10:05:26,805 [repositories/LODEdo_endpoint | c.o.g.s.TupleQueryResultView] Request for query 1273822604 is finished
[INFO ] 2023-09-25 10:05:26,812 [repositories/LODEdo_endpoint | c.o.g.s.h.GraphDBQueryResultHandler] POST query -126631600
[INFO ] 2023-09-25 10:05:26,837 [repositories/LODEdo_endpoint | c.o.g.s.TupleQueryResultView] Request for query -126631600 is finished
[INFO ] 2023-09-25 10:05:26,845 [repositories/LODEdo_endpoint | c.o.g.s.h.GraphDBQueryResultHandler] POST query 1944870378
[INFO ] 2023-09-25 10:05:26,889 [repositories/LODEdo_endpoint | c.o.g.s.TupleQueryResultView] Request for query 1944870378 is finished
[INFO ] 2023-09-25 10:05:26,894 [repositories/LODEdo_endpoint | c.o.g.s.h.GraphDBQueryResultHandler] POST query -1831585589
[INFO ] 2023-09-25 10:05:27,074 [repositories/LODEdo_endpoint | c.o.g.s.TupleQueryResultView] Request for query -1831585589 is finished
[INFO ] 2023-09-25 10:05:33,417 [repositories/LODEdo_endpoint | c.o.g.s.h.GraphDBQueryResultHandler] POST query -1445292382
[INFO ] 2023-09-25 10:05:33,430 [repositories/LODEdo_endpoint | c.o.g.s.TupleQueryResultView] Request for query -1445292382 is finished
[INFO ] 2023-09-25 10:05:33,438 [repositories/LODEdo_endpoint | c.o.g.s.h.GraphDBQueryResultHandler] POST query -1550613755
[INFO ] 2023-09-25 10:05:33,456 [repositories/LODEdo_endpoint | c.o.g.s.TupleQueryResultView] Request for query -1550613755 is finished
[INFO ] 2023-09-25 10:05:33,463 [repositories/LODEdo_endpoint | c.o.g.s.h.GraphDBQueryResultHandler] POST query 1730713961
[INFO ] 2023-09-25 10:05:33,479 [repositories/LODEdo_endpoint | c.o.g.s.TupleQueryResultView] Request for query 1730713961 is finished
[INFO ] 2023-09-25 10:05:33,487 [repositories/LODEdo_endpoint | c.o.g.s.h.GraphDBQueryResultHandler] POST query 2078177592
[INFO ] 2023-09-25 10:05:33,499 [repositories/LODEdo_endpoint | c.o.g.s.TupleQueryResultView] Request for query 2078177592 is finished
[INFO ] 2023-09-25 10:05:33,503 [repositories/LODEdo_endpoint | c.o.g.s.h.GraphDBQueryResultHandler] POST query -25482217
[INFO ] 2023-09-25 10:05:33,525 [repositories/LODEdo_endpoint | c.o.g.s.TupleQueryResultView] Request for query -25482217 is finished
[INFO ] 2023-09-25 10:05:33,532 [repositories/LODEdo_endpoint | c.o.g.s.h.GraphDBQueryResultHandler] POST query -1676373887
[INFO ] 2023-09-25 10:05:33,544 [repositories/LODEdo_endpoint | c.o.g.s.TupleQueryResultView] Request for query -1676373887 is finished
[INFO ] 2023-09-25 10:05:46,641 [repositories/LODEdo_endpoint | c.o.g.s.h.GraphDBQueryResultHandler] POST query -192084511
[INFO ] 2023-09-25 10:05:46,648 [repositories/LODEdo_endpoint | c.o.g.s.TupleQueryResultView] Request for query -192084511 is finished
[INFO ] 2023-09-25 10:05:46,656 [repositories/LODEdo_endpoint | c.o.g.s.h.GraphDBQueryResultHandler] POST query 543978512
[INFO ] 2023-09-25 10:05:46,673 [repositories/LODEdo_endpoint | c.o.g.s.TupleQueryResultView] Request for query 543978512 is finished
[INFO ] 2023-09-25 10:05:46,681 [repositories/LODEdo_endpoint | c.o.g.s.h.GraphDBQueryResultHandler] POST query 1050590898
[INFO ] 2023-09-25 10:05:46,694 [repositories/LODEdo_endpoint | c.o.g.s.TupleQueryResultView] Request for query 1050590898 is finished
[INFO ] 2023-09-25 10:05:46,697 [repositories/LODEdo_endpoint | c.o.g.s.h.GraphDBQueryResultHandler] POST query 1661871361
[INFO ] 2023-09-25 10:05:46,709 [repositories/LODEdo_endpoint | c.o.g.s.TupleQueryResultView] Request for query 1661871361 is finished
[INFO ] 2023-09-25 10:05:46,717 [repositories/LODEdo_endpoint | c.o.g.s.h.GraphDBQueryResultHandler] POST query -190852704
[INFO ] 2023-09-25 10:05:46,733 [repositories/LODEdo_endpoint | c.o.g.s.TupleQueryResultView] Request for query -190852704 is finished
[INFO ] 2023-09-25 10:05:46,741 [repositories/LODEdo_endpoint | c.o.g.s.h.GraphDBQueryResultHandler] POST query -571985576
[INFO ] 2023-09-25 10:05:46,749 [repositories/LODEdo_endpoint | c.o.g.s.TupleQueryResultView] Request for query -571985576 is finished
[INFO ] 2023-09-25 10:05:50,354 [repositories/LODEdo_endpoint | c.o.g.s.h.GraphDBQueryResultHandler] POST query 2046236943
[INFO ] 2023-09-25 10:05:50,359 [repositories/LODEdo_endpoint | c.o.g.s.TupleQueryResultView] Request for query 2046236943 is finished
[INFO ] 2023-09-25 10:05:50,367 [repositories/LODEdo_endpoint | c.o.g.s.h.GraphDBQueryResultHandler] POST query 1593893310
[INFO ] 2023-09-25 10:05:50,379 [repositories/LODEdo_endpoint | c.o.g.s.TupleQueryResultView] Request for query 1593893310 is finished
[INFO ] 2023-09-25 10:05:50,387 [repositories/LODEdo_endpoint | c.o.g.s.h.GraphDBQueryResultHandler] POST query -856000700
[INFO ] 2023-09-25 10:05:50,403 [repositories/LODEdo_endpoint | c.o.g.s.TupleQueryResultView] Request for query -856000700 is finished
[INFO ] 2023-09-25 10:05:50,409 [repositories/LODEdo_endpoint | c.o.g.s.h.GraphDBQueryResultHandler] POST query 248507027
[INFO ] 2023-09-25 10:05:50,420 [repositories/LODEdo_endpoint | c.o.g.s.TupleQueryResultView] Request for query 248507027 is finished
[INFO ] 2023-09-25 10:05:50,425 [repositories/LODEdo_endpoint | c.o.g.s.h.GraphDBQueryResultHandler] POST query 1574439602
[INFO ] 2023-09-25 10:05:50,436 [repositories/LODEdo_endpoint | c.o.g.s.TupleQueryResultView] Request for query 1574439602 is finished
[INFO ] 2023-09-25 10:05:50,444 [repositories/LODEdo_endpoint | c.o.g.s.h.GraphDBQueryResultHandler] POST query -405551866
[INFO ] 2023-09-25 10:05:50,459 [repositories/LODEdo_endpoint | c.o.g.s.TupleQueryResultView] Request for query -405551866 is finished
[INFO ] 2023-09-25 10:05:52,436 [repositories/LODEdo_endpoint | c.o.g.s.h.GraphDBQueryResultHandler] POST query 1563957486
[INFO ] 2023-09-25 10:05:52,441 [repositories/LODEdo_endpoint | c.o.g.s.TupleQueryResultView] Request for query 1563957486 is finished
[INFO ] 2023-09-25 10:05:52,448 [repositories/LODEdo_endpoint | c.o.g.s.h.GraphDBQueryResultHandler] POST query -658723631
[INFO ] 2023-09-25 10:05:52,457 [repositories/LODEdo_endpoint | c.o.g.s.TupleQueryResultView] Request for query -658723631 is finished
[INFO ] 2023-09-25 10:05:52,465 [repositories/LODEdo_endpoint | c.o.g.s.h.GraphDBQueryResultHandler] POST query 31360925
[INFO ] 2023-09-25 10:05:52,475 [repositories/LODEdo_endpoint | c.o.g.s.TupleQueryResultView] Request for query 31360925 is finished
[INFO ] 2023-09-25 10:05:52,481 [repositories/LODEdo_endpoint | c.o.g.s.h.GraphDBQueryResultHandler] POST query 1623599468
[INFO ] 2023-09-25 10:05:52,493 [repositories/LODEdo_endpoint | c.o.g.s.TupleQueryResultView] Request for query 1623599468 is finished
[INFO ] 2023-09-25 10:05:52,497 [repositories/LODEdo_endpoint | c.o.g.s.h.GraphDBQueryResultHandler] POST query -949272757
[INFO ] 2023-09-25 10:05:52,508 [repositories/LODEdo_endpoint | c.o.g.s.TupleQueryResultView] Request for query -949272757 is finished
[INFO ] 2023-09-25 10:05:52,511 [repositories/LODEdo_endpoint | c.o.g.s.h.GraphDBQueryResultHandler] POST query 1760636109
[INFO ] 2023-09-25 10:05:52,525 [repositories/LODEdo_endpoint | c.o.g.s.TupleQueryResultView] Request for query 1760636109 is finished
[INFO ] 2023-09-25 10:05:55,134 [repositories/LODEdo_endpoint | c.o.g.s.h.GraphDBQueryResultHandler] POST query 214620972
[INFO ] 2023-09-25 10:05:55,146 [repositories/LODEdo_endpoint | c.o.g.s.TupleQueryResultView] Request for query 214620972 is finished
[INFO ] 2023-09-25 10:05:55,154 [repositories/LODEdo_endpoint | c.o.g.s.h.GraphDBQueryResultHandler] POST query 1025173775
[INFO ] 2023-09-25 10:05:55,162 [repositories/LODEdo_endpoint | c.o.g.s.TupleQueryResultView] Request for query 1025173775 is finished
[INFO ] 2023-09-25 10:05:55,170 [repositories/LODEdo_endpoint | c.o.g.s.h.GraphDBQueryResultHandler] POST query -1765239777
[INFO ] 2023-09-25 10:05:55,178 [repositories/LODEdo_endpoint | c.o.g.s.TupleQueryResultView] Request for query -1765239777 is finished
[INFO ] 2023-09-25 10:05:55,186 [repositories/LODEdo_endpoint | c.o.g.s.h.GraphDBQueryResultHandler] POST query -1500833042
[INFO ] 2023-09-25 10:05:55,195 [repositories/LODEdo_endpoint | c.o.g.s.TupleQueryResultView] Request for query -1500833042 is finished
[INFO ] 2023-09-25 10:05:55,199 [repositories/LODEdo_endpoint | c.o.g.s.h.GraphDBQueryResultHandler] POST query -436017075
[INFO ] 2023-09-25 10:05:55,209 [repositories/LODEdo_endpoint | c.o.g.s.TupleQueryResultView] Request for query -436017075 is finished
[INFO ] 2023-09-25 10:05:55,223 [repositories/LODEdo_endpoint | c.o.g.s.h.GraphDBQueryResultHandler] POST query 1663670923
[INFO ] 2023-09-25 10:05:55,231 [repositories/LODEdo_endpoint | c.o.g.s.TupleQueryResultView] Request for query 1663670923 is finished
[INFO ] 2023-09-25 10:06:03,700 [repositories/LODEdo_endpoint | c.o.g.s.h.GraphDBQueryResultHandler] POST query 1273822604
[INFO ] 2023-09-25 10:06:03,709 [repositories/LODEdo_endpoint | c.o.g.s.TupleQueryResultView] Request for query 1273822604 is finished
[INFO ] 2023-09-25 10:06:03,713 [repositories/LODEdo_endpoint | c.o.g.s.h.GraphDBQueryResultHandler] POST query -126631600
[INFO ] 2023-09-25 10:06:03,721 [repositories/LODEdo_endpoint | c.o.g.s.TupleQueryResultView] Request for query -126631600 is finished
[INFO ] 2023-09-25 10:06:03,727 [repositories/LODEdo_endpoint | c.o.g.s.h.GraphDBQueryResultHandler] POST query 1944870378
[INFO ] 2023-09-25 10:06:03,742 [repositories/LODEdo_endpoint | c.o.g.s.TupleQueryResultView] Request for query 1944870378 is finished
[INFO ] 2023-09-25 10:06:03,757 [repositories/LODEdo_endpoint | c.o.g.s.h.GraphDBQueryResultHandler] POST query -1831585589
[INFO ] 2023-09-25 10:06:03,858 [repositories/LODEdo_endpoint | c.o.g.s.TupleQueryResultView] Request for query -1831585589 is finished
[INFO ] 2023-09-25 10:06:19,502 [repositories/LODEdo_endpoint | c.o.g.s.h.GraphDBQueryResultHandler] POST query -425005749
[INFO ] 2023-09-25 10:06:19,581 [repositories/LODEdo_endpoint | c.o.g.s.TupleQueryResultView] Request for query -425005749 is finished
[INFO ] 2023-09-25 10:06:19,588 [repositories/LODEdo_endpoint | c.o.g.s.h.GraphDBQueryResultHandler] POST query -156021567
[INFO ] 2023-09-25 10:06:19,600 [repositories/LODEdo_endpoint | c.o.g.s.TupleQueryResultView] Request for query -156021567 is finished
[INFO ] 2023-09-25 10:06:19,608 [repositories/LODEdo_endpoint | c.o.g.s.h.GraphDBQueryResultHandler] POST query -1141125578
[INFO ] 2023-09-25 10:06:19,616 [repositories/LODEdo_endpoint | c.o.g.s.TupleQueryResultView] Request for query -1141125578 is finished
[INFO ] 2023-09-25 10:06:19,624 [repositories/LODEdo_endpoint | c.o.g.s.h.GraphDBQueryResultHandler] POST query 63411555
[INFO ] 2023-09-25 10:06:19,636 [repositories/LODEdo_endpoint | c.o.g.s.TupleQueryResultView] Request for query 63411555 is finished
[INFO ] 2023-09-25 10:06:19,640 [repositories/LODEdo_endpoint | c.o.g.s.h.GraphDBQueryResultHandler] POST query -225097714
[INFO ] 2023-09-25 10:06:19,653 [repositories/LODEdo_endpoint | c.o.g.s.TupleQueryResultView] Request for query -225097714 is finished
[INFO ] 2023-09-25 10:06:19,660 [repositories/LODEdo_endpoint | c.o.g.s.h.GraphDBQueryResultHandler] POST query -517633283
[INFO ] 2023-09-25 10:06:19,673 [repositories/LODEdo_endpoint | c.o.g.s.TupleQueryResultView] Request for query -517633283 is finished
[INFO ] 2023-09-25 10:06:19,677 [repositories/LODEdo_endpoint | c.o.g.s.h.GraphDBQueryResultHandler] POST query 1819140576
[INFO ] 2023-09-25 10:06:19,689 [repositories/LODEdo_endpoint | c.o.g.s.TupleQueryResultView] Request for query 1819140576 is finished
[INFO ] 2023-09-25 10:06:19,697 [repositories/LODEdo_endpoint | c.o.g.s.h.GraphDBQueryResultHandler] POST query 502277799
[INFO ] 2023-09-25 10:06:19,708 [repositories/LODEdo_endpoint | c.o.g.s.TupleQueryResultView] Request for query 502277799 is finished
[INFO ] 2023-09-25 10:06:19,714 [repositories/LODEdo_endpoint | c.o.g.s.h.GraphDBQueryResultHandler] POST query 362173139
[INFO ] 2023-09-25 10:06:19,726 [repositories/LODEdo_endpoint | c.o.g.s.TupleQueryResultView] Request for query 362173139 is finished
[INFO ] 2023-09-25 10:06:19,730 [repositories/LODEdo_endpoint | c.o.g.s.h.GraphDBQueryResultHandler] POST query -298200161
[INFO ] 2023-09-25 10:06:19,738 [repositories/LODEdo_endpoint | c.o.g.s.TupleQueryResultView] Request for query -298200161 is finished
[INFO ] 2023-09-25 10:06:19,744 [repositories/LODEdo_endpoint | c.o.g.s.h.GraphDBQueryResultHandler] POST query 1304922445
[INFO ] 2023-09-25 10:06:19,758 [repositories/LODEdo_endpoint | c.o.g.s.TupleQueryResultView] Request for query 1304922445 is finished
[INFO ] 2023-09-25 10:06:19,762 [repositories/LODEdo_endpoint | c.o.g.s.h.GraphDBQueryResultHandler] POST query -988961560
[INFO ] 2023-09-25 10:06:19,774 [repositories/LODEdo_endpoint | c.o.g.s.TupleQueryResultView] Request for query -988961560 is finished
[INFO ] 2023-09-25 10:06:19,779 [repositories/LODEdo_endpoint | c.o.g.s.h.GraphDBQueryResultHandler] POST query 409303918
[INFO ] 2023-09-25 10:06:19,791 [repositories/LODEdo_endpoint | c.o.g.s.TupleQueryResultView] Request for query 409303918 is finished
[INFO ] 2023-09-25 10:06:19,795 [repositories/LODEdo_endpoint | c.o.g.s.h.GraphDBQueryResultHandler] POST query -952389373
[INFO ] 2023-09-25 10:06:19,803 [repositories/LODEdo_endpoint | c.o.g.s.TupleQueryResultView] Request for query -952389373 is finished
[INFO ] 2023-09-25 10:06:19,810 [repositories/LODEdo_endpoint | c.o.g.s.h.GraphDBQueryResultHandler] POST query 591608314
[INFO ] 2023-09-25 10:06:19,824 [repositories/LODEdo_endpoint | c.o.g.s.TupleQueryResultView] Request for query 591608314 is finished
[INFO ] 2023-09-25 10:06:19,829 [repositories/LODEdo_endpoint | c.o.g.s.h.GraphDBQueryResultHandler] POST query 1631905442
[INFO ] 2023-09-25 10:06:19,842 [repositories/LODEdo_endpoint | c.o.g.s.TupleQueryResultView] Request for query 1631905442 is finished
[INFO ] 2023-09-25 10:06:19,845 [repositories/LODEdo_endpoint | c.o.g.s.h.GraphDBQueryResultHandler] POST query 706673267
[INFO ] 2023-09-25 10:06:19,859 [repositories/LODEdo_endpoint | c.o.g.s.TupleQueryResultView] Request for query 706673267 is finished
[INFO ] 2023-09-25 10:06:19,861 [repositories/LODEdo_endpoint | c.o.g.s.h.GraphDBQueryResultHandler] POST query 681765392
[INFO ] 2023-09-25 10:06:19,874 [repositories/LODEdo_endpoint | c.o.g.s.TupleQueryResultView] Request for query 681765392 is finished
[INFO ] 2023-09-25 10:06:19,878 [repositories/LODEdo_endpoint | c.o.g.s.h.GraphDBQueryResultHandler] POST query -686203315
[INFO ] 2023-09-25 10:06:19,890 [repositories/LODEdo_endpoint | c.o.g.s.TupleQueryResultView] Request for query -686203315 is finished
[INFO ] 2023-09-25 10:06:19,898 [repositories/LODEdo_endpoint | c.o.g.s.h.GraphDBQueryResultHandler] POST query 718337579
[INFO ] 2023-09-25 10:06:19,911 [repositories/LODEdo_endpoint | c.o.g.s.TupleQueryResultView] Request for query 718337579 is finished
[INFO ] 2023-09-25 10:06:19,914 [repositories/LODEdo_endpoint | c.o.g.s.h.GraphDBQueryResultHandler] POST query 1621655324
[INFO ] 2023-09-25 10:06:19,926 [repositories/LODEdo_endpoint | c.o.g.s.TupleQueryResultView] Request for query 1621655324 is finished
[INFO ] 2023-09-25 10:06:19,930 [repositories/LODEdo_endpoint | c.o.g.s.h.GraphDBQueryResultHandler] POST query 937770701
[INFO ] 2023-09-25 10:06:19,943 [repositories/LODEdo_endpoint | c.o.g.s.TupleQueryResultView] Request for query 937770701 is finished
[INFO ] 2023-09-25 10:06:19,947 [repositories/LODEdo_endpoint | c.o.g.s.h.GraphDBQueryResultHandler] POST query -559342221
[INFO ] 2023-09-25 10:06:19,955 [repositories/LODEdo_endpoint | c.o.g.s.TupleQueryResultView] Request for query -559342221 is finished
[INFO ] 2023-09-25 10:06:19,959 [repositories/LODEdo_endpoint | c.o.g.s.h.GraphDBQueryResultHandler] POST query 503014611
[INFO ] 2023-09-25 10:06:19,973 [repositories/LODEdo_endpoint | c.o.g.s.TupleQueryResultView] Request for query 503014611 is finished
[INFO ] 2023-09-25 10:06:19,975 [repositories/LODEdo_endpoint | c.o.g.s.h.GraphDBQueryResultHandler] POST query 798414281
[INFO ] 2023-09-25 10:06:19,987 [repositories/LODEdo_endpoint | c.o.g.s.TupleQueryResultView] Request for query 798414281 is finished
[INFO ] 2023-09-25 10:06:19,992 [repositories/LODEdo_endpoint | c.o.g.s.h.GraphDBQueryResultHandler] POST query 1376636945
[INFO ] 2023-09-25 10:06:20,000 [repositories/LODEdo_endpoint | c.o.g.s.TupleQueryResultView] Request for query 1376636945 is finished
[INFO ] 2023-09-25 10:06:20,007 [repositories/LODEdo_endpoint | c.o.g.s.h.GraphDBQueryResultHandler] POST query -1809150036
[INFO ] 2023-09-25 10:06:20,016 [repositories/LODEdo_endpoint | c.o.g.s.TupleQueryResultView] Request for query -1809150036 is finished
[INFO ] 2023-09-25 10:06:20,024 [repositories/LODEdo_endpoint | c.o.g.s.h.GraphDBQueryResultHandler] POST query -1962938692
[INFO ] 2023-09-25 10:06:20,036 [repositories/LODEdo_endpoint | c.o.g.s.TupleQueryResultView] Request for query -1962938692 is finished
[INFO ] 2023-09-25 10:06:20,040 [repositories/LODEdo_endpoint | c.o.g.s.h.GraphDBQueryResultHandler] POST query -54428254
[INFO ] 2023-09-25 10:06:20,052 [repositories/LODEdo_endpoint | c.o.g.s.TupleQueryResultView] Request for query -54428254 is finished
[INFO ] 2023-09-25 10:06:20,056 [repositories/LODEdo_endpoint | c.o.g.s.h.GraphDBQueryResultHandler] POST query 1677839392
[INFO ] 2023-09-25 10:06:20,074 [repositories/LODEdo_endpoint | c.o.g.s.TupleQueryResultView] Request for query 1677839392 is finished
[INFO ] 2023-09-25 10:06:20,077 [repositories/LODEdo_endpoint | c.o.g.s.h.GraphDBQueryResultHandler] POST query -328255025
[INFO ] 2023-09-25 10:06:20,090 [repositories/LODEdo_endpoint | c.o.g.s.TupleQueryResultView] Request for query -328255025 is finished
[INFO ] 2023-09-25 10:06:20,097 [repositories/LODEdo_endpoint | c.o.g.s.h.GraphDBQueryResultHandler] POST query -1822397884
[INFO ] 2023-09-25 10:06:20,105 [repositories/LODEdo_endpoint | c.o.g.s.TupleQueryResultView] Request for query -1822397884 is finished
[INFO ] 2023-09-25 10:06:20,110 [repositories/LODEdo_endpoint | c.o.g.s.h.GraphDBQueryResultHandler] POST query -686203315
[INFO ] 2023-09-25 10:06:20,118 [repositories/LODEdo_endpoint | c.o.g.s.TupleQueryResultView] Request for query -686203315 is finished
[INFO ] 2023-09-25 10:06:20,126 [repositories/LODEdo_endpoint | c.o.g.s.h.GraphDBQueryResultHandler] POST query -1785825697
[INFO ] 2023-09-25 10:06:20,134 [repositories/LODEdo_endpoint | c.o.g.s.TupleQueryResultView] Request for query -1785825697 is finished
[INFO ] 2023-09-25 10:06:20,142 [repositories/LODEdo_endpoint | c.o.g.s.h.GraphDBQueryResultHandler] POST query 1621655324
[INFO ] 2023-09-25 10:06:20,150 [repositories/LODEdo_endpoint | c.o.g.s.TupleQueryResultView] Request for query 1621655324 is finished
[INFO ] 2023-09-25 10:06:20,158 [repositories/LODEdo_endpoint | c.o.g.s.h.GraphDBQueryResultHandler] POST query -1566392575
[INFO ] 2023-09-25 10:06:20,170 [repositories/LODEdo_endpoint | c.o.g.s.TupleQueryResultView] Request for query -1566392575 is finished
[INFO ] 2023-09-25 10:06:20,175 [repositories/LODEdo_endpoint | c.o.g.s.h.GraphDBQueryResultHandler] POST query -559342221
[INFO ] 2023-09-25 10:06:20,191 [repositories/LODEdo_endpoint | c.o.g.s.TupleQueryResultView] Request for query -559342221 is finished
[INFO ] 2023-09-25 10:06:20,195 [repositories/LODEdo_endpoint | c.o.g.s.h.GraphDBQueryResultHandler] POST query -2001148665
[INFO ] 2023-09-25 10:06:20,219 [repositories/LODEdo_endpoint | c.o.g.s.TupleQueryResultView] Request for query -2001148665 is finished
[INFO ] 2023-09-25 10:06:20,224 [repositories/LODEdo_endpoint | c.o.g.s.h.GraphDBQueryResultHandler] POST query 798414281
[INFO ] 2023-09-25 10:06:20,232 [repositories/LODEdo_endpoint | c.o.g.s.TupleQueryResultView] Request for query 798414281 is finished
[INFO ] 2023-09-25 10:06:20,240 [repositories/LODEdo_endpoint | c.o.g.s.h.GraphDBQueryResultHandler] POST query -1127526331
[INFO ] 2023-09-25 10:06:20,252 [repositories/LODEdo_endpoint | c.o.g.s.TupleQueryResultView] Request for query -1127526331 is finished
[INFO ] 2023-09-25 10:06:20,260 [repositories/LODEdo_endpoint | c.o.g.s.h.GraphDBQueryResultHandler] POST query -1809150036
[INFO ] 2023-09-25 10:06:20,269 [repositories/LODEdo_endpoint | c.o.g.s.TupleQueryResultView] Request for query -1809150036 is finished
[INFO ] 2023-09-25 10:06:20,277 [repositories/LODEdo_endpoint | c.o.g.s.h.GraphDBQueryResultHandler] POST query 2115067850
[INFO ] 2023-09-25 10:06:20,285 [repositories/LODEdo_endpoint | c.o.g.s.TupleQueryResultView] Request for query 2115067850 is finished
[INFO ] 2023-09-25 10:06:20,290 [repositories/LODEdo_endpoint | c.o.g.s.h.GraphDBQueryResultHandler] POST query -54428254
[INFO ] 2023-09-25 10:06:20,299 [repositories/LODEdo_endpoint | c.o.g.s.TupleQueryResultView] Request for query -54428254 is finished
[INFO ] 2023-09-25 10:06:20,307 [repositories/LODEdo_endpoint | c.o.g.s.h.GraphDBQueryResultHandler] POST query -1269704925
[INFO ] 2023-09-25 10:06:20,317 [repositories/LODEdo_endpoint | c.o.g.s.TupleQueryResultView] Request for query -1269704925 is finished
[INFO ] 2023-09-25 10:06:20,321 [repositories/LODEdo_endpoint | c.o.g.s.h.GraphDBQueryResultHandler] POST query -328255025
[INFO ] 2023-09-25 10:06:20,333 [repositories/LODEdo_endpoint | c.o.g.s.TupleQueryResultView] Request for query -328255025 is finished
[INFO ] 2023-09-25 10:06:20,341 [repositories/LODEdo_endpoint | c.o.g.s.h.GraphDBQueryResultHandler] POST query 921657596
[INFO ] 2023-09-25 10:06:20,349 [repositories/LODEdo_endpoint | c.o.g.s.TupleQueryResultView] Request for query 921657596 is finished
[INFO ] 2023-09-25 10:06:20,356 [repositories/LODEdo_endpoint | c.o.g.s.h.GraphDBQueryResultHandler] POST query -54428254
[INFO ] 2023-09-25 10:06:20,365 [repositories/LODEdo_endpoint | c.o.g.s.TupleQueryResultView] Request for query -54428254 is finished
[INFO ] 2023-09-25 10:06:20,373 [repositories/LODEdo_endpoint | c.o.g.s.h.GraphDBQueryResultHandler] POST query 267468384
[INFO ] 2023-09-25 10:06:20,382 [repositories/LODEdo_endpoint | c.o.g.s.TupleQueryResultView] Request for query 267468384 is finished
[INFO ] 2023-09-25 10:06:20,386 [repositories/LODEdo_endpoint | c.o.g.s.h.GraphDBQueryResultHandler] POST query -328255025
[INFO ] 2023-09-25 10:06:20,394 [repositories/LODEdo_endpoint | c.o.g.s.TupleQueryResultView] Request for query -328255025 is finished
[INFO ] 2023-09-25 10:06:20,402 [repositories/LODEdo_endpoint | c.o.g.s.h.GraphDBQueryResultHandler] POST query -1729749657
[INFO ] 2023-09-25 10:06:20,410 [repositories/LODEdo_endpoint | c.o.g.s.TupleQueryResultView] Request for query -1729749657 is finished
[INFO ] 2023-09-25 10:06:20,418 [repositories/LODEdo_endpoint | c.o.g.s.h.GraphDBQueryResultHandler] POST query -54428254
[INFO ] 2023-09-25 10:06:20,426 [repositories/LODEdo_endpoint | c.o.g.s.TupleQueryResultView] Request for query -54428254 is finished
[INFO ] 2023-09-25 10:06:20,434 [repositories/LODEdo_endpoint | c.o.g.s.h.GraphDBQueryResultHandler] POST query -819555136
[INFO ] 2023-09-25 10:06:20,443 [repositories/LODEdo_endpoint | c.o.g.s.TupleQueryResultView] Request for query -819555136 is finished
[INFO ] 2023-09-25 10:06:20,447 [repositories/LODEdo_endpoint | c.o.g.s.h.GraphDBQueryResultHandler] POST query -328255025
[INFO ] 2023-09-25 10:06:20,456 [repositories/LODEdo_endpoint | c.o.g.s.TupleQueryResultView] Request for query -328255025 is finished
[INFO ] 2023-09-25 10:06:35,369 [repositories/LODEdo_endpoint | c.o.g.s.h.GraphDBQueryResultHandler] POST query 1273822604
[INFO ] 2023-09-25 10:06:35,375 [repositories/LODEdo_endpoint | c.o.g.s.TupleQueryResultView] Request for query 1273822604 is finished
[INFO ] 2023-09-25 10:06:35,384 [repositories/LODEdo_endpoint | c.o.g.s.h.GraphDBQueryResultHandler] POST query -126631600
[INFO ] 2023-09-25 10:06:35,395 [repositories/LODEdo_endpoint | c.o.g.s.TupleQueryResultView] Request for query -126631600 is finished
[INFO ] 2023-09-25 10:06:35,399 [repositories/LODEdo_endpoint | c.o.g.s.h.GraphDBQueryResultHandler] POST query 1944870378
[INFO ] 2023-09-25 10:06:35,415 [repositories/LODEdo_endpoint | c.o.g.s.TupleQueryResultView] Request for query 1944870378 is finished
[INFO ] 2023-09-25 10:06:35,423 [repositories/LODEdo_endpoint | c.o.g.s.h.GraphDBQueryResultHandler] POST query -1831585589
[INFO ] 2023-09-25 10:06:35,513 [repositories/LODEdo_endpoint | c.o.g.s.TupleQueryResultView] Request for query -1831585589 is finished
[INFO ] 2023-09-25 10:07:29,991 [repositories/LODEdo_endpoint | c.o.g.s.h.GraphDBQueryResultHandler] POST query 1074974132
[INFO ] 2023-09-25 10:07:29,998 [repositories/LODEdo_endpoint | c.o.g.s.TupleQueryResultView] Request for query 1074974132 is finished
[INFO ] 2023-09-25 10:07:30,005 [repositories/LODEdo_endpoint | c.o.g.s.h.GraphDBQueryResultHandler] POST query 750299393
[INFO ] 2023-09-25 10:07:30,046 [repositories/LODEdo_endpoint | c.o.g.s.TupleQueryResultView] Request for query 750299393 is finished
[INFO ] 2023-09-25 10:07:30,064 [repositories/LODEdo_endpoint | c.o.g.s.h.GraphDBQueryResultHandler] POST query -8229856
[INFO ] 2023-09-25 10:07:30,071 [repositories/LODEdo_endpoint | c.o.g.s.TupleQueryResultView] Request for query -8229856 is finished
[INFO ] 2023-09-25 10:07:30,079 [repositories/LODEdo_endpoint | c.o.g.s.h.GraphDBQueryResultHandler] POST query 239267078
[INFO ] 2023-09-25 10:07:30,116 [repositories/LODEdo_endpoint | c.o.g.s.TupleQueryResultView] Request for query 239267078 is finished
[INFO ] 2023-09-25 10:07:30,128 [repositories/LODEdo_endpoint | c.o.g.s.h.GraphDBQueryResultHandler] POST query 338959984
[INFO ] 2023-09-25 10:07:30,178 [repositories/LODEdo_endpoint | c.o.g.s.TupleQueryResultView] Request for query 338959984 is finished
[INFO ] 2023-09-25 10:07:30,186 [repositories/LODEdo_endpoint | c.o.g.s.h.GraphDBQueryResultHandler] POST query 2020837361
[INFO ] 2023-09-25 10:07:30,211 [repositories/LODEdo_endpoint | c.o.g.s.TupleQueryResultView] Request for query 2020837361 is finished
[INFO ] 2023-09-25 10:07:30,219 [repositories/LODEdo_endpoint | c.o.g.s.h.GraphDBQueryResultHandler] POST query 160549013
[INFO ] 2023-09-25 10:07:30,263 [repositories/LODEdo_endpoint | c.o.g.s.TupleQueryResultView] Request for query 160549013 is finished
[INFO ] 2023-09-25 10:07:41,647 [repositories/LODEdo_endpoint | c.o.g.s.h.GraphDBQueryResultHandler] POST query -49487002
[INFO ] 2023-09-25 10:07:41,655 [repositories/LODEdo_endpoint | c.o.g.s.TupleQueryResultView] Request for query -49487002 is finished
[INFO ] 2023-09-25 10:07:41,663 [repositories/LODEdo_endpoint | c.o.g.s.h.GraphDBQueryResultHandler] POST query -786030678
[INFO ] 2023-09-25 10:07:41,671 [repositories/LODEdo_endpoint | c.o.g.s.TupleQueryResultView] Request for query -786030678 is finished
[INFO ] 2023-09-25 10:07:41,679 [repositories/LODEdo_endpoint | c.o.g.s.h.GraphDBQueryResultHandler] POST query -671870896
[INFO ] 2023-09-25 10:07:41,687 [repositories/LODEdo_endpoint | c.o.g.s.TupleQueryResultView] Request for query -671870896 is finished
[INFO ] 2023-09-25 10:07:41,696 [repositories/LODEdo_endpoint | c.o.g.s.h.GraphDBQueryResultHandler] POST query -1600637775
[INFO ] 2023-09-25 10:07:41,761 [repositories/LODEdo_endpoint | c.o.g.s.TupleQueryResultView] Request for query -1600637775 is finished
[INFO ] 2023-09-25 10:07:46,744 [repositories/LODEdo_endpoint | c.o.g.s.h.GraphDBQueryResultHandler] POST query 1967030268
[INFO ] 2023-09-25 10:07:46,750 [repositories/LODEdo_endpoint | c.o.g.s.TupleQueryResultView] Request for query 1967030268 is finished
[INFO ] 2023-09-25 10:07:46,755 [repositories/LODEdo_endpoint | c.o.g.s.h.GraphDBQueryResultHandler] POST query -1815611067
[INFO ] 2023-09-25 10:07:46,767 [repositories/LODEdo_endpoint | c.o.g.s.TupleQueryResultView] Request for query -1815611067 is finished
[INFO ] 2023-09-25 10:07:46,772 [repositories/LODEdo_endpoint | c.o.g.s.h.GraphDBQueryResultHandler] POST query -1972429489
[INFO ] 2023-09-25 10:07:46,784 [repositories/LODEdo_endpoint | c.o.g.s.TupleQueryResultView] Request for query -1972429489 is finished
[INFO ] 2023-09-25 10:07:46,788 [repositories/LODEdo_endpoint | c.o.g.s.h.GraphDBQueryResultHandler] POST query -1800430562
[INFO ] 2023-09-25 10:07:46,798 [repositories/LODEdo_endpoint | c.o.g.s.TupleQueryResultView] Request for query -1800430562 is finished
[INFO ] 2023-09-25 10:07:46,801 [repositories/LODEdo_endpoint | c.o.g.s.h.GraphDBQueryResultHandler] POST query 390946173
[INFO ] 2023-09-25 10:07:46,813 [repositories/LODEdo_endpoint | c.o.g.s.TupleQueryResultView] Request for query 390946173 is finished
[INFO ] 2023-09-25 10:07:46,817 [repositories/LODEdo_endpoint | c.o.g.s.h.GraphDBQueryResultHandler] POST query -827644069
[INFO ] 2023-09-25 10:07:46,828 [repositories/LODEdo_endpoint | c.o.g.s.TupleQueryResultView] Request for query -827644069 is finished
[INFO ] 2023-09-25 10:08:47,456 [repositories/LODEdo_endpoint | c.o.g.s.h.GraphDBQueryResultHandler] POST query 1967030268
[INFO ] 2023-09-25 10:08:47,469 [repositories/LODEdo_endpoint | c.o.g.s.TupleQueryResultView] Request for query 1967030268 is finished
[INFO ] 2023-09-25 10:08:47,472 [repositories/LODEdo_endpoint | c.o.g.s.h.GraphDBQueryResultHandler] POST query -1815611067
[INFO ] 2023-09-25 10:08:47,481 [repositories/LODEdo_endpoint | c.o.g.s.TupleQueryResultView] Request for query -1815611067 is finished
[INFO ] 2023-09-25 10:08:47,485 [repositories/LODEdo_endpoint | c.o.g.s.h.GraphDBQueryResultHandler] POST query -1972429489
[INFO ] 2023-09-25 10:08:47,494 [repositories/LODEdo_endpoint | c.o.g.s.TupleQueryResultView] Request for query -1972429489 is finished
[INFO ] 2023-09-25 10:08:47,498 [repositories/LODEdo_endpoint | c.o.g.s.h.GraphDBQueryResultHandler] POST query -1800430562
[INFO ] 2023-09-25 10:08:47,502 [repositories/LODEdo_endpoint | c.o.g.s.TupleQueryResultView] Request for query -1800430562 is finished
[INFO ] 2023-09-25 10:08:47,510 [repositories/LODEdo_endpoint | c.o.g.s.h.GraphDBQueryResultHandler] POST query 390946173
[INFO ] 2023-09-25 10:08:47,520 [repositories/LODEdo_endpoint | c.o.g.s.TupleQueryResultView] Request for query 390946173 is finished
[INFO ] 2023-09-25 10:08:47,526 [repositories/LODEdo_endpoint | c.o.g.s.h.GraphDBQueryResultHandler] POST query -827644069
[INFO ] 2023-09-25 10:08:47,534 [repositories/LODEdo_endpoint | c.o.g.s.TupleQueryResultView] Request for query -827644069 is finished
[INFO ] 2023-09-25 10:08:57,418 [repositories/LODEdo_endpoint | c.o.g.s.h.GraphDBQueryResultHandler] POST query -49487002
[INFO ] 2023-09-25 10:08:57,423 [repositories/LODEdo_endpoint | c.o.g.s.TupleQueryResultView] Request for query -49487002 is finished
[INFO ] 2023-09-25 10:08:57,429 [repositories/LODEdo_endpoint | c.o.g.s.h.GraphDBQueryResultHandler] POST query -786030678
[INFO ] 2023-09-25 10:08:57,436 [repositories/LODEdo_endpoint | c.o.g.s.TupleQueryResultView] Request for query -786030678 is finished
[INFO ] 2023-09-25 10:08:57,442 [repositories/LODEdo_endpoint | c.o.g.s.h.GraphDBQueryResultHandler] POST query -671870896
[INFO ] 2023-09-25 10:08:57,451 [repositories/LODEdo_endpoint | c.o.g.s.TupleQueryResultView] Request for query -671870896 is finished
[INFO ] 2023-09-25 10:08:57,454 [repositories/LODEdo_endpoint | c.o.g.s.h.GraphDBQueryResultHandler] POST query -1600637775
[INFO ] 2023-09-25 10:08:57,504 [repositories/LODEdo_endpoint | c.o.g.s.TupleQueryResultView] Request for query -1600637775 is finished
[INFO ] 2023-09-25 10:09:35,720 [repositories/LODEdo_endpoint | c.o.g.s.h.GraphDBQueryResultHandler] POST query -1032538662
[INFO ] 2023-09-25 10:09:35,725 [repositories/LODEdo_endpoint | c.o.g.s.TupleQueryResultView] Request for query -1032538662 is finished
[INFO ] 2023-09-25 10:09:35,729 [repositories/LODEdo_endpoint | c.o.g.s.h.GraphDBQueryResultHandler] POST query -2088861021
[INFO ] 2023-09-25 10:09:35,738 [repositories/LODEdo_endpoint | c.o.g.s.TupleQueryResultView] Request for query -2088861021 is finished
[INFO ] 2023-09-25 10:09:35,746 [repositories/LODEdo_endpoint | c.o.g.s.h.GraphDBQueryResultHandler] POST query 1520937177
[INFO ] 2023-09-25 10:09:35,754 [repositories/LODEdo_endpoint | c.o.g.s.TupleQueryResultView] Request for query 1520937177 is finished
[INFO ] 2023-09-25 10:09:35,758 [repositories/LODEdo_endpoint | c.o.g.s.h.GraphDBQueryResultHandler] POST query 1283399848
[INFO ] 2023-09-25 10:09:35,767 [repositories/LODEdo_endpoint | c.o.g.s.TupleQueryResultView] Request for query 1283399848 is finished
[INFO ] 2023-09-25 10:09:35,771 [repositories/LODEdo_endpoint | c.o.g.s.h.GraphDBQueryResultHandler] POST query 732116871
[INFO ] 2023-09-25 10:09:35,779 [repositories/LODEdo_endpoint | c.o.g.s.TupleQueryResultView] Request for query 732116871 is finished
[INFO ] 2023-09-25 10:09:35,787 [repositories/LODEdo_endpoint | c.o.g.s.h.GraphDBQueryResultHandler] POST query -1915117807
[INFO ] 2023-09-25 10:09:35,788 [repositories/LODEdo_endpoint | c.o.g.s.TupleQueryResultView] Request for query -1915117807 is finished
[INFO ] 2023-09-25 10:09:44,034 [repositories/LODEdo_endpoint | c.o.g.s.h.GraphDBQueryResultHandler] POST query -49487002
[INFO ] 2023-09-25 10:09:44,037 [repositories/LODEdo_endpoint | c.o.g.s.TupleQueryResultView] Request for query -49487002 is finished
[INFO ] 2023-09-25 10:09:44,044 [repositories/LODEdo_endpoint | c.o.g.s.h.GraphDBQueryResultHandler] POST query -786030678
[INFO ] 2023-09-25 10:09:44,049 [repositories/LODEdo_endpoint | c.o.g.s.TupleQueryResultView] Request for query -786030678 is finished
[INFO ] 2023-09-25 10:09:44,053 [repositories/LODEdo_endpoint | c.o.g.s.h.GraphDBQueryResultHandler] POST query -671870896
[INFO ] 2023-09-25 10:09:44,062 [repositories/LODEdo_endpoint | c.o.g.s.TupleQueryResultView] Request for query -671870896 is finished
[INFO ] 2023-09-25 10:09:44,070 [repositories/LODEdo_endpoint | c.o.g.s.h.GraphDBQueryResultHandler] POST query -1600637775
[INFO ] 2023-09-25 10:09:44,115 [repositories/LODEdo_endpoint | c.o.g.s.TupleQueryResultView] Request for query -1600637775 is finished
[INFO ] 2023-09-25 10:10:17,818 [repositories/LODEdo_endpoint | c.o.g.s.h.GraphDBQueryResultHandler] POST query -1032538662
[INFO ] 2023-09-25 10:10:17,826 [repositories/LODEdo_endpoint | c.o.g.s.TupleQueryResultView] Request for query -1032538662 is finished
[INFO ] 2023-09-25 10:10:17,834 [repositories/LODEdo_endpoint | c.o.g.s.h.GraphDBQueryResultHandler] POST query -2088861021
[INFO ] 2023-09-25 10:10:17,838 [repositories/LODEdo_endpoint | c.o.g.s.TupleQueryResultView] Request for query -2088861021 is finished
[INFO ] 2023-09-25 10:10:17,848 [repositories/LODEdo_endpoint | c.o.g.s.h.GraphDBQueryResultHandler] POST query 1520937177
[INFO ] 2023-09-25 10:10:17,863 [repositories/LODEdo_endpoint | c.o.g.s.TupleQueryResultView] Request for query 1520937177 is finished
[INFO ] 2023-09-25 10:10:17,867 [repositories/LODEdo_endpoint | c.o.g.s.h.GraphDBQueryResultHandler] POST query 1283399848
[INFO ] 2023-09-25 10:10:17,875 [repositories/LODEdo_endpoint | c.o.g.s.TupleQueryResultView] Request for query 1283399848 is finished
[INFO ] 2023-09-25 10:10:17,880 [repositories/LODEdo_endpoint | c.o.g.s.h.GraphDBQueryResultHandler] POST query 732116871
[INFO ] 2023-09-25 10:10:17,889 [repositories/LODEdo_endpoint | c.o.g.s.TupleQueryResultView] Request for query 732116871 is finished
[INFO ] 2023-09-25 10:10:17,896 [repositories/LODEdo_endpoint | c.o.g.s.h.GraphDBQueryResultHandler] POST query -1915117807
[INFO ] 2023-09-25 10:10:17,906 [repositories/LODEdo_endpoint | c.o.g.s.TupleQueryResultView] Request for query -1915117807 is finished
[INFO ] 2023-09-25 10:10:25,080 [repositories/LODEdo_endpoint | c.o.g.s.h.GraphDBQueryResultHandler] POST query 1967030268
[INFO ] 2023-09-25 10:10:25,089 [repositories/LODEdo_endpoint | c.o.g.s.TupleQueryResultView] Request for query 1967030268 is finished
[INFO ] 2023-09-25 10:10:25,093 [repositories/LODEdo_endpoint | c.o.g.s.h.GraphDBQueryResultHandler] POST query -1815611067
[INFO ] 2023-09-25 10:10:25,097 [repositories/LODEdo_endpoint | c.o.g.s.TupleQueryResultView] Request for query -1815611067 is finished
[INFO ] 2023-09-25 10:10:25,105 [repositories/LODEdo_endpoint | c.o.g.s.h.GraphDBQueryResultHandler] POST query -1972429489
[INFO ] 2023-09-25 10:10:25,109 [repositories/LODEdo_endpoint | c.o.g.s.TupleQueryResultView] Request for query -1972429489 is finished
[INFO ] 2023-09-25 10:10:25,117 [repositories/LODEdo_endpoint | c.o.g.s.h.GraphDBQueryResultHandler] POST query -1800430562
[INFO ] 2023-09-25 10:10:25,121 [repositories/LODEdo_endpoint | c.o.g.s.TupleQueryResultView] Request for query -1800430562 is finished
[INFO ] 2023-09-25 10:10:25,129 [repositories/LODEdo_endpoint | c.o.g.s.h.GraphDBQueryResultHandler] POST query 390946173
[INFO ] 2023-09-25 10:10:25,133 [repositories/LODEdo_endpoint | c.o.g.s.TupleQueryResultView] Request for query 390946173 is finished
[INFO ] 2023-09-25 10:10:25,137 [repositories/LODEdo_endpoint | c.o.g.s.h.GraphDBQueryResultHandler] POST query -827644069
[INFO ] 2023-09-25 10:10:25,146 [repositories/LODEdo_endpoint | c.o.g.s.TupleQueryResultView] Request for query -827644069 is finished
[INFO ] 2023-09-25 10:10:34,461 [repositories/LODEdo_endpoint | c.o.g.s.h.GraphDBQueryResultHandler] POST query 1074974132
[INFO ] 2023-09-25 10:10:34,468 [repositories/LODEdo_endpoint | c.o.g.s.TupleQueryResultView] Request for query 1074974132 is finished
[INFO ] 2023-09-25 10:10:34,473 [repositories/LODEdo_endpoint | c.o.g.s.h.GraphDBQueryResultHandler] POST query 750299393
[INFO ] 2023-09-25 10:10:34,513 [repositories/LODEdo_endpoint | c.o.g.s.TupleQueryResultView] Request for query 750299393 is finished
[INFO ] 2023-09-25 10:10:34,537 [repositories/LODEdo_endpoint | c.o.g.s.h.GraphDBQueryResultHandler] POST query -8229856
[INFO ] 2023-09-25 10:10:34,545 [repositories/LODEdo_endpoint | c.o.g.s.TupleQueryResultView] Request for query -8229856 is finished
[INFO ] 2023-09-25 10:10:34,554 [repositories/LODEdo_endpoint | c.o.g.s.h.GraphDBQueryResultHandler] POST query 239267078
[INFO ] 2023-09-25 10:10:34,587 [repositories/LODEdo_endpoint | c.o.g.s.TupleQueryResultView] Request for query 239267078 is finished
[INFO ] 2023-09-25 10:10:34,595 [repositories/LODEdo_endpoint | c.o.g.s.h.GraphDBQueryResultHandler] POST query 338959984
[INFO ] 2023-09-25 10:10:34,637 [repositories/LODEdo_endpoint | c.o.g.s.TupleQueryResultView] Request for query 338959984 is finished
[INFO ] 2023-09-25 10:10:34,643 [repositories/LODEdo_endpoint | c.o.g.s.h.GraphDBQueryResultHandler] POST query 2020837361
[INFO ] 2023-09-25 10:10:34,668 [repositories/LODEdo_endpoint | c.o.g.s.TupleQueryResultView] Request for query 2020837361 is finished
[INFO ] 2023-09-25 10:10:34,672 [repositories/LODEdo_endpoint | c.o.g.s.h.GraphDBQueryResultHandler] POST query 160549013
[INFO ] 2023-09-25 10:10:34,717 [repositories/LODEdo_endpoint | c.o.g.s.TupleQueryResultView] Request for query 160549013 is finished
[INFO ] 2023-09-25 10:10:59,691 [repositories/LODEdo_endpoint | c.o.g.s.h.GraphDBQueryResultHandler] POST query 20160872
[INFO ] 2023-09-25 10:10:59,695 [repositories/LODEdo_endpoint | c.o.g.s.TupleQueryResultView] Request for query 20160872 is finished
[INFO ] 2023-09-25 10:10:59,699 [repositories/LODEdo_endpoint | c.o.g.s.h.GraphDBQueryResultHandler] POST query -1203427284
[INFO ] 2023-09-25 10:10:59,707 [repositories/LODEdo_endpoint | c.o.g.s.TupleQueryResultView] Request for query -1203427284 is finished
[INFO ] 2023-09-25 10:10:59,712 [repositories/LODEdo_endpoint | c.o.g.s.h.GraphDBQueryResultHandler] POST query -1212300402
[INFO ] 2023-09-25 10:10:59,720 [repositories/LODEdo_endpoint | c.o.g.s.TupleQueryResultView] Request for query -1212300402 is finished
[INFO ] 2023-09-25 10:10:59,727 [repositories/LODEdo_endpoint | c.o.g.s.h.GraphDBQueryResultHandler] POST query 1325868911
[INFO ] 2023-09-25 10:10:59,764 [repositories/LODEdo_endpoint | c.o.g.s.TupleQueryResultView] Request for query 1325868911 is finished
[INFO ] 2023-09-25 10:11:03,958 [repositories/LODEdo_endpoint | c.o.g.s.h.GraphDBQueryResultHandler] POST query -67063590
[INFO ] 2023-09-25 10:11:03,963 [repositories/LODEdo_endpoint | c.o.g.s.TupleQueryResultView] Request for query -67063590 is finished
[INFO ] 2023-09-25 10:11:03,966 [repositories/LODEdo_endpoint | c.o.g.s.h.GraphDBQueryResultHandler] POST query -1951405360
[INFO ] 2023-09-25 10:11:03,974 [repositories/LODEdo_endpoint | c.o.g.s.TupleQueryResultView] Request for query -1951405360 is finished
[INFO ] 2023-09-25 10:11:03,979 [repositories/LODEdo_endpoint | c.o.g.s.h.GraphDBQueryResultHandler] POST query 822321626
[INFO ] 2023-09-25 10:11:03,987 [repositories/LODEdo_endpoint | c.o.g.s.TupleQueryResultView] Request for query 822321626 is finished
[INFO ] 2023-09-25 10:11:03,991 [repositories/LODEdo_endpoint | c.o.g.s.h.GraphDBQueryResultHandler] POST query 752189063
[INFO ] 2023-09-25 10:11:04,016 [repositories/LODEdo_endpoint | c.o.g.s.TupleQueryResultView] Request for query 752189063 is finished
[INFO ] 2023-09-25 10:11:08,758 [repositories/LODEdo_endpoint | c.o.g.s.h.GraphDBQueryResultHandler] POST query -43862698
[INFO ] 2023-09-25 10:11:08,760 [repositories/LODEdo_endpoint | c.o.g.s.TupleQueryResultView] Request for query -43862698 is finished
[INFO ] 2023-09-25 10:11:08,767 [repositories/LODEdo_endpoint | c.o.g.s.h.GraphDBQueryResultHandler] POST query -2060191156
[INFO ] 2023-09-25 10:11:08,773 [repositories/LODEdo_endpoint | c.o.g.s.TupleQueryResultView] Request for query -2060191156 is finished
[INFO ] 2023-09-25 10:11:08,777 [repositories/LODEdo_endpoint | c.o.g.s.h.GraphDBQueryResultHandler] POST query 1675430622
[INFO ] 2023-09-25 10:11:08,784 [repositories/LODEdo_endpoint | c.o.g.s.TupleQueryResultView] Request for query 1675430622 is finished
[INFO ] 2023-09-25 10:11:08,791 [repositories/LODEdo_endpoint | c.o.g.s.h.GraphDBQueryResultHandler] POST query 1806977163
[INFO ] 2023-09-25 10:11:08,812 [repositories/LODEdo_endpoint | c.o.g.s.TupleQueryResultView] Request for query 1806977163 is finished
[INFO ] 2023-09-25 10:11:23,072 [repositories/LODEdo_endpoint | c.o.g.s.h.GraphDBQueryResultHandler] POST query -1636397926
[INFO ] 2023-09-25 10:11:23,109 [repositories/LODEdo_endpoint | c.o.g.s.TupleQueryResultView] Request for query -1636397926 is finished
[INFO ] 2023-09-25 10:11:23,113 [repositories/LODEdo_endpoint | c.o.g.s.h.GraphDBQueryResultHandler] POST query 861466365
[INFO ] 2023-09-25 10:11:23,125 [repositories/LODEdo_endpoint | c.o.g.s.TupleQueryResultView] Request for query 861466365 is finished
[INFO ] 2023-09-25 10:11:23,130 [repositories/LODEdo_endpoint | c.o.g.s.h.GraphDBQueryResultHandler] POST query -1113836979
[INFO ] 2023-09-25 10:11:23,137 [repositories/LODEdo_endpoint | c.o.g.s.TupleQueryResultView] Request for query -1113836979 is finished
[INFO ] 2023-09-25 10:11:23,142 [repositories/LODEdo_endpoint | c.o.g.s.h.GraphDBQueryResultHandler] POST query 1364598879
[INFO ] 2023-09-25 10:11:23,154 [repositories/LODEdo_endpoint | c.o.g.s.TupleQueryResultView] Request for query 1364598879 is finished
[INFO ] 2023-09-25 10:11:23,158 [repositories/LODEdo_endpoint | c.o.g.s.h.GraphDBQueryResultHandler] POST query 1915343388
[INFO ] 2023-09-25 10:11:23,167 [repositories/LODEdo_endpoint | c.o.g.s.TupleQueryResultView] Request for query 1915343388 is finished
[INFO ] 2023-09-25 10:11:23,171 [repositories/LODEdo_endpoint | c.o.g.s.h.GraphDBQueryResultHandler] POST query 132248483
[INFO ] 2023-09-25 10:11:23,179 [repositories/LODEdo_endpoint | c.o.g.s.TupleQueryResultView] Request for query 132248483 is finished
[INFO ] 2023-09-25 10:11:23,183 [repositories/LODEdo_endpoint | c.o.g.s.h.GraphDBQueryResultHandler] POST query 1666487293
[INFO ] 2023-09-25 10:11:23,191 [repositories/LODEdo_endpoint | c.o.g.s.TupleQueryResultView] Request for query 1666487293 is finished
[INFO ] 2023-09-25 10:11:23,195 [repositories/LODEdo_endpoint | c.o.g.s.h.GraphDBQueryResultHandler] POST query -613674538
[INFO ] 2023-09-25 10:11:23,205 [repositories/LODEdo_endpoint | c.o.g.s.TupleQueryResultView] Request for query -613674538 is finished
[INFO ] 2023-09-25 10:11:23,208 [repositories/LODEdo_endpoint | c.o.g.s.h.GraphDBQueryResultHandler] POST query -1113836979
[INFO ] 2023-09-25 10:11:23,216 [repositories/LODEdo_endpoint | c.o.g.s.TupleQueryResultView] Request for query -1113836979 is finished
[INFO ] 2023-09-25 10:11:23,220 [repositories/LODEdo_endpoint | c.o.g.s.h.GraphDBQueryResultHandler] POST query -110542024
[INFO ] 2023-09-25 10:11:23,227 [repositories/LODEdo_endpoint | c.o.g.s.TupleQueryResultView] Request for query -110542024 is finished
[INFO ] 2023-09-25 10:11:23,233 [repositories/LODEdo_endpoint | c.o.g.s.h.GraphDBQueryResultHandler] POST query 1915343388
[INFO ] 2023-09-25 10:11:23,239 [repositories/LODEdo_endpoint | c.o.g.s.TupleQueryResultView] Request for query 1915343388 is finished
[INFO ] 2023-09-25 10:11:23,245 [repositories/LODEdo_endpoint | c.o.g.s.h.GraphDBQueryResultHandler] POST query -1342892420
[INFO ] 2023-09-25 10:11:23,253 [repositories/LODEdo_endpoint | c.o.g.s.TupleQueryResultView] Request for query -1342892420 is finished
[INFO ] 2023-09-25 10:11:23,257 [repositories/LODEdo_endpoint | c.o.g.s.h.GraphDBQueryResultHandler] POST query 1666487293
[INFO ] 2023-09-25 10:11:23,266 [repositories/LODEdo_endpoint | c.o.g.s.TupleQueryResultView] Request for query 1666487293 is finished
[INFO ] 2023-09-25 10:11:26,671 [repositories/LODEdo_endpoint | c.o.g.s.h.GraphDBQueryResultHandler] POST query 1356428245
[INFO ] 2023-09-25 10:11:26,710 [repositories/LODEdo_endpoint | c.o.g.s.TupleQueryResultView] Request for query 1356428245 is finished
[INFO ] 2023-09-25 10:11:26,715 [repositories/LODEdo_endpoint | c.o.g.s.h.GraphDBQueryResultHandler] POST query 9351132
[INFO ] 2023-09-25 10:11:26,724 [repositories/LODEdo_endpoint | c.o.g.s.TupleQueryResultView] Request for query 9351132 is finished
[INFO ] 2023-09-25 10:11:26,728 [repositories/LODEdo_endpoint | c.o.g.s.h.GraphDBQueryResultHandler] POST query 269145090
[INFO ] 2023-09-25 10:11:26,735 [repositories/LODEdo_endpoint | c.o.g.s.TupleQueryResultView] Request for query 269145090 is finished
[INFO ] 2023-09-25 10:11:26,739 [repositories/LODEdo_endpoint | c.o.g.s.h.GraphDBQueryResultHandler] POST query 675086175
[INFO ] 2023-09-25 10:11:26,752 [repositories/LODEdo_endpoint | c.o.g.s.TupleQueryResultView] Request for query 675086175 is finished
[INFO ] 2023-09-25 10:11:26,757 [repositories/LODEdo_endpoint | c.o.g.s.h.GraphDBQueryResultHandler] POST query 125720025
[INFO ] 2023-09-25 10:11:26,761 [repositories/LODEdo_endpoint | c.o.g.s.TupleQueryResultView] Request for query 125720025 is finished
[INFO ] 2023-09-25 10:11:26,768 [repositories/LODEdo_endpoint | c.o.g.s.h.GraphDBQueryResultHandler] POST query 1797329315
[INFO ] 2023-09-25 10:11:26,777 [repositories/LODEdo_endpoint | c.o.g.s.TupleQueryResultView] Request for query 1797329315 is finished
[INFO ] 2023-09-25 10:11:26,777 [repositories/LODEdo_endpoint | c.o.g.s.h.GraphDBQueryResultHandler] POST query 1459335936
[INFO ] 2023-09-25 10:11:26,785 [repositories/LODEdo_endpoint | c.o.g.s.TupleQueryResultView] Request for query 1459335936 is finished
[INFO ] 2023-09-25 10:11:26,789 [repositories/LODEdo_endpoint | c.o.g.s.h.GraphDBQueryResultHandler] POST query -261848971
[INFO ] 2023-09-25 10:11:26,793 [repositories/LODEdo_endpoint | c.o.g.s.TupleQueryResultView] Request for query -261848971 is finished
[INFO ] 2023-09-25 10:11:26,797 [repositories/LODEdo_endpoint | c.o.g.s.h.GraphDBQueryResultHandler] POST query 269145090
[INFO ] 2023-09-25 10:11:26,801 [repositories/LODEdo_endpoint | c.o.g.s.TupleQueryResultView] Request for query 269145090 is finished
[INFO ] 2023-09-25 10:11:26,806 [repositories/LODEdo_endpoint | c.o.g.s.h.GraphDBQueryResultHandler] POST query 403886072
[INFO ] 2023-09-25 10:11:26,813 [repositories/LODEdo_endpoint | c.o.g.s.TupleQueryResultView] Request for query 403886072 is finished
[INFO ] 2023-09-25 10:11:26,817 [repositories/LODEdo_endpoint | c.o.g.s.h.GraphDBQueryResultHandler] POST query 125720025
[INFO ] 2023-09-25 10:11:26,826 [repositories/LODEdo_endpoint | c.o.g.s.TupleQueryResultView] Request for query 125720025 is finished
[INFO ] 2023-09-25 10:11:26,830 [repositories/LODEdo_endpoint | c.o.g.s.h.GraphDBQueryResultHandler] POST query 1526129212
[INFO ] 2023-09-25 10:11:26,838 [repositories/LODEdo_endpoint | c.o.g.s.TupleQueryResultView] Request for query 1526129212 is finished
[INFO ] 2023-09-25 10:11:26,842 [repositories/LODEdo_endpoint | c.o.g.s.h.GraphDBQueryResultHandler] POST query 1459335936
[INFO ] 2023-09-25 10:11:26,846 [repositories/LODEdo_endpoint | c.o.g.s.TupleQueryResultView] Request for query 1459335936 is finished
[INFO ] 2023-09-25 10:11:33,983 [repositories/LODEdo_endpoint | c.o.g.s.h.GraphDBQueryResultHandler] POST query 1273739256
[INFO ] 2023-09-25 10:11:34,019 [repositories/LODEdo_endpoint | c.o.g.s.TupleQueryResultView] Request for query 1273739256 is finished
[INFO ] 2023-09-25 10:11:34,026 [repositories/LODEdo_endpoint | c.o.g.s.h.GraphDBQueryResultHandler] POST query 961797160
[INFO ] 2023-09-25 10:11:34,032 [repositories/LODEdo_endpoint | c.o.g.s.TupleQueryResultView] Request for query 961797160 is finished
[INFO ] 2023-09-25 10:11:34,039 [repositories/LODEdo_endpoint | c.o.g.s.h.GraphDBQueryResultHandler] POST query 109072697
[INFO ] 2023-09-25 10:11:34,044 [repositories/LODEdo_endpoint | c.o.g.s.TupleQueryResultView] Request for query 109072697 is finished
[INFO ] 2023-09-25 10:11:34,044 [repositories/LODEdo_endpoint | c.o.g.s.h.GraphDBQueryResultHandler] POST query -129848240
[INFO ] 2023-09-25 10:11:34,052 [repositories/LODEdo_endpoint | c.o.g.s.TupleQueryResultView] Request for query -129848240 is finished
[INFO ] 2023-09-25 10:11:34,061 [repositories/LODEdo_endpoint | c.o.g.s.h.GraphDBQueryResultHandler] POST query -912254286
[INFO ] 2023-09-25 10:11:34,074 [repositories/LODEdo_endpoint | c.o.g.s.TupleQueryResultView] Request for query -912254286 is finished
[INFO ] 2023-09-25 10:11:34,074 [repositories/LODEdo_endpoint | c.o.g.s.h.GraphDBQueryResultHandler] POST query -529442199
[INFO ] 2023-09-25 10:11:34,083 [repositories/LODEdo_endpoint | c.o.g.s.TupleQueryResultView] Request for query -529442199 is finished
[INFO ] 2023-09-25 10:11:34,091 [repositories/LODEdo_endpoint | c.o.g.s.h.GraphDBQueryResultHandler] POST query 1388381203
[INFO ] 2023-09-25 10:11:34,095 [repositories/LODEdo_endpoint | c.o.g.s.TupleQueryResultView] Request for query 1388381203 is finished
[INFO ] 2023-09-25 10:11:34,099 [repositories/LODEdo_endpoint | c.o.g.s.h.GraphDBQueryResultHandler] POST query -2020681558
[INFO ] 2023-09-25 10:11:34,109 [repositories/LODEdo_endpoint | c.o.g.s.TupleQueryResultView] Request for query -2020681558 is finished
[INFO ] 2023-09-25 10:11:34,111 [repositories/LODEdo_endpoint | c.o.g.s.h.GraphDBQueryResultHandler] POST query -131804517
[INFO ] 2023-09-25 10:11:34,119 [repositories/LODEdo_endpoint | c.o.g.s.TupleQueryResultView] Request for query -131804517 is finished
[INFO ] 2023-09-25 10:11:34,123 [repositories/LODEdo_endpoint | c.o.g.s.h.GraphDBQueryResultHandler] POST query -708192980
[INFO ] 2023-09-25 10:11:34,132 [repositories/LODEdo_endpoint | c.o.g.s.TupleQueryResultView] Request for query -708192980 is finished
[INFO ] 2023-09-25 10:11:34,136 [repositories/LODEdo_endpoint | c.o.g.s.h.GraphDBQueryResultHandler] POST query 111820281
[INFO ] 2023-09-25 10:11:34,142 [repositories/LODEdo_endpoint | c.o.g.s.TupleQueryResultView] Request for query 111820281 is finished
[INFO ] 2023-09-25 10:11:34,148 [repositories/LODEdo_endpoint | c.o.g.s.h.GraphDBQueryResultHandler] POST query 1131304331
[INFO ] 2023-09-25 10:11:34,158 [repositories/LODEdo_endpoint | c.o.g.s.TupleQueryResultView] Request for query 1131304331 is finished
[INFO ] 2023-09-25 10:11:34,160 [repositories/LODEdo_endpoint | c.o.g.s.h.GraphDBQueryResultHandler] POST query -1145351419
[INFO ] 2023-09-25 10:11:34,164 [repositories/LODEdo_endpoint | c.o.g.s.TupleQueryResultView] Request for query -1145351419 is finished
[INFO ] 2023-09-25 10:11:34,173 [repositories/LODEdo_endpoint | c.o.g.s.h.GraphDBQueryResultHandler] POST query -834954260
[INFO ] 2023-09-25 10:11:34,177 [repositories/LODEdo_endpoint | c.o.g.s.TupleQueryResultView] Request for query -834954260 is finished
[INFO ] 2023-09-25 10:11:34,185 [repositories/LODEdo_endpoint | c.o.g.s.h.GraphDBQueryResultHandler] POST query -1190428107
[INFO ] 2023-09-25 10:11:34,192 [repositories/LODEdo_endpoint | c.o.g.s.TupleQueryResultView] Request for query -1190428107 is finished
[INFO ] 2023-09-25 10:11:34,201 [repositories/LODEdo_endpoint | c.o.g.s.h.GraphDBQueryResultHandler] POST query -886943761
[INFO ] 2023-09-25 10:11:34,209 [repositories/LODEdo_endpoint | c.o.g.s.TupleQueryResultView] Request for query -886943761 is finished
[INFO ] 2023-09-25 10:11:34,213 [repositories/LODEdo_endpoint | c.o.g.s.h.GraphDBQueryResultHandler] POST query -1270467490
[INFO ] 2023-09-25 10:11:34,225 [repositories/LODEdo_endpoint | c.o.g.s.TupleQueryResultView] Request for query -1270467490 is finished
[INFO ] 2023-09-25 10:11:34,230 [repositories/LODEdo_endpoint | c.o.g.s.h.GraphDBQueryResultHandler] POST query -1963464063
[INFO ] 2023-09-25 10:11:34,238 [repositories/LODEdo_endpoint | c.o.g.s.TupleQueryResultView] Request for query -1963464063 is finished
[INFO ] 2023-09-25 10:11:34,242 [repositories/LODEdo_endpoint | c.o.g.s.h.GraphDBQueryResultHandler] POST query 109072697
[INFO ] 2023-09-25 10:11:34,251 [repositories/LODEdo_endpoint | c.o.g.s.TupleQueryResultView] Request for query 109072697 is finished
[INFO ] 2023-09-25 10:11:34,255 [repositories/LODEdo_endpoint | c.o.g.s.h.GraphDBQueryResultHandler] POST query -618632937
[INFO ] 2023-09-25 10:11:34,260 [repositories/LODEdo_endpoint | c.o.g.s.TupleQueryResultView] Request for query -618632937 is finished
[INFO ] 2023-09-25 10:11:34,267 [repositories/LODEdo_endpoint | c.o.g.s.h.GraphDBQueryResultHandler] POST query -912254286
[INFO ] 2023-09-25 10:11:34,275 [repositories/LODEdo_endpoint | c.o.g.s.TupleQueryResultView] Request for query -912254286 is finished
[INFO ] 2023-09-25 10:11:34,280 [repositories/LODEdo_endpoint | c.o.g.s.h.GraphDBQueryResultHandler] POST query 840263874
[INFO ] 2023-09-25 10:11:34,288 [repositories/LODEdo_endpoint | c.o.g.s.TupleQueryResultView] Request for query 840263874 is finished
[INFO ] 2023-09-25 10:11:34,296 [repositories/LODEdo_endpoint | c.o.g.s.h.GraphDBQueryResultHandler] POST query 1388381203
[INFO ] 2023-09-25 10:11:34,304 [repositories/LODEdo_endpoint | c.o.g.s.TupleQueryResultView] Request for query 1388381203 is finished
[INFO ] 2023-09-25 10:11:34,312 [repositories/LODEdo_endpoint | c.o.g.s.h.GraphDBQueryResultHandler] POST query -650975485
[INFO ] 2023-09-25 10:11:34,316 [repositories/LODEdo_endpoint | c.o.g.s.TupleQueryResultView] Request for query -650975485 is finished
[INFO ] 2023-09-25 10:11:34,324 [repositories/LODEdo_endpoint | c.o.g.s.h.GraphDBQueryResultHandler] POST query -131804517
[INFO ] 2023-09-25 10:11:34,328 [repositories/LODEdo_endpoint | c.o.g.s.TupleQueryResultView] Request for query -131804517 is finished
[INFO ] 2023-09-25 10:11:34,336 [repositories/LODEdo_endpoint | c.o.g.s.h.GraphDBQueryResultHandler] POST query 661513093
[INFO ] 2023-09-25 10:11:34,344 [repositories/LODEdo_endpoint | c.o.g.s.TupleQueryResultView] Request for query 661513093 is finished
[INFO ] 2023-09-25 10:11:34,348 [repositories/LODEdo_endpoint | c.o.g.s.h.GraphDBQueryResultHandler] POST query 111820281
[INFO ] 2023-09-25 10:11:34,356 [repositories/LODEdo_endpoint | c.o.g.s.TupleQueryResultView] Request for query 111820281 is finished
[INFO ] 2023-09-25 10:11:34,360 [repositories/LODEdo_endpoint | c.o.g.s.h.GraphDBQueryResultHandler] POST query 642519634
[INFO ] 2023-09-25 10:11:34,372 [repositories/LODEdo_endpoint | c.o.g.s.TupleQueryResultView] Request for query 642519634 is finished
[INFO ] 2023-09-25 10:11:34,376 [repositories/LODEdo_endpoint | c.o.g.s.h.GraphDBQueryResultHandler] POST query -1145351419
[INFO ] 2023-09-25 10:11:34,384 [repositories/LODEdo_endpoint | c.o.g.s.TupleQueryResultView] Request for query -1145351419 is finished
[INFO ] 2023-09-25 10:11:34,389 [repositories/LODEdo_endpoint | c.o.g.s.h.GraphDBQueryResultHandler] POST query -1323738957
[INFO ] 2023-09-25 10:11:34,397 [repositories/LODEdo_endpoint | c.o.g.s.TupleQueryResultView] Request for query -1323738957 is finished
[INFO ] 2023-09-25 10:11:34,401 [repositories/LODEdo_endpoint | c.o.g.s.h.GraphDBQueryResultHandler] POST query -1190428107
[INFO ] 2023-09-25 10:11:34,406 [repositories/LODEdo_endpoint | c.o.g.s.TupleQueryResultView] Request for query -1190428107 is finished
[INFO ] 2023-09-25 10:11:34,414 [repositories/LODEdo_endpoint | c.o.g.s.h.GraphDBQueryResultHandler] POST query 482762312
[INFO ] 2023-09-25 10:11:34,423 [repositories/LODEdo_endpoint | c.o.g.s.TupleQueryResultView] Request for query 482762312 is finished
[INFO ] 2023-09-25 10:11:34,426 [repositories/LODEdo_endpoint | c.o.g.s.h.GraphDBQueryResultHandler] POST query -1270467490
[INFO ] 2023-09-25 10:11:34,434 [repositories/LODEdo_endpoint | c.o.g.s.TupleQueryResultView] Request for query -1270467490 is finished
[INFO ] 2023-09-25 10:11:42,623 [repositories/LODEdo_endpoint | c.o.g.s.h.GraphDBQueryResultHandler] POST query 1074974132
[INFO ] 2023-09-25 10:11:42,626 [repositories/LODEdo_endpoint | c.o.g.s.TupleQueryResultView] Request for query 1074974132 is finished
[INFO ] 2023-09-25 10:11:42,631 [repositories/LODEdo_endpoint | c.o.g.s.h.GraphDBQueryResultHandler] POST query 750299393
[INFO ] 2023-09-25 10:11:42,679 [repositories/LODEdo_endpoint | c.o.g.s.TupleQueryResultView] Request for query 750299393 is finished
[INFO ] 2023-09-25 10:11:42,699 [repositories/LODEdo_endpoint | c.o.g.s.h.GraphDBQueryResultHandler] POST query -8229856
[INFO ] 2023-09-25 10:11:42,705 [repositories/LODEdo_endpoint | c.o.g.s.TupleQueryResultView] Request for query -8229856 is finished
[INFO ] 2023-09-25 10:11:42,709 [repositories/LODEdo_endpoint | c.o.g.s.h.GraphDBQueryResultHandler] POST query 239267078
[INFO ] 2023-09-25 10:11:42,746 [repositories/LODEdo_endpoint | c.o.g.s.TupleQueryResultView] Request for query 239267078 is finished
[INFO ] 2023-09-25 10:11:42,754 [repositories/LODEdo_endpoint | c.o.g.s.h.GraphDBQueryResultHandler] POST query 338959984
[INFO ] 2023-09-25 10:11:42,799 [repositories/LODEdo_endpoint | c.o.g.s.TupleQueryResultView] Request for query 338959984 is finished
[INFO ] 2023-09-25 10:11:42,808 [repositories/LODEdo_endpoint | c.o.g.s.h.GraphDBQueryResultHandler] POST query 2020837361
[INFO ] 2023-09-25 10:11:42,827 [repositories/LODEdo_endpoint | c.o.g.s.TupleQueryResultView] Request for query 2020837361 is finished
[INFO ] 2023-09-25 10:11:42,835 [repositories/LODEdo_endpoint | c.o.g.s.h.GraphDBQueryResultHandler] POST query 160549013
[INFO ] 2023-09-25 10:11:42,881 [repositories/LODEdo_endpoint | c.o.g.s.TupleQueryResultView] Request for query 160549013 is finished
