[INFO ] 2023-09-29 13:17:12,030 [main | c.o.g.Config] Using 'file:/C:/Users/valep/Documents/GitHub/lodedo/graphDB/graphdb-10.3.2/conf/logback.xml' as logback's configuration file
[INFO ] 2023-09-29 13:17:12,365 [main | c.o.g.s.GraphDB] Starting GraphDB in workbench mode.
[INFO ] 2023-09-29 13:17:21,812 [main | c.o.g.Config] GraphDB Home directory: C:\Users\valep\Documents\GitHub\lodedo\graphDB\graphdb-10.3.2
[INFO ] 2023-09-29 13:17:21,812 [main | c.o.g.Config] GraphDB Config directory: C:\Users\valep\Documents\GitHub\lodedo\graphDB\graphdb-10.3.2\conf
[INFO ] 2023-09-29 13:17:21,813 [main | c.o.g.Config] GraphDB Data directory: C:\Users\valep\Documents\GitHub\lodedo\graphDB\graphdb-10.3.2\data
[INFO ] 2023-09-29 13:17:21,813 [main | c.o.g.Config] GraphDB Work directory: C:\Users\valep\Documents\GitHub\lodedo\graphDB\graphdb-10.3.2\work
[INFO ] 2023-09-29 13:17:21,814 [main | c.o.g.Config] GraphDB Logs directory: C:\Users\valep\Documents\GitHub\lodedo\graphDB\graphdb-10.3.2\logs
[INFO ] 2023-09-29 13:17:22,447 [main | c.o.g.r.s.SecurityUtil] Cluster gRPC server security is disabled
[INFO ] 2023-09-29 13:17:23,206 [main | c.o.f.c.s.r.GraphDBRpcServer] Started gRPC server on port 7300 successfully
[WARN ] 2023-09-29 13:17:27,069 [main | o.a.c.u.SessionIdGeneratorBase] Creation of SecureRandom instance for session ID generation using [SHA1PRNG] took [411] milliseconds.
[INFO ] 2023-09-29 13:17:27,382 [main | c.o.g.s.GraphDB] Started GraphDB in workbench mode at port 7200.
[INFO ] 2023-09-29 13:19:04,890 [repository-manager-0 | c.o.t.OwlimSchemaRepository] Version: 10.3, revision: 2089190103
[INFO ] 2023-09-29 13:19:04,891 [repository-manager-0 | c.o.t.OwlimSchemaRepository] Build date: Fri Sep 01 15:00:09 CEST 2023
[INFO ] 2023-09-29 13:19:04,895 [repository-manager-0 | c.o.t.OwlimSchemaRepository] Started repository LODEdo_endpoint in READ/WRITE mode.
[INFO ] 2023-09-29 13:19:04,905 [repository-manager-0 | c.o.c.AbstractParameter] Configured parameter 'partialRDFS' to default value 'false'
[INFO ] 2023-09-29 13:19:04,905 [repository-manager-0 | c.o.c.AbstractParameter] Configured parameter 'transaction-isolation' to default value 'true'
[INFO ] 2023-09-29 13:19:04,905 [repository-manager-0 | c.o.c.AbstractParameter] Configured parameter 'checkForValidPropertiesAndClasses' to default value 'false'
[INFO ] 2023-09-29 13:19:04,905 [repository-manager-0 | c.o.c.AbstractParameter] Configured parameter 'transaction-mode' to default value 'safe'
[INFO ] 2023-09-29 13:19:04,906 [repository-manager-0 | c.o.c.AbstractParameter] Configured parameter 'entity-pool-implementation' to default value 'transactional'
[INFO ] 2023-09-29 13:19:04,906 [repository-manager-0 | c.o.c.AbstractParameter] Configured parameter 'useShutdownHooks' to default value 'true'
[INFO ] 2023-09-29 13:19:04,915 [repository-manager-0 | c.o.GraphDBConfigParameters] Cache pages for tuples: 7829
[INFO ] 2023-09-29 13:19:04,916 [repository-manager-0 | c.o.GraphDBConfigParameters] Cache pages for predicates: 1118
[INFO ] 2023-09-29 13:19:04,918 [repository-manager-0 | c.o.c.AbstractParameter] Configured parameter 'graphdb.global.page.cache' to default value 'true'
[INFO ] 2023-09-29 13:19:04,943 [repository-manager-0 | c.o.c.AbstractParameter] Configured parameter 'graphdb.epool.onheap' to default value 'false'
[INFO ] 2023-09-29 13:19:04,943 [repository-manager-0 | c.o.c.AbstractParameter] Configured parameter 'graphdb.page.cache.size' to default value '1004.0M'
[INFO ] 2023-09-29 13:19:04,943 [repository-manager-0 | c.o.t.MemoryConfig] Configured global page cache size to 1004.0M
[INFO ] 2023-09-29 13:19:04,944 [repository-manager-0 | c.o.t.e.EntityPoolFactory] Using entity pool implementation: transactional-disk
[INFO ] 2023-09-29 13:19:04,947 [repository-manager-0 | c.o.c.AbstractParameter] Configured parameter 'epool.connection.cache.size' to default value '2000'
[INFO ] 2023-09-29 13:19:04,955 [repository-manager-0 | c.o.c.AbstractParameter] Configured parameter 'graphdb.epool.onheap' to default value 'false'
[INFO ] 2023-09-29 13:19:04,978 [repository-manager-0 | c.o.t.e.i.m.PersistedHashMap] Restoring entity hash table...
[INFO ] 2023-09-29 13:19:05,046 [repository-manager-0 | c.o.t.e.i.m.PersistedHashMap] Restored 172049 entities allocating 12.0 MB
[INFO ] 2023-09-29 13:19:05,048 [repository-manager-0 | c.o.t.e.i.m.PersistedHashMap] Done in 68 ms.
[INFO ] 2023-09-29 13:19:05,080 [repository-manager-0 | c.o.c.AbstractParameter] Configured parameter 'enable-pool-reversecache' to default value 'true'
[INFO ] 2023-09-29 13:19:05,092 [repository-manager-0 | c.o.c.AbstractParameter] Configured parameter 'allow-system-entities-as-data' to default value 'false'
[INFO ] 2023-09-29 13:19:05,094 [repository-manager-0 | c.o.t.u.l.LimitedObjectCacheFactory] Using LRU cache type: synch
[INFO ] 2023-09-29 13:19:05,101 [repository-manager-0 | c.o.c.AbstractParameter] Configured parameter 'cache-ratio-so-os-cso-cos' to default value '[50, 50, 50]'
[INFO ] 2023-09-29 13:19:05,124 [repository-manager-0 | c.o.c.AbstractParameter] Configured parameter 'graphdb.global.page.cache' to default value 'true'
[INFO ] 2023-09-29 13:19:05,126 [repository-manager-0 | c.o.c.AbstractParameter] Configured parameter 'graphdb.page.cache.size' to default value '1004.0M'
[INFO ] 2023-09-29 13:19:05,260 [repository-manager-0 | c.o.c.AbstractParameter] Configured parameter 'virtual.repository.mode' to default value 'false'
[WARN ] 2023-09-29 13:19:05,340 [repository-manager-0 | c.o.t.OwlimSchemaRepository] Rule list configuration present, it will override all other rule sets parameters!
[INFO ] 2023-09-29 13:19:05,363 [repository-manager-0 | c.o.c.AbstractParameter] Configured parameter 'epool.journal.buffer.size' to default value '1024'
[INFO ] 2023-09-29 13:19:05,377 [repository-manager-0 | c.o.c.AbstractParameter] Configured parameter 'enable-debug-rules' to default value 'false'
[INFO ] 2023-09-29 13:19:05,387 [repository-manager-0 | c.o.t.InferencerFactory] ruleSet=rdfs, partialRdfs=false
[INFO ] 2023-09-29 13:19:05,395 [repository-manager-0 | c.o.c.AbstractParameter] Configured parameter 'filter.obj.only.hint' to default value 'true'
[INFO ] 2023-09-29 13:19:05,437 [repository-manager-0 | c.o.c.AbstractParameter] Configured parameter 'check.pred.stats' to default value 'false'
[INFO ] 2023-09-29 13:19:05,448 [repository-manager-0 | c.o.c.AbstractParameter] Configured parameter 'disable-plugins' to default value '[]'
[INFO ] 2023-09-29 13:19:05,448 [repository-manager-0 | c.o.c.AbstractParameter] Configured parameter 'skip-default-plugins' to default value 'false'
[INFO ] 2023-09-29 13:19:05,448 [repository-manager-0 | c.o.t.OwlimSchemaRepository] Searching for plugins available in the classpath...
[INFO ] 2023-09-29 13:19:05,469 [repository-manager-0 | c.o.t.s.i.PluginManager] Registering plugin direct
[INFO ] 2023-09-29 13:19:05,470 [repository-manager-0 | c.o.t.s.i.PluginManager] Registering plugin notifications
[INFO ] 2023-09-29 13:19:05,470 [repository-manager-0 | c.o.t.s.i.PluginManager] Registering plugin expose-entity
[INFO ] 2023-09-29 13:19:05,471 [repository-manager-0 | c.o.t.s.i.PluginManager] Registering plugin literals-index
[INFO ] 2023-09-29 13:19:05,471 [repository-manager-0 | c.o.t.s.i.PluginManager] Registering plugin script
[INFO ] 2023-09-29 13:19:05,471 [repository-manager-0 | c.o.t.s.i.PluginManager] Registering plugin utils
[INFO ] 2023-09-29 13:19:05,471 [repository-manager-0 | c.o.t.s.i.PluginManager] Registering plugin plugincontrol
[INFO ] 2023-09-29 13:19:05,471 [repository-manager-0 | c.o.t.s.i.PluginManager] Registering plugin magic-predicates
[INFO ] 2023-09-29 13:19:05,471 [repository-manager-0 | c.o.t.s.i.PluginManager] Registering plugin sparql-template
[INFO ] 2023-09-29 13:19:05,472 [repository-manager-0 | c.o.c.AbstractParameter] Configured parameter 'register-plugins' to default value '[]'
[INFO ] 2023-09-29 13:19:05,475 [repository-manager-0 | c.o.GraphDBConfigParameters] Reading external plugins from C:\Users\valep\Documents\GitHub\lodedo\graphDB\graphdb-10.3.2\lib\plugins
[INFO ] 2023-09-29 13:19:05,475 [repository-manager-0 | c.o.c.AbstractParameter] Configured parameter 'register-external-plugins' to default value '[C:\Users\valep\Documents\GitHub\lodedo\graphDB\graphdb-10.3.2\lib\plugins]'
[INFO ] 2023-09-29 13:19:05,476 [repository-manager-0 | c.o.t.OwlimSchemaRepository] Registering external plugins...
[INFO ] 2023-09-29 13:19:05,478 [repository-manager-0 | c.o.t.OwlimSchemaRepository] Scanning C:\Users\valep\Documents\GitHub\lodedo\graphDB\graphdb-10.3.2\lib\plugins\autocomplete-plugin for plugins
[INFO ] 2023-09-29 13:19:05,495 [repository-manager-0 | c.o.t.s.i.PluginManager] Registering plugin autocomplete
[INFO ] 2023-09-29 13:19:05,496 [repository-manager-0 | c.o.t.OwlimSchemaRepository] Scanning C:\Users\valep\Documents\GitHub\lodedo\graphDB\graphdb-10.3.2\lib\plugins\change-tracking-plugin for plugins
[INFO ] 2023-09-29 13:19:05,500 [repository-manager-0 | c.o.t.s.i.PluginManager] Registering plugin change-tracking
[INFO ] 2023-09-29 13:19:05,501 [repository-manager-0 | c.o.t.OwlimSchemaRepository] Scanning C:\Users\valep\Documents\GitHub\lodedo\graphDB\graphdb-10.3.2\lib\plugins\dependencies-plugin for plugins
[INFO ] 2023-09-29 13:19:05,507 [repository-manager-0 | c.o.t.s.i.PluginManager] Registering plugin dependencies-plugin
[INFO ] 2023-09-29 13:19:05,508 [repository-manager-0 | c.o.t.OwlimSchemaRepository] Scanning C:\Users\valep\Documents\GitHub\lodedo\graphDB\graphdb-10.3.2\lib\plugins\elasticsearch-connector for plugins
[INFO ] 2023-09-29 13:19:05,559 [repository-manager-0 | c.o.t.s.i.PluginManager] Registering plugin elasticsearch-connector
[INFO ] 2023-09-29 13:19:05,559 [repository-manager-0 | c.o.t.OwlimSchemaRepository] Scanning C:\Users\valep\Documents\GitHub\lodedo\graphDB\graphdb-10.3.2\lib\plugins\entity-change-connector for plugins
[INFO ] 2023-09-29 13:19:05,584 [repository-manager-0 | c.o.t.s.i.PluginManager] Registering plugin entity-change
[INFO ] 2023-09-29 13:19:05,585 [repository-manager-0 | c.o.t.OwlimSchemaRepository] Scanning C:\Users\valep\Documents\GitHub\lodedo\graphDB\graphdb-10.3.2\lib\plugins\geosparql-plugin for plugins
[INFO ] 2023-09-29 13:19:05,665 [repository-manager-0 | c.o.t.s.i.PluginManager] Registering plugin GeoSPARQL
[INFO ] 2023-09-29 13:19:05,665 [repository-manager-0 | c.o.t.OwlimSchemaRepository] Scanning C:\Users\valep\Documents\GitHub\lodedo\graphDB\graphdb-10.3.2\lib\plugins\geospatial-plugin for plugins
[WARN ] 2023-09-29 13:19:05,729 [repository-manager-0 | o.e.r.q.a.e.f.FunctionRegistry] New service class org.eclipse.rdf4j.spin.function.Localname replaces existing service class com.ontotext.trree.query.functions.afn.old.Localname
[INFO ] 2023-09-29 13:19:05,752 [repository-manager-0 | c.o.t.p.g.FunctionLoader] Registered 1 functions from package com.ontotext.trree.plugin.geo.
[INFO ] 2023-09-29 13:19:05,752 [repository-manager-0 | c.o.t.s.i.PluginManager] Registering plugin geospatial
[INFO ] 2023-09-29 13:19:05,752 [repository-manager-0 | c.o.t.OwlimSchemaRepository] Scanning C:\Users\valep\Documents\GitHub\lodedo\graphDB\graphdb-10.3.2\lib\plugins\history-plugin for plugins
[INFO ] 2023-09-29 13:19:05,759 [repository-manager-0 | c.o.t.s.i.PluginManager] Registering plugin history
[INFO ] 2023-09-29 13:19:05,759 [repository-manager-0 | c.o.t.OwlimSchemaRepository] Scanning C:\Users\valep\Documents\GitHub\lodedo\graphDB\graphdb-10.3.2\lib\plugins\kafka-connector for plugins
[INFO ] 2023-09-29 13:19:05,793 [repository-manager-0 | c.o.t.s.i.PluginManager] Registering plugin kafka-connector
[INFO ] 2023-09-29 13:19:05,793 [repository-manager-0 | c.o.t.OwlimSchemaRepository] Scanning C:\Users\valep\Documents\GitHub\lodedo\graphDB\graphdb-10.3.2\lib\plugins\lucene-connector for plugins
[INFO ] 2023-09-29 13:19:05,853 [repository-manager-0 | c.o.t.s.i.PluginManager] Registering plugin lucene-connector
[INFO ] 2023-09-29 13:19:05,854 [repository-manager-0 | c.o.t.OwlimSchemaRepository] Scanning C:\Users\valep\Documents\GitHub\lodedo\graphDB\graphdb-10.3.2\lib\plugins\mongodb-plugin for plugins
[INFO ] 2023-09-29 13:19:05,881 [repository-manager-0 | c.o.t.s.i.PluginManager] Registering plugin mongodb
[INFO ] 2023-09-29 13:19:05,881 [repository-manager-0 | c.o.t.OwlimSchemaRepository] Scanning C:\Users\valep\Documents\GitHub\lodedo\graphDB\graphdb-10.3.2\lib\plugins\notifications-logger-plugin for plugins
[INFO ] 2023-09-29 13:19:05,885 [repository-manager-0 | c.o.t.s.i.PluginManager] Registering plugin notifications-logger
[INFO ] 2023-09-29 13:19:05,886 [repository-manager-0 | c.o.t.OwlimSchemaRepository] Scanning C:\Users\valep\Documents\GitHub\lodedo\graphDB\graphdb-10.3.2\lib\plugins\opensearch-connector for plugins
[INFO ] 2023-09-29 13:19:05,947 [repository-manager-0 | c.o.t.s.i.PluginManager] Registering plugin opensearch-connector
[INFO ] 2023-09-29 13:19:05,948 [repository-manager-0 | c.o.t.OwlimSchemaRepository] Scanning C:\Users\valep\Documents\GitHub\lodedo\graphDB\graphdb-10.3.2\lib\plugins\proof-plugin for plugins
[INFO ] 2023-09-29 13:19:05,956 [repository-manager-0 | c.o.t.s.i.PluginManager] Registering plugin proof
[INFO ] 2023-09-29 13:19:05,956 [repository-manager-0 | c.o.t.OwlimSchemaRepository] Scanning C:\Users\valep\Documents\GitHub\lodedo\graphDB\graphdb-10.3.2\lib\plugins\rdfrank-plugin for plugins
[INFO ] 2023-09-29 13:19:05,968 [repository-manager-0 | c.o.t.s.i.PluginManager] Registering plugin rdfrank
[INFO ] 2023-09-29 13:19:05,970 [repository-manager-0 | c.o.t.OwlimSchemaRepository] Scanning C:\Users\valep\Documents\GitHub\lodedo\graphDB\graphdb-10.3.2\lib\plugins\sequences-plugin for plugins
[INFO ] 2023-09-29 13:19:05,977 [repository-manager-0 | c.o.t.s.i.PluginManager] Registering plugin sequences
[INFO ] 2023-09-29 13:19:05,977 [repository-manager-0 | c.o.t.OwlimSchemaRepository] Scanning C:\Users\valep\Documents\GitHub\lodedo\graphDB\graphdb-10.3.2\lib\plugins\similarity-plugin for plugins
[INFO ] 2023-09-29 13:19:06,015 [repository-manager-0 | c.o.t.s.i.PluginManager] Registering plugin similarity
[INFO ] 2023-09-29 13:19:06,016 [repository-manager-0 | c.o.t.OwlimSchemaRepository] Scanning C:\Users\valep\Documents\GitHub\lodedo\graphDB\graphdb-10.3.2\lib\plugins\solr-connector for plugins
[INFO ] 2023-09-29 13:19:06,096 [repository-manager-0 | c.o.t.s.i.PluginManager] Registering plugin solr-connector
[INFO ] 2023-09-29 13:19:06,097 [repository-manager-0 | c.o.t.OwlimSchemaRepository] Scanning C:\Users\valep\Documents\GitHub\lodedo\graphDB\graphdb-10.3.2\lib\plugins\sparql-mm for plugins
[INFO ] 2023-09-29 13:19:06,102 [repository-manager-0 | c.o.t.s.i.PluginManager] Registering plugin sparql-mm
[INFO ] 2023-09-29 13:19:06,103 [repository-manager-0 | c.o.t.OwlimSchemaRepository] Scanning C:\Users\valep\Documents\GitHub\lodedo\graphDB\graphdb-10.3.2\lib\plugins\text-mining-plugin for plugins
[INFO ] 2023-09-29 13:19:06,111 [repository-manager-0 | c.o.t.s.i.PluginManager] Registering plugin text-mining
[INFO ] 2023-09-29 13:19:06,113 [repository-manager-0 | c.o.t.OwlimSchemaRepository] Scanning C:\Users\valep\Documents\GitHub\lodedo\graphDB\graphdb-10.3.2\lib\plugins\tx-rollback-plugin for plugins
[INFO ] 2023-09-29 13:19:06,116 [repository-manager-0 | c.o.t.s.i.PluginManager] Registering plugin tx-rollback
[INFO ] 2023-09-29 13:19:06,116 [repository-manager-0 | c.o.t.s.i.PluginManager] Initializing plugins... (DEFAULT)
[INFO ] 2023-09-29 13:19:06,131 [repository-manager-0 | c.o.l.LicenseRegistry] License configuration: Embedded license
[INFO ] 2023-09-29 13:19:06,132 [repository-manager-0 | c.o.l.LicenseRegistry] License file: jar:file:/C:/Users/valep/Documents/GitHub/lodedo/graphDB/graphdb-10.3.2/lib/graphdb-runtime-10.3.2.jar!/GRAPHDB_LITE.license
[INFO ] 2023-09-29 13:19:06,137 [repository-manager-0 | c.o.l.LicenseRegistry] Product:                 GRAPHDB_LITE
[INFO ] 2023-09-29 13:19:06,138 [repository-manager-0 | c.o.l.LicenseRegistry] Capabilities:            [LUCENE_CONNECTOR]
[INFO ] 2023-09-29 13:19:06,138 [repository-manager-0 | c.o.l.LicenseRegistry] Usage restriction:       null
[INFO ] 2023-09-29 13:19:06,139 [repository-manager-0 | c.o.l.LicenseRegistry] Licensee:                Freeware
[INFO ] 2023-09-29 13:19:06,139 [repository-manager-0 | c.o.l.LicenseRegistry] Permitted use:           THE SOFTWARE IS PROVIDED "AS IS", WITHOUT WARRANTY OF ANY KIND, EXPRESS OR IMPLIED, INCLUDING BUT NOT LIMITED TO THE WARRANTIES OF MERCHANTABILITY, FITNESS FOR A PARTICULAR PURPOSE AND NONINFRINGEMENT. IN NO EVENT SHALL THE AUTHORS OR COPYRIGHT HOLDERS BE LIABLE FOR ANY CLAIM, DAMAGES OR OTHER LIABILITY, WHETHER IN AN ACTION OF CONTRACT, TORT OR OTHERWISE, ARISING FROM, OUT OF OR IN CONNECTION WITH THE SOFTWARE OR THE USE OR OTHER DEALINGS IN THE SOFTWARE.
[INFO ] 2023-09-29 13:19:06,139 [repository-manager-0 | c.o.l.LicenseRegistry] Version:                 10.3
[INFO ] 2023-09-29 13:19:06,140 [repository-manager-0 | c.o.l.LicenseRegistry] Expiry date:             none
[INFO ] 2023-09-29 13:19:06,140 [repository-manager-0 | c.o.l.LicenseRegistry] Latest publication date: none
[INFO ] 2023-09-29 13:19:06,140 [repository-manager-0 | c.o.l.LicenseRegistry] Max CPU cores:           1
[INFO ] 2023-09-29 13:19:06,147 [repository-manager-0 | c.o.c.AbstractParameter] Configured parameter 'nonInterpretablePredicates' to default value 'null'
[INFO ] 2023-09-29 13:19:06,160 [repository-manager-0 | c.o.t.s.i.PluginManager] Initializing plugin 'GeoSPARQL'
[INFO ] 2023-09-29 13:19:07,405 [repository-manager-0 | c.o.t.g.FunctionLoader] Registered 50 functions from package com.useekm.geosparql.
[INFO ] 2023-09-29 13:19:07,407 [repository-manager-0 | c.o.t.s.i.PluginManager] Initializing plugin 'autocomplete'
[INFO ] 2023-09-29 13:19:07,409 [repository-manager-0 | c.o.t.p.a.AutocompletePluginUtils] >>>>>>>> AutocompletePlugin: No configuration file found at C:\Users\valep\Documents\GitHub\lodedo\graphDB\graphdb-10.3.2\data\repositories\LODEdo_endpoint\storage\autocomplete\v2\config.properties. Assuming default options for plugin.
[INFO ] 2023-09-29 13:19:07,415 [repository-manager-0 | c.o.t.s.i.PluginManager] Initializing plugin 'change-tracking'
[INFO ] 2023-09-29 13:19:07,441 [repository-manager-0 | c.o.t.s.i.PluginManager] Initializing plugin 'dependencies-plugin'
[INFO ] 2023-09-29 13:19:07,442 [repository-manager-0 | c.o.t.s.i.PluginManager] Initializing plugin 'direct'
[INFO ] 2023-09-29 13:19:07,443 [repository-manager-0 | c.o.t.s.i.PluginManager] Initializing plugin 'elasticsearch-connector'
[INFO ] 2023-09-29 13:19:07,459 [repository-manager-0 | c.o.t.s.i.PluginManager] Initializing plugin 'entity-change'
[INFO ] 2023-09-29 13:19:07,472 [repository-manager-0 | c.o.t.s.i.PluginManager] Initializing plugin 'expose-entity'
[INFO ] 2023-09-29 13:19:07,474 [repository-manager-0 | c.o.t.s.i.PluginManager] Initializing plugin 'geospatial'
[INFO ] 2023-09-29 13:19:07,474 [repository-manager-0 | c.o.t.p.g.GeoSpatialPlugin] Plugin:geospatial initialized
[INFO ] 2023-09-29 13:19:07,475 [repository-manager-0 | c.o.t.s.i.PluginManager] Initializing plugin 'history'
[INFO ] 2023-09-29 13:19:07,482 [repository-manager-0 | c.o.t.s.i.PluginManager] Initializing plugin 'kafka-connector'
[INFO ] 2023-09-29 13:19:07,494 [repository-manager-0 | c.o.t.s.i.PluginManager] Initializing plugin 'literals-index'
[INFO ] 2023-09-29 13:19:07,495 [repository-manager-0 | c.o.c.AbstractParameter] Configured parameter 'enable-fts-index' to default value 'false'
[INFO ] 2023-09-29 13:19:07,495 [repository-manager-0 | c.o.p.literals-index] Full-text search functionality is disabled
[INFO ] 2023-09-29 13:19:07,505 [repository-manager-0 | c.o.p.literals-index] Literals indices restored.
[INFO ] 2023-09-29 13:19:07,505 [repository-manager-0 | c.o.t.s.i.PluginManager] Initializing plugin 'lucene-connector'
[INFO ] 2023-09-29 13:19:07,511 [repository-manager-0 | c.o.t.s.i.PluginManager] Initializing plugin 'magic-predicates'
[INFO ] 2023-09-29 13:19:07,511 [repository-manager-0 | c.o.t.s.i.PluginManager] Initializing plugin 'mongodb'
[INFO ] 2023-09-29 13:19:07,512 [repository-manager-0 | c.o.t.s.i.PluginManager] Initializing plugin 'notifications'
[INFO ] 2023-09-29 13:19:07,512 [repository-manager-0 | c.o.t.s.i.PluginManager] Initializing plugin 'notifications-logger'
[INFO ] 2023-09-29 13:19:07,513 [repository-manager-0 | c.o.t.s.i.PluginManager] Initializing plugin 'opensearch-connector'
[INFO ] 2023-09-29 13:19:07,518 [repository-manager-0 | c.o.t.s.i.PluginManager] Initializing plugin 'plugincontrol'
[INFO ] 2023-09-29 13:19:07,519 [repository-manager-0 | c.o.t.p.p.PluginControlPlugin] Plugin:plugincontrol initialized
[INFO ] 2023-09-29 13:19:07,519 [repository-manager-0 | c.o.t.s.i.PluginManager] Initializing plugin 'proof'
[INFO ] 2023-09-29 13:19:07,520 [repository-manager-0 | c.o.t.s.i.PluginManager] Initializing plugin 'rdfrank'
[INFO ] 2023-09-29 13:19:07,522 [repository-manager-0 | c.o.t.s.i.PluginManager] Initializing plugin 'script'
[INFO ] 2023-09-29 13:19:07,522 [repository-manager-0 | c.o.t.s.i.PluginManager] Initializing plugin 'sequences'
[INFO ] 2023-09-29 13:19:07,522 [repository-manager-0 | c.o.t.s.i.PluginManager] Initializing plugin 'similarity'
[INFO ] 2023-09-29 13:19:07,951 [repository-manager-0 | c.o.t.s.i.PluginManager] Initializing plugin 'solr-connector'
[INFO ] 2023-09-29 13:19:07,957 [repository-manager-0 | c.o.t.s.i.PluginManager] Initializing plugin 'sparql-mm'
[INFO ] 2023-09-29 13:19:07,985 [repository-manager-0 | c.o.g.s.FunctionLoader] Registered 58 functions from package com.github.tkurz.sparqlmm.function.
[INFO ] 2023-09-29 13:19:07,985 [repository-manager-0 | c.o.t.s.i.PluginManager] Initializing plugin 'sparql-template'
[INFO ] 2023-09-29 13:19:07,985 [repository-manager-0 | c.o.t.s.i.PluginManager] Initializing plugin 'text-mining'
[INFO ] 2023-09-29 13:19:07,987 [repository-manager-0 | c.o.t.s.i.PluginManager] Initializing plugin 'tx-rollback'
[INFO ] 2023-09-29 13:19:07,987 [repository-manager-0 | c.o.t.s.i.PluginManager] Initializing plugin 'utils'
[INFO ] 2023-09-29 13:19:08,539 [repository-manager-0 | c.o.t.s.i.PluginManager] Finished initializing plugins
[INFO ] 2023-09-29 13:19:08,540 [repository-manager-0 | c.o.t.MemoryConfig] Configured global page cache size to 1004.0M
[INFO ] 2023-09-29 13:19:08,541 [repository-manager-0 | c.o.t.MemoryConfig] Configured global page cache size to 1004.0M
[INFO ] 2023-09-29 13:19:08,598 [repository-manager-0 | c.o.c.AbstractParameter] Configured parameter 'do.resolve.entities' to default value 'true'
[INFO ] 2023-09-29 13:19:08,599 [repository-manager-0 | c.o.c.AbstractParameter] Configured parameter 'do.load.data' to default value 'true'
[INFO ] 2023-09-29 13:19:08,602 [repository-manager-0 | c.o.r.p.ParallelLoader] Data will be parsed + resolved + loaded.
[INFO ] 2023-09-29 13:19:08,603 [repository-manager-0 | c.o.c.AbstractParameter] Configured parameter 'graphdb.persistent.parallel.inferencers' to default value 'false'
[INFO ] 2023-09-29 13:19:08,676 [repositories/LODEdo_endpoint | c.o.c.AbstractParameter] Configured parameter 'custom.validation.queries.file' to default value 'null'
[INFO ] 2023-09-29 13:19:08,708 [repositories/LODEdo_endpoint | c.o.g.s.h.GraphDBQueryResultHandler] POST query 1074974132
[INFO ] 2023-09-29 13:19:08,892 [repositories/LODEdo_endpoint | c.o.c.AbstractParameter] Configured parameter 'deduplicate.construct' to default value 'true'
[WARN ] 2023-09-29 13:19:08,926 [repositories/LODEdo_endpoint | o.e.r.q.a.e.f.TupleFunctionRegistry] New service class org.eclipse.rdf4j.spin.function.apf.StrSplit replaces existing service class com.ontotext.trree.query.functions.apf.old.StrSplitOld
[WARN ] 2023-09-29 13:19:08,926 [repositories/LODEdo_endpoint | o.e.r.q.a.e.f.TupleFunctionRegistry] New service class org.eclipse.rdf4j.spin.function.apf.ConcatTupleFunction replaces existing service class com.ontotext.trree.query.functions.apf.old.ConcatOld
[WARN ] 2023-09-29 13:19:08,927 [repositories/LODEdo_endpoint | o.e.r.q.a.e.f.TupleFunctionRegistry] New service class org.eclipse.rdf4j.spin.function.list.Member replaces existing service class com.ontotext.trree.query.functions.list.old.MemberOld
[WARN ] 2023-09-29 13:19:08,927 [repositories/LODEdo_endpoint | o.e.r.q.a.e.f.TupleFunctionRegistry] New service class org.eclipse.rdf4j.spin.function.list.Index replaces existing service class com.ontotext.trree.query.functions.list.old.IndexOld
[WARN ] 2023-09-29 13:19:08,927 [repositories/LODEdo_endpoint | o.e.r.q.a.e.f.TupleFunctionRegistry] New service class org.eclipse.rdf4j.spin.function.list.Length replaces existing service class com.ontotext.trree.query.functions.list.old.LengthOld
[INFO ] 2023-09-29 13:19:08,963 [repositories/LODEdo_endpoint | c.o.c.AbstractParameter] Configured parameter 'reuse.vars.in.subselects' to default value 'true'
[INFO ] 2023-09-29 13:19:08,994 [repositories/LODEdo_endpoint | c.o.c.AbstractParameter] Configured parameter 'in-clause-max-members' to default value '16'
[INFO ] 2023-09-29 13:19:08,995 [repositories/LODEdo_endpoint | c.o.c.AbstractParameter] Configured parameter 'query.convert.values.clause' to default value 'true'
[INFO ] 2023-09-29 13:19:09,009 [repositories/LODEdo_endpoint | c.o.c.AbstractParameter] Configured parameter 'hash.join' to default value 'false'
[INFO ] 2023-09-29 13:19:09,012 [repositories/LODEdo_endpoint | c.o.c.AbstractParameter] Configured parameter 'merge.join' to default value 'false'
[INFO ] 2023-09-29 13:19:09,023 [repositories/LODEdo_endpoint | c.o.c.AbstractParameter] Configured parameter 'default.min.distinct.threshold' to default value '250.0M'
[INFO ] 2023-09-29 13:19:09,119 [repositories/LODEdo_endpoint | c.o.g.s.TupleQueryResultView] Request for query 1074974132 is finished
[INFO ] 2023-09-29 13:19:09,129 [repositories/LODEdo_endpoint | c.o.g.s.h.GraphDBQueryResultHandler] POST query 750299393
[INFO ] 2023-09-29 13:19:09,414 [repositories/LODEdo_endpoint | c.o.g.s.TupleQueryResultView] Request for query 750299393 is finished
[INFO ] 2023-09-29 13:19:09,436 [repositories/LODEdo_endpoint | c.o.g.s.h.GraphDBQueryResultHandler] POST query -8229856
[INFO ] 2023-09-29 13:19:09,445 [repositories/LODEdo_endpoint | c.o.g.s.TupleQueryResultView] Request for query -8229856 is finished
[INFO ] 2023-09-29 13:19:09,454 [repositories/LODEdo_endpoint | c.o.g.s.h.GraphDBQueryResultHandler] POST query 239267078
[INFO ] 2023-09-29 13:19:09,607 [repositories/LODEdo_endpoint | c.o.g.s.TupleQueryResultView] Request for query 239267078 is finished
[INFO ] 2023-09-29 13:19:09,614 [repositories/LODEdo_endpoint | c.o.g.s.h.GraphDBQueryResultHandler] POST query 338959984
[INFO ] 2023-09-29 13:19:09,710 [repositories/LODEdo_endpoint | c.o.g.s.TupleQueryResultView] Request for query 338959984 is finished
[INFO ] 2023-09-29 13:19:09,717 [repositories/LODEdo_endpoint | c.o.g.s.h.GraphDBQueryResultHandler] POST query 2020837361
[INFO ] 2023-09-29 13:19:09,765 [repositories/LODEdo_endpoint | c.o.g.s.TupleQueryResultView] Request for query 2020837361 is finished
[INFO ] 2023-09-29 13:19:09,800 [repositories/LODEdo_endpoint | c.o.g.s.h.GraphDBQueryResultHandler] POST query 160549013
[INFO ] 2023-09-29 13:19:09,902 [repositories/LODEdo_endpoint | c.o.g.s.TupleQueryResultView] Request for query 160549013 is finished
[INFO ] 2023-09-29 13:19:13,226 [repositories/LODEdo_endpoint | c.o.g.s.h.GraphDBQueryResultHandler] POST query -1355549259
[INFO ] 2023-09-29 13:19:13,235 [repositories/LODEdo_endpoint | c.o.g.s.TupleQueryResultView] Request for query -1355549259 is finished
[INFO ] 2023-09-29 13:19:13,239 [repositories/LODEdo_endpoint | c.o.g.s.h.GraphDBQueryResultHandler] POST query 1475464555
[INFO ] 2023-09-29 13:19:13,249 [repositories/LODEdo_endpoint | c.o.g.s.TupleQueryResultView] Request for query 1475464555 is finished
[INFO ] 2023-09-29 13:19:13,259 [repositories/LODEdo_endpoint | c.o.g.s.h.GraphDBQueryResultHandler] POST query 82849247
[INFO ] 2023-09-29 13:19:13,272 [repositories/LODEdo_endpoint | c.o.g.s.TupleQueryResultView] Request for query 82849247 is finished
[INFO ] 2023-09-29 13:19:13,275 [repositories/LODEdo_endpoint | c.o.g.s.h.GraphDBQueryResultHandler] POST query 298906572
[INFO ] 2023-09-29 13:19:13,304 [repositories/LODEdo_endpoint | c.o.g.s.TupleQueryResultView] Request for query 298906572 is finished
[INFO ] 2023-09-29 13:19:15,599 [repositories/LODEdo_endpoint | c.o.g.s.h.GraphDBQueryResultHandler] POST query -841244428
[INFO ] 2023-09-29 13:19:15,661 [repositories/LODEdo_endpoint | c.o.g.s.TupleQueryResultView] Request for query -841244428 is finished
[INFO ] 2023-09-29 13:19:15,665 [repositories/LODEdo_endpoint | c.o.g.s.h.GraphDBQueryResultHandler] POST query 1457623475
[INFO ] 2023-09-29 13:19:15,680 [repositories/LODEdo_endpoint | c.o.g.s.TupleQueryResultView] Request for query 1457623475 is finished
[INFO ] 2023-09-29 13:19:15,686 [repositories/LODEdo_endpoint | c.o.g.s.h.GraphDBQueryResultHandler] POST query -1393117123
[INFO ] 2023-09-29 13:19:15,704 [repositories/LODEdo_endpoint | c.o.g.s.TupleQueryResultView] Request for query -1393117123 is finished
[INFO ] 2023-09-29 13:19:15,710 [repositories/LODEdo_endpoint | c.o.g.s.h.GraphDBQueryResultHandler] POST query 2128432412
[INFO ] 2023-09-29 13:19:15,721 [repositories/LODEdo_endpoint | c.o.g.s.TupleQueryResultView] Request for query 2128432412 is finished
[INFO ] 2023-09-29 13:19:15,726 [repositories/LODEdo_endpoint | c.o.g.s.h.GraphDBQueryResultHandler] POST query -481592816
[INFO ] 2023-09-29 13:19:15,733 [repositories/LODEdo_endpoint | c.o.g.s.TupleQueryResultView] Request for query -481592816 is finished
[INFO ] 2023-09-29 13:19:20,868 [repositories/LODEdo_endpoint | c.o.g.s.h.GraphDBQueryResultHandler] POST query -1355549259
[INFO ] 2023-09-29 13:19:20,872 [repositories/LODEdo_endpoint | c.o.g.s.TupleQueryResultView] Request for query -1355549259 is finished
[INFO ] 2023-09-29 13:19:20,877 [repositories/LODEdo_endpoint | c.o.g.s.h.GraphDBQueryResultHandler] POST query 1475464555
[INFO ] 2023-09-29 13:19:20,881 [repositories/LODEdo_endpoint | c.o.g.s.TupleQueryResultView] Request for query 1475464555 is finished
[INFO ] 2023-09-29 13:19:20,887 [repositories/LODEdo_endpoint | c.o.g.s.h.GraphDBQueryResultHandler] POST query 82849247
[INFO ] 2023-09-29 13:19:20,894 [repositories/LODEdo_endpoint | c.o.g.s.TupleQueryResultView] Request for query 82849247 is finished
[INFO ] 2023-09-29 13:19:20,898 [repositories/LODEdo_endpoint | c.o.g.s.h.GraphDBQueryResultHandler] POST query 298906572
[INFO ] 2023-09-29 13:19:20,925 [repositories/LODEdo_endpoint | c.o.g.s.TupleQueryResultView] Request for query 298906572 is finished
[INFO ] 2023-09-29 13:19:24,253 [repositories/LODEdo_endpoint | c.o.g.s.h.GraphDBQueryResultHandler] POST query 268269703
[INFO ] 2023-09-29 13:19:24,260 [repositories/LODEdo_endpoint | c.o.g.s.TupleQueryResultView] Request for query 268269703 is finished
[INFO ] 2023-09-29 13:19:24,263 [repositories/LODEdo_endpoint | c.o.g.s.h.GraphDBQueryResultHandler] POST query 1556575587
[INFO ] 2023-09-29 13:19:24,270 [repositories/LODEdo_endpoint | c.o.g.s.TupleQueryResultView] Request for query 1556575587 is finished
[INFO ] 2023-09-29 13:19:24,275 [repositories/LODEdo_endpoint | c.o.g.s.h.GraphDBQueryResultHandler] POST query -160389172
[INFO ] 2023-09-29 13:19:24,286 [repositories/LODEdo_endpoint | c.o.g.s.TupleQueryResultView] Request for query -160389172 is finished
[INFO ] 2023-09-29 13:19:24,291 [repositories/LODEdo_endpoint | c.o.g.s.h.GraphDBQueryResultHandler] POST query 267775771
[INFO ] 2023-09-29 13:19:24,296 [repositories/LODEdo_endpoint | c.o.g.s.TupleQueryResultView] Request for query 267775771 is finished
[INFO ] 2023-09-29 13:19:24,300 [repositories/LODEdo_endpoint | c.o.g.s.h.GraphDBQueryResultHandler] POST query -85504710
[INFO ] 2023-09-29 13:19:24,307 [repositories/LODEdo_endpoint | c.o.g.s.TupleQueryResultView] Request for query -85504710 is finished
[INFO ] 2023-09-29 13:19:24,311 [repositories/LODEdo_endpoint | c.o.g.s.h.GraphDBQueryResultHandler] POST query 1121439102
[INFO ] 2023-09-29 13:19:24,319 [repositories/LODEdo_endpoint | c.o.g.s.TupleQueryResultView] Request for query 1121439102 is finished
[INFO ] 2023-09-29 13:19:44,234 [repositories/LODEdo_endpoint | c.o.g.s.h.GraphDBQueryResultHandler] POST query -1355549259
[INFO ] 2023-09-29 13:19:44,243 [repositories/LODEdo_endpoint | c.o.g.s.TupleQueryResultView] Request for query -1355549259 is finished
[INFO ] 2023-09-29 13:19:44,248 [repositories/LODEdo_endpoint | c.o.g.s.h.GraphDBQueryResultHandler] POST query 1475464555
[INFO ] 2023-09-29 13:19:44,254 [repositories/LODEdo_endpoint | c.o.g.s.TupleQueryResultView] Request for query 1475464555 is finished
[INFO ] 2023-09-29 13:19:44,259 [repositories/LODEdo_endpoint | c.o.g.s.h.GraphDBQueryResultHandler] POST query 82849247
[INFO ] 2023-09-29 13:19:44,275 [repositories/LODEdo_endpoint | c.o.g.s.TupleQueryResultView] Request for query 82849247 is finished
[INFO ] 2023-09-29 13:19:44,281 [repositories/LODEdo_endpoint | c.o.g.s.h.GraphDBQueryResultHandler] POST query 298906572
[INFO ] 2023-09-29 13:19:44,298 [repositories/LODEdo_endpoint | c.o.g.s.TupleQueryResultView] Request for query 298906572 is finished
[INFO ] 2023-09-29 13:19:47,429 [repositories/LODEdo_endpoint | c.o.g.s.h.GraphDBQueryResultHandler] POST query -1592558080
[INFO ] 2023-09-29 13:19:47,460 [repositories/LODEdo_endpoint | c.o.g.s.TupleQueryResultView] Request for query -1592558080 is finished
[INFO ] 2023-09-29 13:19:47,463 [repositories/LODEdo_endpoint | c.o.g.s.h.GraphDBQueryResultHandler] POST query 24204591
[INFO ] 2023-09-29 13:19:47,474 [repositories/LODEdo_endpoint | c.o.g.s.TupleQueryResultView] Request for query 24204591 is finished
[INFO ] 2023-09-29 13:19:47,476 [repositories/LODEdo_endpoint | c.o.g.s.h.GraphDBQueryResultHandler] POST query -222407837
[INFO ] 2023-09-29 13:19:47,483 [repositories/LODEdo_endpoint | c.o.g.s.TupleQueryResultView] Request for query -222407837 is finished
[INFO ] 2023-09-29 13:19:47,490 [repositories/LODEdo_endpoint | c.o.g.s.h.GraphDBQueryResultHandler] POST query -744333653
[INFO ] 2023-09-29 13:19:47,496 [repositories/LODEdo_endpoint | c.o.g.s.TupleQueryResultView] Request for query -744333653 is finished
[INFO ] 2023-09-29 13:19:47,500 [repositories/LODEdo_endpoint | c.o.g.s.h.GraphDBQueryResultHandler] POST query -222407837
[INFO ] 2023-09-29 13:19:47,510 [repositories/LODEdo_endpoint | c.o.g.s.TupleQueryResultView] Request for query -222407837 is finished
[INFO ] 2023-09-29 13:19:47,513 [repositories/LODEdo_endpoint | c.o.g.s.h.GraphDBQueryResultHandler] POST query -222407837
[INFO ] 2023-09-29 13:19:47,521 [repositories/LODEdo_endpoint | c.o.g.s.TupleQueryResultView] Request for query -222407837 is finished
[INFO ] 2023-09-29 13:19:47,525 [repositories/LODEdo_endpoint | c.o.g.s.h.GraphDBQueryResultHandler] POST query -222407837
[INFO ] 2023-09-29 13:19:47,531 [repositories/LODEdo_endpoint | c.o.g.s.TupleQueryResultView] Request for query -222407837 is finished
[INFO ] 2023-09-29 13:19:47,534 [repositories/LODEdo_endpoint | c.o.g.s.h.GraphDBQueryResultHandler] POST query -1846222226
[INFO ] 2023-09-29 13:19:47,544 [repositories/LODEdo_endpoint | c.o.g.s.TupleQueryResultView] Request for query -1846222226 is finished
[INFO ] 2023-09-29 13:19:47,548 [repositories/LODEdo_endpoint | c.o.g.s.h.GraphDBQueryResultHandler] POST query -1846222226
[INFO ] 2023-09-29 13:19:47,554 [repositories/LODEdo_endpoint | c.o.g.s.TupleQueryResultView] Request for query -1846222226 is finished
[INFO ] 2023-09-29 13:19:47,558 [repositories/LODEdo_endpoint | c.o.g.s.h.GraphDBQueryResultHandler] POST query -1846222226
[INFO ] 2023-09-29 13:19:47,562 [repositories/LODEdo_endpoint | c.o.g.s.TupleQueryResultView] Request for query -1846222226 is finished
[INFO ] 2023-09-29 13:19:47,565 [repositories/LODEdo_endpoint | c.o.g.s.h.GraphDBQueryResultHandler] POST query -522421972
[INFO ] 2023-09-29 13:19:47,574 [repositories/LODEdo_endpoint | c.o.g.s.TupleQueryResultView] Request for query -522421972 is finished
[INFO ] 2023-09-29 13:19:47,578 [repositories/LODEdo_endpoint | c.o.g.s.h.GraphDBQueryResultHandler] POST query -222407837
[INFO ] 2023-09-29 13:19:47,582 [repositories/LODEdo_endpoint | c.o.g.s.TupleQueryResultView] Request for query -222407837 is finished
[INFO ] 2023-09-29 13:19:47,586 [repositories/LODEdo_endpoint | c.o.g.s.h.GraphDBQueryResultHandler] POST query -222407837
[INFO ] 2023-09-29 13:19:47,593 [repositories/LODEdo_endpoint | c.o.g.s.TupleQueryResultView] Request for query -222407837 is finished
[INFO ] 2023-09-29 13:19:47,596 [repositories/LODEdo_endpoint | c.o.g.s.h.GraphDBQueryResultHandler] POST query -222407837
[INFO ] 2023-09-29 13:19:47,601 [repositories/LODEdo_endpoint | c.o.g.s.TupleQueryResultView] Request for query -222407837 is finished
[INFO ] 2023-09-29 13:19:47,606 [repositories/LODEdo_endpoint | c.o.g.s.h.GraphDBQueryResultHandler] POST query -60911119
[INFO ] 2023-09-29 13:19:47,612 [repositories/LODEdo_endpoint | c.o.g.s.TupleQueryResultView] Request for query -60911119 is finished
[INFO ] 2023-09-29 13:19:47,614 [repositories/LODEdo_endpoint | c.o.g.s.h.GraphDBQueryResultHandler] POST query -60911119
[INFO ] 2023-09-29 13:19:47,622 [repositories/LODEdo_endpoint | c.o.g.s.TupleQueryResultView] Request for query -60911119 is finished
[INFO ] 2023-09-29 13:19:47,625 [repositories/LODEdo_endpoint | c.o.g.s.h.GraphDBQueryResultHandler] POST query -60911119
[INFO ] 2023-09-29 13:19:47,631 [repositories/LODEdo_endpoint | c.o.g.s.TupleQueryResultView] Request for query -60911119 is finished
[INFO ] 2023-09-29 13:19:53,203 [repositories/LODEdo_endpoint | c.o.g.s.h.GraphDBQueryResultHandler] POST query -1355549259
[INFO ] 2023-09-29 13:19:53,207 [repositories/LODEdo_endpoint | c.o.g.s.TupleQueryResultView] Request for query -1355549259 is finished
[INFO ] 2023-09-29 13:19:53,210 [repositories/LODEdo_endpoint | c.o.g.s.h.GraphDBQueryResultHandler] POST query 1475464555
[INFO ] 2023-09-29 13:19:53,214 [repositories/LODEdo_endpoint | c.o.g.s.TupleQueryResultView] Request for query 1475464555 is finished
[INFO ] 2023-09-29 13:19:53,218 [repositories/LODEdo_endpoint | c.o.g.s.h.GraphDBQueryResultHandler] POST query 82849247
[INFO ] 2023-09-29 13:19:53,227 [repositories/LODEdo_endpoint | c.o.g.s.TupleQueryResultView] Request for query 82849247 is finished
[INFO ] 2023-09-29 13:19:53,236 [repositories/LODEdo_endpoint | c.o.g.s.h.GraphDBQueryResultHandler] POST query 298906572
[INFO ] 2023-09-29 13:19:53,261 [repositories/LODEdo_endpoint | c.o.g.s.TupleQueryResultView] Request for query 298906572 is finished
