[INFO ] 2023-09-27 15:02:21,722 [main | c.o.g.Config] Using 'file:/C:/Users/valep/Documents/GitHub/lodedo/graphDB/graphdb-10.3.2/conf/logback.xml' as logback's configuration file
[INFO ] 2023-09-27 15:03:12,658 [main | c.o.g.Config] Using 'file:/C:/Users/valep/Documents/GitHub/lodedo/graphDB/graphdb-10.3.2/conf/logback.xml' as logback's configuration file
[INFO ] 2023-09-27 15:03:12,931 [main | c.o.g.s.GraphDB] Starting GraphDB in workbench mode.
[INFO ] 2023-09-27 15:03:25,084 [main | c.o.g.Config] GraphDB Home directory: C:\Users\valep\Documents\GitHub\lodedo\graphDB\graphdb-10.3.2
[INFO ] 2023-09-27 15:03:25,086 [main | c.o.g.Config] GraphDB Config directory: C:\Users\valep\Documents\GitHub\lodedo\graphDB\graphdb-10.3.2\conf
[INFO ] 2023-09-27 15:03:25,088 [main | c.o.g.Config] GraphDB Data directory: C:\Users\valep\Documents\GitHub\lodedo\graphDB\graphdb-10.3.2\data
[INFO ] 2023-09-27 15:03:25,089 [main | c.o.g.Config] GraphDB Work directory: C:\Users\valep\Documents\GitHub\lodedo\graphDB\graphdb-10.3.2\work
[INFO ] 2023-09-27 15:03:25,090 [main | c.o.g.Config] GraphDB Logs directory: C:\Users\valep\Documents\GitHub\lodedo\graphDB\graphdb-10.3.2\logs
[INFO ] 2023-09-27 15:03:26,633 [main | c.o.g.r.s.SecurityUtil] Cluster gRPC server security is disabled
[INFO ] 2023-09-27 15:03:28,065 [main | c.o.f.c.s.r.GraphDBRpcServer] Started gRPC server on port 7300 successfully
[WARN ] 2023-09-27 15:03:29,529 [main | o.e.r.s.h.DirectoryLockManager] Removing invalid lock 21796@BOOK-L3J56CHT5G
[WARN ] 2023-09-27 15:03:34,945 [main | o.a.c.u.SessionIdGeneratorBase] Creation of SecureRandom instance for session ID generation using [SHA1PRNG] took [533] milliseconds.
[INFO ] 2023-09-27 15:03:35,556 [main | c.o.g.s.GraphDB] Started GraphDB in workbench mode at port 7200.
[INFO ] 2023-09-27 15:03:37,763 [repository-manager-0 | c.o.t.OwlimSchemaRepository] Version: 10.3, revision: 2089190103
[INFO ] 2023-09-27 15:03:37,765 [repository-manager-0 | c.o.t.OwlimSchemaRepository] Build date: Fri Sep 01 15:00:09 CEST 2023
[INFO ] 2023-09-27 15:03:37,785 [repository-manager-0 | c.o.t.OwlimSchemaRepository] Started repository LODEdo_endpoint in READ/WRITE mode.
[INFO ] 2023-09-27 15:03:37,799 [repository-manager-0 | c.o.c.AbstractParameter] Configured parameter 'partialRDFS' to default value 'false'
[INFO ] 2023-09-27 15:03:37,800 [repository-manager-0 | c.o.c.AbstractParameter] Configured parameter 'transaction-isolation' to default value 'true'
[INFO ] 2023-09-27 15:03:37,801 [repository-manager-0 | c.o.c.AbstractParameter] Configured parameter 'checkForValidPropertiesAndClasses' to default value 'false'
[INFO ] 2023-09-27 15:03:37,801 [repository-manager-0 | c.o.c.AbstractParameter] Configured parameter 'transaction-mode' to default value 'safe'
[INFO ] 2023-09-27 15:03:37,801 [repository-manager-0 | c.o.c.AbstractParameter] Configured parameter 'entity-pool-implementation' to default value 'transactional'
[INFO ] 2023-09-27 15:03:37,802 [repository-manager-0 | c.o.c.AbstractParameter] Configured parameter 'useShutdownHooks' to default value 'true'
[INFO ] 2023-09-27 15:03:37,818 [repository-manager-0 | c.o.GraphDBConfigParameters] Cache pages for tuples: 7829
[INFO ] 2023-09-27 15:03:37,819 [repository-manager-0 | c.o.GraphDBConfigParameters] Cache pages for predicates: 1118
[INFO ] 2023-09-27 15:03:37,820 [repository-manager-0 | c.o.c.AbstractParameter] Configured parameter 'graphdb.global.page.cache' to default value 'true'
[INFO ] 2023-09-27 15:03:37,859 [repository-manager-0 | c.o.t.OwlimSchemaRepository] Detected unclean shutdown
[INFO ] 2023-09-27 15:03:37,866 [repository-manager-0 | c.o.t.OwlimSchemaRepository] Removing old inference file C:\Users\valep\Documents\GitHub\lodedo\graphDB\graphdb-10.3.2\data\repositories\LODEdo_endpoint\storage\stack-3eb56e03 and freeing 0 bytes
[INFO ] 2023-09-27 15:03:37,868 [repository-manager-0 | c.o.t.OwlimSchemaRepository] Removing old inference file C:\Users\valep\Documents\GitHub\lodedo\graphDB\graphdb-10.3.2\data\repositories\LODEdo_endpoint\storage\stack-3eb56e03-del and freeing 0 bytes
[INFO ] 2023-09-27 15:03:37,869 [repository-manager-0 | c.o.t.OwlimSchemaRepository] Removing old inference file C:\Users\valep\Documents\GitHub\lodedo\graphDB\graphdb-10.3.2\data\repositories\LODEdo_endpoint\storage\stack-3eb56e03-del1 and freeing 0 bytes
[INFO ] 2023-09-27 15:03:37,870 [repository-manager-0 | c.o.t.OwlimSchemaRepository] Removing old inference file C:\Users\valep\Documents\GitHub\lodedo\graphDB\graphdb-10.3.2\data\repositories\LODEdo_endpoint\storage\stack-3eb56e03-del2 and freeing 0 bytes
[INFO ] 2023-09-27 15:03:37,871 [repository-manager-0 | c.o.t.OwlimSchemaRepository] Removing old inference file C:\Users\valep\Documents\GitHub\lodedo\graphDB\graphdb-10.3.2\data\repositories\LODEdo_endpoint\storage\stack-3eb56e03-expl-restore and freeing 0 bytes
[INFO ] 2023-09-27 15:03:37,872 [repository-manager-0 | c.o.c.AbstractParameter] Configured parameter 'graphdb.epool.onheap' to default value 'false'
[INFO ] 2023-09-27 15:03:37,873 [repository-manager-0 | c.o.c.AbstractParameter] Configured parameter 'graphdb.page.cache.size' to default value '1004.0M'
[INFO ] 2023-09-27 15:03:37,874 [repository-manager-0 | c.o.t.MemoryConfig] Configured global page cache size to 1004.0M
[INFO ] 2023-09-27 15:03:37,874 [repository-manager-0 | c.o.t.e.EntityPoolFactory] Using entity pool implementation: transactional-disk
[INFO ] 2023-09-27 15:03:37,879 [repository-manager-0 | c.o.c.AbstractParameter] Configured parameter 'epool.connection.cache.size' to default value '2000'
[INFO ] 2023-09-27 15:03:37,892 [repository-manager-0 | c.o.c.AbstractParameter] Configured parameter 'graphdb.epool.onheap' to default value 'false'
[INFO ] 2023-09-27 15:03:37,907 [repository-manager-0 | c.o.t.e.i.m.PersistedHashMap] Restoring entity hash table...
[INFO ] 2023-09-27 15:03:38,049 [repository-manager-0 | c.o.t.e.i.m.PersistedHashMap] Restored 172049 entities allocating 12.0 MB
[INFO ] 2023-09-27 15:03:38,054 [repository-manager-0 | c.o.t.e.i.m.PersistedHashMap] Done in 142 ms.
[INFO ] 2023-09-27 15:03:38,119 [repository-manager-0 | c.o.c.AbstractParameter] Configured parameter 'enable-pool-reversecache' to default value 'true'
[INFO ] 2023-09-27 15:03:38,147 [repository-manager-0 | c.o.c.AbstractParameter] Configured parameter 'allow-system-entities-as-data' to default value 'false'
[INFO ] 2023-09-27 15:03:38,152 [repository-manager-0 | c.o.t.u.l.LimitedObjectCacheFactory] Using LRU cache type: synch
[INFO ] 2023-09-27 15:03:38,167 [repository-manager-0 | c.o.c.AbstractParameter] Configured parameter 'cache-ratio-so-os-cso-cos' to default value '[50, 50, 50]'
[INFO ] 2023-09-27 15:03:38,226 [repository-manager-0 | c.o.c.AbstractParameter] Configured parameter 'graphdb.global.page.cache' to default value 'true'
[INFO ] 2023-09-27 15:03:38,232 [repository-manager-0 | c.o.c.AbstractParameter] Configured parameter 'graphdb.page.cache.size' to default value '1004.0M'
[INFO ] 2023-09-27 15:03:38,573 [repository-manager-0 | c.o.c.AbstractParameter] Configured parameter 'virtual.repository.mode' to default value 'false'
[WARN ] 2023-09-27 15:03:38,783 [repository-manager-0 | c.o.t.OwlimSchemaRepository] Rule list configuration present, it will override all other rule sets parameters!
[INFO ] 2023-09-27 15:03:38,830 [repository-manager-0 | c.o.c.AbstractParameter] Configured parameter 'epool.journal.buffer.size' to default value '1024'
[INFO ] 2023-09-27 15:03:38,855 [repository-manager-0 | c.o.c.AbstractParameter] Configured parameter 'enable-debug-rules' to default value 'false'
[INFO ] 2023-09-27 15:03:38,880 [repository-manager-0 | c.o.t.InferencerFactory] ruleSet=rdfs, partialRdfs=false
[INFO ] 2023-09-27 15:03:38,898 [repository-manager-0 | c.o.c.AbstractParameter] Configured parameter 'filter.obj.only.hint' to default value 'true'
[INFO ] 2023-09-27 15:03:39,033 [repository-manager-0 | c.o.c.AbstractParameter] Configured parameter 'check.pred.stats' to default value 'false'
[INFO ] 2023-09-27 15:03:39,070 [repository-manager-0 | c.o.c.AbstractParameter] Configured parameter 'disable-plugins' to default value '[]'
[INFO ] 2023-09-27 15:03:39,071 [repository-manager-0 | c.o.c.AbstractParameter] Configured parameter 'skip-default-plugins' to default value 'false'
[INFO ] 2023-09-27 15:03:39,072 [repository-manager-0 | c.o.t.OwlimSchemaRepository] Searching for plugins available in the classpath...
[INFO ] 2023-09-27 15:03:39,114 [repository-manager-0 | c.o.t.s.i.PluginManager] Registering plugin direct
[INFO ] 2023-09-27 15:03:39,116 [repository-manager-0 | c.o.t.s.i.PluginManager] Registering plugin notifications
[INFO ] 2023-09-27 15:03:39,117 [repository-manager-0 | c.o.t.s.i.PluginManager] Registering plugin expose-entity
[INFO ] 2023-09-27 15:03:39,118 [repository-manager-0 | c.o.t.s.i.PluginManager] Registering plugin literals-index
[INFO ] 2023-09-27 15:03:39,119 [repository-manager-0 | c.o.t.s.i.PluginManager] Registering plugin script
[INFO ] 2023-09-27 15:03:39,120 [repository-manager-0 | c.o.t.s.i.PluginManager] Registering plugin utils
[INFO ] 2023-09-27 15:03:39,120 [repository-manager-0 | c.o.t.s.i.PluginManager] Registering plugin plugincontrol
[INFO ] 2023-09-27 15:03:39,121 [repository-manager-0 | c.o.t.s.i.PluginManager] Registering plugin magic-predicates
[INFO ] 2023-09-27 15:03:39,122 [repository-manager-0 | c.o.t.s.i.PluginManager] Registering plugin sparql-template
[INFO ] 2023-09-27 15:03:39,122 [repository-manager-0 | c.o.c.AbstractParameter] Configured parameter 'register-plugins' to default value '[]'
[INFO ] 2023-09-27 15:03:39,130 [repository-manager-0 | c.o.GraphDBConfigParameters] Reading external plugins from C:\Users\valep\Documents\GitHub\lodedo\graphDB\graphdb-10.3.2\lib\plugins
[INFO ] 2023-09-27 15:03:39,131 [repository-manager-0 | c.o.c.AbstractParameter] Configured parameter 'register-external-plugins' to default value '[C:\Users\valep\Documents\GitHub\lodedo\graphDB\graphdb-10.3.2\lib\plugins]'
[INFO ] 2023-09-27 15:03:39,132 [repository-manager-0 | c.o.t.OwlimSchemaRepository] Registering external plugins...
[INFO ] 2023-09-27 15:03:39,143 [repository-manager-0 | c.o.t.OwlimSchemaRepository] Scanning C:\Users\valep\Documents\GitHub\lodedo\graphDB\graphdb-10.3.2\lib\plugins\autocomplete-plugin for plugins
[INFO ] 2023-09-27 15:03:39,174 [repository-manager-0 | c.o.t.s.i.PluginManager] Registering plugin autocomplete
[INFO ] 2023-09-27 15:03:39,175 [repository-manager-0 | c.o.t.OwlimSchemaRepository] Scanning C:\Users\valep\Documents\GitHub\lodedo\graphDB\graphdb-10.3.2\lib\plugins\change-tracking-plugin for plugins
[INFO ] 2023-09-27 15:03:39,183 [repository-manager-0 | c.o.t.s.i.PluginManager] Registering plugin change-tracking
[INFO ] 2023-09-27 15:03:39,184 [repository-manager-0 | c.o.t.OwlimSchemaRepository] Scanning C:\Users\valep\Documents\GitHub\lodedo\graphDB\graphdb-10.3.2\lib\plugins\dependencies-plugin for plugins
[INFO ] 2023-09-27 15:03:39,197 [repository-manager-0 | c.o.t.s.i.PluginManager] Registering plugin dependencies-plugin
[INFO ] 2023-09-27 15:03:39,197 [repository-manager-0 | c.o.t.OwlimSchemaRepository] Scanning C:\Users\valep\Documents\GitHub\lodedo\graphDB\graphdb-10.3.2\lib\plugins\elasticsearch-connector for plugins
[INFO ] 2023-09-27 15:03:39,298 [repository-manager-0 | c.o.t.s.i.PluginManager] Registering plugin elasticsearch-connector
[INFO ] 2023-09-27 15:03:39,298 [repository-manager-0 | c.o.t.OwlimSchemaRepository] Scanning C:\Users\valep\Documents\GitHub\lodedo\graphDB\graphdb-10.3.2\lib\plugins\entity-change-connector for plugins
[INFO ] 2023-09-27 15:03:39,352 [repository-manager-0 | c.o.t.s.i.PluginManager] Registering plugin entity-change
[INFO ] 2023-09-27 15:03:39,353 [repository-manager-0 | c.o.t.OwlimSchemaRepository] Scanning C:\Users\valep\Documents\GitHub\lodedo\graphDB\graphdb-10.3.2\lib\plugins\geosparql-plugin for plugins
[INFO ] 2023-09-27 15:03:39,483 [repository-manager-0 | c.o.t.s.i.PluginManager] Registering plugin GeoSPARQL
[INFO ] 2023-09-27 15:03:39,484 [repository-manager-0 | c.o.t.OwlimSchemaRepository] Scanning C:\Users\valep\Documents\GitHub\lodedo\graphDB\graphdb-10.3.2\lib\plugins\geospatial-plugin for plugins
[WARN ] 2023-09-27 15:03:39,619 [repository-manager-0 | o.e.r.q.a.e.f.FunctionRegistry] New service class org.eclipse.rdf4j.spin.function.Localname replaces existing service class com.ontotext.trree.query.functions.afn.old.Localname
[INFO ] 2023-09-27 15:03:39,672 [repository-manager-0 | c.o.t.p.g.FunctionLoader] Registered 1 functions from package com.ontotext.trree.plugin.geo.
[INFO ] 2023-09-27 15:03:39,673 [repository-manager-0 | c.o.t.s.i.PluginManager] Registering plugin geospatial
[INFO ] 2023-09-27 15:03:39,674 [repository-manager-0 | c.o.t.OwlimSchemaRepository] Scanning C:\Users\valep\Documents\GitHub\lodedo\graphDB\graphdb-10.3.2\lib\plugins\history-plugin for plugins
[INFO ] 2023-09-27 15:03:39,695 [repository-manager-0 | c.o.t.s.i.PluginManager] Registering plugin history
[INFO ] 2023-09-27 15:03:39,696 [repository-manager-0 | c.o.t.OwlimSchemaRepository] Scanning C:\Users\valep\Documents\GitHub\lodedo\graphDB\graphdb-10.3.2\lib\plugins\kafka-connector for plugins
[INFO ] 2023-09-27 15:03:39,754 [repository-manager-0 | c.o.t.s.i.PluginManager] Registering plugin kafka-connector
[INFO ] 2023-09-27 15:03:39,755 [repository-manager-0 | c.o.t.OwlimSchemaRepository] Scanning C:\Users\valep\Documents\GitHub\lodedo\graphDB\graphdb-10.3.2\lib\plugins\lucene-connector for plugins
[INFO ] 2023-09-27 15:03:39,850 [repository-manager-0 | c.o.t.s.i.PluginManager] Registering plugin lucene-connector
[INFO ] 2023-09-27 15:03:39,851 [repository-manager-0 | c.o.t.OwlimSchemaRepository] Scanning C:\Users\valep\Documents\GitHub\lodedo\graphDB\graphdb-10.3.2\lib\plugins\mongodb-plugin for plugins
[INFO ] 2023-09-27 15:03:39,869 [repository-manager-0 | c.o.t.s.i.PluginManager] Registering plugin mongodb
[INFO ] 2023-09-27 15:03:39,869 [repository-manager-0 | c.o.t.OwlimSchemaRepository] Scanning C:\Users\valep\Documents\GitHub\lodedo\graphDB\graphdb-10.3.2\lib\plugins\notifications-logger-plugin for plugins
[INFO ] 2023-09-27 15:03:39,874 [repository-manager-0 | c.o.t.s.i.PluginManager] Registering plugin notifications-logger
[INFO ] 2023-09-27 15:03:39,874 [repository-manager-0 | c.o.t.OwlimSchemaRepository] Scanning C:\Users\valep\Documents\GitHub\lodedo\graphDB\graphdb-10.3.2\lib\plugins\opensearch-connector for plugins
[INFO ] 2023-09-27 15:03:39,956 [repository-manager-0 | c.o.t.s.i.PluginManager] Registering plugin opensearch-connector
[INFO ] 2023-09-27 15:03:39,957 [repository-manager-0 | c.o.t.OwlimSchemaRepository] Scanning C:\Users\valep\Documents\GitHub\lodedo\graphDB\graphdb-10.3.2\lib\plugins\proof-plugin for plugins
[INFO ] 2023-09-27 15:03:39,967 [repository-manager-0 | c.o.t.s.i.PluginManager] Registering plugin proof
[INFO ] 2023-09-27 15:03:39,967 [repository-manager-0 | c.o.t.OwlimSchemaRepository] Scanning C:\Users\valep\Documents\GitHub\lodedo\graphDB\graphdb-10.3.2\lib\plugins\rdfrank-plugin for plugins
[INFO ] 2023-09-27 15:03:39,978 [repository-manager-0 | c.o.t.s.i.PluginManager] Registering plugin rdfrank
[INFO ] 2023-09-27 15:03:39,979 [repository-manager-0 | c.o.t.OwlimSchemaRepository] Scanning C:\Users\valep\Documents\GitHub\lodedo\graphDB\graphdb-10.3.2\lib\plugins\sequences-plugin for plugins
[INFO ] 2023-09-27 15:03:39,986 [repository-manager-0 | c.o.t.s.i.PluginManager] Registering plugin sequences
[INFO ] 2023-09-27 15:03:39,987 [repository-manager-0 | c.o.t.OwlimSchemaRepository] Scanning C:\Users\valep\Documents\GitHub\lodedo\graphDB\graphdb-10.3.2\lib\plugins\similarity-plugin for plugins
[INFO ] 2023-09-27 15:03:40,043 [repository-manager-0 | c.o.t.s.i.PluginManager] Registering plugin similarity
[INFO ] 2023-09-27 15:03:40,044 [repository-manager-0 | c.o.t.OwlimSchemaRepository] Scanning C:\Users\valep\Documents\GitHub\lodedo\graphDB\graphdb-10.3.2\lib\plugins\solr-connector for plugins
[INFO ] 2023-09-27 15:03:40,145 [repository-manager-0 | c.o.t.s.i.PluginManager] Registering plugin solr-connector
[INFO ] 2023-09-27 15:03:40,146 [repository-manager-0 | c.o.t.OwlimSchemaRepository] Scanning C:\Users\valep\Documents\GitHub\lodedo\graphDB\graphdb-10.3.2\lib\plugins\sparql-mm for plugins
[INFO ] 2023-09-27 15:03:40,153 [repository-manager-0 | c.o.t.s.i.PluginManager] Registering plugin sparql-mm
[INFO ] 2023-09-27 15:03:40,153 [repository-manager-0 | c.o.t.OwlimSchemaRepository] Scanning C:\Users\valep\Documents\GitHub\lodedo\graphDB\graphdb-10.3.2\lib\plugins\text-mining-plugin for plugins
[INFO ] 2023-09-27 15:03:40,168 [repository-manager-0 | c.o.t.s.i.PluginManager] Registering plugin text-mining
[INFO ] 2023-09-27 15:03:40,169 [repository-manager-0 | c.o.t.OwlimSchemaRepository] Scanning C:\Users\valep\Documents\GitHub\lodedo\graphDB\graphdb-10.3.2\lib\plugins\tx-rollback-plugin for plugins
[INFO ] 2023-09-27 15:03:40,175 [repository-manager-0 | c.o.t.s.i.PluginManager] Registering plugin tx-rollback
[INFO ] 2023-09-27 15:03:40,176 [repository-manager-0 | c.o.t.s.i.PluginManager] Initializing plugins... (DEFAULT)
[INFO ] 2023-09-27 15:03:40,196 [repository-manager-0 | c.o.l.LicenseRegistry] License configuration: Embedded license
[INFO ] 2023-09-27 15:03:40,196 [repository-manager-0 | c.o.l.LicenseRegistry] License file: jar:file:/C:/Users/valep/Documents/GitHub/lodedo/graphDB/graphdb-10.3.2/lib/graphdb-runtime-10.3.2.jar!/GRAPHDB_LITE.license
[INFO ] 2023-09-27 15:03:40,203 [repository-manager-0 | c.o.l.LicenseRegistry] Product:                 GRAPHDB_LITE
[INFO ] 2023-09-27 15:03:40,203 [repository-manager-0 | c.o.l.LicenseRegistry] Capabilities:            [LUCENE_CONNECTOR]
[INFO ] 2023-09-27 15:03:40,204 [repository-manager-0 | c.o.l.LicenseRegistry] Usage restriction:       null
[INFO ] 2023-09-27 15:03:40,204 [repository-manager-0 | c.o.l.LicenseRegistry] Licensee:                Freeware
[INFO ] 2023-09-27 15:03:40,205 [repository-manager-0 | c.o.l.LicenseRegistry] Permitted use:           THE SOFTWARE IS PROVIDED "AS IS", WITHOUT WARRANTY OF ANY KIND, EXPRESS OR IMPLIED, INCLUDING BUT NOT LIMITED TO THE WARRANTIES OF MERCHANTABILITY, FITNESS FOR A PARTICULAR PURPOSE AND NONINFRINGEMENT. IN NO EVENT SHALL THE AUTHORS OR COPYRIGHT HOLDERS BE LIABLE FOR ANY CLAIM, DAMAGES OR OTHER LIABILITY, WHETHER IN AN ACTION OF CONTRACT, TORT OR OTHERWISE, ARISING FROM, OUT OF OR IN CONNECTION WITH THE SOFTWARE OR THE USE OR OTHER DEALINGS IN THE SOFTWARE.
[INFO ] 2023-09-27 15:03:40,206 [repository-manager-0 | c.o.l.LicenseRegistry] Version:                 10.3
[INFO ] 2023-09-27 15:03:40,206 [repository-manager-0 | c.o.l.LicenseRegistry] Expiry date:             none
[INFO ] 2023-09-27 15:03:40,207 [repository-manager-0 | c.o.l.LicenseRegistry] Latest publication date: none
[INFO ] 2023-09-27 15:03:40,207 [repository-manager-0 | c.o.l.LicenseRegistry] Max CPU cores:           1
[INFO ] 2023-09-27 15:03:40,218 [repository-manager-0 | c.o.c.AbstractParameter] Configured parameter 'nonInterpretablePredicates' to default value 'null'
[INFO ] 2023-09-27 15:03:40,236 [repository-manager-0 | c.o.t.s.i.PluginManager] Initializing plugin 'GeoSPARQL'
[INFO ] 2023-09-27 15:03:42,295 [repository-manager-0 | c.o.t.g.FunctionLoader] Registered 50 functions from package com.useekm.geosparql.
[INFO ] 2023-09-27 15:03:42,299 [repository-manager-0 | c.o.t.s.i.PluginManager] Initializing plugin 'autocomplete'
[INFO ] 2023-09-27 15:03:42,304 [repository-manager-0 | c.o.t.p.a.AutocompletePluginUtils] >>>>>>>> AutocompletePlugin: No configuration file found at C:\Users\valep\Documents\GitHub\lodedo\graphDB\graphdb-10.3.2\data\repositories\LODEdo_endpoint\storage\autocomplete\v2\config.properties. Assuming default options for plugin.
[INFO ] 2023-09-27 15:03:42,316 [repository-manager-0 | c.o.t.s.i.PluginManager] Initializing plugin 'change-tracking'
[INFO ] 2023-09-27 15:03:42,365 [repository-manager-0 | c.o.t.s.i.PluginManager] Initializing plugin 'dependencies-plugin'
[INFO ] 2023-09-27 15:03:42,367 [repository-manager-0 | c.o.t.s.i.PluginManager] Initializing plugin 'direct'
[INFO ] 2023-09-27 15:03:42,368 [repository-manager-0 | c.o.t.s.i.PluginManager] Initializing plugin 'elasticsearch-connector'
[INFO ] 2023-09-27 15:03:42,395 [repository-manager-0 | c.o.t.s.i.PluginManager] Initializing plugin 'entity-change'
[INFO ] 2023-09-27 15:03:42,407 [repository-manager-0 | c.o.t.s.i.PluginManager] Initializing plugin 'expose-entity'
[INFO ] 2023-09-27 15:03:42,409 [repository-manager-0 | c.o.t.s.i.PluginManager] Initializing plugin 'geospatial'
[INFO ] 2023-09-27 15:03:42,411 [repository-manager-0 | c.o.t.p.g.GeoSpatialPlugin] Plugin:geospatial initialized
[INFO ] 2023-09-27 15:03:42,412 [repository-manager-0 | c.o.t.s.i.PluginManager] Initializing plugin 'history'
[INFO ] 2023-09-27 15:03:42,431 [repository-manager-0 | c.o.t.s.i.PluginManager] Initializing plugin 'kafka-connector'
[INFO ] 2023-09-27 15:03:42,452 [repository-manager-0 | c.o.t.s.i.PluginManager] Initializing plugin 'literals-index'
[INFO ] 2023-09-27 15:03:42,458 [repository-manager-0 | c.o.c.AbstractParameter] Configured parameter 'enable-fts-index' to default value 'false'
[INFO ] 2023-09-27 15:03:42,458 [repository-manager-0 | c.o.p.literals-index] Full-text search functionality is disabled
[INFO ] 2023-09-27 15:03:42,477 [repository-manager-0 | c.o.p.literals-index] Literals indices restored.
[INFO ] 2023-09-27 15:03:42,477 [repository-manager-0 | c.o.t.s.i.PluginManager] Initializing plugin 'lucene-connector'
[INFO ] 2023-09-27 15:03:42,497 [repository-manager-0 | c.o.t.s.i.PluginManager] Initializing plugin 'magic-predicates'
[INFO ] 2023-09-27 15:03:42,497 [repository-manager-0 | c.o.t.s.i.PluginManager] Initializing plugin 'mongodb'
[INFO ] 2023-09-27 15:03:42,499 [repository-manager-0 | c.o.t.s.i.PluginManager] Initializing plugin 'notifications'
[INFO ] 2023-09-27 15:03:42,501 [repository-manager-0 | c.o.t.s.i.PluginManager] Initializing plugin 'notifications-logger'
[INFO ] 2023-09-27 15:03:42,502 [repository-manager-0 | c.o.t.s.i.PluginManager] Initializing plugin 'opensearch-connector'
[INFO ] 2023-09-27 15:03:42,520 [repository-manager-0 | c.o.t.s.i.PluginManager] Initializing plugin 'plugincontrol'
[INFO ] 2023-09-27 15:03:42,522 [repository-manager-0 | c.o.t.p.p.PluginControlPlugin] Plugin:plugincontrol initialized
[INFO ] 2023-09-27 15:03:42,522 [repository-manager-0 | c.o.t.s.i.PluginManager] Initializing plugin 'proof'
[INFO ] 2023-09-27 15:03:42,523 [repository-manager-0 | c.o.t.s.i.PluginManager] Initializing plugin 'rdfrank'
[INFO ] 2023-09-27 15:03:42,531 [repository-manager-0 | c.o.t.s.i.PluginManager] Initializing plugin 'script'
[INFO ] 2023-09-27 15:03:42,533 [repository-manager-0 | c.o.t.s.i.PluginManager] Initializing plugin 'sequences'
[INFO ] 2023-09-27 15:03:42,534 [repository-manager-0 | c.o.t.s.i.PluginManager] Initializing plugin 'similarity'
[INFO ] 2023-09-27 15:03:43,311 [repository-manager-0 | c.o.t.s.i.PluginManager] Initializing plugin 'solr-connector'
[INFO ] 2023-09-27 15:03:43,330 [repository-manager-0 | c.o.t.s.i.PluginManager] Initializing plugin 'sparql-mm'
[INFO ] 2023-09-27 15:03:43,386 [repository-manager-0 | c.o.g.s.FunctionLoader] Registered 58 functions from package com.github.tkurz.sparqlmm.function.
[INFO ] 2023-09-27 15:03:43,387 [repository-manager-0 | c.o.t.s.i.PluginManager] Initializing plugin 'sparql-template'
[INFO ] 2023-09-27 15:03:43,388 [repository-manager-0 | c.o.t.s.i.PluginManager] Initializing plugin 'text-mining'
[INFO ] 2023-09-27 15:03:43,391 [repository-manager-0 | c.o.t.s.i.PluginManager] Initializing plugin 'tx-rollback'
[INFO ] 2023-09-27 15:03:43,391 [repository-manager-0 | c.o.t.s.i.PluginManager] Initializing plugin 'utils'
[INFO ] 2023-09-27 15:03:44,134 [repository-manager-0 | c.o.t.s.i.PluginManager] Finished initializing plugins
[INFO ] 2023-09-27 15:03:44,136 [repository-manager-0 | c.o.t.MemoryConfig] Configured global page cache size to 1004.0M
[INFO ] 2023-09-27 15:03:44,138 [repository-manager-0 | c.o.t.MemoryConfig] Configured global page cache size to 1004.0M
[INFO ] 2023-09-27 15:03:44,278 [repository-manager-0 | c.o.c.AbstractParameter] Configured parameter 'do.resolve.entities' to default value 'true'
[INFO ] 2023-09-27 15:03:44,279 [repository-manager-0 | c.o.c.AbstractParameter] Configured parameter 'do.load.data' to default value 'true'
[INFO ] 2023-09-27 15:03:44,280 [repository-manager-0 | c.o.r.p.ParallelLoader] Data will be parsed + resolved + loaded.
[INFO ] 2023-09-27 15:03:44,280 [repository-manager-0 | c.o.c.AbstractParameter] Configured parameter 'graphdb.persistent.parallel.inferencers' to default value 'false'
[INFO ] 2023-09-27 15:03:44,447 [repositories/LODEdo_endpoint | c.o.c.AbstractParameter] Configured parameter 'custom.validation.queries.file' to default value 'null'
[INFO ] 2023-09-27 15:03:44,478 [repositories/LODEdo_endpoint | c.o.g.s.h.GraphDBQueryResultHandler] POST query 1074974132
[INFO ] 2023-09-27 15:03:44,781 [repositories/LODEdo_endpoint | c.o.c.AbstractParameter] Configured parameter 'deduplicate.construct' to default value 'true'
[WARN ] 2023-09-27 15:03:44,856 [repositories/LODEdo_endpoint | o.e.r.q.a.e.f.TupleFunctionRegistry] New service class org.eclipse.rdf4j.spin.function.apf.StrSplit replaces existing service class com.ontotext.trree.query.functions.apf.old.StrSplitOld
[WARN ] 2023-09-27 15:03:44,857 [repositories/LODEdo_endpoint | o.e.r.q.a.e.f.TupleFunctionRegistry] New service class org.eclipse.rdf4j.spin.function.apf.ConcatTupleFunction replaces existing service class com.ontotext.trree.query.functions.apf.old.ConcatOld
[WARN ] 2023-09-27 15:03:44,857 [repositories/LODEdo_endpoint | o.e.r.q.a.e.f.TupleFunctionRegistry] New service class org.eclipse.rdf4j.spin.function.list.Member replaces existing service class com.ontotext.trree.query.functions.list.old.MemberOld
[WARN ] 2023-09-27 15:03:44,858 [repositories/LODEdo_endpoint | o.e.r.q.a.e.f.TupleFunctionRegistry] New service class org.eclipse.rdf4j.spin.function.list.Index replaces existing service class com.ontotext.trree.query.functions.list.old.IndexOld
[WARN ] 2023-09-27 15:03:44,858 [repositories/LODEdo_endpoint | o.e.r.q.a.e.f.TupleFunctionRegistry] New service class org.eclipse.rdf4j.spin.function.list.Length replaces existing service class com.ontotext.trree.query.functions.list.old.LengthOld
[INFO ] 2023-09-27 15:03:44,917 [repositories/LODEdo_endpoint | c.o.c.AbstractParameter] Configured parameter 'reuse.vars.in.subselects' to default value 'true'
[INFO ] 2023-09-27 15:03:44,968 [repositories/LODEdo_endpoint | c.o.c.AbstractParameter] Configured parameter 'in-clause-max-members' to default value '16'
[INFO ] 2023-09-27 15:03:44,969 [repositories/LODEdo_endpoint | c.o.c.AbstractParameter] Configured parameter 'query.convert.values.clause' to default value 'true'
[INFO ] 2023-09-27 15:03:44,994 [repositories/LODEdo_endpoint | c.o.c.AbstractParameter] Configured parameter 'hash.join' to default value 'false'
[INFO ] 2023-09-27 15:03:44,997 [repositories/LODEdo_endpoint | c.o.c.AbstractParameter] Configured parameter 'merge.join' to default value 'false'
[INFO ] 2023-09-27 15:03:45,010 [repositories/LODEdo_endpoint | c.o.c.AbstractParameter] Configured parameter 'default.min.distinct.threshold' to default value '250.0M'
[INFO ] 2023-09-27 15:03:45,176 [repositories/LODEdo_endpoint | c.o.g.s.TupleQueryResultView] Request for query 1074974132 is finished
[INFO ] 2023-09-27 15:03:45,196 [repositories/LODEdo_endpoint | c.o.g.s.h.GraphDBQueryResultHandler] POST query 750299393
[INFO ] 2023-09-27 15:03:45,667 [repositories/LODEdo_endpoint | c.o.g.s.TupleQueryResultView] Request for query 750299393 is finished
[INFO ] 2023-09-27 15:03:45,693 [repositories/LODEdo_endpoint | c.o.g.s.h.GraphDBQueryResultHandler] POST query -8229856
[INFO ] 2023-09-27 15:03:45,716 [repositories/LODEdo_endpoint | c.o.g.s.TupleQueryResultView] Request for query -8229856 is finished
[INFO ] 2023-09-27 15:03:45,727 [repositories/LODEdo_endpoint | c.o.g.s.h.GraphDBQueryResultHandler] POST query 239267078
[INFO ] 2023-09-27 15:03:45,997 [repositories/LODEdo_endpoint | c.o.g.s.TupleQueryResultView] Request for query 239267078 is finished
[INFO ] 2023-09-27 15:03:46,012 [repositories/LODEdo_endpoint | c.o.g.s.h.GraphDBQueryResultHandler] POST query 338959984
[INFO ] 2023-09-27 15:03:46,208 [repositories/LODEdo_endpoint | c.o.g.s.TupleQueryResultView] Request for query 338959984 is finished
[INFO ] 2023-09-27 15:03:46,222 [repositories/LODEdo_endpoint | c.o.g.s.h.GraphDBQueryResultHandler] POST query 2020837361
[INFO ] 2023-09-27 15:03:46,316 [repositories/LODEdo_endpoint | c.o.g.s.TupleQueryResultView] Request for query 2020837361 is finished
[INFO ] 2023-09-27 15:03:46,322 [repositories/LODEdo_endpoint | c.o.g.s.h.GraphDBQueryResultHandler] POST query 160549013
[INFO ] 2023-09-27 15:03:46,444 [repositories/LODEdo_endpoint | c.o.g.s.TupleQueryResultView] Request for query 160549013 is finished
[INFO ] 2023-09-27 15:04:13,464 [repositories/LODEdo_endpoint | c.o.g.s.h.GraphDBQueryResultHandler] POST query 1074974132
[INFO ] 2023-09-27 15:04:13,479 [repositories/LODEdo_endpoint | c.o.g.s.TupleQueryResultView] Request for query 1074974132 is finished
[INFO ] 2023-09-27 15:04:13,487 [repositories/LODEdo_endpoint | c.o.g.s.h.GraphDBQueryResultHandler] POST query 750299393
[INFO ] 2023-09-27 15:04:13,605 [repositories/LODEdo_endpoint | c.o.g.s.TupleQueryResultView] Request for query 750299393 is finished
[INFO ] 2023-09-27 15:04:13,626 [repositories/LODEdo_endpoint | c.o.g.s.h.GraphDBQueryResultHandler] POST query -8229856
[INFO ] 2023-09-27 15:04:13,636 [repositories/LODEdo_endpoint | c.o.g.s.TupleQueryResultView] Request for query -8229856 is finished
[INFO ] 2023-09-27 15:04:13,644 [repositories/LODEdo_endpoint | c.o.g.s.h.GraphDBQueryResultHandler] POST query 239267078
[INFO ] 2023-09-27 15:04:13,751 [repositories/LODEdo_endpoint | c.o.g.s.TupleQueryResultView] Request for query 239267078 is finished
[INFO ] 2023-09-27 15:04:13,757 [repositories/LODEdo_endpoint | c.o.g.s.h.GraphDBQueryResultHandler] POST query 338959984
[INFO ] 2023-09-27 15:04:13,812 [repositories/LODEdo_endpoint | c.o.g.s.TupleQueryResultView] Request for query 338959984 is finished
[INFO ] 2023-09-27 15:04:13,819 [repositories/LODEdo_endpoint | c.o.g.s.h.GraphDBQueryResultHandler] POST query 2020837361
[INFO ] 2023-09-27 15:04:13,861 [repositories/LODEdo_endpoint | c.o.g.s.TupleQueryResultView] Request for query 2020837361 is finished
[INFO ] 2023-09-27 15:04:13,867 [repositories/LODEdo_endpoint | c.o.g.s.h.GraphDBQueryResultHandler] POST query 160549013
[INFO ] 2023-09-27 15:04:13,946 [repositories/LODEdo_endpoint | c.o.g.s.TupleQueryResultView] Request for query 160549013 is finished
[INFO ] 2023-09-27 15:04:13,986 [repositories/LODEdo_endpoint | c.o.g.s.h.GraphDBQueryResultHandler] POST query 952858780
[INFO ] 2023-09-27 15:04:14,009 [repositories/LODEdo_endpoint | c.o.g.s.TupleQueryResultView] Request for query 952858780 is finished
[INFO ] 2023-09-27 15:04:17,243 [repositories/LODEdo_endpoint | c.o.g.s.h.GraphDBQueryResultHandler] POST query -1042133826
[INFO ] 2023-09-27 15:04:17,252 [repositories/LODEdo_endpoint | c.o.g.s.TupleQueryResultView] Request for query -1042133826 is finished
[INFO ] 2023-09-27 15:04:17,259 [repositories/LODEdo_endpoint | c.o.g.s.h.GraphDBQueryResultHandler] POST query -402820172
[INFO ] 2023-09-27 15:04:17,276 [repositories/LODEdo_endpoint | c.o.g.s.TupleQueryResultView] Request for query -402820172 is finished
[INFO ] 2023-09-27 15:04:17,283 [repositories/LODEdo_endpoint | c.o.g.s.h.GraphDBQueryResultHandler] POST query -201599882
[INFO ] 2023-09-27 15:04:17,304 [repositories/LODEdo_endpoint | c.o.g.s.TupleQueryResultView] Request for query -201599882 is finished
[INFO ] 2023-09-27 15:04:17,312 [repositories/LODEdo_endpoint | c.o.g.s.h.GraphDBQueryResultHandler] POST query -1564198877
[INFO ] 2023-09-27 15:04:17,356 [repositories/LODEdo_endpoint | c.o.g.s.TupleQueryResultView] Request for query -1564198877 is finished
[INFO ] 2023-09-27 15:04:21,699 [repositories/LODEdo_endpoint | c.o.g.s.h.GraphDBQueryResultHandler] POST query 1785173778
[INFO ] 2023-09-27 15:04:21,711 [repositories/LODEdo_endpoint | c.o.g.s.TupleQueryResultView] Request for query 1785173778 is finished
[INFO ] 2023-09-27 15:04:21,717 [repositories/LODEdo_endpoint | c.o.g.s.h.GraphDBQueryResultHandler] POST query 1573612735
[INFO ] 2023-09-27 15:04:21,729 [repositories/LODEdo_endpoint | c.o.g.s.TupleQueryResultView] Request for query 1573612735 is finished
[INFO ] 2023-09-27 15:04:21,736 [repositories/LODEdo_endpoint | c.o.g.s.h.GraphDBQueryResultHandler] POST query -1361831943
[INFO ] 2023-09-27 15:04:21,753 [repositories/LODEdo_endpoint | c.o.g.s.TupleQueryResultView] Request for query -1361831943 is finished
[INFO ] 2023-09-27 15:04:21,759 [repositories/LODEdo_endpoint | c.o.g.s.h.GraphDBQueryResultHandler] POST query 1647009736
[INFO ] 2023-09-27 15:04:21,770 [repositories/LODEdo_endpoint | c.o.g.s.TupleQueryResultView] Request for query 1647009736 is finished
[INFO ] 2023-09-27 15:04:21,776 [repositories/LODEdo_endpoint | c.o.g.s.h.GraphDBQueryResultHandler] POST query -1702547801
[INFO ] 2023-09-27 15:04:21,790 [repositories/LODEdo_endpoint | c.o.g.s.TupleQueryResultView] Request for query -1702547801 is finished
[INFO ] 2023-09-27 15:04:21,797 [repositories/LODEdo_endpoint | c.o.g.s.h.GraphDBQueryResultHandler] POST query -1445153807
[INFO ] 2023-09-27 15:04:21,816 [repositories/LODEdo_endpoint | c.o.g.s.TupleQueryResultView] Request for query -1445153807 is finished
[INFO ] 2023-09-27 15:04:27,353 [repositories/LODEdo_endpoint | c.o.g.s.h.GraphDBQueryResultHandler] POST query -381246420
[INFO ] 2023-09-27 15:04:27,364 [repositories/LODEdo_endpoint | c.o.g.s.TupleQueryResultView] Request for query -381246420 is finished
[INFO ] 2023-09-27 15:04:27,369 [repositories/LODEdo_endpoint | c.o.g.s.h.GraphDBQueryResultHandler] POST query 974668121
[INFO ] 2023-09-27 15:04:27,382 [repositories/LODEdo_endpoint | c.o.g.s.TupleQueryResultView] Request for query 974668121 is finished
[INFO ] 2023-09-27 15:04:27,390 [repositories/LODEdo_endpoint | c.o.g.s.h.GraphDBQueryResultHandler] POST query -812788705
[INFO ] 2023-09-27 15:04:27,403 [repositories/LODEdo_endpoint | c.o.g.s.TupleQueryResultView] Request for query -812788705 is finished
[INFO ] 2023-09-27 15:04:27,412 [repositories/LODEdo_endpoint | c.o.g.s.h.GraphDBQueryResultHandler] POST query 1349540590
[INFO ] 2023-09-27 15:04:27,424 [repositories/LODEdo_endpoint | c.o.g.s.TupleQueryResultView] Request for query 1349540590 is finished
[INFO ] 2023-09-27 15:04:27,432 [repositories/LODEdo_endpoint | c.o.g.s.h.GraphDBQueryResultHandler] POST query -174577587
[INFO ] 2023-09-27 15:04:27,444 [repositories/LODEdo_endpoint | c.o.g.s.TupleQueryResultView] Request for query -174577587 is finished
[INFO ] 2023-09-27 15:04:27,451 [repositories/LODEdo_endpoint | c.o.g.s.h.GraphDBQueryResultHandler] POST query 1498176139
[INFO ] 2023-09-27 15:04:27,462 [repositories/LODEdo_endpoint | c.o.g.s.TupleQueryResultView] Request for query 1498176139 is finished
[INFO ] 2023-09-27 15:04:32,366 [repositories/LODEdo_endpoint | c.o.g.s.h.GraphDBQueryResultHandler] POST query -1042133826
[INFO ] 2023-09-27 15:04:32,375 [repositories/LODEdo_endpoint | c.o.g.s.TupleQueryResultView] Request for query -1042133826 is finished
[INFO ] 2023-09-27 15:04:32,380 [repositories/LODEdo_endpoint | c.o.g.s.h.GraphDBQueryResultHandler] POST query -402820172
[INFO ] 2023-09-27 15:04:32,390 [repositories/LODEdo_endpoint | c.o.g.s.TupleQueryResultView] Request for query -402820172 is finished
[INFO ] 2023-09-27 15:04:32,396 [repositories/LODEdo_endpoint | c.o.g.s.h.GraphDBQueryResultHandler] POST query -201599882
[INFO ] 2023-09-27 15:04:32,410 [repositories/LODEdo_endpoint | c.o.g.s.TupleQueryResultView] Request for query -201599882 is finished
[INFO ] 2023-09-27 15:04:32,416 [repositories/LODEdo_endpoint | c.o.g.s.h.GraphDBQueryResultHandler] POST query -1564198877
[INFO ] 2023-09-27 15:04:32,450 [repositories/LODEdo_endpoint | c.o.g.s.TupleQueryResultView] Request for query -1564198877 is finished
[INFO ] 2023-09-27 15:04:50,062 [repositories/LODEdo_endpoint | c.o.g.s.h.GraphDBQueryResultHandler] POST query 1444671944
[INFO ] 2023-09-27 15:04:50,207 [repositories/LODEdo_endpoint | c.o.g.s.TupleQueryResultView] Request for query 1444671944 is finished
[INFO ] 2023-09-27 15:04:50,216 [repositories/LODEdo_endpoint | c.o.g.s.h.GraphDBQueryResultHandler] POST query -530766821
[INFO ] 2023-09-27 15:04:50,236 [repositories/LODEdo_endpoint | c.o.g.s.TupleQueryResultView] Request for query -530766821 is finished
[INFO ] 2023-09-27 15:04:50,244 [repositories/LODEdo_endpoint | c.o.g.s.h.GraphDBQueryResultHandler] POST query 889105947
[INFO ] 2023-09-27 15:04:50,259 [repositories/LODEdo_endpoint | c.o.g.s.TupleQueryResultView] Request for query 889105947 is finished
[INFO ] 2023-09-27 15:04:50,267 [repositories/LODEdo_endpoint | c.o.g.s.h.GraphDBQueryResultHandler] POST query -1118229092
[INFO ] 2023-09-27 15:04:50,284 [repositories/LODEdo_endpoint | c.o.g.s.TupleQueryResultView] Request for query -1118229092 is finished
[INFO ] 2023-09-27 15:04:50,291 [repositories/LODEdo_endpoint | c.o.g.s.h.GraphDBQueryResultHandler] POST query 428442014
[INFO ] 2023-09-27 15:04:50,304 [repositories/LODEdo_endpoint | c.o.g.s.TupleQueryResultView] Request for query 428442014 is finished
[INFO ] 2023-09-27 15:04:50,310 [repositories/LODEdo_endpoint | c.o.g.s.h.GraphDBQueryResultHandler] POST query -1705691363
[INFO ] 2023-09-27 15:04:50,324 [repositories/LODEdo_endpoint | c.o.g.s.TupleQueryResultView] Request for query -1705691363 is finished
[INFO ] 2023-09-27 15:04:50,333 [repositories/LODEdo_endpoint | c.o.g.s.h.GraphDBQueryResultHandler] POST query 382597075
[INFO ] 2023-09-27 15:04:50,344 [repositories/LODEdo_endpoint | c.o.g.s.TupleQueryResultView] Request for query 382597075 is finished
[INFO ] 2023-09-27 15:04:50,351 [repositories/LODEdo_endpoint | c.o.g.s.h.GraphDBQueryResultHandler] POST query 2001813662
[INFO ] 2023-09-27 15:04:50,360 [repositories/LODEdo_endpoint | c.o.g.s.TupleQueryResultView] Request for query 2001813662 is finished
[INFO ] 2023-09-27 15:04:50,369 [repositories/LODEdo_endpoint | c.o.g.s.h.GraphDBQueryResultHandler] POST query -1337937561
[INFO ] 2023-09-27 15:04:50,384 [repositories/LODEdo_endpoint | c.o.g.s.TupleQueryResultView] Request for query -1337937561 is finished
[INFO ] 2023-09-27 15:04:50,389 [repositories/LODEdo_endpoint | c.o.g.s.h.GraphDBQueryResultHandler] POST query 1414351391
[INFO ] 2023-09-27 15:04:50,403 [repositories/LODEdo_endpoint | c.o.g.s.TupleQueryResultView] Request for query 1414351391 is finished
[INFO ] 2023-09-27 15:04:50,411 [repositories/LODEdo_endpoint | c.o.g.s.h.GraphDBQueryResultHandler] POST query 354997536
[INFO ] 2023-09-27 15:04:50,425 [repositories/LODEdo_endpoint | c.o.g.s.TupleQueryResultView] Request for query 354997536 is finished
[INFO ] 2023-09-27 15:04:50,432 [repositories/LODEdo_endpoint | c.o.g.s.h.GraphDBQueryResultHandler] POST query 826889120
[INFO ] 2023-09-27 15:04:50,446 [repositories/LODEdo_endpoint | c.o.g.s.TupleQueryResultView] Request for query 826889120 is finished
[INFO ] 2023-09-27 15:04:50,451 [repositories/LODEdo_endpoint | c.o.g.s.h.GraphDBQueryResultHandler] POST query -1528658357
[INFO ] 2023-09-27 15:04:50,463 [repositories/LODEdo_endpoint | c.o.g.s.TupleQueryResultView] Request for query -1528658357 is finished
[INFO ] 2023-09-27 15:04:50,468 [repositories/LODEdo_endpoint | c.o.g.s.h.GraphDBQueryResultHandler] POST query -883856544
[INFO ] 2023-09-27 15:04:50,477 [repositories/LODEdo_endpoint | c.o.g.s.TupleQueryResultView] Request for query -883856544 is finished
[INFO ] 2023-09-27 15:04:50,484 [repositories/LODEdo_endpoint | c.o.g.s.h.GraphDBQueryResultHandler] POST query -797895215
[INFO ] 2023-09-27 15:04:50,498 [repositories/LODEdo_endpoint | c.o.g.s.TupleQueryResultView] Request for query -797895215 is finished
[INFO ] 2023-09-27 15:04:50,506 [repositories/LODEdo_endpoint | c.o.g.s.h.GraphDBQueryResultHandler] POST query 787621046
[INFO ] 2023-09-27 15:04:50,516 [repositories/LODEdo_endpoint | c.o.g.s.TupleQueryResultView] Request for query 787621046 is finished
[INFO ] 2023-09-27 15:04:50,523 [repositories/LODEdo_endpoint | c.o.g.s.h.GraphDBQueryResultHandler] POST query 122647459
[INFO ] 2023-09-27 15:04:50,534 [repositories/LODEdo_endpoint | c.o.g.s.TupleQueryResultView] Request for query 122647459 is finished
[INFO ] 2023-09-27 15:04:50,538 [repositories/LODEdo_endpoint | c.o.g.s.h.GraphDBQueryResultHandler] POST query 200158775
[INFO ] 2023-09-27 15:04:50,546 [repositories/LODEdo_endpoint | c.o.g.s.TupleQueryResultView] Request for query 200158775 is finished
[INFO ] 2023-09-27 15:04:50,554 [repositories/LODEdo_endpoint | c.o.g.s.h.GraphDBQueryResultHandler] POST query -2063403489
[INFO ] 2023-09-27 15:04:50,570 [repositories/LODEdo_endpoint | c.o.g.s.TupleQueryResultView] Request for query -2063403489 is finished
[INFO ] 2023-09-27 15:04:50,576 [repositories/LODEdo_endpoint | c.o.g.s.h.GraphDBQueryResultHandler] POST query -387303496
[INFO ] 2023-09-27 15:04:50,588 [repositories/LODEdo_endpoint | c.o.g.s.TupleQueryResultView] Request for query -387303496 is finished
[INFO ] 2023-09-27 15:04:50,596 [repositories/LODEdo_endpoint | c.o.g.s.h.GraphDBQueryResultHandler] POST query 1945512366
[INFO ] 2023-09-27 15:04:50,608 [repositories/LODEdo_endpoint | c.o.g.s.TupleQueryResultView] Request for query 1945512366 is finished
[INFO ] 2023-09-27 15:04:50,616 [repositories/LODEdo_endpoint | c.o.g.s.h.GraphDBQueryResultHandler] POST query -974765767
[INFO ] 2023-09-27 15:04:50,628 [repositories/LODEdo_endpoint | c.o.g.s.TupleQueryResultView] Request for query -974765767 is finished
[INFO ] 2023-09-27 15:04:50,634 [repositories/LODEdo_endpoint | c.o.g.s.h.GraphDBQueryResultHandler] POST query -1842572186
[INFO ] 2023-09-27 15:04:50,644 [repositories/LODEdo_endpoint | c.o.g.s.TupleQueryResultView] Request for query -1842572186 is finished
[INFO ] 2023-09-27 15:04:50,652 [repositories/LODEdo_endpoint | c.o.g.s.h.GraphDBQueryResultHandler] POST query -1471318815
[INFO ] 2023-09-27 15:04:50,664 [repositories/LODEdo_endpoint | c.o.g.s.TupleQueryResultView] Request for query -1471318815 is finished
[INFO ] 2023-09-27 15:04:50,671 [repositories/LODEdo_endpoint | c.o.g.s.h.GraphDBQueryResultHandler] POST query -165414933
[INFO ] 2023-09-27 15:04:50,679 [repositories/LODEdo_endpoint | c.o.g.s.TupleQueryResultView] Request for query -165414933 is finished
[INFO ] 2023-09-27 15:04:50,686 [repositories/LODEdo_endpoint | c.o.g.s.h.GraphDBQueryResultHandler] POST query -2058781086
[INFO ] 2023-09-27 15:04:50,696 [repositories/LODEdo_endpoint | c.o.g.s.TupleQueryResultView] Request for query -2058781086 is finished
[INFO ] 2023-09-27 15:04:50,702 [repositories/LODEdo_endpoint | c.o.g.s.h.GraphDBQueryResultHandler] POST query 1321297275
[INFO ] 2023-09-27 15:04:50,714 [repositories/LODEdo_endpoint | c.o.g.s.TupleQueryResultView] Request for query 1321297275 is finished
[INFO ] 2023-09-27 15:04:50,720 [repositories/LODEdo_endpoint | c.o.g.s.h.GraphDBQueryResultHandler] POST query 1648723939
[INFO ] 2023-09-27 15:04:50,734 [repositories/LODEdo_endpoint | c.o.g.s.TupleQueryResultView] Request for query 1648723939 is finished
[INFO ] 2023-09-27 15:04:50,739 [repositories/LODEdo_endpoint | c.o.g.s.h.GraphDBQueryResultHandler] POST query -1109515065
[INFO ] 2023-09-27 15:04:50,750 [repositories/LODEdo_endpoint | c.o.g.s.TupleQueryResultView] Request for query -1109515065 is finished
[INFO ] 2023-09-27 15:04:50,758 [repositories/LODEdo_endpoint | c.o.g.s.h.GraphDBQueryResultHandler] POST query 1061261668
[INFO ] 2023-09-27 15:04:50,771 [repositories/LODEdo_endpoint | c.o.g.s.TupleQueryResultView] Request for query 1061261668 is finished
[INFO ] 2023-09-27 15:04:50,777 [repositories/LODEdo_endpoint | c.o.g.s.h.GraphDBQueryResultHandler] POST query 871781989
[INFO ] 2023-09-27 15:04:50,786 [repositories/LODEdo_endpoint | c.o.g.s.TupleQueryResultView] Request for query 871781989 is finished
[INFO ] 2023-09-27 15:04:50,791 [repositories/LODEdo_endpoint | c.o.g.s.h.GraphDBQueryResultHandler] POST query 473799397
[INFO ] 2023-09-27 15:04:50,801 [repositories/LODEdo_endpoint | c.o.g.s.TupleQueryResultView] Request for query 473799397 is finished
[INFO ] 2023-09-27 15:04:50,809 [repositories/LODEdo_endpoint | c.o.g.s.h.GraphDBQueryResultHandler] POST query -1376533696
[INFO ] 2023-09-27 15:04:50,819 [repositories/LODEdo_endpoint | c.o.g.s.TupleQueryResultView] Request for query -1376533696 is finished
[INFO ] 2023-09-27 15:04:50,824 [repositories/LODEdo_endpoint | c.o.g.s.h.GraphDBQueryResultHandler] POST query -113662874
[INFO ] 2023-09-27 15:04:50,835 [repositories/LODEdo_endpoint | c.o.g.s.TupleQueryResultView] Request for query -113662874 is finished
[INFO ] 2023-09-27 15:04:50,841 [repositories/LODEdo_endpoint | c.o.g.s.h.GraphDBQueryResultHandler] POST query -1126783316
[INFO ] 2023-09-27 15:04:50,850 [repositories/LODEdo_endpoint | c.o.g.s.TupleQueryResultView] Request for query -1126783316 is finished
[INFO ] 2023-09-27 15:04:50,857 [repositories/LODEdo_endpoint | c.o.g.s.h.GraphDBQueryResultHandler] POST query -701125145
[INFO ] 2023-09-27 15:04:50,865 [repositories/LODEdo_endpoint | c.o.g.s.TupleQueryResultView] Request for query -701125145 is finished
[INFO ] 2023-09-27 15:04:50,870 [repositories/LODEdo_endpoint | c.o.g.s.h.GraphDBQueryResultHandler] POST query -12323278
[INFO ] 2023-09-27 15:04:50,878 [repositories/LODEdo_endpoint | c.o.g.s.TupleQueryResultView] Request for query -12323278 is finished
[INFO ] 2023-09-27 15:04:50,884 [repositories/LODEdo_endpoint | c.o.g.s.h.GraphDBQueryResultHandler] POST query 1883343224
[INFO ] 2023-09-27 15:04:50,894 [repositories/LODEdo_endpoint | c.o.g.s.TupleQueryResultView] Request for query 1883343224 is finished
[INFO ] 2023-09-27 15:04:50,899 [repositories/LODEdo_endpoint | c.o.g.s.h.GraphDBQueryResultHandler] POST query -1390528806
[INFO ] 2023-09-27 15:04:50,912 [repositories/LODEdo_endpoint | c.o.g.s.TupleQueryResultView] Request for query -1390528806 is finished
[INFO ] 2023-09-27 15:04:50,919 [repositories/LODEdo_endpoint | c.o.g.s.h.GraphDBQueryResultHandler] POST query 84005663
[INFO ] 2023-09-27 15:04:50,931 [repositories/LODEdo_endpoint | c.o.g.s.TupleQueryResultView] Request for query 84005663 is finished
[INFO ] 2023-09-27 15:04:50,937 [repositories/LODEdo_endpoint | c.o.g.s.h.GraphDBQueryResultHandler] POST query -1419376637
[INFO ] 2023-09-27 15:04:50,950 [repositories/LODEdo_endpoint | c.o.g.s.TupleQueryResultView] Request for query -1419376637 is finished
[INFO ] 2023-09-27 15:04:50,956 [repositories/LODEdo_endpoint | c.o.g.s.h.GraphDBQueryResultHandler] POST query -1090918879
[INFO ] 2023-09-27 15:04:50,968 [repositories/LODEdo_endpoint | c.o.g.s.TupleQueryResultView] Request for query -1090918879 is finished
[INFO ] 2023-09-27 15:04:50,972 [repositories/LODEdo_endpoint | c.o.g.s.h.GraphDBQueryResultHandler] POST query -526316379
[INFO ] 2023-09-27 15:04:50,983 [repositories/LODEdo_endpoint | c.o.g.s.TupleQueryResultView] Request for query -526316379 is finished
[INFO ] 2023-09-27 15:04:50,988 [repositories/LODEdo_endpoint | c.o.g.s.h.GraphDBQueryResultHandler] POST query -1678381150
[INFO ] 2023-09-27 15:04:50,999 [repositories/LODEdo_endpoint | c.o.g.s.TupleQueryResultView] Request for query -1678381150 is finished
[INFO ] 2023-09-27 15:04:51,005 [repositories/LODEdo_endpoint | c.o.g.s.h.GraphDBQueryResultHandler] POST query 1329542569
[INFO ] 2023-09-27 15:04:51,013 [repositories/LODEdo_endpoint | c.o.g.s.TupleQueryResultView] Request for query 1329542569 is finished
[INFO ] 2023-09-27 15:04:51,018 [repositories/LODEdo_endpoint | c.o.g.s.h.GraphDBQueryResultHandler] POST query 2029123875
[INFO ] 2023-09-27 15:04:51,029 [repositories/LODEdo_endpoint | c.o.g.s.TupleQueryResultView] Request for query 2029123875 is finished
[INFO ] 2023-09-27 15:04:51,036 [repositories/LODEdo_endpoint | c.o.g.s.h.GraphDBQueryResultHandler] POST query -1839037418
[INFO ] 2023-09-27 15:04:51,056 [repositories/LODEdo_endpoint | c.o.g.s.TupleQueryResultView] Request for query -1839037418 is finished
[INFO ] 2023-09-27 15:04:51,062 [repositories/LODEdo_endpoint | c.o.g.s.h.GraphDBQueryResultHandler] POST query 266737062
[INFO ] 2023-09-27 15:04:51,074 [repositories/LODEdo_endpoint | c.o.g.s.TupleQueryResultView] Request for query 266737062 is finished
[INFO ] 2023-09-27 15:04:51,079 [repositories/LODEdo_endpoint | c.o.g.s.h.GraphDBQueryResultHandler] POST query -1292477104
[INFO ] 2023-09-27 15:04:51,092 [repositories/LODEdo_endpoint | c.o.g.s.TupleQueryResultView] Request for query -1292477104 is finished
[INFO ] 2023-09-27 15:04:51,096 [repositories/LODEdo_endpoint | c.o.g.s.h.GraphDBQueryResultHandler] POST query -359993283
[INFO ] 2023-09-27 15:04:51,108 [repositories/LODEdo_endpoint | c.o.g.s.TupleQueryResultView] Request for query -359993283 is finished
[INFO ] 2023-09-27 15:04:51,112 [repositories/LODEdo_endpoint | c.o.g.s.h.GraphDBQueryResultHandler] POST query -1842373150
[INFO ] 2023-09-27 15:04:51,125 [repositories/LODEdo_endpoint | c.o.g.s.TupleQueryResultView] Request for query -1842373150 is finished
[INFO ] 2023-09-27 15:04:51,131 [repositories/LODEdo_endpoint | c.o.g.s.h.GraphDBQueryResultHandler] POST query -1534917825
[INFO ] 2023-09-27 15:04:51,142 [repositories/LODEdo_endpoint | c.o.g.s.TupleQueryResultView] Request for query -1534917825 is finished
[INFO ] 2023-09-27 15:04:51,148 [repositories/LODEdo_endpoint | c.o.g.s.h.GraphDBQueryResultHandler] POST query 1059153363
[INFO ] 2023-09-27 15:04:51,158 [repositories/LODEdo_endpoint | c.o.g.s.TupleQueryResultView] Request for query 1059153363 is finished
[INFO ] 2023-09-27 15:04:51,164 [repositories/LODEdo_endpoint | c.o.g.s.h.GraphDBQueryResultHandler] POST query 1585124929
[INFO ] 2023-09-27 15:04:51,174 [repositories/LODEdo_endpoint | c.o.g.s.TupleQueryResultView] Request for query 1585124929 is finished
[INFO ] 2023-09-27 15:04:51,179 [repositories/LODEdo_endpoint | c.o.g.s.h.GraphDBQueryResultHandler] POST query 1871690667
[INFO ] 2023-09-27 15:04:51,187 [repositories/LODEdo_endpoint | c.o.g.s.TupleQueryResultView] Request for query 1871690667 is finished
[INFO ] 2023-09-27 15:04:51,192 [repositories/LODEdo_endpoint | c.o.g.s.h.GraphDBQueryResultHandler] POST query 410200387
[INFO ] 2023-09-27 15:04:51,203 [repositories/LODEdo_endpoint | c.o.g.s.TupleQueryResultView] Request for query 410200387 is finished
[INFO ] 2023-09-27 15:04:51,209 [repositories/LODEdo_endpoint | c.o.g.s.h.GraphDBQueryResultHandler] POST query -797895215
[INFO ] 2023-09-27 15:04:51,219 [repositories/LODEdo_endpoint | c.o.g.s.TupleQueryResultView] Request for query -797895215 is finished
[INFO ] 2023-09-27 15:04:51,226 [repositories/LODEdo_endpoint | c.o.g.s.h.GraphDBQueryResultHandler] POST query -177261884
[INFO ] 2023-09-27 15:04:51,236 [repositories/LODEdo_endpoint | c.o.g.s.TupleQueryResultView] Request for query -177261884 is finished
[INFO ] 2023-09-27 15:04:51,241 [repositories/LODEdo_endpoint | c.o.g.s.h.GraphDBQueryResultHandler] POST query -165414933
[INFO ] 2023-09-27 15:04:51,251 [repositories/LODEdo_endpoint | c.o.g.s.TupleQueryResultView] Request for query -165414933 is finished
[INFO ] 2023-09-27 15:04:51,256 [repositories/LODEdo_endpoint | c.o.g.s.h.GraphDBQueryResultHandler] POST query -764724155
[INFO ] 2023-09-27 15:04:51,263 [repositories/LODEdo_endpoint | c.o.g.s.TupleQueryResultView] Request for query -764724155 is finished
[INFO ] 2023-09-27 15:04:51,268 [repositories/LODEdo_endpoint | c.o.g.s.h.GraphDBQueryResultHandler] POST query 1321297275
[INFO ] 2023-09-27 15:04:51,279 [repositories/LODEdo_endpoint | c.o.g.s.TupleQueryResultView] Request for query 1321297275 is finished
[INFO ] 2023-09-27 15:04:51,288 [repositories/LODEdo_endpoint | c.o.g.s.h.GraphDBQueryResultHandler] POST query -1352186426
[INFO ] 2023-09-27 15:04:51,297 [repositories/LODEdo_endpoint | c.o.g.s.TupleQueryResultView] Request for query -1352186426 is finished
[INFO ] 2023-09-27 15:04:51,303 [repositories/LODEdo_endpoint | c.o.g.s.h.GraphDBQueryResultHandler] POST query -1109515065
[INFO ] 2023-09-27 15:04:51,311 [repositories/LODEdo_endpoint | c.o.g.s.TupleQueryResultView] Request for query -1109515065 is finished
[INFO ] 2023-09-27 15:04:51,318 [repositories/LODEdo_endpoint | c.o.g.s.h.GraphDBQueryResultHandler] POST query -1391454500
[INFO ] 2023-09-27 15:04:51,326 [repositories/LODEdo_endpoint | c.o.g.s.TupleQueryResultView] Request for query -1391454500 is finished
[INFO ] 2023-09-27 15:04:51,333 [repositories/LODEdo_endpoint | c.o.g.s.h.GraphDBQueryResultHandler] POST query 871781989
[INFO ] 2023-09-27 15:04:51,339 [repositories/LODEdo_endpoint | c.o.g.s.TupleQueryResultView] Request for query 871781989 is finished
[INFO ] 2023-09-27 15:04:51,348 [repositories/LODEdo_endpoint | c.o.g.s.h.GraphDBQueryResultHandler] POST query -1978916771
[INFO ] 2023-09-27 15:04:51,355 [repositories/LODEdo_endpoint | c.o.g.s.TupleQueryResultView] Request for query -1978916771 is finished
[INFO ] 2023-09-27 15:04:51,362 [repositories/LODEdo_endpoint | c.o.g.s.h.GraphDBQueryResultHandler] POST query -1376533696
[INFO ] 2023-09-27 15:04:51,370 [repositories/LODEdo_endpoint | c.o.g.s.TupleQueryResultView] Request for query -1376533696 is finished
[INFO ] 2023-09-27 15:04:51,376 [repositories/LODEdo_endpoint | c.o.g.s.h.GraphDBQueryResultHandler] POST query 1728588254
[INFO ] 2023-09-27 15:04:51,386 [repositories/LODEdo_endpoint | c.o.g.s.TupleQueryResultView] Request for query 1728588254 is finished
[INFO ] 2023-09-27 15:04:51,391 [repositories/LODEdo_endpoint | c.o.g.s.h.GraphDBQueryResultHandler] POST query -1126783316
[INFO ] 2023-09-27 15:04:51,400 [repositories/LODEdo_endpoint | c.o.g.s.TupleQueryResultView] Request for query -1126783316 is finished
[INFO ] 2023-09-27 15:04:51,406 [repositories/LODEdo_endpoint | c.o.g.s.h.GraphDBQueryResultHandler] POST query 1141125983
[INFO ] 2023-09-27 15:04:51,416 [repositories/LODEdo_endpoint | c.o.g.s.TupleQueryResultView] Request for query 1141125983 is finished
[INFO ] 2023-09-27 15:04:51,422 [repositories/LODEdo_endpoint | c.o.g.s.h.GraphDBQueryResultHandler] POST query -12323278
[INFO ] 2023-09-27 15:04:51,432 [repositories/LODEdo_endpoint | c.o.g.s.TupleQueryResultView] Request for query -12323278 is finished
[INFO ] 2023-09-27 15:04:51,439 [repositories/LODEdo_endpoint | c.o.g.s.h.GraphDBQueryResultHandler] POST query 120956411
[INFO ] 2023-09-27 15:04:51,450 [repositories/LODEdo_endpoint | c.o.g.s.TupleQueryResultView] Request for query 120956411 is finished
[INFO ] 2023-09-27 15:04:51,457 [repositories/LODEdo_endpoint | c.o.g.s.h.GraphDBQueryResultHandler] POST query 40776421
[INFO ] 2023-09-27 15:04:51,499 [repositories/LODEdo_endpoint | c.o.g.s.TupleQueryResultView] Request for query 40776421 is finished
[INFO ] 2023-09-27 15:04:51,504 [repositories/LODEdo_endpoint | c.o.g.s.h.GraphDBQueryResultHandler] POST query -466505860
[INFO ] 2023-09-27 15:04:51,515 [repositories/LODEdo_endpoint | c.o.g.s.TupleQueryResultView] Request for query -466505860 is finished
[INFO ] 2023-09-27 15:04:51,519 [repositories/LODEdo_endpoint | c.o.g.s.h.GraphDBQueryResultHandler] POST query 103831244
[INFO ] 2023-09-27 15:04:51,530 [repositories/LODEdo_endpoint | c.o.g.s.TupleQueryResultView] Request for query 103831244 is finished
[INFO ] 2023-09-27 15:04:51,536 [repositories/LODEdo_endpoint | c.o.g.s.h.GraphDBQueryResultHandler] POST query 2066074623
[INFO ] 2023-09-27 15:04:51,544 [repositories/LODEdo_endpoint | c.o.g.s.TupleQueryResultView] Request for query 2066074623 is finished
[INFO ] 2023-09-27 15:04:51,549 [repositories/LODEdo_endpoint | c.o.g.s.h.GraphDBQueryResultHandler] POST query 550172366
[INFO ] 2023-09-27 15:04:51,557 [repositories/LODEdo_endpoint | c.o.g.s.TupleQueryResultView] Request for query 550172366 is finished
[INFO ] 2023-09-27 15:04:51,563 [repositories/LODEdo_endpoint | c.o.g.s.h.GraphDBQueryResultHandler] POST query 1478612352
[INFO ] 2023-09-27 15:04:51,573 [repositories/LODEdo_endpoint | c.o.g.s.TupleQueryResultView] Request for query 1478612352 is finished
[INFO ] 2023-09-27 15:04:51,581 [repositories/LODEdo_endpoint | c.o.g.s.h.GraphDBQueryResultHandler] POST query 1046325478
[INFO ] 2023-09-27 15:04:51,588 [repositories/LODEdo_endpoint | c.o.g.s.TupleQueryResultView] Request for query 1046325478 is finished
[INFO ] 2023-09-27 15:04:59,749 [repositories/LODEdo_endpoint | c.o.g.s.h.GraphDBQueryResultHandler] POST query -1042133826
[INFO ] 2023-09-27 15:04:59,756 [repositories/LODEdo_endpoint | c.o.g.s.TupleQueryResultView] Request for query -1042133826 is finished
[INFO ] 2023-09-27 15:04:59,761 [repositories/LODEdo_endpoint | c.o.g.s.h.GraphDBQueryResultHandler] POST query -402820172
[INFO ] 2023-09-27 15:04:59,766 [repositories/LODEdo_endpoint | c.o.g.s.TupleQueryResultView] Request for query -402820172 is finished
[INFO ] 2023-09-27 15:04:59,771 [repositories/LODEdo_endpoint | c.o.g.s.h.GraphDBQueryResultHandler] POST query -201599882
[INFO ] 2023-09-27 15:04:59,780 [repositories/LODEdo_endpoint | c.o.g.s.TupleQueryResultView] Request for query -201599882 is finished
[INFO ] 2023-09-27 15:04:59,784 [repositories/LODEdo_endpoint | c.o.g.s.h.GraphDBQueryResultHandler] POST query -1564198877
[INFO ] 2023-09-27 15:04:59,802 [repositories/LODEdo_endpoint | c.o.g.s.TupleQueryResultView] Request for query -1564198877 is finished
[INFO ] 2023-09-27 15:05:41,350 [repositories/LODEdo_endpoint | c.o.g.s.h.GraphDBQueryResultHandler] POST query 1074974132
[INFO ] 2023-09-27 15:05:41,361 [repositories/LODEdo_endpoint | c.o.g.s.TupleQueryResultView] Request for query 1074974132 is finished
[INFO ] 2023-09-27 15:05:41,368 [repositories/LODEdo_endpoint | c.o.g.s.h.GraphDBQueryResultHandler] POST query 750299393
[INFO ] 2023-09-27 15:05:41,429 [repositories/LODEdo_endpoint | c.o.g.s.TupleQueryResultView] Request for query 750299393 is finished
[INFO ] 2023-09-27 15:05:41,451 [repositories/LODEdo_endpoint | c.o.g.s.h.GraphDBQueryResultHandler] POST query -8229856
[INFO ] 2023-09-27 15:05:41,458 [repositories/LODEdo_endpoint | c.o.g.s.TupleQueryResultView] Request for query -8229856 is finished
[INFO ] 2023-09-27 15:05:41,466 [repositories/LODEdo_endpoint | c.o.g.s.h.GraphDBQueryResultHandler] POST query 239267078
[INFO ] 2023-09-27 15:05:41,533 [repositories/LODEdo_endpoint | c.o.g.s.TupleQueryResultView] Request for query 239267078 is finished
[INFO ] 2023-09-27 15:05:41,540 [repositories/LODEdo_endpoint | c.o.g.s.h.GraphDBQueryResultHandler] POST query 338959984
[INFO ] 2023-09-27 15:05:41,607 [repositories/LODEdo_endpoint | c.o.g.s.TupleQueryResultView] Request for query 338959984 is finished
[INFO ] 2023-09-27 15:05:41,614 [repositories/LODEdo_endpoint | c.o.g.s.h.GraphDBQueryResultHandler] POST query 2020837361
[INFO ] 2023-09-27 15:05:41,638 [repositories/LODEdo_endpoint | c.o.g.s.TupleQueryResultView] Request for query 2020837361 is finished
[INFO ] 2023-09-27 15:05:41,645 [repositories/LODEdo_endpoint | c.o.g.s.h.GraphDBQueryResultHandler] POST query 160549013
[INFO ] 2023-09-27 15:05:41,698 [repositories/LODEdo_endpoint | c.o.g.s.TupleQueryResultView] Request for query 160549013 is finished
[INFO ] 2023-09-27 15:20:19,897 [Thread-3 | c.o.g.s.GraphDB] Stopping GraphDB.
[INFO ] 2023-09-27 15:20:20,128 [Thread-4 | c.o.t.s.i.PluginManager] Shutting down plugins (DEFAULT)...
[INFO ] 2023-09-27 15:20:20,218 [Thread-4 | c.o.t.b.AVLRepository] NumberOfStatements = 566209
[INFO ] 2023-09-27 15:20:20,219 [Thread-4 | c.o.t.b.AVLRepository] NumberOfExplicitStatements = 566209
[INFO ] 2023-09-27 15:20:20,223 [Thread-4 | c.o.t.OwlimSchemaRepository] Shutting down entity pool
[INFO ] 2023-09-27 15:20:20,239 [Thread-4 | c.o.t.OwlimSchemaRepository] Entity pool was shut down
[INFO ] 2023-09-27 15:20:20,624 [Thread-3 | c.o.f.c.s.SemanticDataManagement] Shutting down current semantic location
